[2025-04-17T21:02:45.992+0000] {local_task_job_runner.py:120} INFO - ::group::Pre task execution logs
[2025-04-17T21:02:46.024+0000] {taskinstance.py:2076} INFO - Dependencies all met for dep_context=non-requeueable deps ti=<TaskInstance: iot_data_pipeline.run_iot_producer_script manual__2025-04-17T21:02:44.837867+00:00 [queued]>
[2025-04-17T21:02:46.032+0000] {taskinstance.py:2076} INFO - Dependencies all met for dep_context=requeueable deps ti=<TaskInstance: iot_data_pipeline.run_iot_producer_script manual__2025-04-17T21:02:44.837867+00:00 [queued]>
[2025-04-17T21:02:46.033+0000] {taskinstance.py:2306} INFO - Starting attempt 1 of 2
[2025-04-17T21:02:46.045+0000] {taskinstance.py:2330} INFO - Executing <Task(BashOperator): run_iot_producer_script> on 2025-04-17 21:02:44.837867+00:00
[2025-04-17T21:02:46.051+0000] {standard_task_runner.py:63} INFO - Started process 3503 to run task
[2025-04-17T21:02:46.056+0000] {standard_task_runner.py:90} INFO - Running: ['***', 'tasks', 'run', 'iot_data_pipeline', 'run_iot_producer_script', 'manual__2025-04-17T21:02:44.837867+00:00', '--job-id', '16', '--raw', '--subdir', 'DAGS_FOLDER/iot_data_dag.py', '--cfg-path', '/tmp/tmp0jk03v7p']
[2025-04-17T21:02:46.058+0000] {standard_task_runner.py:91} INFO - Job 16: Subtask run_iot_producer_script
[2025-04-17T21:02:46.109+0000] {task_command.py:426} INFO - Running <TaskInstance: iot_data_pipeline.run_iot_producer_script manual__2025-04-17T21:02:44.837867+00:00 [running]> on host e4d9865e557d
[2025-04-17T21:02:46.228+0000] {taskinstance.py:2648} INFO - Exporting env vars: AIRFLOW_CTX_DAG_OWNER='***' AIRFLOW_CTX_DAG_ID='iot_data_pipeline' AIRFLOW_CTX_TASK_ID='run_iot_producer_script' AIRFLOW_CTX_EXECUTION_DATE='2025-04-17T21:02:44.837867+00:00' AIRFLOW_CTX_TRY_NUMBER='1' AIRFLOW_CTX_DAG_RUN_ID='manual__2025-04-17T21:02:44.837867+00:00'
[2025-04-17T21:02:46.229+0000] {taskinstance.py:430} INFO - ::endgroup::
[2025-04-17T21:02:46.251+0000] {subprocess.py:63} INFO - Tmp dir root location: /tmp
[2025-04-17T21:02:46.252+0000] {subprocess.py:75} INFO - Running command: ['/usr/bin/bash', '-c', 'python3 /opt/***/dags/script/iot_data_producer.py']
[2025-04-17T21:02:46.274+0000] {subprocess.py:86} INFO - Output:
[2025-04-17T21:02:47.381+0000] {subprocess.py:93} INFO - [2025-04-17T21:02:47.380895+00:00] Donnée envoyée et stockée : {'machine_id': 'IOT-MACH-SL-3', 'timestamp': '2025-04-17T21:02:47.369257+00:00', 'region': 'SL', 'season': 'saison_seche', 'temperature': 30.81, 'humidity': 51.09, 'soil_moisture': 14.67, 'vibration': 0.68, 'pressure': 2.13, 'latitude': 16.0167, 'longitude': -16.5}
[2025-04-17T21:02:47.708+0000] {subprocess.py:97} INFO - Command exited with return code 0
[2025-04-17T21:02:47.712+0000] {taskinstance.py:441} INFO - ::group::Post task execution logs
[2025-04-17T21:02:47.793+0000] {taskinstance.py:1206} INFO - Marking task as SUCCESS. dag_id=iot_data_pipeline, task_id=run_iot_producer_script, run_id=manual__2025-04-17T21:02:44.837867+00:00, execution_date=20250417T210244, start_date=20250417T210246, end_date=20250417T210247
[2025-04-17T21:02:47.876+0000] {local_task_job_runner.py:240} INFO - Task exited with return code 0
[2025-04-17T21:02:47.959+0000] {taskinstance.py:3503} INFO - 0 downstream tasks scheduled from follow-on schedule check
[2025-04-17T21:02:47.970+0000] {local_task_job_runner.py:222} INFO - ::endgroup::
