[2025-04-14T22:55:01.167+0000] {local_task_job_runner.py:120} INFO - ::group::Pre task execution logs
[2025-04-14T22:55:01.203+0000] {taskinstance.py:2076} INFO - Dependencies all met for dep_context=non-requeueable deps ti=<TaskInstance: iot_data_pipeline.run_iot_producer_script scheduled__2025-04-14T22:50:00+00:00 [queued]>
[2025-04-14T22:55:01.213+0000] {taskinstance.py:2076} INFO - Dependencies all met for dep_context=requeueable deps ti=<TaskInstance: iot_data_pipeline.run_iot_producer_script scheduled__2025-04-14T22:50:00+00:00 [queued]>
[2025-04-14T22:55:01.213+0000] {taskinstance.py:2306} INFO - Starting attempt 1 of 2
[2025-04-14T22:55:01.228+0000] {taskinstance.py:2330} INFO - Executing <Task(BashOperator): run_iot_producer_script> on 2025-04-14 22:50:00+00:00
[2025-04-14T22:55:01.235+0000] {standard_task_runner.py:63} INFO - Started process 6937 to run task
[2025-04-14T22:55:01.241+0000] {standard_task_runner.py:90} INFO - Running: ['***', 'tasks', 'run', 'iot_data_pipeline', 'run_iot_producer_script', 'scheduled__2025-04-14T22:50:00+00:00', '--job-id', '86', '--raw', '--subdir', 'DAGS_FOLDER/iot_data_dag.py', '--cfg-path', '/tmp/tmp3de0ajzs']
[2025-04-14T22:55:01.243+0000] {standard_task_runner.py:91} INFO - Job 86: Subtask run_iot_producer_script
[2025-04-14T22:55:01.304+0000] {task_command.py:426} INFO - Running <TaskInstance: iot_data_pipeline.run_iot_producer_script scheduled__2025-04-14T22:50:00+00:00 [running]> on host aef507eba48f
[2025-04-14T22:55:01.377+0000] {taskinstance.py:2648} INFO - Exporting env vars: AIRFLOW_CTX_DAG_OWNER='***' AIRFLOW_CTX_DAG_ID='iot_data_pipeline' AIRFLOW_CTX_TASK_ID='run_iot_producer_script' AIRFLOW_CTX_EXECUTION_DATE='2025-04-14T22:50:00+00:00' AIRFLOW_CTX_TRY_NUMBER='1' AIRFLOW_CTX_DAG_RUN_ID='scheduled__2025-04-14T22:50:00+00:00'
[2025-04-14T22:55:01.377+0000] {taskinstance.py:430} INFO - ::endgroup::
[2025-04-14T22:55:01.396+0000] {subprocess.py:63} INFO - Tmp dir root location: /tmp
[2025-04-14T22:55:01.397+0000] {subprocess.py:75} INFO - Running command: ['/usr/bin/bash', '-c', 'python3 /opt/***/dags/script/iot_data_producer.py']
[2025-04-14T22:55:01.407+0000] {subprocess.py:86} INFO - Output:
[2025-04-14T22:55:02.178+0000] {subprocess.py:93} INFO - [2025-04-14T22:55:02.177852+00:00] Donnée envoyée et stockée : {'machine_id': 'IOT-MACH-ZG-60', 'timestamp': '2025-04-14T22:55:02.168560+00:00', 'region': 'ZG', 'season': 'saison_seche', 'temperature': 28.43, 'humidity': 77.74, 'soil_moisture': 47.22, 'vibration': 3.02, 'pressure': 1.14, 'latitude': 12.5833, 'longitude': -16.2667}
[2025-04-14T22:55:02.270+0000] {subprocess.py:97} INFO - Command exited with return code 0
[2025-04-14T22:55:02.272+0000] {taskinstance.py:441} INFO - ::group::Post task execution logs
[2025-04-14T22:55:02.304+0000] {taskinstance.py:1206} INFO - Marking task as SUCCESS. dag_id=iot_data_pipeline, task_id=run_iot_producer_script, run_id=scheduled__2025-04-14T22:50:00+00:00, execution_date=20250414T225000, start_date=20250414T225501, end_date=20250414T225502
[2025-04-14T22:55:02.336+0000] {local_task_job_runner.py:240} INFO - Task exited with return code 0
[2025-04-14T22:55:02.362+0000] {taskinstance.py:3503} INFO - 0 downstream tasks scheduled from follow-on schedule check
[2025-04-14T22:55:02.365+0000] {local_task_job_runner.py:222} INFO - ::endgroup::
