[2025-04-16T21:10:01.211+0000] {local_task_job_runner.py:120} INFO - ::group::Pre task execution logs
[2025-04-16T21:10:01.233+0000] {taskinstance.py:2076} INFO - Dependencies all met for dep_context=non-requeueable deps ti=<TaskInstance: iot_data_pipeline.run_iot_producer_script scheduled__2025-04-16T21:05:00+00:00 [queued]>
[2025-04-16T21:10:01.238+0000] {taskinstance.py:2076} INFO - Dependencies all met for dep_context=requeueable deps ti=<TaskInstance: iot_data_pipeline.run_iot_producer_script scheduled__2025-04-16T21:05:00+00:00 [queued]>
[2025-04-16T21:10:01.239+0000] {taskinstance.py:2306} INFO - Starting attempt 1 of 2
[2025-04-16T21:10:01.247+0000] {taskinstance.py:2330} INFO - Executing <Task(BashOperator): run_iot_producer_script> on 2025-04-16 21:05:00+00:00
[2025-04-16T21:10:01.251+0000] {standard_task_runner.py:63} INFO - Started process 2326 to run task
[2025-04-16T21:10:01.253+0000] {standard_task_runner.py:90} INFO - Running: ['***', 'tasks', 'run', 'iot_data_pipeline', 'run_iot_producer_script', 'scheduled__2025-04-16T21:05:00+00:00', '--job-id', '11', '--raw', '--subdir', 'DAGS_FOLDER/iot_data_dag.py', '--cfg-path', '/tmp/tmpswq39a76']
[2025-04-16T21:10:01.255+0000] {standard_task_runner.py:91} INFO - Job 11: Subtask run_iot_producer_script
[2025-04-16T21:10:01.287+0000] {task_command.py:426} INFO - Running <TaskInstance: iot_data_pipeline.run_iot_producer_script scheduled__2025-04-16T21:05:00+00:00 [running]> on host 8318a6508d39
[2025-04-16T21:10:01.347+0000] {taskinstance.py:2648} INFO - Exporting env vars: AIRFLOW_CTX_DAG_OWNER='***' AIRFLOW_CTX_DAG_ID='iot_data_pipeline' AIRFLOW_CTX_TASK_ID='run_iot_producer_script' AIRFLOW_CTX_EXECUTION_DATE='2025-04-16T21:05:00+00:00' AIRFLOW_CTX_TRY_NUMBER='1' AIRFLOW_CTX_DAG_RUN_ID='scheduled__2025-04-16T21:05:00+00:00'
[2025-04-16T21:10:01.348+0000] {taskinstance.py:430} INFO - ::endgroup::
[2025-04-16T21:10:01.358+0000] {subprocess.py:63} INFO - Tmp dir root location: /tmp
[2025-04-16T21:10:01.358+0000] {subprocess.py:75} INFO - Running command: ['/usr/bin/bash', '-c', 'python3 /opt/***/dags/script/iot_data_producer.py']
[2025-04-16T21:10:01.365+0000] {subprocess.py:86} INFO - Output:
[2025-04-16T21:10:01.984+0000] {subprocess.py:93} INFO - [2025-04-16T21:10:01.984131+00:00] Donnée envoyée et stockée : {'machine_id': 'IOT-MACH-KD-58', 'timestamp': '2025-04-16T21:10:01.975422+00:00', 'region': 'KD', 'season': 'saison_seche', 'temperature': 33.73, 'humidity': 53.1, 'soil_moisture': 44.59, 'vibration': 3.36, 'pressure': 1.28, 'latitude': 14.1167, 'longitude': -12.5}
[2025-04-16T21:10:02.052+0000] {subprocess.py:97} INFO - Command exited with return code 0
[2025-04-16T21:10:02.053+0000] {taskinstance.py:441} INFO - ::group::Post task execution logs
[2025-04-16T21:10:02.076+0000] {taskinstance.py:1206} INFO - Marking task as SUCCESS. dag_id=iot_data_pipeline, task_id=run_iot_producer_script, run_id=scheduled__2025-04-16T21:05:00+00:00, execution_date=20250416T210500, start_date=20250416T211001, end_date=20250416T211002
[2025-04-16T21:10:02.106+0000] {local_task_job_runner.py:240} INFO - Task exited with return code 0
[2025-04-16T21:10:02.121+0000] {taskinstance.py:3503} INFO - 0 downstream tasks scheduled from follow-on schedule check
[2025-04-16T21:10:02.122+0000] {local_task_job_runner.py:222} INFO - ::endgroup::
