[2025-04-19T00:50:00.539+0000] {local_task_job_runner.py:120} INFO - ::group::Pre task execution logs
[2025-04-19T00:50:00.561+0000] {taskinstance.py:2076} INFO - Dependencies all met for dep_context=non-requeueable deps ti=<TaskInstance: iot_data_pipeline.run_iot_producer_script scheduled__2025-04-19T00:45:00+00:00 [queued]>
[2025-04-19T00:50:00.567+0000] {taskinstance.py:2076} INFO - Dependencies all met for dep_context=requeueable deps ti=<TaskInstance: iot_data_pipeline.run_iot_producer_script scheduled__2025-04-19T00:45:00+00:00 [queued]>
[2025-04-19T00:50:00.567+0000] {taskinstance.py:2306} INFO - Starting attempt 1 of 2
[2025-04-19T00:50:00.576+0000] {taskinstance.py:2330} INFO - Executing <Task(BashOperator): run_iot_producer_script> on 2025-04-19 00:45:00+00:00
[2025-04-19T00:50:00.579+0000] {standard_task_runner.py:63} INFO - Started process 21546 to run task
[2025-04-19T00:50:00.582+0000] {standard_task_runner.py:90} INFO - Running: ['***', 'tasks', 'run', 'iot_data_pipeline', 'run_iot_producer_script', 'scheduled__2025-04-19T00:45:00+00:00', '--job-id', '43', '--raw', '--subdir', 'DAGS_FOLDER/iot_data_dag.py', '--cfg-path', '/tmp/tmpdnf0xbsa']
[2025-04-19T00:50:00.583+0000] {standard_task_runner.py:91} INFO - Job 43: Subtask run_iot_producer_script
[2025-04-19T00:50:00.619+0000] {task_command.py:426} INFO - Running <TaskInstance: iot_data_pipeline.run_iot_producer_script scheduled__2025-04-19T00:45:00+00:00 [running]> on host 2b5f93c9e322
[2025-04-19T00:50:00.681+0000] {taskinstance.py:2648} INFO - Exporting env vars: AIRFLOW_CTX_DAG_OWNER='***' AIRFLOW_CTX_DAG_ID='iot_data_pipeline' AIRFLOW_CTX_TASK_ID='run_iot_producer_script' AIRFLOW_CTX_EXECUTION_DATE='2025-04-19T00:45:00+00:00' AIRFLOW_CTX_TRY_NUMBER='1' AIRFLOW_CTX_DAG_RUN_ID='scheduled__2025-04-19T00:45:00+00:00'
[2025-04-19T00:50:00.681+0000] {taskinstance.py:430} INFO - ::endgroup::
[2025-04-19T00:50:00.693+0000] {subprocess.py:63} INFO - Tmp dir root location: /tmp
[2025-04-19T00:50:00.693+0000] {subprocess.py:75} INFO - Running command: ['/usr/bin/bash', '-c', 'python3 /opt/***/dags/script/iot_data_producer.py']
[2025-04-19T00:50:00.701+0000] {subprocess.py:86} INFO - Output:
[2025-04-19T00:50:01.385+0000] {subprocess.py:93} INFO - [2025-04-19T00:50:01.318016+00:00] Donnée envoyée et stockée : {'machine_id': 'IOT-MACH-KD-41', 'timestamp': '2025-04-19T00:50:01.309346+00:00', 'region': 'KD', 'season': 'saison_seche', 'temperature': 33.87, 'humidity': 56.41, 'soil_moisture': 19.89, 'vibration': 4.98, 'pressure': 1.23, 'latitude': 14.1167, 'longitude': -12.5}
[2025-04-19T00:50:01.387+0000] {subprocess.py:93} INFO - [2025-04-19T00:50:01.321131+00:00] Donnée envoyée et stockée : {'machine_id': 'IOT-MACH-MT-5', 'timestamp': '2025-04-19T00:50:01.318162+00:00', 'region': 'MT', 'season': 'saison_seche', 'temperature': 39.76, 'humidity': 15.71, 'soil_moisture': 17.43, 'vibration': 3.88, 'pressure': 1.1, 'latitude': 16.0333, 'longitude': -13.5167}
[2025-04-19T00:50:01.387+0000] {subprocess.py:93} INFO - [2025-04-19T00:50:01.324165+00:00] Donnée envoyée et stockée : {'machine_id': 'IOT-MACH-MT-16', 'timestamp': '2025-04-19T00:50:01.321227+00:00', 'region': 'MT', 'season': 'saison_seche', 'temperature': 38.76, 'humidity': 16.35, 'soil_moisture': 22.81, 'vibration': 3.15, 'pressure': 1.25, 'latitude': 16.0333, 'longitude': -13.5167}
[2025-04-19T00:50:01.388+0000] {subprocess.py:93} INFO - [2025-04-19T00:50:01.327386+00:00] Donnée envoyée et stockée : {'machine_id': 'IOT-MACH-MT-99', 'timestamp': '2025-04-19T00:50:01.324260+00:00', 'region': 'MT', 'season': 'saison_seche', 'temperature': 38.58, 'humidity': 10.96, 'soil_moisture': 46.89, 'vibration': 4.79, 'pressure': 2.13, 'latitude': 16.0333, 'longitude': -13.5167}
[2025-04-19T00:50:01.389+0000] {subprocess.py:93} INFO - [2025-04-19T00:50:01.330332+00:00] Donnée envoyée et stockée : {'machine_id': 'IOT-MACH-KD-100', 'timestamp': '2025-04-19T00:50:01.327482+00:00', 'region': 'KD', 'season': 'saison_seche', 'temperature': 33.95, 'humidity': 51.14, 'soil_moisture': 47.4, 'vibration': 2.13, 'pressure': 2.01, 'latitude': 14.1167, 'longitude': -12.5}
[2025-04-19T00:50:01.389+0000] {subprocess.py:93} INFO - [2025-04-19T00:50:01.334755+00:00] Donnée envoyée et stockée : {'machine_id': 'IOT-MACH-DK-76', 'timestamp': '2025-04-19T00:50:01.330427+00:00', 'region': 'DK', 'season': 'saison_seche', 'temperature': 29.7, 'humidity': 68.73, 'soil_moisture': 45.99, 'vibration': 1.57, 'pressure': 1.99, 'latitude': 14.7167, 'longitude': -17.4677}
[2025-04-19T00:50:01.390+0000] {subprocess.py:93} INFO - [2025-04-19T00:50:01.338434+00:00] Donnée envoyée et stockée : {'machine_id': 'IOT-MACH-KD-14', 'timestamp': '2025-04-19T00:50:01.334851+00:00', 'region': 'KD', 'season': 'saison_seche', 'temperature': 32.34, 'humidity': 56.4, 'soil_moisture': 15.74, 'vibration': 1.58, 'pressure': 1.62, 'latitude': 14.1167, 'longitude': -12.5}
[2025-04-19T00:50:01.391+0000] {subprocess.py:93} INFO - [2025-04-19T00:50:01.341893+00:00] Donnée envoyée et stockée : {'machine_id': 'IOT-MACH-TH-79', 'timestamp': '2025-04-19T00:50:01.338574+00:00', 'region': 'TH', 'season': 'saison_seche', 'temperature': 32.53, 'humidity': 50.31, 'soil_moisture': 34.52, 'vibration': 1.29, 'pressure': 0.85, 'latitude': 14.7978, 'longitude': -16.925}
[2025-04-19T00:50:01.391+0000] {subprocess.py:93} INFO - [2025-04-19T00:50:01.345212+00:00] Donnée envoyée et stockée : {'machine_id': 'IOT-MACH-TB-69', 'timestamp': '2025-04-19T00:50:01.341994+00:00', 'region': 'TB', 'season': 'saison_seche', 'temperature': 36.08, 'humidity': 24.55, 'soil_moisture': 18.64, 'vibration': 4.87, 'pressure': 2.16, 'latitude': 15.3833, 'longitude': -15.5}
[2025-04-19T00:50:01.392+0000] {subprocess.py:93} INFO - [2025-04-19T00:50:01.350483+00:00] Donnée envoyée et stockée : {'machine_id': 'IOT-MACH-SL-27', 'timestamp': '2025-04-19T00:50:01.345315+00:00', 'region': 'SL', 'season': 'saison_seche', 'temperature': 30.91, 'humidity': 54.09, 'soil_moisture': 11.26, 'vibration': 3.97, 'pressure': 1.26, 'latitude': 16.0167, 'longitude': -16.5}
[2025-04-19T00:50:01.392+0000] {subprocess.py:93} INFO - [2025-04-19T00:50:01.354200+00:00] Donnée envoyée et stockée : {'machine_id': 'IOT-MACH-DK-88', 'timestamp': '2025-04-19T00:50:01.350616+00:00', 'region': 'DK', 'season': 'saison_seche', 'temperature': 29.26, 'humidity': 68.18, 'soil_moisture': 24.74, 'vibration': 0.65, 'pressure': 1.3, 'latitude': 14.7167, 'longitude': -17.4677}
[2025-04-19T00:50:01.393+0000] {subprocess.py:93} INFO - [2025-04-19T00:50:01.358135+00:00] Donnée envoyée et stockée : {'machine_id': 'IOT-MACH-DK-36', 'timestamp': '2025-04-19T00:50:01.354319+00:00', 'region': 'DK', 'season': 'saison_seche', 'temperature': 30.86, 'humidity': 69.35, 'soil_moisture': 35.86, 'vibration': 3.35, 'pressure': 2.15, 'latitude': 14.7167, 'longitude': -17.4677}
[2025-04-19T00:50:01.394+0000] {subprocess.py:93} INFO - [2025-04-19T00:50:01.361333+00:00] Donnée envoyée et stockée : {'machine_id': 'IOT-MACH-TB-92', 'timestamp': '2025-04-19T00:50:01.358238+00:00', 'region': 'TB', 'season': 'saison_seche', 'temperature': 36.59, 'humidity': 24.04, 'soil_moisture': 48.41, 'vibration': 3.39, 'pressure': 1.92, 'latitude': 15.3833, 'longitude': -15.5}
[2025-04-19T00:50:01.394+0000] {subprocess.py:93} INFO - [2025-04-19T00:50:01.364457+00:00] Donnée envoyée et stockée : {'machine_id': 'IOT-MACH-ZG-21', 'timestamp': '2025-04-19T00:50:01.361435+00:00', 'region': 'ZG', 'season': 'saison_seche', 'temperature': 29.07, 'humidity': 78.7, 'soil_moisture': 41.22, 'vibration': 4.14, 'pressure': 2.36, 'latitude': 12.5833, 'longitude': -16.2667}
[2025-04-19T00:50:01.395+0000] {subprocess.py:93} INFO - [2025-04-19T00:50:01.368699+00:00] Donnée envoyée et stockée : {'machine_id': 'IOT-MACH-DK-49', 'timestamp': '2025-04-19T00:50:01.364590+00:00', 'region': 'DK', 'season': 'saison_seche', 'temperature': 29.15, 'humidity': 65.02, 'soil_moisture': 20.63, 'vibration': 3.03, 'pressure': 1.75, 'latitude': 14.7167, 'longitude': -17.4677}
[2025-04-19T00:50:01.395+0000] {subprocess.py:93} INFO - [2025-04-19T00:50:01.372192+00:00] Donnée envoyée et stockée : {'machine_id': 'IOT-MACH-ZG-72', 'timestamp': '2025-04-19T00:50:01.368831+00:00', 'region': 'ZG', 'season': 'saison_seche', 'temperature': 29.01, 'humidity': 81.91, 'soil_moisture': 13.1, 'vibration': 1.85, 'pressure': 1.45, 'latitude': 12.5833, 'longitude': -16.2667}
[2025-04-19T00:50:01.396+0000] {subprocess.py:93} INFO - [2025-04-19T00:50:01.375344+00:00] Donnée envoyée et stockée : {'machine_id': 'IOT-MACH-KD-99', 'timestamp': '2025-04-19T00:50:01.372292+00:00', 'region': 'KD', 'season': 'saison_seche', 'temperature': 32.57, 'humidity': 53.89, 'soil_moisture': 34.97, 'vibration': 3.57, 'pressure': 2.23, 'latitude': 14.1167, 'longitude': -12.5}
[2025-04-19T00:50:01.397+0000] {subprocess.py:93} INFO - [2025-04-19T00:50:01.379095+00:00] Donnée envoyée et stockée : {'machine_id': 'IOT-MACH-TH-90', 'timestamp': '2025-04-19T00:50:01.375448+00:00', 'region': 'TH', 'season': 'saison_seche', 'temperature': 31.83, 'humidity': 50.5, 'soil_moisture': 12.22, 'vibration': 2.94, 'pressure': 1.36, 'latitude': 14.7978, 'longitude': -16.925}
[2025-04-19T00:50:01.397+0000] {subprocess.py:93} INFO - [2025-04-19T00:50:01.382077+00:00] Donnée envoyée et stockée : {'machine_id': 'IOT-MACH-ZG-1', 'timestamp': '2025-04-19T00:50:01.379198+00:00', 'region': 'ZG', 'season': 'saison_seche', 'temperature': 28.64, 'humidity': 77.97, 'soil_moisture': 13.55, 'vibration': 3.41, 'pressure': 2.33, 'latitude': 12.5833, 'longitude': -16.2667}
[2025-04-19T00:50:01.397+0000] {subprocess.py:93} INFO - [2025-04-19T00:50:01.385352+00:00] Donnée envoyée et stockée : {'machine_id': 'IOT-MACH-DK-14', 'timestamp': '2025-04-19T00:50:01.382220+00:00', 'region': 'DK', 'season': 'saison_seche', 'temperature': 30.47, 'humidity': 65.73, 'soil_moisture': 13.28, 'vibration': 1.29, 'pressure': 0.89, 'latitude': 14.7167, 'longitude': -17.4677}
[2025-04-19T00:50:01.439+0000] {subprocess.py:97} INFO - Command exited with return code 0
[2025-04-19T00:50:01.439+0000] {taskinstance.py:441} INFO - ::group::Post task execution logs
[2025-04-19T00:50:01.459+0000] {taskinstance.py:1206} INFO - Marking task as SUCCESS. dag_id=iot_data_pipeline, task_id=run_iot_producer_script, run_id=scheduled__2025-04-19T00:45:00+00:00, execution_date=20250419T004500, start_date=20250419T005000, end_date=20250419T005001
[2025-04-19T00:50:01.475+0000] {local_task_job_runner.py:240} INFO - Task exited with return code 0
[2025-04-19T00:50:01.489+0000] {taskinstance.py:3503} INFO - 0 downstream tasks scheduled from follow-on schedule check
[2025-04-19T00:50:01.490+0000] {local_task_job_runner.py:222} INFO - ::endgroup::
