[2025-04-16T21:35:00.550+0000] {local_task_job_runner.py:120} INFO - ::group::Pre task execution logs
[2025-04-16T21:35:00.572+0000] {taskinstance.py:2076} INFO - Dependencies all met for dep_context=non-requeueable deps ti=<TaskInstance: iot_data_pipeline.run_iot_producer_script scheduled__2025-04-16T21:30:00+00:00 [queued]>
[2025-04-16T21:35:00.577+0000] {taskinstance.py:2076} INFO - Dependencies all met for dep_context=requeueable deps ti=<TaskInstance: iot_data_pipeline.run_iot_producer_script scheduled__2025-04-16T21:30:00+00:00 [queued]>
[2025-04-16T21:35:00.577+0000] {taskinstance.py:2306} INFO - Starting attempt 1 of 2
[2025-04-16T21:35:00.586+0000] {taskinstance.py:2330} INFO - Executing <Task(BashOperator): run_iot_producer_script> on 2025-04-16 21:30:00+00:00
[2025-04-16T21:35:00.589+0000] {standard_task_runner.py:63} INFO - Started process 4115 to run task
[2025-04-16T21:35:00.592+0000] {standard_task_runner.py:90} INFO - Running: ['***', 'tasks', 'run', 'iot_data_pipeline', 'run_iot_producer_script', 'scheduled__2025-04-16T21:30:00+00:00', '--job-id', '16', '--raw', '--subdir', 'DAGS_FOLDER/iot_data_dag.py', '--cfg-path', '/tmp/tmpa0vv3100']
[2025-04-16T21:35:00.594+0000] {standard_task_runner.py:91} INFO - Job 16: Subtask run_iot_producer_script
[2025-04-16T21:35:00.626+0000] {task_command.py:426} INFO - Running <TaskInstance: iot_data_pipeline.run_iot_producer_script scheduled__2025-04-16T21:30:00+00:00 [running]> on host 8318a6508d39
[2025-04-16T21:35:00.686+0000] {taskinstance.py:2648} INFO - Exporting env vars: AIRFLOW_CTX_DAG_OWNER='***' AIRFLOW_CTX_DAG_ID='iot_data_pipeline' AIRFLOW_CTX_TASK_ID='run_iot_producer_script' AIRFLOW_CTX_EXECUTION_DATE='2025-04-16T21:30:00+00:00' AIRFLOW_CTX_TRY_NUMBER='1' AIRFLOW_CTX_DAG_RUN_ID='scheduled__2025-04-16T21:30:00+00:00'
[2025-04-16T21:35:00.687+0000] {taskinstance.py:430} INFO - ::endgroup::
[2025-04-16T21:35:00.697+0000] {subprocess.py:63} INFO - Tmp dir root location: /tmp
[2025-04-16T21:35:00.697+0000] {subprocess.py:75} INFO - Running command: ['/usr/bin/bash', '-c', 'python3 /opt/***/dags/script/iot_data_producer.py']
[2025-04-16T21:35:00.705+0000] {subprocess.py:86} INFO - Output:
[2025-04-16T21:35:01.317+0000] {subprocess.py:93} INFO - [2025-04-16T21:35:01.316609+00:00] Donnée envoyée et stockée : {'machine_id': 'IOT-MACH-TB-95', 'timestamp': '2025-04-16T21:35:01.309561+00:00', 'region': 'TB', 'season': 'saison_seche', 'temperature': 36.3, 'humidity': 23.09, 'soil_moisture': 12.81, 'vibration': 3.4, 'pressure': 2.44, 'latitude': 15.3833, 'longitude': -15.5}
[2025-04-16T21:35:01.395+0000] {subprocess.py:97} INFO - Command exited with return code 0
[2025-04-16T21:35:01.396+0000] {taskinstance.py:441} INFO - ::group::Post task execution logs
[2025-04-16T21:35:01.417+0000] {taskinstance.py:1206} INFO - Marking task as SUCCESS. dag_id=iot_data_pipeline, task_id=run_iot_producer_script, run_id=scheduled__2025-04-16T21:30:00+00:00, execution_date=20250416T213000, start_date=20250416T213500, end_date=20250416T213501
[2025-04-16T21:35:01.445+0000] {local_task_job_runner.py:240} INFO - Task exited with return code 0
[2025-04-16T21:35:01.462+0000] {taskinstance.py:3503} INFO - 0 downstream tasks scheduled from follow-on schedule check
[2025-04-16T21:35:01.463+0000] {local_task_job_runner.py:222} INFO - ::endgroup::
