[2025-04-18T00:00:01.398+0000] {processor.py:161} INFO - Started process (PID=4402) to work on /opt/airflow/dags/dag_kafka_spark_streaming.py
[2025-04-18T00:00:01.399+0000] {processor.py:830} INFO - Processing file /opt/airflow/dags/dag_kafka_spark_streaming.py for tasks to queue
[2025-04-18T00:00:01.401+0000] {logging_mixin.py:188} INFO - [2025-04-18T00:00:01.401+0000] {dagbag.py:545} INFO - Filling up the DagBag from /opt/airflow/dags/dag_kafka_spark_streaming.py
[2025-04-18T00:00:01.411+0000] {processor.py:840} INFO - DAG(s) 'kafka_spark_streaming' retrieved from /opt/airflow/dags/dag_kafka_spark_streaming.py
[2025-04-18T00:00:01.437+0000] {logging_mixin.py:188} INFO - [2025-04-18T00:00:01.437+0000] {dag.py:3096} INFO - Sync 1 DAGs
[2025-04-18T00:00:01.453+0000] {logging_mixin.py:188} INFO - [2025-04-18T00:00:01.452+0000] {dag.py:3954} INFO - Setting next_dagrun for kafka_spark_streaming to 2025-01-01 00:00:00+00:00, run_after=2025-01-01 00:00:00+00:00
[2025-04-18T00:00:01.465+0000] {processor.py:183} INFO - Processing /opt/airflow/dags/dag_kafka_spark_streaming.py took 0.076 seconds
[2025-04-18T00:00:31.916+0000] {processor.py:161} INFO - Started process (PID=4438) to work on /opt/airflow/dags/dag_kafka_spark_streaming.py
[2025-04-18T00:00:31.917+0000] {processor.py:830} INFO - Processing file /opt/airflow/dags/dag_kafka_spark_streaming.py for tasks to queue
[2025-04-18T00:00:31.918+0000] {logging_mixin.py:188} INFO - [2025-04-18T00:00:31.918+0000] {dagbag.py:545} INFO - Filling up the DagBag from /opt/airflow/dags/dag_kafka_spark_streaming.py
[2025-04-18T00:00:31.926+0000] {processor.py:840} INFO - DAG(s) 'kafka_spark_streaming' retrieved from /opt/airflow/dags/dag_kafka_spark_streaming.py
[2025-04-18T00:00:31.951+0000] {logging_mixin.py:188} INFO - [2025-04-18T00:00:31.951+0000] {dag.py:3096} INFO - Sync 1 DAGs
[2025-04-18T00:00:31.968+0000] {logging_mixin.py:188} INFO - [2025-04-18T00:00:31.967+0000] {dag.py:3954} INFO - Setting next_dagrun for kafka_spark_streaming to 2025-01-01 00:00:00+00:00, run_after=2025-01-01 00:00:00+00:00
[2025-04-18T00:00:31.980+0000] {processor.py:183} INFO - Processing /opt/airflow/dags/dag_kafka_spark_streaming.py took 0.072 seconds
[2025-04-18T00:01:02.432+0000] {processor.py:161} INFO - Started process (PID=4474) to work on /opt/airflow/dags/dag_kafka_spark_streaming.py
[2025-04-18T00:01:02.433+0000] {processor.py:830} INFO - Processing file /opt/airflow/dags/dag_kafka_spark_streaming.py for tasks to queue
[2025-04-18T00:01:02.434+0000] {logging_mixin.py:188} INFO - [2025-04-18T00:01:02.434+0000] {dagbag.py:545} INFO - Filling up the DagBag from /opt/airflow/dags/dag_kafka_spark_streaming.py
[2025-04-18T00:01:02.443+0000] {processor.py:840} INFO - DAG(s) 'kafka_spark_streaming' retrieved from /opt/airflow/dags/dag_kafka_spark_streaming.py
[2025-04-18T00:01:02.464+0000] {logging_mixin.py:188} INFO - [2025-04-18T00:01:02.464+0000] {dag.py:3096} INFO - Sync 1 DAGs
[2025-04-18T00:01:02.480+0000] {logging_mixin.py:188} INFO - [2025-04-18T00:01:02.479+0000] {dag.py:3954} INFO - Setting next_dagrun for kafka_spark_streaming to 2025-01-01 00:00:00+00:00, run_after=2025-01-01 00:00:00+00:00
[2025-04-18T00:01:02.492+0000] {processor.py:183} INFO - Processing /opt/airflow/dags/dag_kafka_spark_streaming.py took 0.068 seconds
[2025-04-18T00:01:32.933+0000] {processor.py:161} INFO - Started process (PID=4510) to work on /opt/airflow/dags/dag_kafka_spark_streaming.py
[2025-04-18T00:01:32.934+0000] {processor.py:830} INFO - Processing file /opt/airflow/dags/dag_kafka_spark_streaming.py for tasks to queue
[2025-04-18T00:01:32.935+0000] {logging_mixin.py:188} INFO - [2025-04-18T00:01:32.935+0000] {dagbag.py:545} INFO - Filling up the DagBag from /opt/airflow/dags/dag_kafka_spark_streaming.py
[2025-04-18T00:01:32.943+0000] {processor.py:840} INFO - DAG(s) 'kafka_spark_streaming' retrieved from /opt/airflow/dags/dag_kafka_spark_streaming.py
[2025-04-18T00:01:32.965+0000] {logging_mixin.py:188} INFO - [2025-04-18T00:01:32.965+0000] {dag.py:3096} INFO - Sync 1 DAGs
[2025-04-18T00:01:32.981+0000] {logging_mixin.py:188} INFO - [2025-04-18T00:01:32.980+0000] {dag.py:3954} INFO - Setting next_dagrun for kafka_spark_streaming to 2025-01-01 00:00:00+00:00, run_after=2025-01-01 00:00:00+00:00
[2025-04-18T00:01:32.992+0000] {processor.py:183} INFO - Processing /opt/airflow/dags/dag_kafka_spark_streaming.py took 0.067 seconds
[2025-04-18T00:02:03.524+0000] {processor.py:161} INFO - Started process (PID=4546) to work on /opt/airflow/dags/dag_kafka_spark_streaming.py
[2025-04-18T00:02:03.524+0000] {processor.py:830} INFO - Processing file /opt/airflow/dags/dag_kafka_spark_streaming.py for tasks to queue
[2025-04-18T00:02:03.526+0000] {logging_mixin.py:188} INFO - [2025-04-18T00:02:03.526+0000] {dagbag.py:545} INFO - Filling up the DagBag from /opt/airflow/dags/dag_kafka_spark_streaming.py
[2025-04-18T00:02:03.544+0000] {processor.py:840} INFO - DAG(s) 'kafka_spark_streaming' retrieved from /opt/airflow/dags/dag_kafka_spark_streaming.py
[2025-04-18T00:02:03.633+0000] {logging_mixin.py:188} INFO - [2025-04-18T00:02:03.632+0000] {dag.py:3096} INFO - Sync 1 DAGs
[2025-04-18T00:02:03.702+0000] {logging_mixin.py:188} INFO - [2025-04-18T00:02:03.701+0000] {dag.py:3954} INFO - Setting next_dagrun for kafka_spark_streaming to 2025-01-01 00:00:00+00:00, run_after=2025-01-01 00:00:00+00:00
[2025-04-18T00:02:03.721+0000] {processor.py:183} INFO - Processing /opt/airflow/dags/dag_kafka_spark_streaming.py took 0.204 seconds
[2025-04-18T00:02:34.097+0000] {processor.py:161} INFO - Started process (PID=4582) to work on /opt/airflow/dags/dag_kafka_spark_streaming.py
[2025-04-18T00:02:34.098+0000] {processor.py:830} INFO - Processing file /opt/airflow/dags/dag_kafka_spark_streaming.py for tasks to queue
[2025-04-18T00:02:34.100+0000] {logging_mixin.py:188} INFO - [2025-04-18T00:02:34.100+0000] {dagbag.py:545} INFO - Filling up the DagBag from /opt/airflow/dags/dag_kafka_spark_streaming.py
[2025-04-18T00:02:34.111+0000] {processor.py:840} INFO - DAG(s) 'kafka_spark_streaming' retrieved from /opt/airflow/dags/dag_kafka_spark_streaming.py
[2025-04-18T00:02:34.133+0000] {logging_mixin.py:188} INFO - [2025-04-18T00:02:34.133+0000] {dag.py:3096} INFO - Sync 1 DAGs
[2025-04-18T00:02:34.150+0000] {logging_mixin.py:188} INFO - [2025-04-18T00:02:34.149+0000] {dag.py:3954} INFO - Setting next_dagrun for kafka_spark_streaming to 2025-01-01 00:00:00+00:00, run_after=2025-01-01 00:00:00+00:00
[2025-04-18T00:02:34.162+0000] {processor.py:183} INFO - Processing /opt/airflow/dags/dag_kafka_spark_streaming.py took 0.074 seconds
[2025-04-18T00:03:04.539+0000] {processor.py:161} INFO - Started process (PID=4618) to work on /opt/airflow/dags/dag_kafka_spark_streaming.py
[2025-04-18T00:03:04.540+0000] {processor.py:830} INFO - Processing file /opt/airflow/dags/dag_kafka_spark_streaming.py for tasks to queue
[2025-04-18T00:03:04.541+0000] {logging_mixin.py:188} INFO - [2025-04-18T00:03:04.541+0000] {dagbag.py:545} INFO - Filling up the DagBag from /opt/airflow/dags/dag_kafka_spark_streaming.py
[2025-04-18T00:03:04.551+0000] {processor.py:840} INFO - DAG(s) 'kafka_spark_streaming' retrieved from /opt/airflow/dags/dag_kafka_spark_streaming.py
[2025-04-18T00:03:04.573+0000] {logging_mixin.py:188} INFO - [2025-04-18T00:03:04.573+0000] {dag.py:3096} INFO - Sync 1 DAGs
[2025-04-18T00:03:04.590+0000] {logging_mixin.py:188} INFO - [2025-04-18T00:03:04.590+0000] {dag.py:3954} INFO - Setting next_dagrun for kafka_spark_streaming to 2025-01-01 00:00:00+00:00, run_after=2025-01-01 00:00:00+00:00
[2025-04-18T00:03:04.602+0000] {processor.py:183} INFO - Processing /opt/airflow/dags/dag_kafka_spark_streaming.py took 0.073 seconds
[2025-04-18T00:03:35.027+0000] {processor.py:161} INFO - Started process (PID=4654) to work on /opt/airflow/dags/dag_kafka_spark_streaming.py
[2025-04-18T00:03:35.028+0000] {processor.py:830} INFO - Processing file /opt/airflow/dags/dag_kafka_spark_streaming.py for tasks to queue
[2025-04-18T00:03:35.030+0000] {logging_mixin.py:188} INFO - [2025-04-18T00:03:35.030+0000] {dagbag.py:545} INFO - Filling up the DagBag from /opt/airflow/dags/dag_kafka_spark_streaming.py
[2025-04-18T00:03:35.038+0000] {processor.py:840} INFO - DAG(s) 'kafka_spark_streaming' retrieved from /opt/airflow/dags/dag_kafka_spark_streaming.py
[2025-04-18T00:03:35.061+0000] {logging_mixin.py:188} INFO - [2025-04-18T00:03:35.061+0000] {dag.py:3096} INFO - Sync 1 DAGs
[2025-04-18T00:03:35.078+0000] {logging_mixin.py:188} INFO - [2025-04-18T00:03:35.077+0000] {dag.py:3954} INFO - Setting next_dagrun for kafka_spark_streaming to 2025-01-01 00:00:00+00:00, run_after=2025-01-01 00:00:00+00:00
[2025-04-18T00:03:35.089+0000] {processor.py:183} INFO - Processing /opt/airflow/dags/dag_kafka_spark_streaming.py took 0.073 seconds
[2025-04-18T00:04:05.540+0000] {processor.py:161} INFO - Started process (PID=4690) to work on /opt/airflow/dags/dag_kafka_spark_streaming.py
[2025-04-18T00:04:05.540+0000] {processor.py:830} INFO - Processing file /opt/airflow/dags/dag_kafka_spark_streaming.py for tasks to queue
[2025-04-18T00:04:05.542+0000] {logging_mixin.py:188} INFO - [2025-04-18T00:04:05.542+0000] {dagbag.py:545} INFO - Filling up the DagBag from /opt/airflow/dags/dag_kafka_spark_streaming.py
[2025-04-18T00:04:05.552+0000] {processor.py:840} INFO - DAG(s) 'kafka_spark_streaming' retrieved from /opt/airflow/dags/dag_kafka_spark_streaming.py
[2025-04-18T00:04:05.574+0000] {logging_mixin.py:188} INFO - [2025-04-18T00:04:05.574+0000] {dag.py:3096} INFO - Sync 1 DAGs
[2025-04-18T00:04:05.589+0000] {logging_mixin.py:188} INFO - [2025-04-18T00:04:05.589+0000] {dag.py:3954} INFO - Setting next_dagrun for kafka_spark_streaming to 2025-01-01 00:00:00+00:00, run_after=2025-01-01 00:00:00+00:00
[2025-04-18T00:04:05.602+0000] {processor.py:183} INFO - Processing /opt/airflow/dags/dag_kafka_spark_streaming.py took 0.071 seconds
[2025-04-18T00:04:36.295+0000] {processor.py:161} INFO - Started process (PID=4726) to work on /opt/airflow/dags/dag_kafka_spark_streaming.py
[2025-04-18T00:04:36.296+0000] {processor.py:830} INFO - Processing file /opt/airflow/dags/dag_kafka_spark_streaming.py for tasks to queue
[2025-04-18T00:04:36.298+0000] {logging_mixin.py:188} INFO - [2025-04-18T00:04:36.298+0000] {dagbag.py:545} INFO - Filling up the DagBag from /opt/airflow/dags/dag_kafka_spark_streaming.py
[2025-04-18T00:04:36.307+0000] {processor.py:840} INFO - DAG(s) 'kafka_spark_streaming' retrieved from /opt/airflow/dags/dag_kafka_spark_streaming.py
[2025-04-18T00:04:36.330+0000] {logging_mixin.py:188} INFO - [2025-04-18T00:04:36.329+0000] {dag.py:3096} INFO - Sync 1 DAGs
[2025-04-18T00:04:36.346+0000] {logging_mixin.py:188} INFO - [2025-04-18T00:04:36.346+0000] {dag.py:3954} INFO - Setting next_dagrun for kafka_spark_streaming to 2025-01-01 00:00:00+00:00, run_after=2025-01-01 00:00:00+00:00
[2025-04-18T00:04:36.359+0000] {processor.py:183} INFO - Processing /opt/airflow/dags/dag_kafka_spark_streaming.py took 0.075 seconds
[2025-04-18T00:05:06.775+0000] {processor.py:161} INFO - Started process (PID=4762) to work on /opt/airflow/dags/dag_kafka_spark_streaming.py
[2025-04-18T00:05:06.776+0000] {processor.py:830} INFO - Processing file /opt/airflow/dags/dag_kafka_spark_streaming.py for tasks to queue
[2025-04-18T00:05:06.778+0000] {logging_mixin.py:188} INFO - [2025-04-18T00:05:06.777+0000] {dagbag.py:545} INFO - Filling up the DagBag from /opt/airflow/dags/dag_kafka_spark_streaming.py
[2025-04-18T00:05:06.786+0000] {processor.py:840} INFO - DAG(s) 'kafka_spark_streaming' retrieved from /opt/airflow/dags/dag_kafka_spark_streaming.py
[2025-04-18T00:05:06.808+0000] {logging_mixin.py:188} INFO - [2025-04-18T00:05:06.807+0000] {dag.py:3096} INFO - Sync 1 DAGs
[2025-04-18T00:05:06.823+0000] {logging_mixin.py:188} INFO - [2025-04-18T00:05:06.823+0000] {dag.py:3954} INFO - Setting next_dagrun for kafka_spark_streaming to 2025-01-01 00:00:00+00:00, run_after=2025-01-01 00:00:00+00:00
[2025-04-18T00:05:06.836+0000] {processor.py:183} INFO - Processing /opt/airflow/dags/dag_kafka_spark_streaming.py took 0.069 seconds
[2025-04-18T00:05:37.229+0000] {processor.py:161} INFO - Started process (PID=4798) to work on /opt/airflow/dags/dag_kafka_spark_streaming.py
[2025-04-18T00:05:37.230+0000] {processor.py:830} INFO - Processing file /opt/airflow/dags/dag_kafka_spark_streaming.py for tasks to queue
[2025-04-18T00:05:37.232+0000] {logging_mixin.py:188} INFO - [2025-04-18T00:05:37.231+0000] {dagbag.py:545} INFO - Filling up the DagBag from /opt/airflow/dags/dag_kafka_spark_streaming.py
[2025-04-18T00:05:37.243+0000] {processor.py:840} INFO - DAG(s) 'kafka_spark_streaming' retrieved from /opt/airflow/dags/dag_kafka_spark_streaming.py
[2025-04-18T00:05:37.266+0000] {logging_mixin.py:188} INFO - [2025-04-18T00:05:37.266+0000] {dag.py:3096} INFO - Sync 1 DAGs
[2025-04-18T00:05:37.282+0000] {logging_mixin.py:188} INFO - [2025-04-18T00:05:37.282+0000] {dag.py:3954} INFO - Setting next_dagrun for kafka_spark_streaming to 2025-01-01 00:00:00+00:00, run_after=2025-01-01 00:00:00+00:00
[2025-04-18T00:05:37.295+0000] {processor.py:183} INFO - Processing /opt/airflow/dags/dag_kafka_spark_streaming.py took 0.072 seconds
[2025-04-18T00:06:07.745+0000] {processor.py:161} INFO - Started process (PID=4834) to work on /opt/airflow/dags/dag_kafka_spark_streaming.py
[2025-04-18T00:06:07.746+0000] {processor.py:830} INFO - Processing file /opt/airflow/dags/dag_kafka_spark_streaming.py for tasks to queue
[2025-04-18T00:06:07.748+0000] {logging_mixin.py:188} INFO - [2025-04-18T00:06:07.748+0000] {dagbag.py:545} INFO - Filling up the DagBag from /opt/airflow/dags/dag_kafka_spark_streaming.py
[2025-04-18T00:06:07.758+0000] {processor.py:840} INFO - DAG(s) 'kafka_spark_streaming' retrieved from /opt/airflow/dags/dag_kafka_spark_streaming.py
[2025-04-18T00:06:07.781+0000] {logging_mixin.py:188} INFO - [2025-04-18T00:06:07.780+0000] {dag.py:3096} INFO - Sync 1 DAGs
[2025-04-18T00:06:07.796+0000] {logging_mixin.py:188} INFO - [2025-04-18T00:06:07.796+0000] {dag.py:3954} INFO - Setting next_dagrun for kafka_spark_streaming to 2025-01-01 00:00:00+00:00, run_after=2025-01-01 00:00:00+00:00
[2025-04-18T00:06:07.809+0000] {processor.py:183} INFO - Processing /opt/airflow/dags/dag_kafka_spark_streaming.py took 0.079 seconds
[2025-04-18T00:06:38.128+0000] {processor.py:161} INFO - Started process (PID=4870) to work on /opt/airflow/dags/dag_kafka_spark_streaming.py
[2025-04-18T00:06:38.129+0000] {processor.py:830} INFO - Processing file /opt/airflow/dags/dag_kafka_spark_streaming.py for tasks to queue
[2025-04-18T00:06:38.131+0000] {logging_mixin.py:188} INFO - [2025-04-18T00:06:38.131+0000] {dagbag.py:545} INFO - Filling up the DagBag from /opt/airflow/dags/dag_kafka_spark_streaming.py
[2025-04-18T00:06:38.139+0000] {processor.py:840} INFO - DAG(s) 'kafka_spark_streaming' retrieved from /opt/airflow/dags/dag_kafka_spark_streaming.py
[2025-04-18T00:06:38.160+0000] {logging_mixin.py:188} INFO - [2025-04-18T00:06:38.160+0000] {dag.py:3096} INFO - Sync 1 DAGs
[2025-04-18T00:06:38.176+0000] {logging_mixin.py:188} INFO - [2025-04-18T00:06:38.176+0000] {dag.py:3954} INFO - Setting next_dagrun for kafka_spark_streaming to 2025-01-01 00:00:00+00:00, run_after=2025-01-01 00:00:00+00:00
[2025-04-18T00:06:38.188+0000] {processor.py:183} INFO - Processing /opt/airflow/dags/dag_kafka_spark_streaming.py took 0.068 seconds
[2025-04-18T00:07:08.512+0000] {processor.py:161} INFO - Started process (PID=4906) to work on /opt/airflow/dags/dag_kafka_spark_streaming.py
[2025-04-18T00:07:08.513+0000] {processor.py:830} INFO - Processing file /opt/airflow/dags/dag_kafka_spark_streaming.py for tasks to queue
[2025-04-18T00:07:08.515+0000] {logging_mixin.py:188} INFO - [2025-04-18T00:07:08.515+0000] {dagbag.py:545} INFO - Filling up the DagBag from /opt/airflow/dags/dag_kafka_spark_streaming.py
[2025-04-18T00:07:08.524+0000] {processor.py:840} INFO - DAG(s) 'kafka_spark_streaming' retrieved from /opt/airflow/dags/dag_kafka_spark_streaming.py
[2025-04-18T00:07:08.546+0000] {logging_mixin.py:188} INFO - [2025-04-18T00:07:08.546+0000] {dag.py:3096} INFO - Sync 1 DAGs
[2025-04-18T00:07:08.562+0000] {logging_mixin.py:188} INFO - [2025-04-18T00:07:08.561+0000] {dag.py:3954} INFO - Setting next_dagrun for kafka_spark_streaming to 2025-01-01 00:00:00+00:00, run_after=2025-01-01 00:00:00+00:00
[2025-04-18T00:07:08.575+0000] {processor.py:183} INFO - Processing /opt/airflow/dags/dag_kafka_spark_streaming.py took 0.071 seconds
[2025-04-18T00:07:39.000+0000] {processor.py:161} INFO - Started process (PID=4942) to work on /opt/airflow/dags/dag_kafka_spark_streaming.py
[2025-04-18T00:07:39.000+0000] {processor.py:830} INFO - Processing file /opt/airflow/dags/dag_kafka_spark_streaming.py for tasks to queue
[2025-04-18T00:07:39.002+0000] {logging_mixin.py:188} INFO - [2025-04-18T00:07:39.002+0000] {dagbag.py:545} INFO - Filling up the DagBag from /opt/airflow/dags/dag_kafka_spark_streaming.py
[2025-04-18T00:07:39.009+0000] {processor.py:840} INFO - DAG(s) 'kafka_spark_streaming' retrieved from /opt/airflow/dags/dag_kafka_spark_streaming.py
[2025-04-18T00:07:39.037+0000] {logging_mixin.py:188} INFO - [2025-04-18T00:07:39.037+0000] {dag.py:3096} INFO - Sync 1 DAGs
[2025-04-18T00:07:39.055+0000] {logging_mixin.py:188} INFO - [2025-04-18T00:07:39.055+0000] {dag.py:3954} INFO - Setting next_dagrun for kafka_spark_streaming to 2025-01-01 00:00:00+00:00, run_after=2025-01-01 00:00:00+00:00
[2025-04-18T00:07:39.068+0000] {processor.py:183} INFO - Processing /opt/airflow/dags/dag_kafka_spark_streaming.py took 0.074 seconds
[2025-04-18T00:08:09.516+0000] {processor.py:161} INFO - Started process (PID=4978) to work on /opt/airflow/dags/dag_kafka_spark_streaming.py
[2025-04-18T00:08:09.517+0000] {processor.py:830} INFO - Processing file /opt/airflow/dags/dag_kafka_spark_streaming.py for tasks to queue
[2025-04-18T00:08:09.519+0000] {logging_mixin.py:188} INFO - [2025-04-18T00:08:09.519+0000] {dagbag.py:545} INFO - Filling up the DagBag from /opt/airflow/dags/dag_kafka_spark_streaming.py
[2025-04-18T00:08:09.530+0000] {processor.py:840} INFO - DAG(s) 'kafka_spark_streaming' retrieved from /opt/airflow/dags/dag_kafka_spark_streaming.py
[2025-04-18T00:08:09.553+0000] {logging_mixin.py:188} INFO - [2025-04-18T00:08:09.553+0000] {dag.py:3096} INFO - Sync 1 DAGs
[2025-04-18T00:08:09.569+0000] {logging_mixin.py:188} INFO - [2025-04-18T00:08:09.569+0000] {dag.py:3954} INFO - Setting next_dagrun for kafka_spark_streaming to 2025-01-01 00:00:00+00:00, run_after=2025-01-01 00:00:00+00:00
[2025-04-18T00:08:09.581+0000] {processor.py:183} INFO - Processing /opt/airflow/dags/dag_kafka_spark_streaming.py took 0.075 seconds
[2025-04-18T00:08:40.010+0000] {processor.py:161} INFO - Started process (PID=5014) to work on /opt/airflow/dags/dag_kafka_spark_streaming.py
[2025-04-18T00:08:40.011+0000] {processor.py:830} INFO - Processing file /opt/airflow/dags/dag_kafka_spark_streaming.py for tasks to queue
[2025-04-18T00:08:40.012+0000] {logging_mixin.py:188} INFO - [2025-04-18T00:08:40.012+0000] {dagbag.py:545} INFO - Filling up the DagBag from /opt/airflow/dags/dag_kafka_spark_streaming.py
[2025-04-18T00:08:40.021+0000] {processor.py:840} INFO - DAG(s) 'kafka_spark_streaming' retrieved from /opt/airflow/dags/dag_kafka_spark_streaming.py
[2025-04-18T00:08:40.043+0000] {logging_mixin.py:188} INFO - [2025-04-18T00:08:40.043+0000] {dag.py:3096} INFO - Sync 1 DAGs
[2025-04-18T00:08:40.058+0000] {logging_mixin.py:188} INFO - [2025-04-18T00:08:40.058+0000] {dag.py:3954} INFO - Setting next_dagrun for kafka_spark_streaming to 2025-01-01 00:00:00+00:00, run_after=2025-01-01 00:00:00+00:00
[2025-04-18T00:08:40.071+0000] {processor.py:183} INFO - Processing /opt/airflow/dags/dag_kafka_spark_streaming.py took 0.069 seconds
[2025-04-18T00:09:10.529+0000] {processor.py:161} INFO - Started process (PID=5050) to work on /opt/airflow/dags/dag_kafka_spark_streaming.py
[2025-04-18T00:09:10.530+0000] {processor.py:830} INFO - Processing file /opt/airflow/dags/dag_kafka_spark_streaming.py for tasks to queue
[2025-04-18T00:09:10.532+0000] {logging_mixin.py:188} INFO - [2025-04-18T00:09:10.532+0000] {dagbag.py:545} INFO - Filling up the DagBag from /opt/airflow/dags/dag_kafka_spark_streaming.py
[2025-04-18T00:09:10.541+0000] {processor.py:840} INFO - DAG(s) 'kafka_spark_streaming' retrieved from /opt/airflow/dags/dag_kafka_spark_streaming.py
[2025-04-18T00:09:10.564+0000] {logging_mixin.py:188} INFO - [2025-04-18T00:09:10.564+0000] {dag.py:3096} INFO - Sync 1 DAGs
[2025-04-18T00:09:10.580+0000] {logging_mixin.py:188} INFO - [2025-04-18T00:09:10.579+0000] {dag.py:3954} INFO - Setting next_dagrun for kafka_spark_streaming to 2025-01-01 00:00:00+00:00, run_after=2025-01-01 00:00:00+00:00
[2025-04-18T00:09:10.592+0000] {processor.py:183} INFO - Processing /opt/airflow/dags/dag_kafka_spark_streaming.py took 0.071 seconds
[2025-04-18T00:09:41.037+0000] {processor.py:161} INFO - Started process (PID=5086) to work on /opt/airflow/dags/dag_kafka_spark_streaming.py
[2025-04-18T00:09:41.039+0000] {processor.py:830} INFO - Processing file /opt/airflow/dags/dag_kafka_spark_streaming.py for tasks to queue
[2025-04-18T00:09:41.041+0000] {logging_mixin.py:188} INFO - [2025-04-18T00:09:41.041+0000] {dagbag.py:545} INFO - Filling up the DagBag from /opt/airflow/dags/dag_kafka_spark_streaming.py
[2025-04-18T00:09:41.052+0000] {processor.py:840} INFO - DAG(s) 'kafka_spark_streaming' retrieved from /opt/airflow/dags/dag_kafka_spark_streaming.py
[2025-04-18T00:09:41.075+0000] {logging_mixin.py:188} INFO - [2025-04-18T00:09:41.075+0000] {dag.py:3096} INFO - Sync 1 DAGs
[2025-04-18T00:09:41.091+0000] {logging_mixin.py:188} INFO - [2025-04-18T00:09:41.090+0000] {dag.py:3954} INFO - Setting next_dagrun for kafka_spark_streaming to 2025-01-01 00:00:00+00:00, run_after=2025-01-01 00:00:00+00:00
[2025-04-18T00:09:41.104+0000] {processor.py:183} INFO - Processing /opt/airflow/dags/dag_kafka_spark_streaming.py took 0.077 seconds
[2025-04-18T00:10:11.508+0000] {processor.py:161} INFO - Started process (PID=5122) to work on /opt/airflow/dags/dag_kafka_spark_streaming.py
[2025-04-18T00:10:11.510+0000] {processor.py:830} INFO - Processing file /opt/airflow/dags/dag_kafka_spark_streaming.py for tasks to queue
[2025-04-18T00:10:11.511+0000] {logging_mixin.py:188} INFO - [2025-04-18T00:10:11.511+0000] {dagbag.py:545} INFO - Filling up the DagBag from /opt/airflow/dags/dag_kafka_spark_streaming.py
[2025-04-18T00:10:11.522+0000] {processor.py:840} INFO - DAG(s) 'kafka_spark_streaming' retrieved from /opt/airflow/dags/dag_kafka_spark_streaming.py
[2025-04-18T00:10:11.545+0000] {logging_mixin.py:188} INFO - [2025-04-18T00:10:11.545+0000] {dag.py:3096} INFO - Sync 1 DAGs
[2025-04-18T00:10:11.563+0000] {logging_mixin.py:188} INFO - [2025-04-18T00:10:11.562+0000] {dag.py:3954} INFO - Setting next_dagrun for kafka_spark_streaming to 2025-01-01 00:00:00+00:00, run_after=2025-01-01 00:00:00+00:00
[2025-04-18T00:10:11.577+0000] {processor.py:183} INFO - Processing /opt/airflow/dags/dag_kafka_spark_streaming.py took 0.077 seconds
[2025-04-18T00:10:42.000+0000] {processor.py:161} INFO - Started process (PID=5158) to work on /opt/airflow/dags/dag_kafka_spark_streaming.py
[2025-04-18T00:10:42.001+0000] {processor.py:830} INFO - Processing file /opt/airflow/dags/dag_kafka_spark_streaming.py for tasks to queue
[2025-04-18T00:10:42.003+0000] {logging_mixin.py:188} INFO - [2025-04-18T00:10:42.002+0000] {dagbag.py:545} INFO - Filling up the DagBag from /opt/airflow/dags/dag_kafka_spark_streaming.py
[2025-04-18T00:10:42.012+0000] {processor.py:840} INFO - DAG(s) 'kafka_spark_streaming' retrieved from /opt/airflow/dags/dag_kafka_spark_streaming.py
[2025-04-18T00:10:42.036+0000] {logging_mixin.py:188} INFO - [2025-04-18T00:10:42.035+0000] {dag.py:3096} INFO - Sync 1 DAGs
[2025-04-18T00:10:42.051+0000] {logging_mixin.py:188} INFO - [2025-04-18T00:10:42.051+0000] {dag.py:3954} INFO - Setting next_dagrun for kafka_spark_streaming to 2025-01-01 00:00:00+00:00, run_after=2025-01-01 00:00:00+00:00
[2025-04-18T00:10:42.064+0000] {processor.py:183} INFO - Processing /opt/airflow/dags/dag_kafka_spark_streaming.py took 0.071 seconds
[2025-04-18T00:11:12.536+0000] {processor.py:161} INFO - Started process (PID=5194) to work on /opt/airflow/dags/dag_kafka_spark_streaming.py
[2025-04-18T00:11:12.537+0000] {processor.py:830} INFO - Processing file /opt/airflow/dags/dag_kafka_spark_streaming.py for tasks to queue
[2025-04-18T00:11:12.539+0000] {logging_mixin.py:188} INFO - [2025-04-18T00:11:12.539+0000] {dagbag.py:545} INFO - Filling up the DagBag from /opt/airflow/dags/dag_kafka_spark_streaming.py
[2025-04-18T00:11:12.550+0000] {processor.py:840} INFO - DAG(s) 'kafka_spark_streaming' retrieved from /opt/airflow/dags/dag_kafka_spark_streaming.py
[2025-04-18T00:11:12.574+0000] {logging_mixin.py:188} INFO - [2025-04-18T00:11:12.573+0000] {dag.py:3096} INFO - Sync 1 DAGs
[2025-04-18T00:11:12.589+0000] {logging_mixin.py:188} INFO - [2025-04-18T00:11:12.589+0000] {dag.py:3954} INFO - Setting next_dagrun for kafka_spark_streaming to 2025-01-01 00:00:00+00:00, run_after=2025-01-01 00:00:00+00:00
[2025-04-18T00:11:12.601+0000] {processor.py:183} INFO - Processing /opt/airflow/dags/dag_kafka_spark_streaming.py took 0.075 seconds
[2025-04-18T00:11:43.045+0000] {processor.py:161} INFO - Started process (PID=5230) to work on /opt/airflow/dags/dag_kafka_spark_streaming.py
[2025-04-18T00:11:43.046+0000] {processor.py:830} INFO - Processing file /opt/airflow/dags/dag_kafka_spark_streaming.py for tasks to queue
[2025-04-18T00:11:43.047+0000] {logging_mixin.py:188} INFO - [2025-04-18T00:11:43.047+0000] {dagbag.py:545} INFO - Filling up the DagBag from /opt/airflow/dags/dag_kafka_spark_streaming.py
[2025-04-18T00:11:43.057+0000] {processor.py:840} INFO - DAG(s) 'kafka_spark_streaming' retrieved from /opt/airflow/dags/dag_kafka_spark_streaming.py
[2025-04-18T00:11:43.083+0000] {logging_mixin.py:188} INFO - [2025-04-18T00:11:43.083+0000] {dag.py:3096} INFO - Sync 1 DAGs
[2025-04-18T00:11:43.099+0000] {logging_mixin.py:188} INFO - [2025-04-18T00:11:43.099+0000] {dag.py:3954} INFO - Setting next_dagrun for kafka_spark_streaming to 2025-01-01 00:00:00+00:00, run_after=2025-01-01 00:00:00+00:00
[2025-04-18T00:11:43.112+0000] {processor.py:183} INFO - Processing /opt/airflow/dags/dag_kafka_spark_streaming.py took 0.075 seconds
[2025-04-18T00:12:13.586+0000] {processor.py:161} INFO - Started process (PID=5266) to work on /opt/airflow/dags/dag_kafka_spark_streaming.py
[2025-04-18T00:12:13.587+0000] {processor.py:830} INFO - Processing file /opt/airflow/dags/dag_kafka_spark_streaming.py for tasks to queue
[2025-04-18T00:12:13.588+0000] {logging_mixin.py:188} INFO - [2025-04-18T00:12:13.588+0000] {dagbag.py:545} INFO - Filling up the DagBag from /opt/airflow/dags/dag_kafka_spark_streaming.py
[2025-04-18T00:12:13.598+0000] {processor.py:840} INFO - DAG(s) 'kafka_spark_streaming' retrieved from /opt/airflow/dags/dag_kafka_spark_streaming.py
[2025-04-18T00:12:13.620+0000] {logging_mixin.py:188} INFO - [2025-04-18T00:12:13.620+0000] {dag.py:3096} INFO - Sync 1 DAGs
[2025-04-18T00:12:13.637+0000] {logging_mixin.py:188} INFO - [2025-04-18T00:12:13.636+0000] {dag.py:3954} INFO - Setting next_dagrun for kafka_spark_streaming to 2025-01-01 00:00:00+00:00, run_after=2025-01-01 00:00:00+00:00
[2025-04-18T00:12:13.649+0000] {processor.py:183} INFO - Processing /opt/airflow/dags/dag_kafka_spark_streaming.py took 0.071 seconds
[2025-04-18T00:12:44.103+0000] {processor.py:161} INFO - Started process (PID=5302) to work on /opt/airflow/dags/dag_kafka_spark_streaming.py
[2025-04-18T00:12:44.104+0000] {processor.py:830} INFO - Processing file /opt/airflow/dags/dag_kafka_spark_streaming.py for tasks to queue
[2025-04-18T00:12:44.106+0000] {logging_mixin.py:188} INFO - [2025-04-18T00:12:44.105+0000] {dagbag.py:545} INFO - Filling up the DagBag from /opt/airflow/dags/dag_kafka_spark_streaming.py
[2025-04-18T00:12:44.115+0000] {processor.py:840} INFO - DAG(s) 'kafka_spark_streaming' retrieved from /opt/airflow/dags/dag_kafka_spark_streaming.py
[2025-04-18T00:12:44.138+0000] {logging_mixin.py:188} INFO - [2025-04-18T00:12:44.138+0000] {dag.py:3096} INFO - Sync 1 DAGs
[2025-04-18T00:12:44.154+0000] {logging_mixin.py:188} INFO - [2025-04-18T00:12:44.154+0000] {dag.py:3954} INFO - Setting next_dagrun for kafka_spark_streaming to 2025-01-01 00:00:00+00:00, run_after=2025-01-01 00:00:00+00:00
[2025-04-18T00:12:44.166+0000] {processor.py:183} INFO - Processing /opt/airflow/dags/dag_kafka_spark_streaming.py took 0.072 seconds
[2025-04-18T00:13:14.617+0000] {processor.py:161} INFO - Started process (PID=5338) to work on /opt/airflow/dags/dag_kafka_spark_streaming.py
[2025-04-18T00:13:14.617+0000] {processor.py:830} INFO - Processing file /opt/airflow/dags/dag_kafka_spark_streaming.py for tasks to queue
[2025-04-18T00:13:14.619+0000] {logging_mixin.py:188} INFO - [2025-04-18T00:13:14.618+0000] {dagbag.py:545} INFO - Filling up the DagBag from /opt/airflow/dags/dag_kafka_spark_streaming.py
[2025-04-18T00:13:14.626+0000] {processor.py:840} INFO - DAG(s) 'kafka_spark_streaming' retrieved from /opt/airflow/dags/dag_kafka_spark_streaming.py
[2025-04-18T00:13:14.649+0000] {logging_mixin.py:188} INFO - [2025-04-18T00:13:14.649+0000] {dag.py:3096} INFO - Sync 1 DAGs
[2025-04-18T00:13:14.668+0000] {logging_mixin.py:188} INFO - [2025-04-18T00:13:14.668+0000] {dag.py:3954} INFO - Setting next_dagrun for kafka_spark_streaming to 2025-01-01 00:00:00+00:00, run_after=2025-01-01 00:00:00+00:00
[2025-04-18T00:13:14.681+0000] {processor.py:183} INFO - Processing /opt/airflow/dags/dag_kafka_spark_streaming.py took 0.071 seconds
[2025-04-18T00:13:45.131+0000] {processor.py:161} INFO - Started process (PID=5374) to work on /opt/airflow/dags/dag_kafka_spark_streaming.py
[2025-04-18T00:13:45.133+0000] {processor.py:830} INFO - Processing file /opt/airflow/dags/dag_kafka_spark_streaming.py for tasks to queue
[2025-04-18T00:13:45.135+0000] {logging_mixin.py:188} INFO - [2025-04-18T00:13:45.135+0000] {dagbag.py:545} INFO - Filling up the DagBag from /opt/airflow/dags/dag_kafka_spark_streaming.py
[2025-04-18T00:13:45.152+0000] {processor.py:840} INFO - DAG(s) 'kafka_spark_streaming' retrieved from /opt/airflow/dags/dag_kafka_spark_streaming.py
[2025-04-18T00:13:45.189+0000] {logging_mixin.py:188} INFO - [2025-04-18T00:13:45.189+0000] {dag.py:3096} INFO - Sync 1 DAGs
[2025-04-18T00:13:45.230+0000] {logging_mixin.py:188} INFO - [2025-04-18T00:13:45.229+0000] {dag.py:3954} INFO - Setting next_dagrun for kafka_spark_streaming to 2025-01-01 00:00:00+00:00, run_after=2025-01-01 00:00:00+00:00
[2025-04-18T00:13:45.264+0000] {processor.py:183} INFO - Processing /opt/airflow/dags/dag_kafka_spark_streaming.py took 0.147 seconds
[2025-04-18T00:14:15.697+0000] {processor.py:161} INFO - Started process (PID=5410) to work on /opt/airflow/dags/dag_kafka_spark_streaming.py
[2025-04-18T00:14:15.698+0000] {processor.py:830} INFO - Processing file /opt/airflow/dags/dag_kafka_spark_streaming.py for tasks to queue
[2025-04-18T00:14:15.699+0000] {logging_mixin.py:188} INFO - [2025-04-18T00:14:15.699+0000] {dagbag.py:545} INFO - Filling up the DagBag from /opt/airflow/dags/dag_kafka_spark_streaming.py
[2025-04-18T00:14:15.709+0000] {processor.py:840} INFO - DAG(s) 'kafka_spark_streaming' retrieved from /opt/airflow/dags/dag_kafka_spark_streaming.py
[2025-04-18T00:14:15.730+0000] {logging_mixin.py:188} INFO - [2025-04-18T00:14:15.729+0000] {dag.py:3096} INFO - Sync 1 DAGs
[2025-04-18T00:14:15.747+0000] {logging_mixin.py:188} INFO - [2025-04-18T00:14:15.746+0000] {dag.py:3954} INFO - Setting next_dagrun for kafka_spark_streaming to 2025-01-01 00:00:00+00:00, run_after=2025-01-01 00:00:00+00:00
[2025-04-18T00:14:15.760+0000] {processor.py:183} INFO - Processing /opt/airflow/dags/dag_kafka_spark_streaming.py took 0.071 seconds
[2025-04-18T00:14:46.194+0000] {processor.py:161} INFO - Started process (PID=5446) to work on /opt/airflow/dags/dag_kafka_spark_streaming.py
[2025-04-18T00:14:46.195+0000] {processor.py:830} INFO - Processing file /opt/airflow/dags/dag_kafka_spark_streaming.py for tasks to queue
[2025-04-18T00:14:46.197+0000] {logging_mixin.py:188} INFO - [2025-04-18T00:14:46.196+0000] {dagbag.py:545} INFO - Filling up the DagBag from /opt/airflow/dags/dag_kafka_spark_streaming.py
[2025-04-18T00:14:46.206+0000] {processor.py:840} INFO - DAG(s) 'kafka_spark_streaming' retrieved from /opt/airflow/dags/dag_kafka_spark_streaming.py
[2025-04-18T00:14:46.228+0000] {logging_mixin.py:188} INFO - [2025-04-18T00:14:46.228+0000] {dag.py:3096} INFO - Sync 1 DAGs
[2025-04-18T00:14:46.245+0000] {logging_mixin.py:188} INFO - [2025-04-18T00:14:46.245+0000] {dag.py:3954} INFO - Setting next_dagrun for kafka_spark_streaming to 2025-01-01 00:00:00+00:00, run_after=2025-01-01 00:00:00+00:00
[2025-04-18T00:14:46.257+0000] {processor.py:183} INFO - Processing /opt/airflow/dags/dag_kafka_spark_streaming.py took 0.072 seconds
[2025-04-18T00:15:16.692+0000] {processor.py:161} INFO - Started process (PID=5482) to work on /opt/airflow/dags/dag_kafka_spark_streaming.py
[2025-04-18T00:15:16.693+0000] {processor.py:830} INFO - Processing file /opt/airflow/dags/dag_kafka_spark_streaming.py for tasks to queue
[2025-04-18T00:15:16.695+0000] {logging_mixin.py:188} INFO - [2025-04-18T00:15:16.695+0000] {dagbag.py:545} INFO - Filling up the DagBag from /opt/airflow/dags/dag_kafka_spark_streaming.py
[2025-04-18T00:15:16.704+0000] {processor.py:840} INFO - DAG(s) 'kafka_spark_streaming' retrieved from /opt/airflow/dags/dag_kafka_spark_streaming.py
[2025-04-18T00:15:16.726+0000] {logging_mixin.py:188} INFO - [2025-04-18T00:15:16.726+0000] {dag.py:3096} INFO - Sync 1 DAGs
[2025-04-18T00:15:16.743+0000] {logging_mixin.py:188} INFO - [2025-04-18T00:15:16.743+0000] {dag.py:3954} INFO - Setting next_dagrun for kafka_spark_streaming to 2025-01-01 00:00:00+00:00, run_after=2025-01-01 00:00:00+00:00
[2025-04-18T00:15:16.756+0000] {processor.py:183} INFO - Processing /opt/airflow/dags/dag_kafka_spark_streaming.py took 0.072 seconds
[2025-04-18T00:15:47.190+0000] {processor.py:161} INFO - Started process (PID=5518) to work on /opt/airflow/dags/dag_kafka_spark_streaming.py
[2025-04-18T00:15:47.191+0000] {processor.py:830} INFO - Processing file /opt/airflow/dags/dag_kafka_spark_streaming.py for tasks to queue
[2025-04-18T00:15:47.193+0000] {logging_mixin.py:188} INFO - [2025-04-18T00:15:47.193+0000] {dagbag.py:545} INFO - Filling up the DagBag from /opt/airflow/dags/dag_kafka_spark_streaming.py
[2025-04-18T00:15:47.202+0000] {processor.py:840} INFO - DAG(s) 'kafka_spark_streaming' retrieved from /opt/airflow/dags/dag_kafka_spark_streaming.py
[2025-04-18T00:15:47.224+0000] {logging_mixin.py:188} INFO - [2025-04-18T00:15:47.224+0000] {dag.py:3096} INFO - Sync 1 DAGs
[2025-04-18T00:15:47.240+0000] {logging_mixin.py:188} INFO - [2025-04-18T00:15:47.240+0000] {dag.py:3954} INFO - Setting next_dagrun for kafka_spark_streaming to 2025-01-01 00:00:00+00:00, run_after=2025-01-01 00:00:00+00:00
[2025-04-18T00:15:47.253+0000] {processor.py:183} INFO - Processing /opt/airflow/dags/dag_kafka_spark_streaming.py took 0.072 seconds
[2025-04-18T00:16:17.623+0000] {processor.py:161} INFO - Started process (PID=5554) to work on /opt/airflow/dags/dag_kafka_spark_streaming.py
[2025-04-18T00:16:17.624+0000] {processor.py:830} INFO - Processing file /opt/airflow/dags/dag_kafka_spark_streaming.py for tasks to queue
[2025-04-18T00:16:17.626+0000] {logging_mixin.py:188} INFO - [2025-04-18T00:16:17.625+0000] {dagbag.py:545} INFO - Filling up the DagBag from /opt/airflow/dags/dag_kafka_spark_streaming.py
[2025-04-18T00:16:17.636+0000] {processor.py:840} INFO - DAG(s) 'kafka_spark_streaming' retrieved from /opt/airflow/dags/dag_kafka_spark_streaming.py
[2025-04-18T00:16:17.658+0000] {logging_mixin.py:188} INFO - [2025-04-18T00:16:17.658+0000] {dag.py:3096} INFO - Sync 1 DAGs
[2025-04-18T00:16:17.673+0000] {logging_mixin.py:188} INFO - [2025-04-18T00:16:17.673+0000] {dag.py:3954} INFO - Setting next_dagrun for kafka_spark_streaming to 2025-01-01 00:00:00+00:00, run_after=2025-01-01 00:00:00+00:00
[2025-04-18T00:16:17.686+0000] {processor.py:183} INFO - Processing /opt/airflow/dags/dag_kafka_spark_streaming.py took 0.069 seconds
[2025-04-18T00:16:48.051+0000] {processor.py:161} INFO - Started process (PID=5590) to work on /opt/airflow/dags/dag_kafka_spark_streaming.py
[2025-04-18T00:16:48.051+0000] {processor.py:830} INFO - Processing file /opt/airflow/dags/dag_kafka_spark_streaming.py for tasks to queue
[2025-04-18T00:16:48.053+0000] {logging_mixin.py:188} INFO - [2025-04-18T00:16:48.053+0000] {dagbag.py:545} INFO - Filling up the DagBag from /opt/airflow/dags/dag_kafka_spark_streaming.py
[2025-04-18T00:16:48.065+0000] {processor.py:840} INFO - DAG(s) 'kafka_spark_streaming' retrieved from /opt/airflow/dags/dag_kafka_spark_streaming.py
[2025-04-18T00:16:48.101+0000] {logging_mixin.py:188} INFO - [2025-04-18T00:16:48.101+0000] {dag.py:3096} INFO - Sync 1 DAGs
[2025-04-18T00:16:48.120+0000] {logging_mixin.py:188} INFO - [2025-04-18T00:16:48.119+0000] {dag.py:3954} INFO - Setting next_dagrun for kafka_spark_streaming to 2025-01-01 00:00:00+00:00, run_after=2025-01-01 00:00:00+00:00
[2025-04-18T00:16:48.133+0000] {processor.py:183} INFO - Processing /opt/airflow/dags/dag_kafka_spark_streaming.py took 0.088 seconds
[2025-04-18T00:17:18.496+0000] {processor.py:161} INFO - Started process (PID=5632) to work on /opt/airflow/dags/dag_kafka_spark_streaming.py
[2025-04-18T00:17:18.496+0000] {processor.py:830} INFO - Processing file /opt/airflow/dags/dag_kafka_spark_streaming.py for tasks to queue
[2025-04-18T00:17:18.498+0000] {logging_mixin.py:188} INFO - [2025-04-18T00:17:18.498+0000] {dagbag.py:545} INFO - Filling up the DagBag from /opt/airflow/dags/dag_kafka_spark_streaming.py
[2025-04-18T00:17:18.505+0000] {processor.py:840} INFO - DAG(s) 'kafka_spark_streaming' retrieved from /opt/airflow/dags/dag_kafka_spark_streaming.py
[2025-04-18T00:17:18.527+0000] {logging_mixin.py:188} INFO - [2025-04-18T00:17:18.526+0000] {dag.py:3096} INFO - Sync 1 DAGs
[2025-04-18T00:17:18.543+0000] {logging_mixin.py:188} INFO - [2025-04-18T00:17:18.543+0000] {dag.py:3954} INFO - Setting next_dagrun for kafka_spark_streaming to 2025-01-01 00:00:00+00:00, run_after=2025-01-01 00:00:00+00:00
[2025-04-18T00:17:18.555+0000] {processor.py:183} INFO - Processing /opt/airflow/dags/dag_kafka_spark_streaming.py took 0.065 seconds
[2025-04-18T00:17:49.022+0000] {processor.py:161} INFO - Started process (PID=5668) to work on /opt/airflow/dags/dag_kafka_spark_streaming.py
[2025-04-18T00:17:49.024+0000] {processor.py:830} INFO - Processing file /opt/airflow/dags/dag_kafka_spark_streaming.py for tasks to queue
[2025-04-18T00:17:49.026+0000] {logging_mixin.py:188} INFO - [2025-04-18T00:17:49.026+0000] {dagbag.py:545} INFO - Filling up the DagBag from /opt/airflow/dags/dag_kafka_spark_streaming.py
[2025-04-18T00:17:49.037+0000] {processor.py:840} INFO - DAG(s) 'kafka_spark_streaming' retrieved from /opt/airflow/dags/dag_kafka_spark_streaming.py
[2025-04-18T00:17:49.061+0000] {logging_mixin.py:188} INFO - [2025-04-18T00:17:49.061+0000] {dag.py:3096} INFO - Sync 1 DAGs
[2025-04-18T00:17:49.077+0000] {logging_mixin.py:188} INFO - [2025-04-18T00:17:49.077+0000] {dag.py:3954} INFO - Setting next_dagrun for kafka_spark_streaming to 2025-01-01 00:00:00+00:00, run_after=2025-01-01 00:00:00+00:00
[2025-04-18T00:17:49.089+0000] {processor.py:183} INFO - Processing /opt/airflow/dags/dag_kafka_spark_streaming.py took 0.078 seconds
[2025-04-18T00:18:19.552+0000] {processor.py:161} INFO - Started process (PID=5704) to work on /opt/airflow/dags/dag_kafka_spark_streaming.py
[2025-04-18T00:18:19.553+0000] {processor.py:830} INFO - Processing file /opt/airflow/dags/dag_kafka_spark_streaming.py for tasks to queue
[2025-04-18T00:18:19.555+0000] {logging_mixin.py:188} INFO - [2025-04-18T00:18:19.555+0000] {dagbag.py:545} INFO - Filling up the DagBag from /opt/airflow/dags/dag_kafka_spark_streaming.py
[2025-04-18T00:18:19.566+0000] {processor.py:840} INFO - DAG(s) 'kafka_spark_streaming' retrieved from /opt/airflow/dags/dag_kafka_spark_streaming.py
[2025-04-18T00:18:19.595+0000] {logging_mixin.py:188} INFO - [2025-04-18T00:18:19.595+0000] {dag.py:3096} INFO - Sync 1 DAGs
[2025-04-18T00:18:19.618+0000] {logging_mixin.py:188} INFO - [2025-04-18T00:18:19.618+0000] {dag.py:3954} INFO - Setting next_dagrun for kafka_spark_streaming to 2025-01-01 00:00:00+00:00, run_after=2025-01-01 00:00:00+00:00
[2025-04-18T00:18:19.637+0000] {processor.py:183} INFO - Processing /opt/airflow/dags/dag_kafka_spark_streaming.py took 0.093 seconds
                                                                                                                [2025-04-18T19:50:23.782+0000] {processor.py:161} INFO - Started process (PID=211) to work on /opt/airflow/dags/dag_kafka_spark_streaming.py
[2025-04-18T19:50:23.783+0000] {processor.py:830} INFO - Processing file /opt/airflow/dags/dag_kafka_spark_streaming.py for tasks to queue
[2025-04-18T19:50:23.784+0000] {logging_mixin.py:188} INFO - [2025-04-18T19:50:23.784+0000] {dagbag.py:545} INFO - Filling up the DagBag from /opt/airflow/dags/dag_kafka_spark_streaming.py
[2025-04-18T19:50:23.791+0000] {processor.py:840} INFO - DAG(s) 'kafka_spark_streaming' retrieved from /opt/airflow/dags/dag_kafka_spark_streaming.py
[2025-04-18T19:50:23.800+0000] {logging_mixin.py:188} INFO - [2025-04-18T19:50:23.800+0000] {dag.py:3096} INFO - Sync 1 DAGs
[2025-04-18T19:50:23.817+0000] {logging_mixin.py:188} INFO - [2025-04-18T19:50:23.816+0000] {dag.py:3954} INFO - Setting next_dagrun for kafka_spark_streaming to 2025-01-01 00:00:00+00:00, run_after=2025-01-01 00:00:00+00:00
[2025-04-18T19:50:23.831+0000] {processor.py:183} INFO - Processing /opt/airflow/dags/dag_kafka_spark_streaming.py took 0.054 seconds
[2025-04-18T19:50:54.158+0000] {processor.py:161} INFO - Started process (PID=249) to work on /opt/airflow/dags/dag_kafka_spark_streaming.py
[2025-04-18T19:50:54.159+0000] {processor.py:830} INFO - Processing file /opt/airflow/dags/dag_kafka_spark_streaming.py for tasks to queue
[2025-04-18T19:50:54.160+0000] {logging_mixin.py:188} INFO - [2025-04-18T19:50:54.160+0000] {dagbag.py:545} INFO - Filling up the DagBag from /opt/airflow/dags/dag_kafka_spark_streaming.py
[2025-04-18T19:50:54.167+0000] {processor.py:840} INFO - DAG(s) 'kafka_spark_streaming' retrieved from /opt/airflow/dags/dag_kafka_spark_streaming.py
[2025-04-18T19:50:54.176+0000] {logging_mixin.py:188} INFO - [2025-04-18T19:50:54.176+0000] {dag.py:3096} INFO - Sync 1 DAGs
[2025-04-18T19:50:54.193+0000] {logging_mixin.py:188} INFO - [2025-04-18T19:50:54.193+0000] {dag.py:3954} INFO - Setting next_dagrun for kafka_spark_streaming to 2025-01-01 00:00:00+00:00, run_after=2025-01-01 00:00:00+00:00
[2025-04-18T19:50:54.205+0000] {processor.py:183} INFO - Processing /opt/airflow/dags/dag_kafka_spark_streaming.py took 0.051 seconds
[2025-04-18T19:51:24.742+0000] {processor.py:161} INFO - Started process (PID=283) to work on /opt/airflow/dags/dag_kafka_spark_streaming.py
[2025-04-18T19:51:24.742+0000] {processor.py:830} INFO - Processing file /opt/airflow/dags/dag_kafka_spark_streaming.py for tasks to queue
[2025-04-18T19:51:24.743+0000] {logging_mixin.py:188} INFO - [2025-04-18T19:51:24.743+0000] {dagbag.py:545} INFO - Filling up the DagBag from /opt/airflow/dags/dag_kafka_spark_streaming.py
[2025-04-18T19:51:24.750+0000] {processor.py:840} INFO - DAG(s) 'kafka_spark_streaming' retrieved from /opt/airflow/dags/dag_kafka_spark_streaming.py
[2025-04-18T19:51:24.828+0000] {logging_mixin.py:188} INFO - [2025-04-18T19:51:24.828+0000] {dag.py:3096} INFO - Sync 1 DAGs
[2025-04-18T19:51:24.842+0000] {logging_mixin.py:188} INFO - [2025-04-18T19:51:24.841+0000] {dag.py:3954} INFO - Setting next_dagrun for kafka_spark_streaming to 2025-01-01 00:00:00+00:00, run_after=2025-01-01 00:00:00+00:00
[2025-04-18T19:51:24.854+0000] {processor.py:183} INFO - Processing /opt/airflow/dags/dag_kafka_spark_streaming.py took 0.117 seconds
[2025-04-18T19:51:55.366+0000] {processor.py:161} INFO - Started process (PID=319) to work on /opt/airflow/dags/dag_kafka_spark_streaming.py
[2025-04-18T19:51:55.367+0000] {processor.py:830} INFO - Processing file /opt/airflow/dags/dag_kafka_spark_streaming.py for tasks to queue
[2025-04-18T19:51:55.368+0000] {logging_mixin.py:188} INFO - [2025-04-18T19:51:55.368+0000] {dagbag.py:545} INFO - Filling up the DagBag from /opt/airflow/dags/dag_kafka_spark_streaming.py
[2025-04-18T19:51:55.375+0000] {processor.py:840} INFO - DAG(s) 'kafka_spark_streaming' retrieved from /opt/airflow/dags/dag_kafka_spark_streaming.py
[2025-04-18T19:51:55.396+0000] {logging_mixin.py:188} INFO - [2025-04-18T19:51:55.396+0000] {dag.py:3096} INFO - Sync 1 DAGs
[2025-04-18T19:51:55.411+0000] {logging_mixin.py:188} INFO - [2025-04-18T19:51:55.411+0000] {dag.py:3954} INFO - Setting next_dagrun for kafka_spark_streaming to 2025-01-01 00:00:00+00:00, run_after=2025-01-01 00:00:00+00:00
[2025-04-18T19:51:55.426+0000] {processor.py:183} INFO - Processing /opt/airflow/dags/dag_kafka_spark_streaming.py took 0.065 seconds
[2025-04-18T19:52:26.204+0000] {processor.py:161} INFO - Started process (PID=357) to work on /opt/airflow/dags/dag_kafka_spark_streaming.py
[2025-04-18T19:52:26.205+0000] {processor.py:830} INFO - Processing file /opt/airflow/dags/dag_kafka_spark_streaming.py for tasks to queue
[2025-04-18T19:52:26.207+0000] {logging_mixin.py:188} INFO - [2025-04-18T19:52:26.207+0000] {dagbag.py:545} INFO - Filling up the DagBag from /opt/airflow/dags/dag_kafka_spark_streaming.py
[2025-04-18T19:52:26.215+0000] {processor.py:840} INFO - DAG(s) 'kafka_spark_streaming' retrieved from /opt/airflow/dags/dag_kafka_spark_streaming.py
[2025-04-18T19:52:26.238+0000] {logging_mixin.py:188} INFO - [2025-04-18T19:52:26.238+0000] {dag.py:3096} INFO - Sync 1 DAGs
[2025-04-18T19:52:26.254+0000] {logging_mixin.py:188} INFO - [2025-04-18T19:52:26.253+0000] {dag.py:3954} INFO - Setting next_dagrun for kafka_spark_streaming to 2025-01-01 00:00:00+00:00, run_after=2025-01-01 00:00:00+00:00
[2025-04-18T19:52:26.266+0000] {processor.py:183} INFO - Processing /opt/airflow/dags/dag_kafka_spark_streaming.py took 0.069 seconds
[2025-04-18T19:52:56.614+0000] {processor.py:161} INFO - Started process (PID=391) to work on /opt/airflow/dags/dag_kafka_spark_streaming.py
[2025-04-18T19:52:56.614+0000] {processor.py:830} INFO - Processing file /opt/airflow/dags/dag_kafka_spark_streaming.py for tasks to queue
[2025-04-18T19:52:56.615+0000] {logging_mixin.py:188} INFO - [2025-04-18T19:52:56.615+0000] {dagbag.py:545} INFO - Filling up the DagBag from /opt/airflow/dags/dag_kafka_spark_streaming.py
[2025-04-18T19:52:56.622+0000] {processor.py:840} INFO - DAG(s) 'kafka_spark_streaming' retrieved from /opt/airflow/dags/dag_kafka_spark_streaming.py
[2025-04-18T19:52:56.643+0000] {logging_mixin.py:188} INFO - [2025-04-18T19:52:56.642+0000] {dag.py:3096} INFO - Sync 1 DAGs
[2025-04-18T19:52:56.657+0000] {logging_mixin.py:188} INFO - [2025-04-18T19:52:56.657+0000] {dag.py:3954} INFO - Setting next_dagrun for kafka_spark_streaming to 2025-01-01 00:00:00+00:00, run_after=2025-01-01 00:00:00+00:00
[2025-04-18T19:52:56.670+0000] {processor.py:183} INFO - Processing /opt/airflow/dags/dag_kafka_spark_streaming.py took 0.062 seconds
[2025-04-18T19:53:27.186+0000] {processor.py:161} INFO - Started process (PID=427) to work on /opt/airflow/dags/dag_kafka_spark_streaming.py
[2025-04-18T19:53:27.188+0000] {processor.py:830} INFO - Processing file /opt/airflow/dags/dag_kafka_spark_streaming.py for tasks to queue
[2025-04-18T19:53:27.190+0000] {logging_mixin.py:188} INFO - [2025-04-18T19:53:27.189+0000] {dagbag.py:545} INFO - Filling up the DagBag from /opt/airflow/dags/dag_kafka_spark_streaming.py
[2025-04-18T19:53:27.203+0000] {processor.py:840} INFO - DAG(s) 'kafka_spark_streaming' retrieved from /opt/airflow/dags/dag_kafka_spark_streaming.py
[2025-04-18T19:53:27.251+0000] {logging_mixin.py:188} INFO - [2025-04-18T19:53:27.251+0000] {dag.py:3096} INFO - Sync 1 DAGs
[2025-04-18T19:53:27.286+0000] {logging_mixin.py:188} INFO - [2025-04-18T19:53:27.285+0000] {dag.py:3954} INFO - Setting next_dagrun for kafka_spark_streaming to 2025-01-01 00:00:00+00:00, run_after=2025-01-01 00:00:00+00:00
[2025-04-18T19:53:27.319+0000] {processor.py:183} INFO - Processing /opt/airflow/dags/dag_kafka_spark_streaming.py took 0.143 seconds
[2025-04-18T19:53:57.713+0000] {processor.py:161} INFO - Started process (PID=463) to work on /opt/airflow/dags/dag_kafka_spark_streaming.py
[2025-04-18T19:53:57.714+0000] {processor.py:830} INFO - Processing file /opt/airflow/dags/dag_kafka_spark_streaming.py for tasks to queue
[2025-04-18T19:53:57.715+0000] {logging_mixin.py:188} INFO - [2025-04-18T19:53:57.715+0000] {dagbag.py:545} INFO - Filling up the DagBag from /opt/airflow/dags/dag_kafka_spark_streaming.py
[2025-04-18T19:53:57.722+0000] {processor.py:840} INFO - DAG(s) 'kafka_spark_streaming' retrieved from /opt/airflow/dags/dag_kafka_spark_streaming.py
[2025-04-18T19:53:57.742+0000] {logging_mixin.py:188} INFO - [2025-04-18T19:53:57.742+0000] {dag.py:3096} INFO - Sync 1 DAGs
[2025-04-18T19:53:57.757+0000] {logging_mixin.py:188} INFO - [2025-04-18T19:53:57.757+0000] {dag.py:3954} INFO - Setting next_dagrun for kafka_spark_streaming to 2025-01-01 00:00:00+00:00, run_after=2025-01-01 00:00:00+00:00
[2025-04-18T19:53:57.769+0000] {processor.py:183} INFO - Processing /opt/airflow/dags/dag_kafka_spark_streaming.py took 0.061 seconds
[2025-04-18T19:54:28.155+0000] {processor.py:161} INFO - Started process (PID=499) to work on /opt/airflow/dags/dag_kafka_spark_streaming.py
[2025-04-18T19:54:28.156+0000] {processor.py:830} INFO - Processing file /opt/airflow/dags/dag_kafka_spark_streaming.py for tasks to queue
[2025-04-18T19:54:28.157+0000] {logging_mixin.py:188} INFO - [2025-04-18T19:54:28.157+0000] {dagbag.py:545} INFO - Filling up the DagBag from /opt/airflow/dags/dag_kafka_spark_streaming.py
[2025-04-18T19:54:28.163+0000] {processor.py:840} INFO - DAG(s) 'kafka_spark_streaming' retrieved from /opt/airflow/dags/dag_kafka_spark_streaming.py
[2025-04-18T19:54:28.184+0000] {logging_mixin.py:188} INFO - [2025-04-18T19:54:28.184+0000] {dag.py:3096} INFO - Sync 1 DAGs
[2025-04-18T19:54:28.199+0000] {logging_mixin.py:188} INFO - [2025-04-18T19:54:28.199+0000] {dag.py:3954} INFO - Setting next_dagrun for kafka_spark_streaming to 2025-01-01 00:00:00+00:00, run_after=2025-01-01 00:00:00+00:00
[2025-04-18T19:54:28.213+0000] {processor.py:183} INFO - Processing /opt/airflow/dags/dag_kafka_spark_streaming.py took 0.062 seconds
[2025-04-18T19:54:58.599+0000] {processor.py:161} INFO - Started process (PID=541) to work on /opt/airflow/dags/dag_kafka_spark_streaming.py
[2025-04-18T19:54:58.599+0000] {processor.py:830} INFO - Processing file /opt/airflow/dags/dag_kafka_spark_streaming.py for tasks to queue
[2025-04-18T19:54:58.600+0000] {logging_mixin.py:188} INFO - [2025-04-18T19:54:58.600+0000] {dagbag.py:545} INFO - Filling up the DagBag from /opt/airflow/dags/dag_kafka_spark_streaming.py
[2025-04-18T19:54:58.607+0000] {processor.py:840} INFO - DAG(s) 'kafka_spark_streaming' retrieved from /opt/airflow/dags/dag_kafka_spark_streaming.py
[2025-04-18T19:54:58.627+0000] {logging_mixin.py:188} INFO - [2025-04-18T19:54:58.627+0000] {dag.py:3096} INFO - Sync 1 DAGs
[2025-04-18T19:54:58.641+0000] {logging_mixin.py:188} INFO - [2025-04-18T19:54:58.641+0000] {dag.py:3954} INFO - Setting next_dagrun for kafka_spark_streaming to 2025-01-01 00:00:00+00:00, run_after=2025-01-01 00:00:00+00:00
[2025-04-18T19:54:58.653+0000] {processor.py:183} INFO - Processing /opt/airflow/dags/dag_kafka_spark_streaming.py took 0.060 seconds
[2025-04-18T19:55:29.062+0000] {processor.py:161} INFO - Started process (PID=579) to work on /opt/airflow/dags/dag_kafka_spark_streaming.py
[2025-04-18T19:55:29.062+0000] {processor.py:830} INFO - Processing file /opt/airflow/dags/dag_kafka_spark_streaming.py for tasks to queue
[2025-04-18T19:55:29.063+0000] {logging_mixin.py:188} INFO - [2025-04-18T19:55:29.063+0000] {dagbag.py:545} INFO - Filling up the DagBag from /opt/airflow/dags/dag_kafka_spark_streaming.py
[2025-04-18T19:55:29.070+0000] {processor.py:840} INFO - DAG(s) 'kafka_spark_streaming' retrieved from /opt/airflow/dags/dag_kafka_spark_streaming.py
[2025-04-18T19:55:29.090+0000] {logging_mixin.py:188} INFO - [2025-04-18T19:55:29.090+0000] {dag.py:3096} INFO - Sync 1 DAGs
[2025-04-18T19:55:29.104+0000] {logging_mixin.py:188} INFO - [2025-04-18T19:55:29.104+0000] {dag.py:3954} INFO - Setting next_dagrun for kafka_spark_streaming to 2025-01-01 00:00:00+00:00, run_after=2025-01-01 00:00:00+00:00
[2025-04-18T19:55:29.116+0000] {processor.py:183} INFO - Processing /opt/airflow/dags/dag_kafka_spark_streaming.py took 0.059 seconds
[2025-04-18T19:55:59.539+0000] {processor.py:161} INFO - Started process (PID=613) to work on /opt/airflow/dags/dag_kafka_spark_streaming.py
[2025-04-18T19:55:59.540+0000] {processor.py:830} INFO - Processing file /opt/airflow/dags/dag_kafka_spark_streaming.py for tasks to queue
[2025-04-18T19:55:59.541+0000] {logging_mixin.py:188} INFO - [2025-04-18T19:55:59.541+0000] {dagbag.py:545} INFO - Filling up the DagBag from /opt/airflow/dags/dag_kafka_spark_streaming.py
[2025-04-18T19:55:59.548+0000] {processor.py:840} INFO - DAG(s) 'kafka_spark_streaming' retrieved from /opt/airflow/dags/dag_kafka_spark_streaming.py
[2025-04-18T19:55:59.569+0000] {logging_mixin.py:188} INFO - [2025-04-18T19:55:59.569+0000] {dag.py:3096} INFO - Sync 1 DAGs
[2025-04-18T19:55:59.596+0000] {logging_mixin.py:188} INFO - [2025-04-18T19:55:59.596+0000] {dag.py:3954} INFO - Setting next_dagrun for kafka_spark_streaming to 2025-01-01 00:00:00+00:00, run_after=2025-01-01 00:00:00+00:00
[2025-04-18T19:55:59.610+0000] {processor.py:183} INFO - Processing /opt/airflow/dags/dag_kafka_spark_streaming.py took 0.076 seconds
[2025-04-18T19:56:30.012+0000] {processor.py:161} INFO - Started process (PID=651) to work on /opt/airflow/dags/dag_kafka_spark_streaming.py
[2025-04-18T19:56:30.013+0000] {processor.py:830} INFO - Processing file /opt/airflow/dags/dag_kafka_spark_streaming.py for tasks to queue
[2025-04-18T19:56:30.014+0000] {logging_mixin.py:188} INFO - [2025-04-18T19:56:30.014+0000] {dagbag.py:545} INFO - Filling up the DagBag from /opt/airflow/dags/dag_kafka_spark_streaming.py
[2025-04-18T19:56:30.020+0000] {processor.py:840} INFO - DAG(s) 'kafka_spark_streaming' retrieved from /opt/airflow/dags/dag_kafka_spark_streaming.py
[2025-04-18T19:56:30.041+0000] {logging_mixin.py:188} INFO - [2025-04-18T19:56:30.041+0000] {dag.py:3096} INFO - Sync 1 DAGs
[2025-04-18T19:56:30.056+0000] {logging_mixin.py:188} INFO - [2025-04-18T19:56:30.055+0000] {dag.py:3954} INFO - Setting next_dagrun for kafka_spark_streaming to 2025-01-01 00:00:00+00:00, run_after=2025-01-01 00:00:00+00:00
[2025-04-18T19:56:30.068+0000] {processor.py:183} INFO - Processing /opt/airflow/dags/dag_kafka_spark_streaming.py took 0.060 seconds
[2025-04-18T19:57:00.503+0000] {processor.py:161} INFO - Started process (PID=685) to work on /opt/airflow/dags/dag_kafka_spark_streaming.py
[2025-04-18T19:57:00.506+0000] {processor.py:830} INFO - Processing file /opt/airflow/dags/dag_kafka_spark_streaming.py for tasks to queue
[2025-04-18T19:57:00.510+0000] {logging_mixin.py:188} INFO - [2025-04-18T19:57:00.510+0000] {dagbag.py:545} INFO - Filling up the DagBag from /opt/airflow/dags/dag_kafka_spark_streaming.py
[2025-04-18T19:57:00.532+0000] {processor.py:840} INFO - DAG(s) 'kafka_spark_streaming' retrieved from /opt/airflow/dags/dag_kafka_spark_streaming.py
[2025-04-18T19:57:00.576+0000] {logging_mixin.py:188} INFO - [2025-04-18T19:57:00.576+0000] {dag.py:3096} INFO - Sync 1 DAGs
[2025-04-18T19:57:00.608+0000] {logging_mixin.py:188} INFO - [2025-04-18T19:57:00.608+0000] {dag.py:3954} INFO - Setting next_dagrun for kafka_spark_streaming to 2025-01-01 00:00:00+00:00, run_after=2025-01-01 00:00:00+00:00
[2025-04-18T19:57:00.640+0000] {processor.py:183} INFO - Processing /opt/airflow/dags/dag_kafka_spark_streaming.py took 0.151 seconds
