[2025-04-18T00:00:29.869+0000] {processor.py:161} INFO - Started process (PID=4430) to work on /opt/airflow/dags/kafka_stream.py
[2025-04-18T00:00:29.870+0000] {processor.py:830} INFO - Processing file /opt/airflow/dags/kafka_stream.py for tasks to queue
[2025-04-18T00:00:29.874+0000] {logging_mixin.py:188} INFO - [2025-04-18T00:00:29.873+0000] {dagbag.py:545} INFO - Filling up the DagBag from /opt/airflow/dags/kafka_stream.py
[2025-04-18T00:00:29.891+0000] {processor.py:840} INFO - DAG(s) 'user_automation' retrieved from /opt/airflow/dags/kafka_stream.py
[2025-04-18T00:00:29.917+0000] {logging_mixin.py:188} INFO - [2025-04-18T00:00:29.917+0000] {dag.py:3096} INFO - Sync 1 DAGs
[2025-04-18T00:00:29.941+0000] {logging_mixin.py:188} INFO - [2025-04-18T00:00:29.941+0000] {dag.py:3954} INFO - Setting next_dagrun for user_automation to 2025-04-17 00:00:00+00:00, run_after=2025-04-18 00:00:00+00:00
[2025-04-18T00:00:29.955+0000] {processor.py:183} INFO - Processing /opt/airflow/dags/kafka_stream.py took 0.097 seconds
[2025-04-18T00:01:00.382+0000] {processor.py:161} INFO - Started process (PID=4466) to work on /opt/airflow/dags/kafka_stream.py
[2025-04-18T00:01:00.383+0000] {processor.py:830} INFO - Processing file /opt/airflow/dags/kafka_stream.py for tasks to queue
[2025-04-18T00:01:00.385+0000] {logging_mixin.py:188} INFO - [2025-04-18T00:01:00.385+0000] {dagbag.py:545} INFO - Filling up the DagBag from /opt/airflow/dags/kafka_stream.py
[2025-04-18T00:01:00.399+0000] {processor.py:840} INFO - DAG(s) 'user_automation' retrieved from /opt/airflow/dags/kafka_stream.py
[2025-04-18T00:01:00.421+0000] {logging_mixin.py:188} INFO - [2025-04-18T00:01:00.420+0000] {dag.py:3096} INFO - Sync 1 DAGs
[2025-04-18T00:01:00.436+0000] {logging_mixin.py:188} INFO - [2025-04-18T00:01:00.436+0000] {dag.py:3954} INFO - Setting next_dagrun for user_automation to 2025-04-17 00:00:00+00:00, run_after=2025-04-18 00:00:00+00:00
[2025-04-18T00:01:00.447+0000] {processor.py:183} INFO - Processing /opt/airflow/dags/kafka_stream.py took 0.080 seconds
[2025-04-18T00:01:30.863+0000] {processor.py:161} INFO - Started process (PID=4502) to work on /opt/airflow/dags/kafka_stream.py
[2025-04-18T00:01:30.864+0000] {processor.py:830} INFO - Processing file /opt/airflow/dags/kafka_stream.py for tasks to queue
[2025-04-18T00:01:30.865+0000] {logging_mixin.py:188} INFO - [2025-04-18T00:01:30.865+0000] {dagbag.py:545} INFO - Filling up the DagBag from /opt/airflow/dags/kafka_stream.py
[2025-04-18T00:01:30.874+0000] {processor.py:840} INFO - DAG(s) 'user_automation' retrieved from /opt/airflow/dags/kafka_stream.py
[2025-04-18T00:01:30.895+0000] {logging_mixin.py:188} INFO - [2025-04-18T00:01:30.895+0000] {dag.py:3096} INFO - Sync 1 DAGs
[2025-04-18T00:01:30.912+0000] {logging_mixin.py:188} INFO - [2025-04-18T00:01:30.912+0000] {dag.py:3954} INFO - Setting next_dagrun for user_automation to 2025-04-17 00:00:00+00:00, run_after=2025-04-18 00:00:00+00:00
[2025-04-18T00:01:30.925+0000] {processor.py:183} INFO - Processing /opt/airflow/dags/kafka_stream.py took 0.067 seconds
[2025-04-18T00:02:01.403+0000] {processor.py:161} INFO - Started process (PID=4538) to work on /opt/airflow/dags/kafka_stream.py
[2025-04-18T00:02:01.404+0000] {processor.py:830} INFO - Processing file /opt/airflow/dags/kafka_stream.py for tasks to queue
[2025-04-18T00:02:01.410+0000] {logging_mixin.py:188} INFO - [2025-04-18T00:02:01.408+0000] {dagbag.py:545} INFO - Filling up the DagBag from /opt/airflow/dags/kafka_stream.py
[2025-04-18T00:02:01.435+0000] {processor.py:840} INFO - DAG(s) 'user_automation' retrieved from /opt/airflow/dags/kafka_stream.py
[2025-04-18T00:02:01.481+0000] {logging_mixin.py:188} INFO - [2025-04-18T00:02:01.481+0000] {dag.py:3096} INFO - Sync 1 DAGs
[2025-04-18T00:02:01.502+0000] {logging_mixin.py:188} INFO - [2025-04-18T00:02:01.502+0000] {dag.py:3954} INFO - Setting next_dagrun for user_automation to 2025-04-17 00:00:00+00:00, run_after=2025-04-18 00:00:00+00:00
[2025-04-18T00:02:01.515+0000] {processor.py:183} INFO - Processing /opt/airflow/dags/kafka_stream.py took 0.125 seconds
[2025-04-18T00:02:32.011+0000] {processor.py:161} INFO - Started process (PID=4574) to work on /opt/airflow/dags/kafka_stream.py
[2025-04-18T00:02:32.013+0000] {processor.py:830} INFO - Processing file /opt/airflow/dags/kafka_stream.py for tasks to queue
[2025-04-18T00:02:32.016+0000] {logging_mixin.py:188} INFO - [2025-04-18T00:02:32.015+0000] {dagbag.py:545} INFO - Filling up the DagBag from /opt/airflow/dags/kafka_stream.py
[2025-04-18T00:02:32.034+0000] {processor.py:840} INFO - DAG(s) 'user_automation' retrieved from /opt/airflow/dags/kafka_stream.py
[2025-04-18T00:02:32.060+0000] {logging_mixin.py:188} INFO - [2025-04-18T00:02:32.060+0000] {dag.py:3096} INFO - Sync 1 DAGs
[2025-04-18T00:02:32.078+0000] {logging_mixin.py:188} INFO - [2025-04-18T00:02:32.078+0000] {dag.py:3954} INFO - Setting next_dagrun for user_automation to 2025-04-17 00:00:00+00:00, run_after=2025-04-18 00:00:00+00:00
[2025-04-18T00:02:32.091+0000] {processor.py:183} INFO - Processing /opt/airflow/dags/kafka_stream.py took 0.094 seconds
[2025-04-18T00:03:02.438+0000] {processor.py:161} INFO - Started process (PID=4610) to work on /opt/airflow/dags/kafka_stream.py
[2025-04-18T00:03:02.438+0000] {processor.py:830} INFO - Processing file /opt/airflow/dags/kafka_stream.py for tasks to queue
[2025-04-18T00:03:02.440+0000] {logging_mixin.py:188} INFO - [2025-04-18T00:03:02.440+0000] {dagbag.py:545} INFO - Filling up the DagBag from /opt/airflow/dags/kafka_stream.py
[2025-04-18T00:03:02.452+0000] {processor.py:840} INFO - DAG(s) 'user_automation' retrieved from /opt/airflow/dags/kafka_stream.py
[2025-04-18T00:03:02.473+0000] {logging_mixin.py:188} INFO - [2025-04-18T00:03:02.473+0000] {dag.py:3096} INFO - Sync 1 DAGs
[2025-04-18T00:03:02.489+0000] {logging_mixin.py:188} INFO - [2025-04-18T00:03:02.489+0000] {dag.py:3954} INFO - Setting next_dagrun for user_automation to 2025-04-17 00:00:00+00:00, run_after=2025-04-18 00:00:00+00:00
[2025-04-18T00:03:02.501+0000] {processor.py:183} INFO - Processing /opt/airflow/dags/kafka_stream.py took 0.072 seconds
[2025-04-18T00:03:32.910+0000] {processor.py:161} INFO - Started process (PID=4646) to work on /opt/airflow/dags/kafka_stream.py
[2025-04-18T00:03:32.916+0000] {processor.py:830} INFO - Processing file /opt/airflow/dags/kafka_stream.py for tasks to queue
[2025-04-18T00:03:32.919+0000] {logging_mixin.py:188} INFO - [2025-04-18T00:03:32.918+0000] {dagbag.py:545} INFO - Filling up the DagBag from /opt/airflow/dags/kafka_stream.py
[2025-04-18T00:03:32.933+0000] {processor.py:840} INFO - DAG(s) 'user_automation' retrieved from /opt/airflow/dags/kafka_stream.py
[2025-04-18T00:03:32.956+0000] {logging_mixin.py:188} INFO - [2025-04-18T00:03:32.956+0000] {dag.py:3096} INFO - Sync 1 DAGs
[2025-04-18T00:03:32.973+0000] {logging_mixin.py:188} INFO - [2025-04-18T00:03:32.973+0000] {dag.py:3954} INFO - Setting next_dagrun for user_automation to 2025-04-17 00:00:00+00:00, run_after=2025-04-18 00:00:00+00:00
[2025-04-18T00:03:32.985+0000] {processor.py:183} INFO - Processing /opt/airflow/dags/kafka_stream.py took 0.094 seconds
[2025-04-18T00:04:03.491+0000] {processor.py:161} INFO - Started process (PID=4682) to work on /opt/airflow/dags/kafka_stream.py
[2025-04-18T00:04:03.492+0000] {processor.py:830} INFO - Processing file /opt/airflow/dags/kafka_stream.py for tasks to queue
[2025-04-18T00:04:03.495+0000] {logging_mixin.py:188} INFO - [2025-04-18T00:04:03.494+0000] {dagbag.py:545} INFO - Filling up the DagBag from /opt/airflow/dags/kafka_stream.py
[2025-04-18T00:04:03.511+0000] {processor.py:840} INFO - DAG(s) 'user_automation' retrieved from /opt/airflow/dags/kafka_stream.py
[2025-04-18T00:04:03.535+0000] {logging_mixin.py:188} INFO - [2025-04-18T00:04:03.535+0000] {dag.py:3096} INFO - Sync 1 DAGs
[2025-04-18T00:04:03.550+0000] {logging_mixin.py:188} INFO - [2025-04-18T00:04:03.550+0000] {dag.py:3954} INFO - Setting next_dagrun for user_automation to 2025-04-17 00:00:00+00:00, run_after=2025-04-18 00:00:00+00:00
[2025-04-18T00:04:03.562+0000] {processor.py:183} INFO - Processing /opt/airflow/dags/kafka_stream.py took 0.082 seconds
[2025-04-18T00:04:34.244+0000] {processor.py:161} INFO - Started process (PID=4718) to work on /opt/airflow/dags/kafka_stream.py
[2025-04-18T00:04:34.247+0000] {processor.py:830} INFO - Processing file /opt/airflow/dags/kafka_stream.py for tasks to queue
[2025-04-18T00:04:34.248+0000] {logging_mixin.py:188} INFO - [2025-04-18T00:04:34.248+0000] {dagbag.py:545} INFO - Filling up the DagBag from /opt/airflow/dags/kafka_stream.py
[2025-04-18T00:04:34.257+0000] {processor.py:840} INFO - DAG(s) 'user_automation' retrieved from /opt/airflow/dags/kafka_stream.py
[2025-04-18T00:04:34.276+0000] {logging_mixin.py:188} INFO - [2025-04-18T00:04:34.276+0000] {dag.py:3096} INFO - Sync 1 DAGs
[2025-04-18T00:04:34.293+0000] {logging_mixin.py:188} INFO - [2025-04-18T00:04:34.293+0000] {dag.py:3954} INFO - Setting next_dagrun for user_automation to 2025-04-17 00:00:00+00:00, run_after=2025-04-18 00:00:00+00:00
[2025-04-18T00:04:34.306+0000] {processor.py:183} INFO - Processing /opt/airflow/dags/kafka_stream.py took 0.069 seconds
[2025-04-18T00:05:04.654+0000] {processor.py:161} INFO - Started process (PID=4754) to work on /opt/airflow/dags/kafka_stream.py
[2025-04-18T00:05:04.655+0000] {processor.py:830} INFO - Processing file /opt/airflow/dags/kafka_stream.py for tasks to queue
[2025-04-18T00:05:04.658+0000] {logging_mixin.py:188} INFO - [2025-04-18T00:05:04.658+0000] {dagbag.py:545} INFO - Filling up the DagBag from /opt/airflow/dags/kafka_stream.py
[2025-04-18T00:05:04.673+0000] {processor.py:840} INFO - DAG(s) 'user_automation' retrieved from /opt/airflow/dags/kafka_stream.py
[2025-04-18T00:05:04.695+0000] {logging_mixin.py:188} INFO - [2025-04-18T00:05:04.695+0000] {dag.py:3096} INFO - Sync 1 DAGs
[2025-04-18T00:05:04.712+0000] {logging_mixin.py:188} INFO - [2025-04-18T00:05:04.712+0000] {dag.py:3954} INFO - Setting next_dagrun for user_automation to 2025-04-17 00:00:00+00:00, run_after=2025-04-18 00:00:00+00:00
[2025-04-18T00:05:04.724+0000] {processor.py:183} INFO - Processing /opt/airflow/dags/kafka_stream.py took 0.089 seconds
[2025-04-18T00:05:35.152+0000] {processor.py:161} INFO - Started process (PID=4790) to work on /opt/airflow/dags/kafka_stream.py
[2025-04-18T00:05:35.154+0000] {processor.py:830} INFO - Processing file /opt/airflow/dags/kafka_stream.py for tasks to queue
[2025-04-18T00:05:35.156+0000] {logging_mixin.py:188} INFO - [2025-04-18T00:05:35.156+0000] {dagbag.py:545} INFO - Filling up the DagBag from /opt/airflow/dags/kafka_stream.py
[2025-04-18T00:05:35.170+0000] {processor.py:840} INFO - DAG(s) 'user_automation' retrieved from /opt/airflow/dags/kafka_stream.py
[2025-04-18T00:05:35.191+0000] {logging_mixin.py:188} INFO - [2025-04-18T00:05:35.191+0000] {dag.py:3096} INFO - Sync 1 DAGs
[2025-04-18T00:05:35.208+0000] {logging_mixin.py:188} INFO - [2025-04-18T00:05:35.208+0000] {dag.py:3954} INFO - Setting next_dagrun for user_automation to 2025-04-17 00:00:00+00:00, run_after=2025-04-18 00:00:00+00:00
[2025-04-18T00:05:35.220+0000] {processor.py:183} INFO - Processing /opt/airflow/dags/kafka_stream.py took 0.086 seconds
[2025-04-18T00:06:05.694+0000] {processor.py:161} INFO - Started process (PID=4826) to work on /opt/airflow/dags/kafka_stream.py
[2025-04-18T00:06:05.700+0000] {processor.py:830} INFO - Processing file /opt/airflow/dags/kafka_stream.py for tasks to queue
[2025-04-18T00:06:05.702+0000] {logging_mixin.py:188} INFO - [2025-04-18T00:06:05.702+0000] {dagbag.py:545} INFO - Filling up the DagBag from /opt/airflow/dags/kafka_stream.py
[2025-04-18T00:06:05.720+0000] {processor.py:840} INFO - DAG(s) 'user_automation' retrieved from /opt/airflow/dags/kafka_stream.py
[2025-04-18T00:06:05.748+0000] {logging_mixin.py:188} INFO - [2025-04-18T00:06:05.748+0000] {dag.py:3096} INFO - Sync 1 DAGs
[2025-04-18T00:06:05.766+0000] {logging_mixin.py:188} INFO - [2025-04-18T00:06:05.766+0000] {dag.py:3954} INFO - Setting next_dagrun for user_automation to 2025-04-17 00:00:00+00:00, run_after=2025-04-18 00:00:00+00:00
[2025-04-18T00:06:05.778+0000] {processor.py:183} INFO - Processing /opt/airflow/dags/kafka_stream.py took 0.095 seconds
[2025-04-18T00:06:36.084+0000] {processor.py:161} INFO - Started process (PID=4862) to work on /opt/airflow/dags/kafka_stream.py
[2025-04-18T00:06:36.085+0000] {processor.py:830} INFO - Processing file /opt/airflow/dags/kafka_stream.py for tasks to queue
[2025-04-18T00:06:36.086+0000] {logging_mixin.py:188} INFO - [2025-04-18T00:06:36.085+0000] {dagbag.py:545} INFO - Filling up the DagBag from /opt/airflow/dags/kafka_stream.py
[2025-04-18T00:06:36.094+0000] {processor.py:840} INFO - DAG(s) 'user_automation' retrieved from /opt/airflow/dags/kafka_stream.py
[2025-04-18T00:06:36.114+0000] {logging_mixin.py:188} INFO - [2025-04-18T00:06:36.114+0000] {dag.py:3096} INFO - Sync 1 DAGs
[2025-04-18T00:06:36.131+0000] {logging_mixin.py:188} INFO - [2025-04-18T00:06:36.131+0000] {dag.py:3954} INFO - Setting next_dagrun for user_automation to 2025-04-17 00:00:00+00:00, run_after=2025-04-18 00:00:00+00:00
[2025-04-18T00:06:36.143+0000] {processor.py:183} INFO - Processing /opt/airflow/dags/kafka_stream.py took 0.063 seconds
[2025-04-18T00:07:06.466+0000] {processor.py:161} INFO - Started process (PID=4898) to work on /opt/airflow/dags/kafka_stream.py
[2025-04-18T00:07:06.471+0000] {processor.py:830} INFO - Processing file /opt/airflow/dags/kafka_stream.py for tasks to queue
[2025-04-18T00:07:06.473+0000] {logging_mixin.py:188} INFO - [2025-04-18T00:07:06.472+0000] {dagbag.py:545} INFO - Filling up the DagBag from /opt/airflow/dags/kafka_stream.py
[2025-04-18T00:07:06.481+0000] {processor.py:840} INFO - DAG(s) 'user_automation' retrieved from /opt/airflow/dags/kafka_stream.py
[2025-04-18T00:07:06.502+0000] {logging_mixin.py:188} INFO - [2025-04-18T00:07:06.502+0000] {dag.py:3096} INFO - Sync 1 DAGs
[2025-04-18T00:07:06.518+0000] {logging_mixin.py:188} INFO - [2025-04-18T00:07:06.518+0000] {dag.py:3954} INFO - Setting next_dagrun for user_automation to 2025-04-17 00:00:00+00:00, run_after=2025-04-18 00:00:00+00:00
[2025-04-18T00:07:06.530+0000] {processor.py:183} INFO - Processing /opt/airflow/dags/kafka_stream.py took 0.069 seconds
[2025-04-18T00:07:36.970+0000] {processor.py:161} INFO - Started process (PID=4934) to work on /opt/airflow/dags/kafka_stream.py
[2025-04-18T00:07:36.971+0000] {processor.py:830} INFO - Processing file /opt/airflow/dags/kafka_stream.py for tasks to queue
[2025-04-18T00:07:36.973+0000] {logging_mixin.py:188} INFO - [2025-04-18T00:07:36.973+0000] {dagbag.py:545} INFO - Filling up the DagBag from /opt/airflow/dags/kafka_stream.py
[2025-04-18T00:07:36.986+0000] {processor.py:840} INFO - DAG(s) 'user_automation' retrieved from /opt/airflow/dags/kafka_stream.py
[2025-04-18T00:07:37.008+0000] {logging_mixin.py:188} INFO - [2025-04-18T00:07:37.007+0000] {dag.py:3096} INFO - Sync 1 DAGs
[2025-04-18T00:07:37.024+0000] {logging_mixin.py:188} INFO - [2025-04-18T00:07:37.024+0000] {dag.py:3954} INFO - Setting next_dagrun for user_automation to 2025-04-17 00:00:00+00:00, run_after=2025-04-18 00:00:00+00:00
[2025-04-18T00:07:37.036+0000] {processor.py:183} INFO - Processing /opt/airflow/dags/kafka_stream.py took 0.077 seconds
[2025-04-18T00:08:07.462+0000] {processor.py:161} INFO - Started process (PID=4970) to work on /opt/airflow/dags/kafka_stream.py
[2025-04-18T00:08:07.468+0000] {processor.py:830} INFO - Processing file /opt/airflow/dags/kafka_stream.py for tasks to queue
[2025-04-18T00:08:07.471+0000] {logging_mixin.py:188} INFO - [2025-04-18T00:08:07.470+0000] {dagbag.py:545} INFO - Filling up the DagBag from /opt/airflow/dags/kafka_stream.py
[2025-04-18T00:08:07.486+0000] {processor.py:840} INFO - DAG(s) 'user_automation' retrieved from /opt/airflow/dags/kafka_stream.py
[2025-04-18T00:08:07.511+0000] {logging_mixin.py:188} INFO - [2025-04-18T00:08:07.511+0000] {dag.py:3096} INFO - Sync 1 DAGs
[2025-04-18T00:08:07.528+0000] {logging_mixin.py:188} INFO - [2025-04-18T00:08:07.528+0000] {dag.py:3954} INFO - Setting next_dagrun for user_automation to 2025-04-17 00:00:00+00:00, run_after=2025-04-18 00:00:00+00:00
[2025-04-18T00:08:07.540+0000] {processor.py:183} INFO - Processing /opt/airflow/dags/kafka_stream.py took 0.088 seconds
[2025-04-18T00:08:37.901+0000] {processor.py:161} INFO - Started process (PID=5006) to work on /opt/airflow/dags/kafka_stream.py
[2025-04-18T00:08:37.908+0000] {processor.py:830} INFO - Processing file /opt/airflow/dags/kafka_stream.py for tasks to queue
[2025-04-18T00:08:37.910+0000] {logging_mixin.py:188} INFO - [2025-04-18T00:08:37.910+0000] {dagbag.py:545} INFO - Filling up the DagBag from /opt/airflow/dags/kafka_stream.py
[2025-04-18T00:08:37.925+0000] {processor.py:840} INFO - DAG(s) 'user_automation' retrieved from /opt/airflow/dags/kafka_stream.py
[2025-04-18T00:08:37.947+0000] {logging_mixin.py:188} INFO - [2025-04-18T00:08:37.947+0000] {dag.py:3096} INFO - Sync 1 DAGs
[2025-04-18T00:08:37.963+0000] {logging_mixin.py:188} INFO - [2025-04-18T00:08:37.963+0000] {dag.py:3954} INFO - Setting next_dagrun for user_automation to 2025-04-17 00:00:00+00:00, run_after=2025-04-18 00:00:00+00:00
[2025-04-18T00:08:37.975+0000] {processor.py:183} INFO - Processing /opt/airflow/dags/kafka_stream.py took 0.092 seconds
[2025-04-18T00:09:08.479+0000] {processor.py:161} INFO - Started process (PID=5042) to work on /opt/airflow/dags/kafka_stream.py
[2025-04-18T00:09:08.485+0000] {processor.py:830} INFO - Processing file /opt/airflow/dags/kafka_stream.py for tasks to queue
[2025-04-18T00:09:08.486+0000] {logging_mixin.py:188} INFO - [2025-04-18T00:09:08.486+0000] {dagbag.py:545} INFO - Filling up the DagBag from /opt/airflow/dags/kafka_stream.py
[2025-04-18T00:09:08.499+0000] {processor.py:840} INFO - DAG(s) 'user_automation' retrieved from /opt/airflow/dags/kafka_stream.py
[2025-04-18T00:09:08.521+0000] {logging_mixin.py:188} INFO - [2025-04-18T00:09:08.520+0000] {dag.py:3096} INFO - Sync 1 DAGs
[2025-04-18T00:09:08.537+0000] {logging_mixin.py:188} INFO - [2025-04-18T00:09:08.536+0000] {dag.py:3954} INFO - Setting next_dagrun for user_automation to 2025-04-17 00:00:00+00:00, run_after=2025-04-18 00:00:00+00:00
[2025-04-18T00:09:08.548+0000] {processor.py:183} INFO - Processing /opt/airflow/dags/kafka_stream.py took 0.079 seconds
[2025-04-18T00:09:38.983+0000] {processor.py:161} INFO - Started process (PID=5078) to work on /opt/airflow/dags/kafka_stream.py
[2025-04-18T00:09:38.985+0000] {processor.py:830} INFO - Processing file /opt/airflow/dags/kafka_stream.py for tasks to queue
[2025-04-18T00:09:38.986+0000] {logging_mixin.py:188} INFO - [2025-04-18T00:09:38.986+0000] {dagbag.py:545} INFO - Filling up the DagBag from /opt/airflow/dags/kafka_stream.py
[2025-04-18T00:09:38.998+0000] {processor.py:840} INFO - DAG(s) 'user_automation' retrieved from /opt/airflow/dags/kafka_stream.py
[2025-04-18T00:09:39.018+0000] {logging_mixin.py:188} INFO - [2025-04-18T00:09:39.018+0000] {dag.py:3096} INFO - Sync 1 DAGs
[2025-04-18T00:09:39.035+0000] {logging_mixin.py:188} INFO - [2025-04-18T00:09:39.035+0000] {dag.py:3954} INFO - Setting next_dagrun for user_automation to 2025-04-17 00:00:00+00:00, run_after=2025-04-18 00:00:00+00:00
[2025-04-18T00:09:39.048+0000] {processor.py:183} INFO - Processing /opt/airflow/dags/kafka_stream.py took 0.075 seconds
[2025-04-18T00:10:09.420+0000] {processor.py:161} INFO - Started process (PID=5114) to work on /opt/airflow/dags/kafka_stream.py
[2025-04-18T00:10:09.428+0000] {processor.py:830} INFO - Processing file /opt/airflow/dags/kafka_stream.py for tasks to queue
[2025-04-18T00:10:09.430+0000] {logging_mixin.py:188} INFO - [2025-04-18T00:10:09.430+0000] {dagbag.py:545} INFO - Filling up the DagBag from /opt/airflow/dags/kafka_stream.py
[2025-04-18T00:10:09.444+0000] {processor.py:840} INFO - DAG(s) 'user_automation' retrieved from /opt/airflow/dags/kafka_stream.py
[2025-04-18T00:10:09.467+0000] {logging_mixin.py:188} INFO - [2025-04-18T00:10:09.467+0000] {dag.py:3096} INFO - Sync 1 DAGs
[2025-04-18T00:10:09.485+0000] {logging_mixin.py:188} INFO - [2025-04-18T00:10:09.485+0000] {dag.py:3954} INFO - Setting next_dagrun for user_automation to 2025-04-17 00:00:00+00:00, run_after=2025-04-18 00:00:00+00:00
[2025-04-18T00:10:09.497+0000] {processor.py:183} INFO - Processing /opt/airflow/dags/kafka_stream.py took 0.095 seconds
[2025-04-18T00:10:39.881+0000] {processor.py:161} INFO - Started process (PID=5150) to work on /opt/airflow/dags/kafka_stream.py
[2025-04-18T00:10:39.887+0000] {processor.py:830} INFO - Processing file /opt/airflow/dags/kafka_stream.py for tasks to queue
[2025-04-18T00:10:39.890+0000] {logging_mixin.py:188} INFO - [2025-04-18T00:10:39.889+0000] {dagbag.py:545} INFO - Filling up the DagBag from /opt/airflow/dags/kafka_stream.py
[2025-04-18T00:10:39.904+0000] {processor.py:840} INFO - DAG(s) 'user_automation' retrieved from /opt/airflow/dags/kafka_stream.py
[2025-04-18T00:10:39.926+0000] {logging_mixin.py:188} INFO - [2025-04-18T00:10:39.926+0000] {dag.py:3096} INFO - Sync 1 DAGs
[2025-04-18T00:10:39.942+0000] {logging_mixin.py:188} INFO - [2025-04-18T00:10:39.942+0000] {dag.py:3954} INFO - Setting next_dagrun for user_automation to 2025-04-17 00:00:00+00:00, run_after=2025-04-18 00:00:00+00:00
[2025-04-18T00:10:39.954+0000] {processor.py:183} INFO - Processing /opt/airflow/dags/kafka_stream.py took 0.092 seconds
[2025-04-18T00:11:10.481+0000] {processor.py:161} INFO - Started process (PID=5186) to work on /opt/airflow/dags/kafka_stream.py
[2025-04-18T00:11:10.488+0000] {processor.py:830} INFO - Processing file /opt/airflow/dags/kafka_stream.py for tasks to queue
[2025-04-18T00:11:10.491+0000] {logging_mixin.py:188} INFO - [2025-04-18T00:11:10.490+0000] {dagbag.py:545} INFO - Filling up the DagBag from /opt/airflow/dags/kafka_stream.py
[2025-04-18T00:11:10.505+0000] {processor.py:840} INFO - DAG(s) 'user_automation' retrieved from /opt/airflow/dags/kafka_stream.py
[2025-04-18T00:11:10.526+0000] {logging_mixin.py:188} INFO - [2025-04-18T00:11:10.526+0000] {dag.py:3096} INFO - Sync 1 DAGs
[2025-04-18T00:11:10.542+0000] {logging_mixin.py:188} INFO - [2025-04-18T00:11:10.542+0000] {dag.py:3954} INFO - Setting next_dagrun for user_automation to 2025-04-17 00:00:00+00:00, run_after=2025-04-18 00:00:00+00:00
[2025-04-18T00:11:10.553+0000] {processor.py:183} INFO - Processing /opt/airflow/dags/kafka_stream.py took 0.090 seconds
[2025-04-18T00:11:40.997+0000] {processor.py:161} INFO - Started process (PID=5222) to work on /opt/airflow/dags/kafka_stream.py
[2025-04-18T00:11:41.004+0000] {processor.py:830} INFO - Processing file /opt/airflow/dags/kafka_stream.py for tasks to queue
[2025-04-18T00:11:41.006+0000] {logging_mixin.py:188} INFO - [2025-04-18T00:11:41.006+0000] {dagbag.py:545} INFO - Filling up the DagBag from /opt/airflow/dags/kafka_stream.py
[2025-04-18T00:11:41.023+0000] {processor.py:840} INFO - DAG(s) 'user_automation' retrieved from /opt/airflow/dags/kafka_stream.py
[2025-04-18T00:11:41.046+0000] {logging_mixin.py:188} INFO - [2025-04-18T00:11:41.046+0000] {dag.py:3096} INFO - Sync 1 DAGs
[2025-04-18T00:11:41.063+0000] {logging_mixin.py:188} INFO - [2025-04-18T00:11:41.062+0000] {dag.py:3954} INFO - Setting next_dagrun for user_automation to 2025-04-17 00:00:00+00:00, run_after=2025-04-18 00:00:00+00:00
[2025-04-18T00:11:41.074+0000] {processor.py:183} INFO - Processing /opt/airflow/dags/kafka_stream.py took 0.088 seconds
[2025-04-18T00:12:11.542+0000] {processor.py:161} INFO - Started process (PID=5258) to work on /opt/airflow/dags/kafka_stream.py
[2025-04-18T00:12:11.543+0000] {processor.py:830} INFO - Processing file /opt/airflow/dags/kafka_stream.py for tasks to queue
[2025-04-18T00:12:11.545+0000] {logging_mixin.py:188} INFO - [2025-04-18T00:12:11.545+0000] {dagbag.py:545} INFO - Filling up the DagBag from /opt/airflow/dags/kafka_stream.py
[2025-04-18T00:12:11.557+0000] {processor.py:840} INFO - DAG(s) 'user_automation' retrieved from /opt/airflow/dags/kafka_stream.py
[2025-04-18T00:12:11.578+0000] {logging_mixin.py:188} INFO - [2025-04-18T00:12:11.577+0000] {dag.py:3096} INFO - Sync 1 DAGs
[2025-04-18T00:12:11.594+0000] {logging_mixin.py:188} INFO - [2025-04-18T00:12:11.594+0000] {dag.py:3954} INFO - Setting next_dagrun for user_automation to 2025-04-17 00:00:00+00:00, run_after=2025-04-18 00:00:00+00:00
[2025-04-18T00:12:11.605+0000] {processor.py:183} INFO - Processing /opt/airflow/dags/kafka_stream.py took 0.075 seconds
[2025-04-18T00:12:42.045+0000] {processor.py:161} INFO - Started process (PID=5294) to work on /opt/airflow/dags/kafka_stream.py
[2025-04-18T00:12:42.047+0000] {processor.py:830} INFO - Processing file /opt/airflow/dags/kafka_stream.py for tasks to queue
[2025-04-18T00:12:42.049+0000] {logging_mixin.py:188} INFO - [2025-04-18T00:12:42.049+0000] {dagbag.py:545} INFO - Filling up the DagBag from /opt/airflow/dags/kafka_stream.py
[2025-04-18T00:12:42.063+0000] {processor.py:840} INFO - DAG(s) 'user_automation' retrieved from /opt/airflow/dags/kafka_stream.py
[2025-04-18T00:12:42.084+0000] {logging_mixin.py:188} INFO - [2025-04-18T00:12:42.084+0000] {dag.py:3096} INFO - Sync 1 DAGs
[2025-04-18T00:12:42.100+0000] {logging_mixin.py:188} INFO - [2025-04-18T00:12:42.100+0000] {dag.py:3954} INFO - Setting next_dagrun for user_automation to 2025-04-17 00:00:00+00:00, run_after=2025-04-18 00:00:00+00:00
[2025-04-18T00:12:42.112+0000] {processor.py:183} INFO - Processing /opt/airflow/dags/kafka_stream.py took 0.087 seconds
[2025-04-18T00:13:12.565+0000] {processor.py:161} INFO - Started process (PID=5330) to work on /opt/airflow/dags/kafka_stream.py
[2025-04-18T00:13:12.571+0000] {processor.py:830} INFO - Processing file /opt/airflow/dags/kafka_stream.py for tasks to queue
[2025-04-18T00:13:12.573+0000] {logging_mixin.py:188} INFO - [2025-04-18T00:13:12.573+0000] {dagbag.py:545} INFO - Filling up the DagBag from /opt/airflow/dags/kafka_stream.py
[2025-04-18T00:13:12.586+0000] {processor.py:840} INFO - DAG(s) 'user_automation' retrieved from /opt/airflow/dags/kafka_stream.py
[2025-04-18T00:13:12.608+0000] {logging_mixin.py:188} INFO - [2025-04-18T00:13:12.608+0000] {dag.py:3096} INFO - Sync 1 DAGs
[2025-04-18T00:13:12.623+0000] {logging_mixin.py:188} INFO - [2025-04-18T00:13:12.623+0000] {dag.py:3954} INFO - Setting next_dagrun for user_automation to 2025-04-17 00:00:00+00:00, run_after=2025-04-18 00:00:00+00:00
[2025-04-18T00:13:12.635+0000] {processor.py:183} INFO - Processing /opt/airflow/dags/kafka_stream.py took 0.079 seconds
[2025-04-18T00:13:43.008+0000] {processor.py:161} INFO - Started process (PID=5366) to work on /opt/airflow/dags/kafka_stream.py
[2025-04-18T00:13:43.010+0000] {processor.py:830} INFO - Processing file /opt/airflow/dags/kafka_stream.py for tasks to queue
[2025-04-18T00:13:43.012+0000] {logging_mixin.py:188} INFO - [2025-04-18T00:13:43.012+0000] {dagbag.py:545} INFO - Filling up the DagBag from /opt/airflow/dags/kafka_stream.py
[2025-04-18T00:13:43.027+0000] {processor.py:840} INFO - DAG(s) 'user_automation' retrieved from /opt/airflow/dags/kafka_stream.py
[2025-04-18T00:13:43.050+0000] {logging_mixin.py:188} INFO - [2025-04-18T00:13:43.050+0000] {dag.py:3096} INFO - Sync 1 DAGs
[2025-04-18T00:13:43.067+0000] {logging_mixin.py:188} INFO - [2025-04-18T00:13:43.067+0000] {dag.py:3954} INFO - Setting next_dagrun for user_automation to 2025-04-17 00:00:00+00:00, run_after=2025-04-18 00:00:00+00:00
[2025-04-18T00:13:43.079+0000] {processor.py:183} INFO - Processing /opt/airflow/dags/kafka_stream.py took 0.090 seconds
[2025-04-18T00:14:13.650+0000] {processor.py:161} INFO - Started process (PID=5402) to work on /opt/airflow/dags/kafka_stream.py
[2025-04-18T00:14:13.651+0000] {processor.py:830} INFO - Processing file /opt/airflow/dags/kafka_stream.py for tasks to queue
[2025-04-18T00:14:13.653+0000] {logging_mixin.py:188} INFO - [2025-04-18T00:14:13.652+0000] {dagbag.py:545} INFO - Filling up the DagBag from /opt/airflow/dags/kafka_stream.py
[2025-04-18T00:14:13.665+0000] {processor.py:840} INFO - DAG(s) 'user_automation' retrieved from /opt/airflow/dags/kafka_stream.py
[2025-04-18T00:14:13.685+0000] {logging_mixin.py:188} INFO - [2025-04-18T00:14:13.685+0000] {dag.py:3096} INFO - Sync 1 DAGs
[2025-04-18T00:14:13.701+0000] {logging_mixin.py:188} INFO - [2025-04-18T00:14:13.701+0000] {dag.py:3954} INFO - Setting next_dagrun for user_automation to 2025-04-17 00:00:00+00:00, run_after=2025-04-18 00:00:00+00:00
[2025-04-18T00:14:13.715+0000] {processor.py:183} INFO - Processing /opt/airflow/dags/kafka_stream.py took 0.073 seconds
[2025-04-18T00:14:44.153+0000] {processor.py:161} INFO - Started process (PID=5438) to work on /opt/airflow/dags/kafka_stream.py
[2025-04-18T00:14:44.154+0000] {processor.py:830} INFO - Processing file /opt/airflow/dags/kafka_stream.py for tasks to queue
[2025-04-18T00:14:44.156+0000] {logging_mixin.py:188} INFO - [2025-04-18T00:14:44.156+0000] {dagbag.py:545} INFO - Filling up the DagBag from /opt/airflow/dags/kafka_stream.py
[2025-04-18T00:14:44.170+0000] {processor.py:840} INFO - DAG(s) 'user_automation' retrieved from /opt/airflow/dags/kafka_stream.py
[2025-04-18T00:14:44.192+0000] {logging_mixin.py:188} INFO - [2025-04-18T00:14:44.192+0000] {dag.py:3096} INFO - Sync 1 DAGs
[2025-04-18T00:14:44.208+0000] {logging_mixin.py:188} INFO - [2025-04-18T00:14:44.208+0000] {dag.py:3954} INFO - Setting next_dagrun for user_automation to 2025-04-17 00:00:00+00:00, run_after=2025-04-18 00:00:00+00:00
[2025-04-18T00:14:44.221+0000] {processor.py:183} INFO - Processing /opt/airflow/dags/kafka_stream.py took 0.076 seconds
[2025-04-18T00:15:14.638+0000] {processor.py:161} INFO - Started process (PID=5474) to work on /opt/airflow/dags/kafka_stream.py
[2025-04-18T00:15:14.639+0000] {processor.py:830} INFO - Processing file /opt/airflow/dags/kafka_stream.py for tasks to queue
[2025-04-18T00:15:14.641+0000] {logging_mixin.py:188} INFO - [2025-04-18T00:15:14.641+0000] {dagbag.py:545} INFO - Filling up the DagBag from /opt/airflow/dags/kafka_stream.py
[2025-04-18T00:15:14.656+0000] {processor.py:840} INFO - DAG(s) 'user_automation' retrieved from /opt/airflow/dags/kafka_stream.py
[2025-04-18T00:15:14.677+0000] {logging_mixin.py:188} INFO - [2025-04-18T00:15:14.677+0000] {dag.py:3096} INFO - Sync 1 DAGs
[2025-04-18T00:15:14.693+0000] {logging_mixin.py:188} INFO - [2025-04-18T00:15:14.693+0000] {dag.py:3954} INFO - Setting next_dagrun for user_automation to 2025-04-17 00:00:00+00:00, run_after=2025-04-18 00:00:00+00:00
[2025-04-18T00:15:14.705+0000] {processor.py:183} INFO - Processing /opt/airflow/dags/kafka_stream.py took 0.077 seconds
[2025-04-18T00:15:45.136+0000] {processor.py:161} INFO - Started process (PID=5510) to work on /opt/airflow/dags/kafka_stream.py
[2025-04-18T00:15:45.137+0000] {processor.py:830} INFO - Processing file /opt/airflow/dags/kafka_stream.py for tasks to queue
[2025-04-18T00:15:45.139+0000] {logging_mixin.py:188} INFO - [2025-04-18T00:15:45.139+0000] {dagbag.py:545} INFO - Filling up the DagBag from /opt/airflow/dags/kafka_stream.py
[2025-04-18T00:15:45.152+0000] {processor.py:840} INFO - DAG(s) 'user_automation' retrieved from /opt/airflow/dags/kafka_stream.py
[2025-04-18T00:15:45.173+0000] {logging_mixin.py:188} INFO - [2025-04-18T00:15:45.173+0000] {dag.py:3096} INFO - Sync 1 DAGs
[2025-04-18T00:15:45.190+0000] {logging_mixin.py:188} INFO - [2025-04-18T00:15:45.190+0000] {dag.py:3954} INFO - Setting next_dagrun for user_automation to 2025-04-17 00:00:00+00:00, run_after=2025-04-18 00:00:00+00:00
[2025-04-18T00:15:45.201+0000] {processor.py:183} INFO - Processing /opt/airflow/dags/kafka_stream.py took 0.074 seconds
[2025-04-18T00:16:15.526+0000] {processor.py:161} INFO - Started process (PID=5546) to work on /opt/airflow/dags/kafka_stream.py
[2025-04-18T00:16:15.531+0000] {processor.py:830} INFO - Processing file /opt/airflow/dags/kafka_stream.py for tasks to queue
[2025-04-18T00:16:15.532+0000] {logging_mixin.py:188} INFO - [2025-04-18T00:16:15.532+0000] {dagbag.py:545} INFO - Filling up the DagBag from /opt/airflow/dags/kafka_stream.py
[2025-04-18T00:16:15.541+0000] {processor.py:840} INFO - DAG(s) 'user_automation' retrieved from /opt/airflow/dags/kafka_stream.py
[2025-04-18T00:16:15.561+0000] {logging_mixin.py:188} INFO - [2025-04-18T00:16:15.561+0000] {dag.py:3096} INFO - Sync 1 DAGs
[2025-04-18T00:16:15.577+0000] {logging_mixin.py:188} INFO - [2025-04-18T00:16:15.577+0000] {dag.py:3954} INFO - Setting next_dagrun for user_automation to 2025-04-17 00:00:00+00:00, run_after=2025-04-18 00:00:00+00:00
[2025-04-18T00:16:15.589+0000] {processor.py:183} INFO - Processing /opt/airflow/dags/kafka_stream.py took 0.068 seconds
[2025-04-18T00:16:45.996+0000] {processor.py:161} INFO - Started process (PID=5582) to work on /opt/airflow/dags/kafka_stream.py
[2025-04-18T00:16:46.003+0000] {processor.py:830} INFO - Processing file /opt/airflow/dags/kafka_stream.py for tasks to queue
[2025-04-18T00:16:46.005+0000] {logging_mixin.py:188} INFO - [2025-04-18T00:16:46.005+0000] {dagbag.py:545} INFO - Filling up the DagBag from /opt/airflow/dags/kafka_stream.py
[2025-04-18T00:16:46.019+0000] {processor.py:840} INFO - DAG(s) 'user_automation' retrieved from /opt/airflow/dags/kafka_stream.py
[2025-04-18T00:16:46.042+0000] {logging_mixin.py:188} INFO - [2025-04-18T00:16:46.042+0000] {dag.py:3096} INFO - Sync 1 DAGs
[2025-04-18T00:16:46.059+0000] {logging_mixin.py:188} INFO - [2025-04-18T00:16:46.059+0000] {dag.py:3954} INFO - Setting next_dagrun for user_automation to 2025-04-17 00:00:00+00:00, run_after=2025-04-18 00:00:00+00:00
[2025-04-18T00:16:46.073+0000] {processor.py:183} INFO - Processing /opt/airflow/dags/kafka_stream.py took 0.095 seconds
[2025-04-18T00:17:16.418+0000] {processor.py:161} INFO - Started process (PID=5618) to work on /opt/airflow/dags/kafka_stream.py
[2025-04-18T00:17:16.424+0000] {processor.py:830} INFO - Processing file /opt/airflow/dags/kafka_stream.py for tasks to queue
[2025-04-18T00:17:16.425+0000] {logging_mixin.py:188} INFO - [2025-04-18T00:17:16.425+0000] {dagbag.py:545} INFO - Filling up the DagBag from /opt/airflow/dags/kafka_stream.py
[2025-04-18T00:17:16.435+0000] {processor.py:840} INFO - DAG(s) 'user_automation' retrieved from /opt/airflow/dags/kafka_stream.py
[2025-04-18T00:17:16.455+0000] {logging_mixin.py:188} INFO - [2025-04-18T00:17:16.454+0000] {dag.py:3096} INFO - Sync 1 DAGs
[2025-04-18T00:17:16.472+0000] {logging_mixin.py:188} INFO - [2025-04-18T00:17:16.471+0000] {dag.py:3954} INFO - Setting next_dagrun for user_automation to 2025-04-17 00:00:00+00:00, run_after=2025-04-18 00:00:00+00:00
[2025-04-18T00:17:16.483+0000] {processor.py:183} INFO - Processing /opt/airflow/dags/kafka_stream.py took 0.074 seconds
[2025-04-18T00:17:46.970+0000] {processor.py:161} INFO - Started process (PID=5654) to work on /opt/airflow/dags/kafka_stream.py
[2025-04-18T00:17:46.971+0000] {processor.py:830} INFO - Processing file /opt/airflow/dags/kafka_stream.py for tasks to queue
[2025-04-18T00:17:46.973+0000] {logging_mixin.py:188} INFO - [2025-04-18T00:17:46.973+0000] {dagbag.py:545} INFO - Filling up the DagBag from /opt/airflow/dags/kafka_stream.py
[2025-04-18T00:17:46.987+0000] {processor.py:840} INFO - DAG(s) 'user_automation' retrieved from /opt/airflow/dags/kafka_stream.py
[2025-04-18T00:17:47.008+0000] {logging_mixin.py:188} INFO - [2025-04-18T00:17:47.008+0000] {dag.py:3096} INFO - Sync 1 DAGs
[2025-04-18T00:17:47.025+0000] {logging_mixin.py:188} INFO - [2025-04-18T00:17:47.024+0000] {dag.py:3954} INFO - Setting next_dagrun for user_automation to 2025-04-17 00:00:00+00:00, run_after=2025-04-18 00:00:00+00:00
[2025-04-18T00:17:47.036+0000] {processor.py:183} INFO - Processing /opt/airflow/dags/kafka_stream.py took 0.076 seconds
[2025-04-18T00:18:17.496+0000] {processor.py:161} INFO - Started process (PID=5690) to work on /opt/airflow/dags/kafka_stream.py
[2025-04-18T00:18:17.503+0000] {processor.py:830} INFO - Processing file /opt/airflow/dags/kafka_stream.py for tasks to queue
[2025-04-18T00:18:17.505+0000] {logging_mixin.py:188} INFO - [2025-04-18T00:18:17.505+0000] {dagbag.py:545} INFO - Filling up the DagBag from /opt/airflow/dags/kafka_stream.py
[2025-04-18T00:18:17.520+0000] {processor.py:840} INFO - DAG(s) 'user_automation' retrieved from /opt/airflow/dags/kafka_stream.py
[2025-04-18T00:18:17.542+0000] {logging_mixin.py:188} INFO - [2025-04-18T00:18:17.542+0000] {dag.py:3096} INFO - Sync 1 DAGs
[2025-04-18T00:18:17.558+0000] {logging_mixin.py:188} INFO - [2025-04-18T00:18:17.558+0000] {dag.py:3954} INFO - Setting next_dagrun for user_automation to 2025-04-17 00:00:00+00:00, run_after=2025-04-18 00:00:00+00:00
[2025-04-18T00:18:17.570+0000] {processor.py:183} INFO - Processing /opt/airflow/dags/kafka_stream.py took 0.093 seconds
[2025-04-18T00:18:48.004+0000] {processor.py:161} INFO - Started process (PID=5726) to work on /opt/airflow/dags/kafka_stream.py
[2025-04-18T00:18:48.004+0000] {processor.py:830} INFO - Processing file /opt/airflow/dags/kafka_stream.py for tasks to queue
[2025-04-18T00:18:48.006+0000] {logging_mixin.py:188} INFO - [2025-04-18T00:18:48.005+0000] {dagbag.py:545} INFO - Filling up the DagBag from /opt/airflow/dags/kafka_stream.py
[2025-04-18T00:18:48.015+0000] {processor.py:840} INFO - DAG(s) 'user_automation' retrieved from /opt/airflow/dags/kafka_stream.py
[2025-04-18T00:18:48.043+0000] {logging_mixin.py:188} INFO - [2025-04-18T00:18:48.043+0000] {dag.py:3096} INFO - Sync 1 DAGs
[2025-04-18T00:18:48.062+0000] {logging_mixin.py:188} INFO - [2025-04-18T00:18:48.062+0000] {dag.py:3954} INFO - Setting next_dagrun for user_automation to 2025-04-17 00:00:00+00:00, run_after=2025-04-18 00:00:00+00:00
[2025-04-18T00:18:48.092+0000] {processor.py:183} INFO - Processing /opt/airflow/dags/kafka_stream.py took 0.094 seconds
[2025-04-18T19:50:23.710+0000] {processor.py:161} INFO - Started process (PID=206) to work on /opt/airflow/dags/kafka_stream.py
[2025-04-18T19:50:23.711+0000] {processor.py:830} INFO - Processing file /opt/airflow/dags/kafka_stream.py for tasks to queue
[2025-04-18T19:50:23.712+0000] {logging_mixin.py:188} INFO - [2025-04-18T19:50:23.711+0000] {dagbag.py:545} INFO - Filling up the DagBag from /opt/airflow/dags/kafka_stream.py
[2025-04-18T19:50:23.720+0000] {processor.py:840} INFO - DAG(s) 'user_automation' retrieved from /opt/airflow/dags/kafka_stream.py
[2025-04-18T19:50:23.728+0000] {logging_mixin.py:188} INFO - [2025-04-18T19:50:23.728+0000] {dag.py:3096} INFO - Sync 1 DAGs
[2025-04-18T19:50:23.746+0000] {logging_mixin.py:188} INFO - [2025-04-18T19:50:23.746+0000] {dag.py:3954} INFO - Setting next_dagrun for user_automation to 2025-04-17 00:00:00+00:00, run_after=2025-04-18 00:00:00+00:00
[2025-04-18T19:50:23.761+0000] {processor.py:183} INFO - Processing /opt/airflow/dags/kafka_stream.py took 0.056 seconds
[2025-04-18T19:50:54.095+0000] {processor.py:161} INFO - Started process (PID=242) to work on /opt/airflow/dags/kafka_stream.py
[2025-04-18T19:50:54.096+0000] {processor.py:830} INFO - Processing file /opt/airflow/dags/kafka_stream.py for tasks to queue
[2025-04-18T19:50:54.097+0000] {logging_mixin.py:188} INFO - [2025-04-18T19:50:54.096+0000] {dagbag.py:545} INFO - Filling up the DagBag from /opt/airflow/dags/kafka_stream.py
[2025-04-18T19:50:54.104+0000] {processor.py:840} INFO - DAG(s) 'user_automation' retrieved from /opt/airflow/dags/kafka_stream.py
[2025-04-18T19:50:54.113+0000] {logging_mixin.py:188} INFO - [2025-04-18T19:50:54.113+0000] {dag.py:3096} INFO - Sync 1 DAGs
[2025-04-18T19:50:54.129+0000] {logging_mixin.py:188} INFO - [2025-04-18T19:50:54.129+0000] {dag.py:3954} INFO - Setting next_dagrun for user_automation to 2025-04-17 00:00:00+00:00, run_after=2025-04-18 00:00:00+00:00
[2025-04-18T19:50:54.142+0000] {processor.py:183} INFO - Processing /opt/airflow/dags/kafka_stream.py took 0.052 seconds
[2025-04-18T19:51:24.688+0000] {processor.py:161} INFO - Started process (PID=278) to work on /opt/airflow/dags/kafka_stream.py
[2025-04-18T19:51:24.689+0000] {processor.py:830} INFO - Processing file /opt/airflow/dags/kafka_stream.py for tasks to queue
[2025-04-18T19:51:24.690+0000] {logging_mixin.py:188} INFO - [2025-04-18T19:51:24.690+0000] {dagbag.py:545} INFO - Filling up the DagBag from /opt/airflow/dags/kafka_stream.py
[2025-04-18T19:51:24.698+0000] {processor.py:840} INFO - DAG(s) 'user_automation' retrieved from /opt/airflow/dags/kafka_stream.py
[2025-04-18T19:51:24.780+0000] {logging_mixin.py:188} INFO - [2025-04-18T19:51:24.780+0000] {dag.py:3096} INFO - Sync 1 DAGs
[2025-04-18T19:51:24.794+0000] {logging_mixin.py:188} INFO - [2025-04-18T19:51:24.794+0000] {dag.py:3954} INFO - Setting next_dagrun for user_automation to 2025-04-17 00:00:00+00:00, run_after=2025-04-18 00:00:00+00:00
[2025-04-18T19:51:24.812+0000] {processor.py:183} INFO - Processing /opt/airflow/dags/kafka_stream.py took 0.129 seconds
[2025-04-18T19:51:55.300+0000] {processor.py:161} INFO - Started process (PID=314) to work on /opt/airflow/dags/kafka_stream.py
[2025-04-18T19:51:55.300+0000] {processor.py:830} INFO - Processing file /opt/airflow/dags/kafka_stream.py for tasks to queue
[2025-04-18T19:51:55.301+0000] {logging_mixin.py:188} INFO - [2025-04-18T19:51:55.301+0000] {dagbag.py:545} INFO - Filling up the DagBag from /opt/airflow/dags/kafka_stream.py
[2025-04-18T19:51:55.310+0000] {processor.py:840} INFO - DAG(s) 'user_automation' retrieved from /opt/airflow/dags/kafka_stream.py
[2025-04-18T19:51:55.330+0000] {logging_mixin.py:188} INFO - [2025-04-18T19:51:55.329+0000] {dag.py:3096} INFO - Sync 1 DAGs
[2025-04-18T19:51:55.346+0000] {logging_mixin.py:188} INFO - [2025-04-18T19:51:55.345+0000] {dag.py:3954} INFO - Setting next_dagrun for user_automation to 2025-04-17 00:00:00+00:00, run_after=2025-04-18 00:00:00+00:00
[2025-04-18T19:51:55.359+0000] {processor.py:183} INFO - Processing /opt/airflow/dags/kafka_stream.py took 0.065 seconds
[2025-04-18T19:52:25.989+0000] {processor.py:161} INFO - Started process (PID=350) to work on /opt/airflow/dags/kafka_stream.py
[2025-04-18T19:52:25.992+0000] {processor.py:830} INFO - Processing file /opt/airflow/dags/kafka_stream.py for tasks to queue
[2025-04-18T19:52:25.999+0000] {logging_mixin.py:188} INFO - [2025-04-18T19:52:25.997+0000] {dagbag.py:545} INFO - Filling up the DagBag from /opt/airflow/dags/kafka_stream.py
[2025-04-18T19:52:26.037+0000] {processor.py:840} INFO - DAG(s) 'user_automation' retrieved from /opt/airflow/dags/kafka_stream.py
[2025-04-18T19:52:26.128+0000] {logging_mixin.py:188} INFO - [2025-04-18T19:52:26.127+0000] {dag.py:3096} INFO - Sync 1 DAGs
[2025-04-18T19:52:26.174+0000] {logging_mixin.py:188} INFO - [2025-04-18T19:52:26.174+0000] {dag.py:3954} INFO - Setting next_dagrun for user_automation to 2025-04-17 00:00:00+00:00, run_after=2025-04-18 00:00:00+00:00
[2025-04-18T19:52:26.188+0000] {processor.py:183} INFO - Processing /opt/airflow/dags/kafka_stream.py took 0.224 seconds
[2025-04-18T19:52:56.550+0000] {processor.py:161} INFO - Started process (PID=386) to work on /opt/airflow/dags/kafka_stream.py
[2025-04-18T19:52:56.551+0000] {processor.py:830} INFO - Processing file /opt/airflow/dags/kafka_stream.py for tasks to queue
[2025-04-18T19:52:56.552+0000] {logging_mixin.py:188} INFO - [2025-04-18T19:52:56.552+0000] {dagbag.py:545} INFO - Filling up the DagBag from /opt/airflow/dags/kafka_stream.py
[2025-04-18T19:52:56.560+0000] {processor.py:840} INFO - DAG(s) 'user_automation' retrieved from /opt/airflow/dags/kafka_stream.py
[2025-04-18T19:52:56.580+0000] {logging_mixin.py:188} INFO - [2025-04-18T19:52:56.580+0000] {dag.py:3096} INFO - Sync 1 DAGs
[2025-04-18T19:52:56.596+0000] {logging_mixin.py:188} INFO - [2025-04-18T19:52:56.596+0000] {dag.py:3954} INFO - Setting next_dagrun for user_automation to 2025-04-17 00:00:00+00:00, run_after=2025-04-18 00:00:00+00:00
[2025-04-18T19:52:56.610+0000] {processor.py:183} INFO - Processing /opt/airflow/dags/kafka_stream.py took 0.065 seconds
[2025-04-18T19:53:27.055+0000] {processor.py:161} INFO - Started process (PID=422) to work on /opt/airflow/dags/kafka_stream.py
[2025-04-18T19:53:27.057+0000] {processor.py:830} INFO - Processing file /opt/airflow/dags/kafka_stream.py for tasks to queue
[2025-04-18T19:53:27.059+0000] {logging_mixin.py:188} INFO - [2025-04-18T19:53:27.058+0000] {dagbag.py:545} INFO - Filling up the DagBag from /opt/airflow/dags/kafka_stream.py
[2025-04-18T19:53:27.076+0000] {processor.py:840} INFO - DAG(s) 'user_automation' retrieved from /opt/airflow/dags/kafka_stream.py
[2025-04-18T19:53:27.112+0000] {logging_mixin.py:188} INFO - [2025-04-18T19:53:27.112+0000] {dag.py:3096} INFO - Sync 1 DAGs
[2025-04-18T19:53:27.151+0000] {logging_mixin.py:188} INFO - [2025-04-18T19:53:27.151+0000] {dag.py:3954} INFO - Setting next_dagrun for user_automation to 2025-04-17 00:00:00+00:00, run_after=2025-04-18 00:00:00+00:00
[2025-04-18T19:53:27.186+0000] {processor.py:183} INFO - Processing /opt/airflow/dags/kafka_stream.py took 0.142 seconds
[2025-04-18T19:53:57.647+0000] {processor.py:161} INFO - Started process (PID=458) to work on /opt/airflow/dags/kafka_stream.py
[2025-04-18T19:53:57.648+0000] {processor.py:830} INFO - Processing file /opt/airflow/dags/kafka_stream.py for tasks to queue
[2025-04-18T19:53:57.649+0000] {logging_mixin.py:188} INFO - [2025-04-18T19:53:57.649+0000] {dagbag.py:545} INFO - Filling up the DagBag from /opt/airflow/dags/kafka_stream.py
[2025-04-18T19:53:57.657+0000] {processor.py:840} INFO - DAG(s) 'user_automation' retrieved from /opt/airflow/dags/kafka_stream.py
[2025-04-18T19:53:57.677+0000] {logging_mixin.py:188} INFO - [2025-04-18T19:53:57.677+0000] {dag.py:3096} INFO - Sync 1 DAGs
[2025-04-18T19:53:57.694+0000] {logging_mixin.py:188} INFO - [2025-04-18T19:53:57.693+0000] {dag.py:3954} INFO - Setting next_dagrun for user_automation to 2025-04-17 00:00:00+00:00, run_after=2025-04-18 00:00:00+00:00
[2025-04-18T19:53:57.707+0000] {processor.py:183} INFO - Processing /opt/airflow/dags/kafka_stream.py took 0.065 seconds
[2025-04-18T19:54:28.089+0000] {processor.py:161} INFO - Started process (PID=494) to work on /opt/airflow/dags/kafka_stream.py
[2025-04-18T19:54:28.090+0000] {processor.py:830} INFO - Processing file /opt/airflow/dags/kafka_stream.py for tasks to queue
[2025-04-18T19:54:28.091+0000] {logging_mixin.py:188} INFO - [2025-04-18T19:54:28.091+0000] {dagbag.py:545} INFO - Filling up the DagBag from /opt/airflow/dags/kafka_stream.py
[2025-04-18T19:54:28.099+0000] {processor.py:840} INFO - DAG(s) 'user_automation' retrieved from /opt/airflow/dags/kafka_stream.py
[2025-04-18T19:54:28.120+0000] {logging_mixin.py:188} INFO - [2025-04-18T19:54:28.119+0000] {dag.py:3096} INFO - Sync 1 DAGs
[2025-04-18T19:54:28.135+0000] {logging_mixin.py:188} INFO - [2025-04-18T19:54:28.135+0000] {dag.py:3954} INFO - Setting next_dagrun for user_automation to 2025-04-17 00:00:00+00:00, run_after=2025-04-18 00:00:00+00:00
[2025-04-18T19:54:28.148+0000] {processor.py:183} INFO - Processing /opt/airflow/dags/kafka_stream.py took 0.063 seconds
[2025-04-18T19:54:58.535+0000] {processor.py:161} INFO - Started process (PID=536) to work on /opt/airflow/dags/kafka_stream.py
[2025-04-18T19:54:58.536+0000] {processor.py:830} INFO - Processing file /opt/airflow/dags/kafka_stream.py for tasks to queue
[2025-04-18T19:54:58.537+0000] {logging_mixin.py:188} INFO - [2025-04-18T19:54:58.537+0000] {dagbag.py:545} INFO - Filling up the DagBag from /opt/airflow/dags/kafka_stream.py
[2025-04-18T19:54:58.545+0000] {processor.py:840} INFO - DAG(s) 'user_automation' retrieved from /opt/airflow/dags/kafka_stream.py
[2025-04-18T19:54:58.565+0000] {logging_mixin.py:188} INFO - [2025-04-18T19:54:58.564+0000] {dag.py:3096} INFO - Sync 1 DAGs
[2025-04-18T19:54:58.580+0000] {logging_mixin.py:188} INFO - [2025-04-18T19:54:58.580+0000] {dag.py:3954} INFO - Setting next_dagrun for user_automation to 2025-04-17 00:00:00+00:00, run_after=2025-04-18 00:00:00+00:00
[2025-04-18T19:54:58.593+0000] {processor.py:183} INFO - Processing /opt/airflow/dags/kafka_stream.py took 0.062 seconds
[2025-04-18T19:55:28.989+0000] {processor.py:161} INFO - Started process (PID=572) to work on /opt/airflow/dags/kafka_stream.py
[2025-04-18T19:55:28.990+0000] {processor.py:830} INFO - Processing file /opt/airflow/dags/kafka_stream.py for tasks to queue
[2025-04-18T19:55:28.991+0000] {logging_mixin.py:188} INFO - [2025-04-18T19:55:28.991+0000] {dagbag.py:545} INFO - Filling up the DagBag from /opt/airflow/dags/kafka_stream.py
[2025-04-18T19:55:28.999+0000] {processor.py:840} INFO - DAG(s) 'user_automation' retrieved from /opt/airflow/dags/kafka_stream.py
[2025-04-18T19:55:29.018+0000] {logging_mixin.py:188} INFO - [2025-04-18T19:55:29.018+0000] {dag.py:3096} INFO - Sync 1 DAGs
[2025-04-18T19:55:29.034+0000] {logging_mixin.py:188} INFO - [2025-04-18T19:55:29.034+0000] {dag.py:3954} INFO - Setting next_dagrun for user_automation to 2025-04-17 00:00:00+00:00, run_after=2025-04-18 00:00:00+00:00
[2025-04-18T19:55:29.046+0000] {processor.py:183} INFO - Processing /opt/airflow/dags/kafka_stream.py took 0.062 seconds
[2025-04-18T19:55:59.481+0000] {processor.py:161} INFO - Started process (PID=608) to work on /opt/airflow/dags/kafka_stream.py
[2025-04-18T19:55:59.482+0000] {processor.py:830} INFO - Processing file /opt/airflow/dags/kafka_stream.py for tasks to queue
[2025-04-18T19:55:59.483+0000] {logging_mixin.py:188} INFO - [2025-04-18T19:55:59.483+0000] {dagbag.py:545} INFO - Filling up the DagBag from /opt/airflow/dags/kafka_stream.py
[2025-04-18T19:55:59.491+0000] {processor.py:840} INFO - DAG(s) 'user_automation' retrieved from /opt/airflow/dags/kafka_stream.py
[2025-04-18T19:55:59.511+0000] {logging_mixin.py:188} INFO - [2025-04-18T19:55:59.511+0000] {dag.py:3096} INFO - Sync 1 DAGs
[2025-04-18T19:55:59.528+0000] {logging_mixin.py:188} INFO - [2025-04-18T19:55:59.528+0000] {dag.py:3954} INFO - Setting next_dagrun for user_automation to 2025-04-17 00:00:00+00:00, run_after=2025-04-18 00:00:00+00:00
[2025-04-18T19:55:59.541+0000] {processor.py:183} INFO - Processing /opt/airflow/dags/kafka_stream.py took 0.065 seconds
[2025-04-18T19:56:29.940+0000] {processor.py:161} INFO - Started process (PID=644) to work on /opt/airflow/dags/kafka_stream.py
[2025-04-18T19:56:29.941+0000] {processor.py:830} INFO - Processing file /opt/airflow/dags/kafka_stream.py for tasks to queue
[2025-04-18T19:56:29.942+0000] {logging_mixin.py:188} INFO - [2025-04-18T19:56:29.942+0000] {dagbag.py:545} INFO - Filling up the DagBag from /opt/airflow/dags/kafka_stream.py
[2025-04-18T19:56:29.950+0000] {processor.py:840} INFO - DAG(s) 'user_automation' retrieved from /opt/airflow/dags/kafka_stream.py
[2025-04-18T19:56:29.972+0000] {logging_mixin.py:188} INFO - [2025-04-18T19:56:29.971+0000] {dag.py:3096} INFO - Sync 1 DAGs
[2025-04-18T19:56:29.988+0000] {logging_mixin.py:188} INFO - [2025-04-18T19:56:29.987+0000] {dag.py:3954} INFO - Setting next_dagrun for user_automation to 2025-04-17 00:00:00+00:00, run_after=2025-04-18 00:00:00+00:00
[2025-04-18T19:56:29.999+0000] {processor.py:183} INFO - Processing /opt/airflow/dags/kafka_stream.py took 0.064 seconds
[2025-04-18T19:57:00.398+0000] {processor.py:161} INFO - Started process (PID=680) to work on /opt/airflow/dags/kafka_stream.py
[2025-04-18T19:57:00.399+0000] {processor.py:830} INFO - Processing file /opt/airflow/dags/kafka_stream.py for tasks to queue
[2025-04-18T19:57:00.400+0000] {logging_mixin.py:188} INFO - [2025-04-18T19:57:00.400+0000] {dagbag.py:545} INFO - Filling up the DagBag from /opt/airflow/dags/kafka_stream.py
[2025-04-18T19:57:00.409+0000] {processor.py:840} INFO - DAG(s) 'user_automation' retrieved from /opt/airflow/dags/kafka_stream.py
[2025-04-18T19:57:00.431+0000] {logging_mixin.py:188} INFO - [2025-04-18T19:57:00.430+0000] {dag.py:3096} INFO - Sync 1 DAGs
[2025-04-18T19:57:00.448+0000] {logging_mixin.py:188} INFO - [2025-04-18T19:57:00.448+0000] {dag.py:3954} INFO - Setting next_dagrun for user_automation to 2025-04-17 00:00:00+00:00, run_after=2025-04-18 00:00:00+00:00
[2025-04-18T19:57:00.483+0000] {processor.py:183} INFO - Processing /opt/airflow/dags/kafka_stream.py took 0.090 seconds
