[2025-04-17T21:17:15.983+0000] {local_task_job_runner.py:120} INFO - ::group::Pre task execution logs
[2025-04-17T21:17:16.019+0000] {taskinstance.py:2076} INFO - Dependencies all met for dep_context=non-requeueable deps ti=<TaskInstance: iot_data_pipeline.run_iot_producer_script manual__2025-04-17T21:17:15.335976+00:00 [queued]>
[2025-04-17T21:17:16.033+0000] {taskinstance.py:2076} INFO - Dependencies all met for dep_context=requeueable deps ti=<TaskInstance: iot_data_pipeline.run_iot_producer_script manual__2025-04-17T21:17:15.335976+00:00 [queued]>
[2025-04-17T21:17:16.033+0000] {taskinstance.py:2306} INFO - Starting attempt 1 of 2
[2025-04-17T21:17:16.058+0000] {taskinstance.py:2330} INFO - Executing <Task(BashOperator): run_iot_producer_script> on 2025-04-17 21:17:15.335976+00:00
[2025-04-17T21:17:16.075+0000] {standard_task_runner.py:63} INFO - Started process 4576 to run task
[2025-04-17T21:17:16.081+0000] {standard_task_runner.py:90} INFO - Running: ['***', 'tasks', 'run', 'iot_data_pipeline', 'run_iot_producer_script', 'manual__2025-04-17T21:17:15.335976+00:00', '--job-id', '23', '--raw', '--subdir', 'DAGS_FOLDER/iot_data_dag.py', '--cfg-path', '/tmp/tmpmmwcbe0t']
[2025-04-17T21:17:16.083+0000] {standard_task_runner.py:91} INFO - Job 23: Subtask run_iot_producer_script
[2025-04-17T21:17:16.184+0000] {task_command.py:426} INFO - Running <TaskInstance: iot_data_pipeline.run_iot_producer_script manual__2025-04-17T21:17:15.335976+00:00 [running]> on host e4d9865e557d
[2025-04-17T21:17:16.370+0000] {taskinstance.py:2648} INFO - Exporting env vars: AIRFLOW_CTX_DAG_OWNER='***' AIRFLOW_CTX_DAG_ID='iot_data_pipeline' AIRFLOW_CTX_TASK_ID='run_iot_producer_script' AIRFLOW_CTX_EXECUTION_DATE='2025-04-17T21:17:15.335976+00:00' AIRFLOW_CTX_TRY_NUMBER='1' AIRFLOW_CTX_DAG_RUN_ID='manual__2025-04-17T21:17:15.335976+00:00'
[2025-04-17T21:17:16.373+0000] {taskinstance.py:430} INFO - ::endgroup::
[2025-04-17T21:17:16.410+0000] {subprocess.py:63} INFO - Tmp dir root location: /tmp
[2025-04-17T21:17:16.412+0000] {subprocess.py:75} INFO - Running command: ['/usr/bin/bash', '-c', 'python3 /opt/***/dags/script/iot_data_producer.py']
[2025-04-17T21:17:16.430+0000] {subprocess.py:86} INFO - Output:
[2025-04-17T21:17:17.346+0000] {subprocess.py:93} INFO - [2025-04-17T21:17:17.346060+00:00] Donnée envoyée et stockée : {'machine_id': 'IOT-MACH-DK-100', 'timestamp': '2025-04-17T21:17:17.338165+00:00', 'region': 'DK', 'season': 'saison_seche', 'temperature': 29.52, 'humidity': 71.59, 'soil_moisture': 30.25, 'vibration': 2.62, 'pressure': 1.73, 'latitude': 14.7167, 'longitude': -17.4677}
[2025-04-17T21:17:17.789+0000] {subprocess.py:97} INFO - Command exited with return code 0
[2025-04-17T21:17:17.792+0000] {taskinstance.py:441} INFO - ::group::Post task execution logs
[2025-04-17T21:17:17.861+0000] {taskinstance.py:1206} INFO - Marking task as SUCCESS. dag_id=iot_data_pipeline, task_id=run_iot_producer_script, run_id=manual__2025-04-17T21:17:15.335976+00:00, execution_date=20250417T211715, start_date=20250417T211716, end_date=20250417T211717
[2025-04-17T21:17:17.902+0000] {local_task_job_runner.py:240} INFO - Task exited with return code 0
[2025-04-17T21:17:17.926+0000] {taskinstance.py:3503} INFO - 0 downstream tasks scheduled from follow-on schedule check
[2025-04-17T21:17:17.928+0000] {local_task_job_runner.py:222} INFO - ::endgroup::
