[2025-04-15T22:40:01.090+0000] {local_task_job_runner.py:120} INFO - ::group::Pre task execution logs
[2025-04-15T22:40:01.119+0000] {taskinstance.py:2076} INFO - Dependencies all met for dep_context=non-requeueable deps ti=<TaskInstance: iot_data_pipeline.run_iot_producer_script scheduled__2025-04-15T22:35:00+00:00 [queued]>
[2025-04-15T22:40:01.125+0000] {taskinstance.py:2076} INFO - Dependencies all met for dep_context=requeueable deps ti=<TaskInstance: iot_data_pipeline.run_iot_producer_script scheduled__2025-04-15T22:35:00+00:00 [queued]>
[2025-04-15T22:40:01.125+0000] {taskinstance.py:2306} INFO - Starting attempt 1 of 2
[2025-04-15T22:40:01.134+0000] {taskinstance.py:2330} INFO - Executing <Task(BashOperator): run_iot_producer_script> on 2025-04-15 22:35:00+00:00
[2025-04-15T22:40:01.138+0000] {standard_task_runner.py:63} INFO - Started process 4736 to run task
[2025-04-15T22:40:01.141+0000] {standard_task_runner.py:90} INFO - Running: ['***', 'tasks', 'run', 'iot_data_pipeline', 'run_iot_producer_script', 'scheduled__2025-04-15T22:35:00+00:00', '--job-id', '16', '--raw', '--subdir', 'DAGS_FOLDER/iot_data_dag.py', '--cfg-path', '/tmp/tmpk3qh2hl4']
[2025-04-15T22:40:01.142+0000] {standard_task_runner.py:91} INFO - Job 16: Subtask run_iot_producer_script
[2025-04-15T22:40:01.179+0000] {task_command.py:426} INFO - Running <TaskInstance: iot_data_pipeline.run_iot_producer_script scheduled__2025-04-15T22:35:00+00:00 [running]> on host 5093da77a75c
[2025-04-15T22:40:01.241+0000] {taskinstance.py:2648} INFO - Exporting env vars: AIRFLOW_CTX_DAG_OWNER='***' AIRFLOW_CTX_DAG_ID='iot_data_pipeline' AIRFLOW_CTX_TASK_ID='run_iot_producer_script' AIRFLOW_CTX_EXECUTION_DATE='2025-04-15T22:35:00+00:00' AIRFLOW_CTX_TRY_NUMBER='1' AIRFLOW_CTX_DAG_RUN_ID='scheduled__2025-04-15T22:35:00+00:00'
[2025-04-15T22:40:01.241+0000] {taskinstance.py:430} INFO - ::endgroup::
[2025-04-15T22:40:01.253+0000] {subprocess.py:63} INFO - Tmp dir root location: /tmp
[2025-04-15T22:40:01.253+0000] {subprocess.py:75} INFO - Running command: ['/usr/bin/bash', '-c', 'python3 /opt/***/dags/script/iot_data_producer.py']
[2025-04-15T22:40:01.264+0000] {subprocess.py:86} INFO - Output:
[2025-04-15T22:40:01.938+0000] {subprocess.py:93} INFO - [2025-04-15T22:40:01.937661+00:00] Donnée envoyée et stockée : {'machine_id': 'IOT-MACH-ZG-52', 'timestamp': '2025-04-15T22:40:01.928687+00:00', 'region': 'ZG', 'season': 'saison_seche', 'temperature': 28.51, 'humidity': 78.9, 'soil_moisture': 45.97, 'vibration': 2.27, 'pressure': 2.25, 'latitude': 12.5833, 'longitude': -16.2667}
[2025-04-15T22:40:02.001+0000] {subprocess.py:97} INFO - Command exited with return code 0
[2025-04-15T22:40:02.002+0000] {taskinstance.py:441} INFO - ::group::Post task execution logs
[2025-04-15T22:40:02.021+0000] {taskinstance.py:1206} INFO - Marking task as SUCCESS. dag_id=iot_data_pipeline, task_id=run_iot_producer_script, run_id=scheduled__2025-04-15T22:35:00+00:00, execution_date=20250415T223500, start_date=20250415T224001, end_date=20250415T224002
[2025-04-15T22:40:02.034+0000] {local_task_job_runner.py:240} INFO - Task exited with return code 0
[2025-04-15T22:40:02.049+0000] {taskinstance.py:3503} INFO - 0 downstream tasks scheduled from follow-on schedule check
[2025-04-15T22:40:02.050+0000] {local_task_job_runner.py:222} INFO - ::endgroup::
