[2025-04-14T22:00:00.582+0000] {local_task_job_runner.py:120} INFO - ::group::Pre task execution logs
[2025-04-14T22:00:00.612+0000] {taskinstance.py:2076} INFO - Dependencies all met for dep_context=non-requeueable deps ti=<TaskInstance: iot_data_pipeline.run_iot_producer_script scheduled__2025-04-14T21:55:00+00:00 [queued]>
[2025-04-14T22:00:00.619+0000] {taskinstance.py:2076} INFO - Dependencies all met for dep_context=requeueable deps ti=<TaskInstance: iot_data_pipeline.run_iot_producer_script scheduled__2025-04-14T21:55:00+00:00 [queued]>
[2025-04-14T22:00:00.619+0000] {taskinstance.py:2306} INFO - Starting attempt 1 of 2
[2025-04-14T22:00:00.630+0000] {taskinstance.py:2330} INFO - Executing <Task(BashOperator): run_iot_producer_script> on 2025-04-14 21:55:00+00:00
[2025-04-14T22:00:00.635+0000] {standard_task_runner.py:63} INFO - Started process 2992 to run task
[2025-04-14T22:00:00.638+0000] {standard_task_runner.py:90} INFO - Running: ['***', 'tasks', 'run', 'iot_data_pipeline', 'run_iot_producer_script', 'scheduled__2025-04-14T21:55:00+00:00', '--job-id', '75', '--raw', '--subdir', 'DAGS_FOLDER/iot_data_dag.py', '--cfg-path', '/tmp/tmpsxmi50o1']
[2025-04-14T22:00:00.640+0000] {standard_task_runner.py:91} INFO - Job 75: Subtask run_iot_producer_script
[2025-04-14T22:00:00.678+0000] {task_command.py:426} INFO - Running <TaskInstance: iot_data_pipeline.run_iot_producer_script scheduled__2025-04-14T21:55:00+00:00 [running]> on host aef507eba48f
[2025-04-14T22:00:00.749+0000] {taskinstance.py:2648} INFO - Exporting env vars: AIRFLOW_CTX_DAG_OWNER='***' AIRFLOW_CTX_DAG_ID='iot_data_pipeline' AIRFLOW_CTX_TASK_ID='run_iot_producer_script' AIRFLOW_CTX_EXECUTION_DATE='2025-04-14T21:55:00+00:00' AIRFLOW_CTX_TRY_NUMBER='1' AIRFLOW_CTX_DAG_RUN_ID='scheduled__2025-04-14T21:55:00+00:00'
[2025-04-14T22:00:00.750+0000] {taskinstance.py:430} INFO - ::endgroup::
[2025-04-14T22:00:00.761+0000] {subprocess.py:63} INFO - Tmp dir root location: /tmp
[2025-04-14T22:00:00.762+0000] {subprocess.py:75} INFO - Running command: ['/usr/bin/bash', '-c', 'python3 /opt/***/dags/script/iot_data_producer.py']
[2025-04-14T22:00:00.770+0000] {subprocess.py:86} INFO - Output:
[2025-04-14T22:00:01.405+0000] {subprocess.py:93} INFO - [2025-04-14T22:00:01.404800+00:00] Donnée envoyée et stockée : {'machine_id': 'IOT-MACH-TB-83', 'timestamp': '2025-04-14T22:00:01.402376+00:00', 'region': 'TB', 'season': 'saison_seche', 'temperature': 36.31, 'humidity': 21.48, 'soil_moisture': 30.72, 'vibration': 4.6, 'pressure': 1.47, 'latitude': 15.3833, 'longitude': -15.5}
[2025-04-14T22:00:01.447+0000] {subprocess.py:97} INFO - Command exited with return code 0
[2025-04-14T22:00:01.448+0000] {taskinstance.py:441} INFO - ::group::Post task execution logs
[2025-04-14T22:00:01.468+0000] {taskinstance.py:1206} INFO - Marking task as SUCCESS. dag_id=iot_data_pipeline, task_id=run_iot_producer_script, run_id=scheduled__2025-04-14T21:55:00+00:00, execution_date=20250414T215500, start_date=20250414T220000, end_date=20250414T220001
[2025-04-14T22:00:01.491+0000] {local_task_job_runner.py:240} INFO - Task exited with return code 0
[2025-04-14T22:00:01.509+0000] {taskinstance.py:3503} INFO - 0 downstream tasks scheduled from follow-on schedule check
[2025-04-14T22:00:01.510+0000] {local_task_job_runner.py:222} INFO - ::endgroup::
