[2025-04-16T19:25:18.495+0000] {local_task_job_runner.py:120} INFO - ::group::Pre task execution logs
[2025-04-16T19:25:18.516+0000] {taskinstance.py:2076} INFO - Dependencies all met for dep_context=non-requeueable deps ti=<TaskInstance: iot_data_pipeline.run_iot_producer_script scheduled__2025-04-16T19:15:00+00:00 [queued]>
[2025-04-16T19:25:18.521+0000] {taskinstance.py:2076} INFO - Dependencies all met for dep_context=requeueable deps ti=<TaskInstance: iot_data_pipeline.run_iot_producer_script scheduled__2025-04-16T19:15:00+00:00 [queued]>
[2025-04-16T19:25:18.521+0000] {taskinstance.py:2306} INFO - Starting attempt 2 of 2
[2025-04-16T19:25:18.530+0000] {taskinstance.py:2330} INFO - Executing <Task(BashOperator): run_iot_producer_script> on 2025-04-16 19:15:00+00:00
[2025-04-16T19:25:18.533+0000] {standard_task_runner.py:63} INFO - Started process 1496 to run task
[2025-04-16T19:25:18.536+0000] {standard_task_runner.py:90} INFO - Running: ['***', 'tasks', 'run', 'iot_data_pipeline', 'run_iot_producer_script', 'scheduled__2025-04-16T19:15:00+00:00', '--job-id', '39', '--raw', '--subdir', 'DAGS_FOLDER/iot_data_dag.py', '--cfg-path', '/tmp/tmp8vqv4m0h']
[2025-04-16T19:25:18.537+0000] {standard_task_runner.py:91} INFO - Job 39: Subtask run_iot_producer_script
[2025-04-16T19:25:18.570+0000] {task_command.py:426} INFO - Running <TaskInstance: iot_data_pipeline.run_iot_producer_script scheduled__2025-04-16T19:15:00+00:00 [running]> on host 5093da77a75c
[2025-04-16T19:25:18.627+0000] {taskinstance.py:2648} INFO - Exporting env vars: AIRFLOW_CTX_DAG_OWNER='***' AIRFLOW_CTX_DAG_ID='iot_data_pipeline' AIRFLOW_CTX_TASK_ID='run_iot_producer_script' AIRFLOW_CTX_EXECUTION_DATE='2025-04-16T19:15:00+00:00' AIRFLOW_CTX_TRY_NUMBER='2' AIRFLOW_CTX_DAG_RUN_ID='scheduled__2025-04-16T19:15:00+00:00'
[2025-04-16T19:25:18.627+0000] {taskinstance.py:430} INFO - ::endgroup::
[2025-04-16T19:25:18.637+0000] {subprocess.py:63} INFO - Tmp dir root location: /tmp
[2025-04-16T19:25:18.637+0000] {subprocess.py:75} INFO - Running command: ['/usr/bin/bash', '-c', 'python3 /opt/***/dags/script/iot_data_producer.py']
[2025-04-16T19:25:18.647+0000] {subprocess.py:86} INFO - Output:
[2025-04-16T19:25:19.245+0000] {subprocess.py:93} INFO - [2025-04-16T19:25:19.244965+00:00] Donnée envoyée et stockée : {'machine_id': 'IOT-MACH-TB-82', 'timestamp': '2025-04-16T19:25:19.237770+00:00', 'region': 'TB', 'season': 'saison_seche', 'temperature': 36.04, 'humidity': 23.76, 'soil_moisture': 46.94, 'vibration': 2.59, 'pressure': 1.31, 'latitude': 15.3833, 'longitude': -15.5}
[2025-04-16T19:25:19.305+0000] {subprocess.py:97} INFO - Command exited with return code 0
[2025-04-16T19:25:19.305+0000] {taskinstance.py:441} INFO - ::group::Post task execution logs
[2025-04-16T19:25:19.322+0000] {taskinstance.py:1206} INFO - Marking task as SUCCESS. dag_id=iot_data_pipeline, task_id=run_iot_producer_script, run_id=scheduled__2025-04-16T19:15:00+00:00, execution_date=20250416T191500, start_date=20250416T192518, end_date=20250416T192519
[2025-04-16T19:25:19.349+0000] {local_task_job_runner.py:240} INFO - Task exited with return code 0
[2025-04-16T19:25:19.367+0000] {taskinstance.py:3503} INFO - 0 downstream tasks scheduled from follow-on schedule check
[2025-04-16T19:25:19.368+0000] {local_task_job_runner.py:222} INFO - ::endgroup::
