[2025-04-19T01:05:01.215+0000] {local_task_job_runner.py:120} INFO - ::group::Pre task execution logs
[2025-04-19T01:05:01.237+0000] {taskinstance.py:2076} INFO - Dependencies all met for dep_context=non-requeueable deps ti=<TaskInstance: iot_data_pipeline.run_iot_producer_script scheduled__2025-04-19T01:00:00+00:00 [queued]>
[2025-04-19T01:05:01.242+0000] {taskinstance.py:2076} INFO - Dependencies all met for dep_context=requeueable deps ti=<TaskInstance: iot_data_pipeline.run_iot_producer_script scheduled__2025-04-19T01:00:00+00:00 [queued]>
[2025-04-19T01:05:01.243+0000] {taskinstance.py:2306} INFO - Starting attempt 1 of 2
[2025-04-19T01:05:01.251+0000] {taskinstance.py:2330} INFO - Executing <Task(BashOperator): run_iot_producer_script> on 2025-04-19 01:00:00+00:00
[2025-04-19T01:05:01.255+0000] {standard_task_runner.py:63} INFO - Started process 22608 to run task
[2025-04-19T01:05:01.258+0000] {standard_task_runner.py:90} INFO - Running: ['***', 'tasks', 'run', 'iot_data_pipeline', 'run_iot_producer_script', 'scheduled__2025-04-19T01:00:00+00:00', '--job-id', '46', '--raw', '--subdir', 'DAGS_FOLDER/iot_data_dag.py', '--cfg-path', '/tmp/tmp3or0b4ff']
[2025-04-19T01:05:01.259+0000] {standard_task_runner.py:91} INFO - Job 46: Subtask run_iot_producer_script
[2025-04-19T01:05:01.291+0000] {task_command.py:426} INFO - Running <TaskInstance: iot_data_pipeline.run_iot_producer_script scheduled__2025-04-19T01:00:00+00:00 [running]> on host 2b5f93c9e322
[2025-04-19T01:05:01.352+0000] {taskinstance.py:2648} INFO - Exporting env vars: AIRFLOW_CTX_DAG_OWNER='***' AIRFLOW_CTX_DAG_ID='iot_data_pipeline' AIRFLOW_CTX_TASK_ID='run_iot_producer_script' AIRFLOW_CTX_EXECUTION_DATE='2025-04-19T01:00:00+00:00' AIRFLOW_CTX_TRY_NUMBER='1' AIRFLOW_CTX_DAG_RUN_ID='scheduled__2025-04-19T01:00:00+00:00'
[2025-04-19T01:05:01.353+0000] {taskinstance.py:430} INFO - ::endgroup::
[2025-04-19T01:05:01.364+0000] {subprocess.py:63} INFO - Tmp dir root location: /tmp
[2025-04-19T01:05:01.364+0000] {subprocess.py:75} INFO - Running command: ['/usr/bin/bash', '-c', 'python3 /opt/***/dags/script/iot_data_producer.py']
[2025-04-19T01:05:01.371+0000] {subprocess.py:86} INFO - Output:
[2025-04-19T01:05:01.980+0000] {subprocess.py:93} INFO - [2025-04-19T01:05:01.957474+00:00] Donnée envoyée et stockée : {'machine_id': 'IOT-MACH-DK-60', 'timestamp': '2025-04-19T01:05:01.955511+00:00', 'region': 'DK', 'season': 'saison_seche', 'temperature': 30.22, 'humidity': 71.76, 'soil_moisture': 25.03, 'vibration': 3.62, 'pressure': 2.3, 'latitude': 14.7167, 'longitude': -17.4677}
[2025-04-19T01:05:01.980+0000] {subprocess.py:93} INFO - [2025-04-19T01:05:01.958514+00:00] Donnée envoyée et stockée : {'machine_id': 'IOT-MACH-TB-15', 'timestamp': '2025-04-19T01:05:01.957515+00:00', 'region': 'TB', 'season': 'saison_seche', 'temperature': 36.28, 'humidity': 20.29, 'soil_moisture': 11.33, 'vibration': 4.08, 'pressure': 2.06, 'latitude': 15.3833, 'longitude': -15.5}
[2025-04-19T01:05:01.980+0000] {subprocess.py:93} INFO - [2025-04-19T01:05:01.959631+00:00] Donnée envoyée et stockée : {'machine_id': 'IOT-MACH-KD-35', 'timestamp': '2025-04-19T01:05:01.958540+00:00', 'region': 'KD', 'season': 'saison_seche', 'temperature': 32.37, 'humidity': 57.02, 'soil_moisture': 33.83, 'vibration': 0.4, 'pressure': 1.1, 'latitude': 14.1167, 'longitude': -12.5}
[2025-04-19T01:05:01.981+0000] {subprocess.py:93} INFO - [2025-04-19T01:05:01.960863+00:00] Donnée envoyée et stockée : {'machine_id': 'IOT-MACH-MT-53', 'timestamp': '2025-04-19T01:05:01.959656+00:00', 'region': 'MT', 'season': 'saison_seche', 'temperature': 38.17, 'humidity': 17.56, 'soil_moisture': 39.31, 'vibration': 1.66, 'pressure': 1.57, 'latitude': 16.0333, 'longitude': -13.5167}
[2025-04-19T01:05:01.981+0000] {subprocess.py:93} INFO - [2025-04-19T01:05:01.961965+00:00] Donnée envoyée et stockée : {'machine_id': 'IOT-MACH-TB-100', 'timestamp': '2025-04-19T01:05:01.960886+00:00', 'region': 'TB', 'season': 'saison_seche', 'temperature': 36.45, 'humidity': 27.3, 'soil_moisture': 23.9, 'vibration': 3.49, 'pressure': 1.65, 'latitude': 15.3833, 'longitude': -15.5}
[2025-04-19T01:05:01.981+0000] {subprocess.py:93} INFO - [2025-04-19T01:05:01.962984+00:00] Donnée envoyée et stockée : {'machine_id': 'IOT-MACH-ZG-77', 'timestamp': '2025-04-19T01:05:01.961987+00:00', 'region': 'ZG', 'season': 'saison_seche', 'temperature': 29.05, 'humidity': 75.03, 'soil_moisture': 31.48, 'vibration': 0.17, 'pressure': 1.87, 'latitude': 12.5833, 'longitude': -16.2667}
[2025-04-19T01:05:01.981+0000] {subprocess.py:93} INFO - [2025-04-19T01:05:01.964380+00:00] Donnée envoyée et stockée : {'machine_id': 'IOT-MACH-TB-65', 'timestamp': '2025-04-19T01:05:01.963006+00:00', 'region': 'TB', 'season': 'saison_seche', 'temperature': 37.69, 'humidity': 26.29, 'soil_moisture': 26.09, 'vibration': 1.42, 'pressure': 0.81, 'latitude': 15.3833, 'longitude': -15.5}
[2025-04-19T01:05:01.981+0000] {subprocess.py:93} INFO - [2025-04-19T01:05:01.965561+00:00] Donnée envoyée et stockée : {'machine_id': 'IOT-MACH-MT-15', 'timestamp': '2025-04-19T01:05:01.964410+00:00', 'region': 'MT', 'season': 'saison_seche', 'temperature': 39.98, 'humidity': 16.66, 'soil_moisture': 29.85, 'vibration': 4.03, 'pressure': 1.57, 'latitude': 16.0333, 'longitude': -13.5167}
[2025-04-19T01:05:01.981+0000] {subprocess.py:93} INFO - [2025-04-19T01:05:01.966809+00:00] Donnée envoyée et stockée : {'machine_id': 'IOT-MACH-DK-75', 'timestamp': '2025-04-19T01:05:01.965586+00:00', 'region': 'DK', 'season': 'saison_seche', 'temperature': 29.13, 'humidity': 72.06, 'soil_moisture': 44.65, 'vibration': 1.99, 'pressure': 2.25, 'latitude': 14.7167, 'longitude': -17.4677}
[2025-04-19T01:05:01.981+0000] {subprocess.py:93} INFO - [2025-04-19T01:05:01.967923+00:00] Donnée envoyée et stockée : {'machine_id': 'IOT-MACH-DK-39', 'timestamp': '2025-04-19T01:05:01.966833+00:00', 'region': 'DK', 'season': 'saison_seche', 'temperature': 30.51, 'humidity': 67.91, 'soil_moisture': 16.77, 'vibration': 4.97, 'pressure': 1.28, 'latitude': 14.7167, 'longitude': -17.4677}
[2025-04-19T01:05:01.982+0000] {subprocess.py:93} INFO - [2025-04-19T01:05:01.969013+00:00] Donnée envoyée et stockée : {'machine_id': 'IOT-MACH-SL-39', 'timestamp': '2025-04-19T01:05:01.967947+00:00', 'region': 'SL', 'season': 'saison_seche', 'temperature': 31.39, 'humidity': 57.23, 'soil_moisture': 22.11, 'vibration': 2.22, 'pressure': 2.09, 'latitude': 16.0167, 'longitude': -16.5}
[2025-04-19T01:05:01.982+0000] {subprocess.py:93} INFO - [2025-04-19T01:05:01.970150+00:00] Donnée envoyée et stockée : {'machine_id': 'IOT-MACH-ZG-65', 'timestamp': '2025-04-19T01:05:01.969036+00:00', 'region': 'ZG', 'season': 'saison_seche', 'temperature': 29.61, 'humidity': 80.28, 'soil_moisture': 44.37, 'vibration': 2.25, 'pressure': 2.33, 'latitude': 12.5833, 'longitude': -16.2667}
[2025-04-19T01:05:01.982+0000] {subprocess.py:93} INFO - [2025-04-19T01:05:01.971340+00:00] Donnée envoyée et stockée : {'machine_id': 'IOT-MACH-TH-66', 'timestamp': '2025-04-19T01:05:01.970173+00:00', 'region': 'TH', 'season': 'saison_seche', 'temperature': 32.41, 'humidity': 46.78, 'soil_moisture': 20.35, 'vibration': 2.78, 'pressure': 1.42, 'latitude': 14.7978, 'longitude': -16.925}
[2025-04-19T01:05:01.982+0000] {subprocess.py:93} INFO - [2025-04-19T01:05:01.972454+00:00] Donnée envoyée et stockée : {'machine_id': 'IOT-MACH-MT-20', 'timestamp': '2025-04-19T01:05:01.971365+00:00', 'region': 'MT', 'season': 'saison_seche', 'temperature': 38.75, 'humidity': 13.37, 'soil_moisture': 38.46, 'vibration': 0.46, 'pressure': 2.12, 'latitude': 16.0333, 'longitude': -13.5167}
[2025-04-19T01:05:01.982+0000] {subprocess.py:93} INFO - [2025-04-19T01:05:01.973568+00:00] Donnée envoyée et stockée : {'machine_id': 'IOT-MACH-KD-70', 'timestamp': '2025-04-19T01:05:01.972480+00:00', 'region': 'KD', 'season': 'saison_seche', 'temperature': 32.47, 'humidity': 54.08, 'soil_moisture': 36.81, 'vibration': 0.28, 'pressure': 2.4, 'latitude': 14.1167, 'longitude': -12.5}
[2025-04-19T01:05:01.982+0000] {subprocess.py:93} INFO - [2025-04-19T01:05:01.974891+00:00] Donnée envoyée et stockée : {'machine_id': 'IOT-MACH-DK-59', 'timestamp': '2025-04-19T01:05:01.973591+00:00', 'region': 'DK', 'season': 'saison_seche', 'temperature': 30.65, 'humidity': 66.06, 'soil_moisture': 24.88, 'vibration': 4.46, 'pressure': 2.33, 'latitude': 14.7167, 'longitude': -17.4677}
[2025-04-19T01:05:01.982+0000] {subprocess.py:93} INFO - [2025-04-19T01:05:01.976221+00:00] Donnée envoyée et stockée : {'machine_id': 'IOT-MACH-KD-37', 'timestamp': '2025-04-19T01:05:01.974915+00:00', 'region': 'KD', 'season': 'saison_seche', 'temperature': 32.36, 'humidity': 53.02, 'soil_moisture': 31.39, 'vibration': 3.61, 'pressure': 1.39, 'latitude': 14.1167, 'longitude': -12.5}
[2025-04-19T01:05:01.982+0000] {subprocess.py:93} INFO - [2025-04-19T01:05:01.977651+00:00] Donnée envoyée et stockée : {'machine_id': 'IOT-MACH-DK-23', 'timestamp': '2025-04-19T01:05:01.976245+00:00', 'region': 'DK', 'season': 'saison_seche', 'temperature': 29.46, 'humidity': 66.53, 'soil_moisture': 27.05, 'vibration': 4.83, 'pressure': 0.89, 'latitude': 14.7167, 'longitude': -17.4677}
[2025-04-19T01:05:01.983+0000] {subprocess.py:93} INFO - [2025-04-19T01:05:01.978964+00:00] Donnée envoyée et stockée : {'machine_id': 'IOT-MACH-DK-14', 'timestamp': '2025-04-19T01:05:01.977675+00:00', 'region': 'DK', 'season': 'saison_seche', 'temperature': 30.87, 'humidity': 68.9, 'soil_moisture': 43.57, 'vibration': 0.93, 'pressure': 0.95, 'latitude': 14.7167, 'longitude': -17.4677}
[2025-04-19T01:05:01.983+0000] {subprocess.py:93} INFO - [2025-04-19T01:05:01.980312+00:00] Donnée envoyée et stockée : {'machine_id': 'IOT-MACH-KD-78', 'timestamp': '2025-04-19T01:05:01.978988+00:00', 'region': 'KD', 'season': 'saison_seche', 'temperature': 33.12, 'humidity': 56.22, 'soil_moisture': 43.86, 'vibration': 4.98, 'pressure': 1.89, 'latitude': 14.1167, 'longitude': -12.5}
[2025-04-19T01:05:02.013+0000] {subprocess.py:97} INFO - Command exited with return code 0
[2025-04-19T01:05:02.013+0000] {taskinstance.py:441} INFO - ::group::Post task execution logs
[2025-04-19T01:05:02.031+0000] {taskinstance.py:1206} INFO - Marking task as SUCCESS. dag_id=iot_data_pipeline, task_id=run_iot_producer_script, run_id=scheduled__2025-04-19T01:00:00+00:00, execution_date=20250419T010000, start_date=20250419T010501, end_date=20250419T010502
[2025-04-19T01:05:02.071+0000] {local_task_job_runner.py:240} INFO - Task exited with return code 0
[2025-04-19T01:05:02.090+0000] {taskinstance.py:3503} INFO - 0 downstream tasks scheduled from follow-on schedule check
[2025-04-19T01:05:02.091+0000] {local_task_job_runner.py:222} INFO - ::endgroup::
