[2025-04-15T20:50:00.925+0000] {local_task_job_runner.py:120} INFO - ::group::Pre task execution logs
[2025-04-15T20:50:00.947+0000] {taskinstance.py:2076} INFO - Dependencies all met for dep_context=non-requeueable deps ti=<TaskInstance: iot_data_pipeline.run_iot_producer_script scheduled__2025-04-15T20:45:00+00:00 [queued]>
[2025-04-15T20:50:00.953+0000] {taskinstance.py:2076} INFO - Dependencies all met for dep_context=requeueable deps ti=<TaskInstance: iot_data_pipeline.run_iot_producer_script scheduled__2025-04-15T20:45:00+00:00 [queued]>
[2025-04-15T20:50:00.953+0000] {taskinstance.py:2306} INFO - Starting attempt 1 of 2
[2025-04-15T20:50:00.961+0000] {taskinstance.py:2330} INFO - Executing <Task(BashOperator): run_iot_producer_script> on 2025-04-15 20:45:00+00:00
[2025-04-15T20:50:00.965+0000] {standard_task_runner.py:63} INFO - Started process 1380 to run task
[2025-04-15T20:50:00.968+0000] {standard_task_runner.py:90} INFO - Running: ['***', 'tasks', 'run', 'iot_data_pipeline', 'run_iot_producer_script', 'scheduled__2025-04-15T20:45:00+00:00', '--job-id', '7', '--raw', '--subdir', 'DAGS_FOLDER/iot_data_dag.py', '--cfg-path', '/tmp/tmp0fbrq3on']
[2025-04-15T20:50:00.969+0000] {standard_task_runner.py:91} INFO - Job 7: Subtask run_iot_producer_script
[2025-04-15T20:50:01.003+0000] {task_command.py:426} INFO - Running <TaskInstance: iot_data_pipeline.run_iot_producer_script scheduled__2025-04-15T20:45:00+00:00 [running]> on host cfceca701afe
[2025-04-15T20:50:01.062+0000] {taskinstance.py:2648} INFO - Exporting env vars: AIRFLOW_CTX_DAG_OWNER='***' AIRFLOW_CTX_DAG_ID='iot_data_pipeline' AIRFLOW_CTX_TASK_ID='run_iot_producer_script' AIRFLOW_CTX_EXECUTION_DATE='2025-04-15T20:45:00+00:00' AIRFLOW_CTX_TRY_NUMBER='1' AIRFLOW_CTX_DAG_RUN_ID='scheduled__2025-04-15T20:45:00+00:00'
[2025-04-15T20:50:01.062+0000] {taskinstance.py:430} INFO - ::endgroup::
[2025-04-15T20:50:01.073+0000] {subprocess.py:63} INFO - Tmp dir root location: /tmp
[2025-04-15T20:50:01.073+0000] {subprocess.py:75} INFO - Running command: ['/usr/bin/bash', '-c', 'python3 /opt/***/dags/script/iot_data_producer.py']
[2025-04-15T20:50:01.082+0000] {subprocess.py:86} INFO - Output:
[2025-04-15T20:50:01.694+0000] {subprocess.py:93} INFO - [2025-04-15T20:50:01.694549+00:00] Donnée envoyée et stockée : {'machine_id': 'IOT-MACH-MT-47', 'timestamp': '2025-04-15T20:50:01.685043+00:00', 'region': 'MT', 'season': 'saison_seche', 'temperature': 38.53, 'humidity': 17.96, 'soil_moisture': 32.23, 'vibration': 3.63, 'pressure': 1.24, 'latitude': 16.0333, 'longitude': -13.5167}
[2025-04-15T20:50:01.755+0000] {subprocess.py:97} INFO - Command exited with return code 0
[2025-04-15T20:50:01.756+0000] {taskinstance.py:441} INFO - ::group::Post task execution logs
[2025-04-15T20:50:01.773+0000] {taskinstance.py:1206} INFO - Marking task as SUCCESS. dag_id=iot_data_pipeline, task_id=run_iot_producer_script, run_id=scheduled__2025-04-15T20:45:00+00:00, execution_date=20250415T204500, start_date=20250415T205000, end_date=20250415T205001
[2025-04-15T20:50:01.821+0000] {local_task_job_runner.py:240} INFO - Task exited with return code 0
[2025-04-15T20:50:01.835+0000] {taskinstance.py:3503} INFO - 0 downstream tasks scheduled from follow-on schedule check
[2025-04-15T20:50:01.836+0000] {local_task_job_runner.py:222} INFO - ::endgroup::
