[2025-04-15T20:45:01.156+0000] {local_task_job_runner.py:120} INFO - ::group::Pre task execution logs
[2025-04-15T20:45:01.178+0000] {taskinstance.py:2076} INFO - Dependencies all met for dep_context=non-requeueable deps ti=<TaskInstance: iot_data_pipeline.run_iot_producer_script scheduled__2025-04-15T20:40:00+00:00 [queued]>
[2025-04-15T20:45:01.184+0000] {taskinstance.py:2076} INFO - Dependencies all met for dep_context=requeueable deps ti=<TaskInstance: iot_data_pipeline.run_iot_producer_script scheduled__2025-04-15T20:40:00+00:00 [queued]>
[2025-04-15T20:45:01.184+0000] {taskinstance.py:2306} INFO - Starting attempt 1 of 2
[2025-04-15T20:45:01.193+0000] {taskinstance.py:2330} INFO - Executing <Task(BashOperator): run_iot_producer_script> on 2025-04-15 20:40:00+00:00
[2025-04-15T20:45:01.198+0000] {standard_task_runner.py:63} INFO - Started process 1042 to run task
[2025-04-15T20:45:01.200+0000] {standard_task_runner.py:90} INFO - Running: ['***', 'tasks', 'run', 'iot_data_pipeline', 'run_iot_producer_script', 'scheduled__2025-04-15T20:40:00+00:00', '--job-id', '5', '--raw', '--subdir', 'DAGS_FOLDER/iot_data_dag.py', '--cfg-path', '/tmp/tmplizh8ctn']
[2025-04-15T20:45:01.202+0000] {standard_task_runner.py:91} INFO - Job 5: Subtask run_iot_producer_script
[2025-04-15T20:45:01.235+0000] {task_command.py:426} INFO - Running <TaskInstance: iot_data_pipeline.run_iot_producer_script scheduled__2025-04-15T20:40:00+00:00 [running]> on host cfceca701afe
[2025-04-15T20:45:01.294+0000] {taskinstance.py:2648} INFO - Exporting env vars: AIRFLOW_CTX_DAG_OWNER='***' AIRFLOW_CTX_DAG_ID='iot_data_pipeline' AIRFLOW_CTX_TASK_ID='run_iot_producer_script' AIRFLOW_CTX_EXECUTION_DATE='2025-04-15T20:40:00+00:00' AIRFLOW_CTX_TRY_NUMBER='1' AIRFLOW_CTX_DAG_RUN_ID='scheduled__2025-04-15T20:40:00+00:00'
[2025-04-15T20:45:01.295+0000] {taskinstance.py:430} INFO - ::endgroup::
[2025-04-15T20:45:01.305+0000] {subprocess.py:63} INFO - Tmp dir root location: /tmp
[2025-04-15T20:45:01.306+0000] {subprocess.py:75} INFO - Running command: ['/usr/bin/bash', '-c', 'python3 /opt/***/dags/script/iot_data_producer.py']
[2025-04-15T20:45:01.314+0000] {subprocess.py:86} INFO - Output:
[2025-04-15T20:45:01.964+0000] {subprocess.py:93} INFO - [2025-04-15T20:45:01.964133+00:00] Donnée envoyée et stockée : {'machine_id': 'IOT-MACH-MT-74', 'timestamp': '2025-04-15T20:45:01.957556+00:00', 'region': 'MT', 'season': 'saison_seche', 'temperature': 38.0, 'humidity': 14.65, 'soil_moisture': 14.34, 'vibration': 4.77, 'pressure': 2.49, 'latitude': 16.0333, 'longitude': -13.5167}
[2025-04-15T20:45:02.025+0000] {subprocess.py:97} INFO - Command exited with return code 0
[2025-04-15T20:45:02.026+0000] {taskinstance.py:441} INFO - ::group::Post task execution logs
[2025-04-15T20:45:02.044+0000] {taskinstance.py:1206} INFO - Marking task as SUCCESS. dag_id=iot_data_pipeline, task_id=run_iot_producer_script, run_id=scheduled__2025-04-15T20:40:00+00:00, execution_date=20250415T204000, start_date=20250415T204501, end_date=20250415T204502
[2025-04-15T20:45:02.094+0000] {local_task_job_runner.py:240} INFO - Task exited with return code 0
[2025-04-15T20:45:02.118+0000] {taskinstance.py:3503} INFO - 0 downstream tasks scheduled from follow-on schedule check
[2025-04-15T20:45:02.119+0000] {local_task_job_runner.py:222} INFO - ::endgroup::
