[2025-04-17T22:35:00.326+0000] {local_task_job_runner.py:120} INFO - ::group::Pre task execution logs
[2025-04-17T22:35:00.362+0000] {taskinstance.py:2076} INFO - Dependencies all met for dep_context=non-requeueable deps ti=<TaskInstance: iot_data_pipeline.run_iot_producer_script scheduled__2025-04-17T22:30:00+00:00 [queued]>
[2025-04-17T22:35:00.369+0000] {taskinstance.py:2076} INFO - Dependencies all met for dep_context=requeueable deps ti=<TaskInstance: iot_data_pipeline.run_iot_producer_script scheduled__2025-04-17T22:30:00+00:00 [queued]>
[2025-04-17T22:35:00.370+0000] {taskinstance.py:2306} INFO - Starting attempt 1 of 2
[2025-04-17T22:35:00.382+0000] {taskinstance.py:2330} INFO - Executing <Task(BashOperator): run_iot_producer_script> on 2025-04-17 22:30:00+00:00
[2025-04-17T22:35:00.388+0000] {standard_task_runner.py:63} INFO - Started process 937 to run task
[2025-04-17T22:35:00.391+0000] {standard_task_runner.py:90} INFO - Running: ['***', 'tasks', 'run', 'iot_data_pipeline', 'run_iot_producer_script', 'scheduled__2025-04-17T22:30:00+00:00', '--job-id', '6', '--raw', '--subdir', 'DAGS_FOLDER/iot_data_dag.py', '--cfg-path', '/tmp/tmpf8vcik7n']
[2025-04-17T22:35:00.392+0000] {standard_task_runner.py:91} INFO - Job 6: Subtask run_iot_producer_script
[2025-04-17T22:35:00.425+0000] {task_command.py:426} INFO - Running <TaskInstance: iot_data_pipeline.run_iot_producer_script scheduled__2025-04-17T22:30:00+00:00 [running]> on host 2b5f93c9e322
[2025-04-17T22:35:00.483+0000] {taskinstance.py:2648} INFO - Exporting env vars: AIRFLOW_CTX_DAG_OWNER='***' AIRFLOW_CTX_DAG_ID='iot_data_pipeline' AIRFLOW_CTX_TASK_ID='run_iot_producer_script' AIRFLOW_CTX_EXECUTION_DATE='2025-04-17T22:30:00+00:00' AIRFLOW_CTX_TRY_NUMBER='1' AIRFLOW_CTX_DAG_RUN_ID='scheduled__2025-04-17T22:30:00+00:00'
[2025-04-17T22:35:00.484+0000] {taskinstance.py:430} INFO - ::endgroup::
[2025-04-17T22:35:00.495+0000] {subprocess.py:63} INFO - Tmp dir root location: /tmp
[2025-04-17T22:35:00.495+0000] {subprocess.py:75} INFO - Running command: ['/usr/bin/bash', '-c', 'python3 /opt/***/dags/script/iot_data_producer.py']
[2025-04-17T22:35:00.502+0000] {subprocess.py:86} INFO - Output:
[2025-04-17T22:35:01.188+0000] {subprocess.py:93} INFO - [2025-04-17T22:35:01.188024+00:00] Donnée envoyée et stockée : {'machine_id': 'IOT-MACH-MT-30', 'timestamp': '2025-04-17T22:35:01.181111+00:00', 'region': 'MT', 'season': 'saison_seche', 'temperature': 38.87, 'humidity': 13.84, 'soil_moisture': 44.18, 'vibration': 4.25, 'pressure': 1.01, 'latitude': 16.0333, 'longitude': -13.5167}
[2025-04-17T22:35:01.260+0000] {subprocess.py:97} INFO - Command exited with return code 0
[2025-04-17T22:35:01.261+0000] {taskinstance.py:441} INFO - ::group::Post task execution logs
[2025-04-17T22:35:01.292+0000] {taskinstance.py:1206} INFO - Marking task as SUCCESS. dag_id=iot_data_pipeline, task_id=run_iot_producer_script, run_id=scheduled__2025-04-17T22:30:00+00:00, execution_date=20250417T223000, start_date=20250417T223500, end_date=20250417T223501
[2025-04-17T22:35:01.324+0000] {local_task_job_runner.py:240} INFO - Task exited with return code 0
[2025-04-17T22:35:01.347+0000] {taskinstance.py:3503} INFO - 0 downstream tasks scheduled from follow-on schedule check
[2025-04-17T22:35:01.348+0000] {local_task_job_runner.py:222} INFO - ::endgroup::
