[2025-04-19T00:35:00.594+0000] {local_task_job_runner.py:120} INFO - ::group::Pre task execution logs
[2025-04-19T00:35:00.621+0000] {taskinstance.py:2076} INFO - Dependencies all met for dep_context=non-requeueable deps ti=<TaskInstance: iot_data_pipeline.run_iot_producer_script scheduled__2025-04-19T00:30:00+00:00 [queued]>
[2025-04-19T00:35:00.627+0000] {taskinstance.py:2076} INFO - Dependencies all met for dep_context=requeueable deps ti=<TaskInstance: iot_data_pipeline.run_iot_producer_script scheduled__2025-04-19T00:30:00+00:00 [queued]>
[2025-04-19T00:35:00.628+0000] {taskinstance.py:2306} INFO - Starting attempt 1 of 2
[2025-04-19T00:35:00.637+0000] {taskinstance.py:2330} INFO - Executing <Task(BashOperator): run_iot_producer_script> on 2025-04-19 00:30:00+00:00
[2025-04-19T00:35:00.641+0000] {standard_task_runner.py:63} INFO - Started process 20448 to run task
[2025-04-19T00:35:00.643+0000] {standard_task_runner.py:90} INFO - Running: ['***', 'tasks', 'run', 'iot_data_pipeline', 'run_iot_producer_script', 'scheduled__2025-04-19T00:30:00+00:00', '--job-id', '39', '--raw', '--subdir', 'DAGS_FOLDER/iot_data_dag.py', '--cfg-path', '/tmp/tmplsw2uj_a']
[2025-04-19T00:35:00.644+0000] {standard_task_runner.py:91} INFO - Job 39: Subtask run_iot_producer_script
[2025-04-19T00:35:00.678+0000] {task_command.py:426} INFO - Running <TaskInstance: iot_data_pipeline.run_iot_producer_script scheduled__2025-04-19T00:30:00+00:00 [running]> on host 2b5f93c9e322
[2025-04-19T00:35:00.740+0000] {taskinstance.py:2648} INFO - Exporting env vars: AIRFLOW_CTX_DAG_OWNER='***' AIRFLOW_CTX_DAG_ID='iot_data_pipeline' AIRFLOW_CTX_TASK_ID='run_iot_producer_script' AIRFLOW_CTX_EXECUTION_DATE='2025-04-19T00:30:00+00:00' AIRFLOW_CTX_TRY_NUMBER='1' AIRFLOW_CTX_DAG_RUN_ID='scheduled__2025-04-19T00:30:00+00:00'
[2025-04-19T00:35:00.741+0000] {taskinstance.py:430} INFO - ::endgroup::
[2025-04-19T00:35:00.753+0000] {subprocess.py:63} INFO - Tmp dir root location: /tmp
[2025-04-19T00:35:00.753+0000] {subprocess.py:75} INFO - Running command: ['/usr/bin/bash', '-c', 'python3 /opt/***/dags/script/iot_data_producer.py']
[2025-04-19T00:35:00.760+0000] {subprocess.py:86} INFO - Output:
[2025-04-19T00:35:01.439+0000] {subprocess.py:93} INFO - [2025-04-19T00:35:01.388648+00:00] Donnée envoyée et stockée : {'machine_id': 'IOT-MACH-DK-37', 'timestamp': '2025-04-19T00:35:01.380631+00:00', 'region': 'DK', 'season': 'saison_seche', 'temperature': 29.91, 'humidity': 71.87, 'soil_moisture': 30.62, 'vibration': 3.77, 'pressure': 1.6, 'latitude': 14.7167, 'longitude': -17.4677}
[2025-04-19T00:35:01.440+0000] {subprocess.py:93} INFO - [2025-04-19T00:35:01.391808+00:00] Donnée envoyée et stockée : {'machine_id': 'IOT-MACH-MT-38', 'timestamp': '2025-04-19T00:35:01.388761+00:00', 'region': 'MT', 'season': 'saison_seche', 'temperature': 38.07, 'humidity': 10.2, 'soil_moisture': 24.2, 'vibration': 2.48, 'pressure': 0.93, 'latitude': 16.0333, 'longitude': -13.5167}
[2025-04-19T00:35:01.440+0000] {subprocess.py:93} INFO - [2025-04-19T00:35:01.396107+00:00] Donnée envoyée et stockée : {'machine_id': 'IOT-MACH-TH-75', 'timestamp': '2025-04-19T00:35:01.391903+00:00', 'region': 'TH', 'season': 'saison_seche', 'temperature': 31.67, 'humidity': 47.7, 'soil_moisture': 27.5, 'vibration': 1.23, 'pressure': 1.76, 'latitude': 14.7978, 'longitude': -16.925}
[2025-04-19T00:35:01.440+0000] {subprocess.py:93} INFO - [2025-04-19T00:35:01.400168+00:00] Donnée envoyée et stockée : {'machine_id': 'IOT-MACH-ZG-20', 'timestamp': '2025-04-19T00:35:01.396237+00:00', 'region': 'ZG', 'season': 'saison_seche', 'temperature': 28.42, 'humidity': 79.46, 'soil_moisture': 27.86, 'vibration': 3.68, 'pressure': 1.63, 'latitude': 12.5833, 'longitude': -16.2667}
[2025-04-19T00:35:01.440+0000] {subprocess.py:93} INFO - [2025-04-19T00:35:01.403167+00:00] Donnée envoyée et stockée : {'machine_id': 'IOT-MACH-TH-94', 'timestamp': '2025-04-19T00:35:01.400265+00:00', 'region': 'TH', 'season': 'saison_seche', 'temperature': 32.7, 'humidity': 50.44, 'soil_moisture': 49.5, 'vibration': 4.58, 'pressure': 1.04, 'latitude': 14.7978, 'longitude': -16.925}
[2025-04-19T00:35:01.441+0000] {subprocess.py:93} INFO - [2025-04-19T00:35:01.406993+00:00] Donnée envoyée et stockée : {'machine_id': 'IOT-MACH-MT-25', 'timestamp': '2025-04-19T00:35:01.403297+00:00', 'region': 'MT', 'season': 'saison_seche', 'temperature': 38.1, 'humidity': 11.94, 'soil_moisture': 39.87, 'vibration': 4.21, 'pressure': 1.04, 'latitude': 16.0333, 'longitude': -13.5167}
[2025-04-19T00:35:01.441+0000] {subprocess.py:93} INFO - [2025-04-19T00:35:01.409989+00:00] Donnée envoyée et stockée : {'machine_id': 'IOT-MACH-TB-18', 'timestamp': '2025-04-19T00:35:01.407112+00:00', 'region': 'TB', 'season': 'saison_seche', 'temperature': 37.91, 'humidity': 27.92, 'soil_moisture': 28.83, 'vibration': 4.78, 'pressure': 2.44, 'latitude': 15.3833, 'longitude': -15.5}
[2025-04-19T00:35:01.441+0000] {subprocess.py:93} INFO - [2025-04-19T00:35:01.413262+00:00] Donnée envoyée et stockée : {'machine_id': 'IOT-MACH-MT-3', 'timestamp': '2025-04-19T00:35:01.410098+00:00', 'region': 'MT', 'season': 'saison_seche', 'temperature': 38.41, 'humidity': 13.49, 'soil_moisture': 32.85, 'vibration': 0.17, 'pressure': 1.74, 'latitude': 16.0333, 'longitude': -13.5167}
[2025-04-19T00:35:01.441+0000] {subprocess.py:93} INFO - [2025-04-19T00:35:01.416849+00:00] Donnée envoyée et stockée : {'machine_id': 'IOT-MACH-DK-50', 'timestamp': '2025-04-19T00:35:01.413403+00:00', 'region': 'DK', 'season': 'saison_seche', 'temperature': 30.16, 'humidity': 68.27, 'soil_moisture': 40.44, 'vibration': 3.45, 'pressure': 0.92, 'latitude': 14.7167, 'longitude': -17.4677}
[2025-04-19T00:35:01.441+0000] {subprocess.py:93} INFO - [2025-04-19T00:35:01.419358+00:00] Donnée envoyée et stockée : {'machine_id': 'IOT-MACH-MT-14', 'timestamp': '2025-04-19T00:35:01.416946+00:00', 'region': 'MT', 'season': 'saison_seche', 'temperature': 38.84, 'humidity': 12.63, 'soil_moisture': 14.22, 'vibration': 3.15, 'pressure': 1.16, 'latitude': 16.0333, 'longitude': -13.5167}
[2025-04-19T00:35:01.441+0000] {subprocess.py:93} INFO - [2025-04-19T00:35:01.422077+00:00] Donnée envoyée et stockée : {'machine_id': 'IOT-MACH-MT-75', 'timestamp': '2025-04-19T00:35:01.419451+00:00', 'region': 'MT', 'season': 'saison_seche', 'temperature': 39.28, 'humidity': 14.2, 'soil_moisture': 27.44, 'vibration': 2.63, 'pressure': 0.82, 'latitude': 16.0333, 'longitude': -13.5167}
[2025-04-19T00:35:01.442+0000] {subprocess.py:93} INFO - [2025-04-19T00:35:01.424466+00:00] Donnée envoyée et stockée : {'machine_id': 'IOT-MACH-KD-87', 'timestamp': '2025-04-19T00:35:01.422160+00:00', 'region': 'KD', 'season': 'saison_seche', 'temperature': 33.91, 'humidity': 56.44, 'soil_moisture': 33.41, 'vibration': 4.06, 'pressure': 1.47, 'latitude': 14.1167, 'longitude': -12.5}
[2025-04-19T00:35:01.442+0000] {subprocess.py:93} INFO - [2025-04-19T00:35:01.426944+00:00] Donnée envoyée et stockée : {'machine_id': 'IOT-MACH-SL-70', 'timestamp': '2025-04-19T00:35:01.424575+00:00', 'region': 'SL', 'season': 'saison_seche', 'temperature': 30.73, 'humidity': 57.7, 'soil_moisture': 10.37, 'vibration': 3.58, 'pressure': 1.42, 'latitude': 16.0167, 'longitude': -16.5}
[2025-04-19T00:35:01.442+0000] {subprocess.py:93} INFO - [2025-04-19T00:35:01.429161+00:00] Donnée envoyée et stockée : {'machine_id': 'IOT-MACH-DK-78', 'timestamp': '2025-04-19T00:35:01.427023+00:00', 'region': 'DK', 'season': 'saison_seche', 'temperature': 29.64, 'humidity': 72.57, 'soil_moisture': 31.31, 'vibration': 0.17, 'pressure': 1.17, 'latitude': 14.7167, 'longitude': -17.4677}
[2025-04-19T00:35:01.442+0000] {subprocess.py:93} INFO - [2025-04-19T00:35:01.431085+00:00] Donnée envoyée et stockée : {'machine_id': 'IOT-MACH-ZG-1', 'timestamp': '2025-04-19T00:35:01.429229+00:00', 'region': 'ZG', 'season': 'saison_seche', 'temperature': 28.15, 'humidity': 75.78, 'soil_moisture': 32.99, 'vibration': 2.49, 'pressure': 2.26, 'latitude': 12.5833, 'longitude': -16.2667}
[2025-04-19T00:35:01.442+0000] {subprocess.py:93} INFO - [2025-04-19T00:35:01.432786+00:00] Donnée envoyée et stockée : {'machine_id': 'IOT-MACH-DK-60', 'timestamp': '2025-04-19T00:35:01.431158+00:00', 'region': 'DK', 'season': 'saison_seche', 'temperature': 29.18, 'humidity': 67.07, 'soil_moisture': 10.13, 'vibration': 0.31, 'pressure': 2.18, 'latitude': 14.7167, 'longitude': -17.4677}
[2025-04-19T00:35:01.442+0000] {subprocess.py:93} INFO - [2025-04-19T00:35:01.434763+00:00] Donnée envoyée et stockée : {'machine_id': 'IOT-MACH-TH-83', 'timestamp': '2025-04-19T00:35:01.432851+00:00', 'region': 'TH', 'season': 'saison_seche', 'temperature': 31.64, 'humidity': 50.64, 'soil_moisture': 47.26, 'vibration': 3.57, 'pressure': 2.28, 'latitude': 14.7978, 'longitude': -16.925}
[2025-04-19T00:35:01.443+0000] {subprocess.py:93} INFO - [2025-04-19T00:35:01.436568+00:00] Donnée envoyée et stockée : {'machine_id': 'IOT-MACH-SL-59', 'timestamp': '2025-04-19T00:35:01.434832+00:00', 'region': 'SL', 'season': 'saison_seche', 'temperature': 30.85, 'humidity': 55.76, 'soil_moisture': 28.17, 'vibration': 0.65, 'pressure': 0.8, 'latitude': 16.0167, 'longitude': -16.5}
[2025-04-19T00:35:01.443+0000] {subprocess.py:93} INFO - [2025-04-19T00:35:01.438227+00:00] Donnée envoyée et stockée : {'machine_id': 'IOT-MACH-SL-52', 'timestamp': '2025-04-19T00:35:01.436618+00:00', 'region': 'SL', 'season': 'saison_seche', 'temperature': 31.61, 'humidity': 51.07, 'soil_moisture': 18.51, 'vibration': 4.69, 'pressure': 1.61, 'latitude': 16.0167, 'longitude': -16.5}
[2025-04-19T00:35:01.443+0000] {subprocess.py:93} INFO - [2025-04-19T00:35:01.439565+00:00] Donnée envoyée et stockée : {'machine_id': 'IOT-MACH-TH-23', 'timestamp': '2025-04-19T00:35:01.438282+00:00', 'region': 'TH', 'season': 'saison_seche', 'temperature': 31.26, 'humidity': 52.64, 'soil_moisture': 37.88, 'vibration': 3.71, 'pressure': 1.43, 'latitude': 14.7978, 'longitude': -16.925}
[2025-04-19T00:35:01.478+0000] {subprocess.py:97} INFO - Command exited with return code 0
[2025-04-19T00:35:01.479+0000] {taskinstance.py:441} INFO - ::group::Post task execution logs
[2025-04-19T00:35:01.497+0000] {taskinstance.py:1206} INFO - Marking task as SUCCESS. dag_id=iot_data_pipeline, task_id=run_iot_producer_script, run_id=scheduled__2025-04-19T00:30:00+00:00, execution_date=20250419T003000, start_date=20250419T003500, end_date=20250419T003501
[2025-04-19T00:35:01.536+0000] {local_task_job_runner.py:240} INFO - Task exited with return code 0
[2025-04-19T00:35:01.555+0000] {taskinstance.py:3503} INFO - 0 downstream tasks scheduled from follow-on schedule check
[2025-04-19T00:35:01.556+0000] {local_task_job_runner.py:222} INFO - ::endgroup::
