[2025-04-15T19:55:18.439+0000] {local_task_job_runner.py:120} INFO - ::group::Pre task execution logs
[2025-04-15T19:55:18.466+0000] {taskinstance.py:2076} INFO - Dependencies all met for dep_context=non-requeueable deps ti=<TaskInstance: iot_data_pipeline.run_iot_producer_script scheduled__2025-04-15T19:45:00+00:00 [queued]>
[2025-04-15T19:55:18.472+0000] {taskinstance.py:2076} INFO - Dependencies all met for dep_context=requeueable deps ti=<TaskInstance: iot_data_pipeline.run_iot_producer_script scheduled__2025-04-15T19:45:00+00:00 [queued]>
[2025-04-15T19:55:18.473+0000] {taskinstance.py:2306} INFO - Starting attempt 2 of 2
[2025-04-15T19:55:18.482+0000] {taskinstance.py:2330} INFO - Executing <Task(BashOperator): run_iot_producer_script> on 2025-04-15 19:45:00+00:00
[2025-04-15T19:55:18.485+0000] {standard_task_runner.py:63} INFO - Started process 2407 to run task
[2025-04-15T19:55:18.488+0000] {standard_task_runner.py:90} INFO - Running: ['***', 'tasks', 'run', 'iot_data_pipeline', 'run_iot_producer_script', 'scheduled__2025-04-15T19:45:00+00:00', '--job-id', '146', '--raw', '--subdir', 'DAGS_FOLDER/iot_data_dag.py', '--cfg-path', '/tmp/tmpluof1g7p']
[2025-04-15T19:55:18.489+0000] {standard_task_runner.py:91} INFO - Job 146: Subtask run_iot_producer_script
[2025-04-15T19:55:18.523+0000] {task_command.py:426} INFO - Running <TaskInstance: iot_data_pipeline.run_iot_producer_script scheduled__2025-04-15T19:45:00+00:00 [running]> on host aef507eba48f
[2025-04-15T19:55:18.589+0000] {taskinstance.py:2648} INFO - Exporting env vars: AIRFLOW_CTX_DAG_OWNER='***' AIRFLOW_CTX_DAG_ID='iot_data_pipeline' AIRFLOW_CTX_TASK_ID='run_iot_producer_script' AIRFLOW_CTX_EXECUTION_DATE='2025-04-15T19:45:00+00:00' AIRFLOW_CTX_TRY_NUMBER='2' AIRFLOW_CTX_DAG_RUN_ID='scheduled__2025-04-15T19:45:00+00:00'
[2025-04-15T19:55:18.590+0000] {taskinstance.py:430} INFO - ::endgroup::
[2025-04-15T19:55:18.600+0000] {subprocess.py:63} INFO - Tmp dir root location: /tmp
[2025-04-15T19:55:18.600+0000] {subprocess.py:75} INFO - Running command: ['/usr/bin/bash', '-c', 'python3 /opt/***/dags/script/iot_data_producer.py']
[2025-04-15T19:55:18.608+0000] {subprocess.py:86} INFO - Output:
[2025-04-15T19:55:19.227+0000] {subprocess.py:93} INFO - [2025-04-15T19:55:19.227309+00:00] Donnée envoyée et stockée : {'machine_id': 'IOT-MACH-ZG-38', 'timestamp': '2025-04-15T19:55:19.223096+00:00', 'region': 'ZG', 'season': 'saison_seche', 'temperature': 29.26, 'humidity': 75.23, 'soil_moisture': 31.66, 'vibration': 1.04, 'pressure': 1.25, 'latitude': 12.5833, 'longitude': -16.2667}
[2025-04-15T19:55:19.289+0000] {subprocess.py:97} INFO - Command exited with return code 0
[2025-04-15T19:55:19.290+0000] {taskinstance.py:441} INFO - ::group::Post task execution logs
[2025-04-15T19:55:19.309+0000] {taskinstance.py:1206} INFO - Marking task as SUCCESS. dag_id=iot_data_pipeline, task_id=run_iot_producer_script, run_id=scheduled__2025-04-15T19:45:00+00:00, execution_date=20250415T194500, start_date=20250415T195518, end_date=20250415T195519
[2025-04-15T19:55:19.341+0000] {local_task_job_runner.py:240} INFO - Task exited with return code 0
[2025-04-15T19:55:19.355+0000] {taskinstance.py:3503} INFO - 0 downstream tasks scheduled from follow-on schedule check
[2025-04-15T19:55:19.356+0000] {local_task_job_runner.py:222} INFO - ::endgroup::
