[2025-04-14T21:45:00.346+0000] {local_task_job_runner.py:120} INFO - ::group::Pre task execution logs
[2025-04-14T21:45:00.368+0000] {taskinstance.py:2076} INFO - Dependencies all met for dep_context=non-requeueable deps ti=<TaskInstance: iot_data_pipeline.run_iot_producer_script scheduled__2025-04-14T21:40:00+00:00 [queued]>
[2025-04-14T21:45:00.374+0000] {taskinstance.py:2076} INFO - Dependencies all met for dep_context=requeueable deps ti=<TaskInstance: iot_data_pipeline.run_iot_producer_script scheduled__2025-04-14T21:40:00+00:00 [queued]>
[2025-04-14T21:45:00.374+0000] {taskinstance.py:2306} INFO - Starting attempt 1 of 2
[2025-04-14T21:45:00.383+0000] {taskinstance.py:2330} INFO - Executing <Task(BashOperator): run_iot_producer_script> on 2025-04-14 21:40:00+00:00
[2025-04-14T21:45:00.387+0000] {standard_task_runner.py:63} INFO - Started process 1900 to run task
[2025-04-14T21:45:00.389+0000] {standard_task_runner.py:90} INFO - Running: ['***', 'tasks', 'run', 'iot_data_pipeline', 'run_iot_producer_script', 'scheduled__2025-04-14T21:40:00+00:00', '--job-id', '72', '--raw', '--subdir', 'DAGS_FOLDER/iot_data_dag.py', '--cfg-path', '/tmp/tmpgfc2gmzg']
[2025-04-14T21:45:00.391+0000] {standard_task_runner.py:91} INFO - Job 72: Subtask run_iot_producer_script
[2025-04-14T21:45:00.424+0000] {task_command.py:426} INFO - Running <TaskInstance: iot_data_pipeline.run_iot_producer_script scheduled__2025-04-14T21:40:00+00:00 [running]> on host aef507eba48f
[2025-04-14T21:45:00.482+0000] {taskinstance.py:2648} INFO - Exporting env vars: AIRFLOW_CTX_DAG_OWNER='***' AIRFLOW_CTX_DAG_ID='iot_data_pipeline' AIRFLOW_CTX_TASK_ID='run_iot_producer_script' AIRFLOW_CTX_EXECUTION_DATE='2025-04-14T21:40:00+00:00' AIRFLOW_CTX_TRY_NUMBER='1' AIRFLOW_CTX_DAG_RUN_ID='scheduled__2025-04-14T21:40:00+00:00'
[2025-04-14T21:45:00.483+0000] {taskinstance.py:430} INFO - ::endgroup::
[2025-04-14T21:45:00.494+0000] {subprocess.py:63} INFO - Tmp dir root location: /tmp
[2025-04-14T21:45:00.494+0000] {subprocess.py:75} INFO - Running command: ['/usr/bin/bash', '-c', 'python3 /opt/***/dags/script/iot_data_producer.py']
[2025-04-14T21:45:00.502+0000] {subprocess.py:86} INFO - Output:
[2025-04-14T21:45:01.139+0000] {subprocess.py:93} INFO - [2025-04-14T21:45:01.138739+00:00] Donnée envoyée et stockée : {'machine_id': 'IOT-MACH-MT-59', 'timestamp': '2025-04-14T21:45:01.128821+00:00', 'region': 'MT', 'season': 'saison_seche', 'temperature': 39.94, 'humidity': 17.65, 'soil_moisture': 30.24, 'vibration': 3.7, 'pressure': 1.71, 'latitude': 16.0333, 'longitude': -13.5167}
[2025-04-14T21:45:01.199+0000] {subprocess.py:97} INFO - Command exited with return code 0
[2025-04-14T21:45:01.199+0000] {taskinstance.py:441} INFO - ::group::Post task execution logs
[2025-04-14T21:45:01.218+0000] {taskinstance.py:1206} INFO - Marking task as SUCCESS. dag_id=iot_data_pipeline, task_id=run_iot_producer_script, run_id=scheduled__2025-04-14T21:40:00+00:00, execution_date=20250414T214000, start_date=20250414T214500, end_date=20250414T214501
[2025-04-14T21:45:01.242+0000] {local_task_job_runner.py:240} INFO - Task exited with return code 0
[2025-04-14T21:45:01.256+0000] {taskinstance.py:3503} INFO - 0 downstream tasks scheduled from follow-on schedule check
[2025-04-14T21:45:01.257+0000] {local_task_job_runner.py:222} INFO - ::endgroup::
