[2025-04-19T00:55:00.335+0000] {local_task_job_runner.py:120} INFO - ::group::Pre task execution logs
[2025-04-19T00:55:00.358+0000] {taskinstance.py:2076} INFO - Dependencies all met for dep_context=non-requeueable deps ti=<TaskInstance: iot_data_pipeline.run_iot_producer_script scheduled__2025-04-19T00:50:00+00:00 [queued]>
[2025-04-19T00:55:00.363+0000] {taskinstance.py:2076} INFO - Dependencies all met for dep_context=requeueable deps ti=<TaskInstance: iot_data_pipeline.run_iot_producer_script scheduled__2025-04-19T00:50:00+00:00 [queued]>
[2025-04-19T00:55:00.363+0000] {taskinstance.py:2306} INFO - Starting attempt 1 of 2
[2025-04-19T00:55:00.372+0000] {taskinstance.py:2330} INFO - Executing <Task(BashOperator): run_iot_producer_script> on 2025-04-19 00:50:00+00:00
[2025-04-19T00:55:00.375+0000] {standard_task_runner.py:63} INFO - Started process 21885 to run task
[2025-04-19T00:55:00.378+0000] {standard_task_runner.py:90} INFO - Running: ['***', 'tasks', 'run', 'iot_data_pipeline', 'run_iot_producer_script', 'scheduled__2025-04-19T00:50:00+00:00', '--job-id', '44', '--raw', '--subdir', 'DAGS_FOLDER/iot_data_dag.py', '--cfg-path', '/tmp/tmpg_olxpr7']
[2025-04-19T00:55:00.379+0000] {standard_task_runner.py:91} INFO - Job 44: Subtask run_iot_producer_script
[2025-04-19T00:55:00.414+0000] {task_command.py:426} INFO - Running <TaskInstance: iot_data_pipeline.run_iot_producer_script scheduled__2025-04-19T00:50:00+00:00 [running]> on host 2b5f93c9e322
[2025-04-19T00:55:00.478+0000] {taskinstance.py:2648} INFO - Exporting env vars: AIRFLOW_CTX_DAG_OWNER='***' AIRFLOW_CTX_DAG_ID='iot_data_pipeline' AIRFLOW_CTX_TASK_ID='run_iot_producer_script' AIRFLOW_CTX_EXECUTION_DATE='2025-04-19T00:50:00+00:00' AIRFLOW_CTX_TRY_NUMBER='1' AIRFLOW_CTX_DAG_RUN_ID='scheduled__2025-04-19T00:50:00+00:00'
[2025-04-19T00:55:00.478+0000] {taskinstance.py:430} INFO - ::endgroup::
[2025-04-19T00:55:00.490+0000] {subprocess.py:63} INFO - Tmp dir root location: /tmp
[2025-04-19T00:55:00.491+0000] {subprocess.py:75} INFO - Running command: ['/usr/bin/bash', '-c', 'python3 /opt/***/dags/script/iot_data_producer.py']
[2025-04-19T00:55:00.498+0000] {subprocess.py:86} INFO - Output:
[2025-04-19T00:55:01.288+0000] {subprocess.py:93} INFO - [2025-04-19T00:55:01.206847+00:00] Donnée envoyée et stockée : {'machine_id': 'IOT-MACH-SL-44', 'timestamp': '2025-04-19T00:55:01.198018+00:00', 'region': 'SL', 'season': 'saison_seche', 'temperature': 30.68, 'humidity': 54.95, 'soil_moisture': 18.94, 'vibration': 4.52, 'pressure': 1.75, 'latitude': 16.0167, 'longitude': -16.5}
[2025-04-19T00:55:01.289+0000] {subprocess.py:93} INFO - [2025-04-19T00:55:01.213166+00:00] Donnée envoyée et stockée : {'machine_id': 'IOT-MACH-TB-17', 'timestamp': '2025-04-19T00:55:01.206980+00:00', 'region': 'TB', 'season': 'saison_seche', 'temperature': 36.01, 'humidity': 20.08, 'soil_moisture': 49.54, 'vibration': 0.16, 'pressure': 1.5, 'latitude': 15.3833, 'longitude': -15.5}
[2025-04-19T00:55:01.290+0000] {subprocess.py:93} INFO - [2025-04-19T00:55:01.216476+00:00] Donnée envoyée et stockée : {'machine_id': 'IOT-MACH-DK-64', 'timestamp': '2025-04-19T00:55:01.213274+00:00', 'region': 'DK', 'season': 'saison_seche', 'temperature': 30.71, 'humidity': 69.2, 'soil_moisture': 45.66, 'vibration': 0.82, 'pressure': 0.91, 'latitude': 14.7167, 'longitude': -17.4677}
[2025-04-19T00:55:01.291+0000] {subprocess.py:93} INFO - [2025-04-19T00:55:01.220113+00:00] Donnée envoyée et stockée : {'machine_id': 'IOT-MACH-SL-88', 'timestamp': '2025-04-19T00:55:01.216620+00:00', 'region': 'SL', 'season': 'saison_seche', 'temperature': 31.3, 'humidity': 54.77, 'soil_moisture': 40.43, 'vibration': 3.62, 'pressure': 2.04, 'latitude': 16.0167, 'longitude': -16.5}
[2025-04-19T00:55:01.291+0000] {subprocess.py:93} INFO - [2025-04-19T00:55:01.224090+00:00] Donnée envoyée et stockée : {'machine_id': 'IOT-MACH-TB-15', 'timestamp': '2025-04-19T00:55:01.220212+00:00', 'region': 'TB', 'season': 'saison_seche', 'temperature': 36.79, 'humidity': 20.02, 'soil_moisture': 30.29, 'vibration': 4.91, 'pressure': 1.4, 'latitude': 15.3833, 'longitude': -15.5}
[2025-04-19T00:55:01.292+0000] {subprocess.py:93} INFO - [2025-04-19T00:55:01.228683+00:00] Donnée envoyée et stockée : {'machine_id': 'IOT-MACH-ZG-79', 'timestamp': '2025-04-19T00:55:01.224194+00:00', 'region': 'ZG', 'season': 'saison_seche', 'temperature': 29.95, 'humidity': 82.14, 'soil_moisture': 34.08, 'vibration': 3.8, 'pressure': 1.96, 'latitude': 12.5833, 'longitude': -16.2667}
[2025-04-19T00:55:01.292+0000] {subprocess.py:93} INFO - [2025-04-19T00:55:01.234054+00:00] Donnée envoyée et stockée : {'machine_id': 'IOT-MACH-SL-15', 'timestamp': '2025-04-19T00:55:01.228785+00:00', 'region': 'SL', 'season': 'saison_seche', 'temperature': 31.7, 'humidity': 54.35, 'soil_moisture': 19.67, 'vibration': 4.55, 'pressure': 2.02, 'latitude': 16.0167, 'longitude': -16.5}
[2025-04-19T00:55:01.294+0000] {subprocess.py:93} INFO - [2025-04-19T00:55:01.238839+00:00] Donnée envoyée et stockée : {'machine_id': 'IOT-MACH-ZG-84', 'timestamp': '2025-04-19T00:55:01.234211+00:00', 'region': 'ZG', 'season': 'saison_seche', 'temperature': 28.86, 'humidity': 76.53, 'soil_moisture': 24.19, 'vibration': 3.03, 'pressure': 2.47, 'latitude': 12.5833, 'longitude': -16.2667}
[2025-04-19T00:55:01.296+0000] {subprocess.py:93} INFO - [2025-04-19T00:55:01.242739+00:00] Donnée envoyée et stockée : {'machine_id': 'IOT-MACH-ZG-36', 'timestamp': '2025-04-19T00:55:01.238939+00:00', 'region': 'ZG', 'season': 'saison_seche', 'temperature': 28.46, 'humidity': 81.81, 'soil_moisture': 29.15, 'vibration': 2.86, 'pressure': 1.23, 'latitude': 12.5833, 'longitude': -16.2667}
[2025-04-19T00:55:01.296+0000] {subprocess.py:93} INFO - [2025-04-19T00:55:01.245794+00:00] Donnée envoyée et stockée : {'machine_id': 'IOT-MACH-KD-100', 'timestamp': '2025-04-19T00:55:01.242803+00:00', 'region': 'KD', 'season': 'saison_seche', 'temperature': 33.19, 'humidity': 50.6, 'soil_moisture': 14.5, 'vibration': 2.72, 'pressure': 2.11, 'latitude': 14.1167, 'longitude': -12.5}
[2025-04-19T00:55:01.296+0000] {subprocess.py:93} INFO - [2025-04-19T00:55:01.248897+00:00] Donnée envoyée et stockée : {'machine_id': 'IOT-MACH-ZG-40', 'timestamp': '2025-04-19T00:55:01.245872+00:00', 'region': 'ZG', 'season': 'saison_seche', 'temperature': 29.82, 'humidity': 78.24, 'soil_moisture': 18.92, 'vibration': 4.2, 'pressure': 1.75, 'latitude': 12.5833, 'longitude': -16.2667}
[2025-04-19T00:55:01.297+0000] {subprocess.py:93} INFO - [2025-04-19T00:55:01.252510+00:00] Donnée envoyée et stockée : {'machine_id': 'IOT-MACH-SL-43', 'timestamp': '2025-04-19T00:55:01.249117+00:00', 'region': 'SL', 'season': 'saison_seche', 'temperature': 31.5, 'humidity': 54.97, 'soil_moisture': 22.13, 'vibration': 0.44, 'pressure': 1.8, 'latitude': 16.0167, 'longitude': -16.5}
[2025-04-19T00:55:01.297+0000] {subprocess.py:93} INFO - [2025-04-19T00:55:01.255484+00:00] Donnée envoyée et stockée : {'machine_id': 'IOT-MACH-DK-27', 'timestamp': '2025-04-19T00:55:01.252560+00:00', 'region': 'DK', 'season': 'saison_seche', 'temperature': 29.96, 'humidity': 67.72, 'soil_moisture': 16.67, 'vibration': 0.87, 'pressure': 2.07, 'latitude': 14.7167, 'longitude': -17.4677}
[2025-04-19T00:55:01.297+0000] {subprocess.py:93} INFO - [2025-04-19T00:55:01.259725+00:00] Donnée envoyée et stockée : {'machine_id': 'IOT-MACH-DK-78', 'timestamp': '2025-04-19T00:55:01.255661+00:00', 'region': 'DK', 'season': 'saison_seche', 'temperature': 30.95, 'humidity': 70.94, 'soil_moisture': 40.15, 'vibration': 1.03, 'pressure': 2.27, 'latitude': 14.7167, 'longitude': -17.4677}
[2025-04-19T00:55:01.298+0000] {subprocess.py:93} INFO - [2025-04-19T00:55:01.262818+00:00] Donnée envoyée et stockée : {'machine_id': 'IOT-MACH-KD-39', 'timestamp': '2025-04-19T00:55:01.259842+00:00', 'region': 'KD', 'season': 'saison_seche', 'temperature': 32.08, 'humidity': 51.38, 'soil_moisture': 13.27, 'vibration': 2.61, 'pressure': 0.98, 'latitude': 14.1167, 'longitude': -12.5}
[2025-04-19T00:55:01.298+0000] {subprocess.py:93} INFO - [2025-04-19T00:55:01.266181+00:00] Donnée envoyée et stockée : {'machine_id': 'IOT-MACH-TB-47', 'timestamp': '2025-04-19T00:55:01.262894+00:00', 'region': 'TB', 'season': 'saison_seche', 'temperature': 37.16, 'humidity': 22.51, 'soil_moisture': 45.75, 'vibration': 4.91, 'pressure': 1.44, 'latitude': 15.3833, 'longitude': -15.5}
[2025-04-19T00:55:01.298+0000] {subprocess.py:93} INFO - [2025-04-19T00:55:01.270578+00:00] Donnée envoyée et stockée : {'machine_id': 'IOT-MACH-TH-44', 'timestamp': '2025-04-19T00:55:01.266423+00:00', 'region': 'TH', 'season': 'saison_seche', 'temperature': 32.52, 'humidity': 50.91, 'soil_moisture': 42.45, 'vibration': 1.25, 'pressure': 2.14, 'latitude': 14.7978, 'longitude': -16.925}
[2025-04-19T00:55:01.299+0000] {subprocess.py:93} INFO - [2025-04-19T00:55:01.275056+00:00] Donnée envoyée et stockée : {'machine_id': 'IOT-MACH-KD-98', 'timestamp': '2025-04-19T00:55:01.270878+00:00', 'region': 'KD', 'season': 'saison_seche', 'temperature': 32.69, 'humidity': 52.85, 'soil_moisture': 41.85, 'vibration': 1.64, 'pressure': 1.45, 'latitude': 14.1167, 'longitude': -12.5}
[2025-04-19T00:55:01.299+0000] {subprocess.py:93} INFO - [2025-04-19T00:55:01.281002+00:00] Donnée envoyée et stockée : {'machine_id': 'IOT-MACH-MT-92', 'timestamp': '2025-04-19T00:55:01.275140+00:00', 'region': 'MT', 'season': 'saison_seche', 'temperature': 39.92, 'humidity': 13.27, 'soil_moisture': 38.81, 'vibration': 4.09, 'pressure': 1.51, 'latitude': 16.0333, 'longitude': -13.5167}
[2025-04-19T00:55:01.299+0000] {subprocess.py:93} INFO - [2025-04-19T00:55:01.287220+00:00] Donnée envoyée et stockée : {'machine_id': 'IOT-MACH-TB-17', 'timestamp': '2025-04-19T00:55:01.281123+00:00', 'region': 'TB', 'season': 'saison_seche', 'temperature': 37.11, 'humidity': 20.53, 'soil_moisture': 28.5, 'vibration': 4.92, 'pressure': 2.21, 'latitude': 15.3833, 'longitude': -15.5}
[2025-04-19T00:55:01.417+0000] {subprocess.py:97} INFO - Command exited with return code 0
[2025-04-19T00:55:01.418+0000] {taskinstance.py:441} INFO - ::group::Post task execution logs
[2025-04-19T00:55:01.441+0000] {taskinstance.py:1206} INFO - Marking task as SUCCESS. dag_id=iot_data_pipeline, task_id=run_iot_producer_script, run_id=scheduled__2025-04-19T00:50:00+00:00, execution_date=20250419T005000, start_date=20250419T005500, end_date=20250419T005501
[2025-04-19T00:55:01.472+0000] {local_task_job_runner.py:240} INFO - Task exited with return code 0
[2025-04-19T00:55:01.491+0000] {taskinstance.py:3503} INFO - 0 downstream tasks scheduled from follow-on schedule check
[2025-04-19T00:55:01.492+0000] {local_task_job_runner.py:222} INFO - ::endgroup::
