[2025-04-17T21:10:00.822+0000] {local_task_job_runner.py:120} INFO - ::group::Pre task execution logs
[2025-04-17T21:10:00.846+0000] {taskinstance.py:2076} INFO - Dependencies all met for dep_context=non-requeueable deps ti=<TaskInstance: iot_data_pipeline.run_iot_producer_script scheduled__2025-04-17T21:05:00+00:00 [queued]>
[2025-04-17T21:10:00.852+0000] {taskinstance.py:2076} INFO - Dependencies all met for dep_context=requeueable deps ti=<TaskInstance: iot_data_pipeline.run_iot_producer_script scheduled__2025-04-17T21:05:00+00:00 [queued]>
[2025-04-17T21:10:00.852+0000] {taskinstance.py:2306} INFO - Starting attempt 1 of 2
[2025-04-17T21:10:00.862+0000] {taskinstance.py:2330} INFO - Executing <Task(BashOperator): run_iot_producer_script> on 2025-04-17 21:05:00+00:00
[2025-04-17T21:10:00.866+0000] {standard_task_runner.py:63} INFO - Started process 4050 to run task
[2025-04-17T21:10:00.869+0000] {standard_task_runner.py:90} INFO - Running: ['***', 'tasks', 'run', 'iot_data_pipeline', 'run_iot_producer_script', 'scheduled__2025-04-17T21:05:00+00:00', '--job-id', '19', '--raw', '--subdir', 'DAGS_FOLDER/iot_data_dag.py', '--cfg-path', '/tmp/tmpo8tmlg4u']
[2025-04-17T21:10:00.871+0000] {standard_task_runner.py:91} INFO - Job 19: Subtask run_iot_producer_script
[2025-04-17T21:10:00.906+0000] {task_command.py:426} INFO - Running <TaskInstance: iot_data_pipeline.run_iot_producer_script scheduled__2025-04-17T21:05:00+00:00 [running]> on host e4d9865e557d
[2025-04-17T21:10:00.967+0000] {taskinstance.py:2648} INFO - Exporting env vars: AIRFLOW_CTX_DAG_OWNER='***' AIRFLOW_CTX_DAG_ID='iot_data_pipeline' AIRFLOW_CTX_TASK_ID='run_iot_producer_script' AIRFLOW_CTX_EXECUTION_DATE='2025-04-17T21:05:00+00:00' AIRFLOW_CTX_TRY_NUMBER='1' AIRFLOW_CTX_DAG_RUN_ID='scheduled__2025-04-17T21:05:00+00:00'
[2025-04-17T21:10:00.967+0000] {taskinstance.py:430} INFO - ::endgroup::
[2025-04-17T21:10:00.978+0000] {subprocess.py:63} INFO - Tmp dir root location: /tmp
[2025-04-17T21:10:00.978+0000] {subprocess.py:75} INFO - Running command: ['/usr/bin/bash', '-c', 'python3 /opt/***/dags/script/iot_data_producer.py']
[2025-04-17T21:10:00.986+0000] {subprocess.py:86} INFO - Output:
[2025-04-17T21:10:01.600+0000] {subprocess.py:93} INFO - [2025-04-17T21:10:01.599627+00:00] Donnée envoyée et stockée : {'machine_id': 'IOT-MACH-TH-71', 'timestamp': '2025-04-17T21:10:01.590367+00:00', 'region': 'TH', 'season': 'saison_seche', 'temperature': 32.65, 'humidity': 45.35, 'soil_moisture': 35.21, 'vibration': 4.07, 'pressure': 1.43, 'latitude': 14.7978, 'longitude': -16.925}
[2025-04-17T21:10:01.657+0000] {subprocess.py:97} INFO - Command exited with return code 0
[2025-04-17T21:10:01.657+0000] {taskinstance.py:441} INFO - ::group::Post task execution logs
[2025-04-17T21:10:01.675+0000] {taskinstance.py:1206} INFO - Marking task as SUCCESS. dag_id=iot_data_pipeline, task_id=run_iot_producer_script, run_id=scheduled__2025-04-17T21:05:00+00:00, execution_date=20250417T210500, start_date=20250417T211000, end_date=20250417T211001
[2025-04-17T21:10:01.722+0000] {local_task_job_runner.py:240} INFO - Task exited with return code 0
[2025-04-17T21:10:01.739+0000] {taskinstance.py:3503} INFO - 0 downstream tasks scheduled from follow-on schedule check
[2025-04-17T21:10:01.740+0000] {local_task_job_runner.py:222} INFO - ::endgroup::
