[2025-04-17T22:30:00.608+0000] {local_task_job_runner.py:120} INFO - ::group::Pre task execution logs
[2025-04-17T22:30:00.632+0000] {taskinstance.py:2076} INFO - Dependencies all met for dep_context=non-requeueable deps ti=<TaskInstance: iot_data_pipeline.run_iot_producer_script scheduled__2025-04-17T22:25:00+00:00 [queued]>
[2025-04-17T22:30:00.638+0000] {taskinstance.py:2076} INFO - Dependencies all met for dep_context=requeueable deps ti=<TaskInstance: iot_data_pipeline.run_iot_producer_script scheduled__2025-04-17T22:25:00+00:00 [queued]>
[2025-04-17T22:30:00.638+0000] {taskinstance.py:2306} INFO - Starting attempt 1 of 2
[2025-04-17T22:30:00.647+0000] {taskinstance.py:2330} INFO - Executing <Task(BashOperator): run_iot_producer_script> on 2025-04-17 22:25:00+00:00
[2025-04-17T22:30:00.650+0000] {standard_task_runner.py:63} INFO - Started process 569 to run task
[2025-04-17T22:30:00.653+0000] {standard_task_runner.py:90} INFO - Running: ['***', 'tasks', 'run', 'iot_data_pipeline', 'run_iot_producer_script', 'scheduled__2025-04-17T22:25:00+00:00', '--job-id', '4', '--raw', '--subdir', 'DAGS_FOLDER/iot_data_dag.py', '--cfg-path', '/tmp/tmpise73sao']
[2025-04-17T22:30:00.654+0000] {standard_task_runner.py:91} INFO - Job 4: Subtask run_iot_producer_script
[2025-04-17T22:30:00.689+0000] {task_command.py:426} INFO - Running <TaskInstance: iot_data_pipeline.run_iot_producer_script scheduled__2025-04-17T22:25:00+00:00 [running]> on host 2b5f93c9e322
[2025-04-17T22:30:00.757+0000] {taskinstance.py:2648} INFO - Exporting env vars: AIRFLOW_CTX_DAG_OWNER='***' AIRFLOW_CTX_DAG_ID='iot_data_pipeline' AIRFLOW_CTX_TASK_ID='run_iot_producer_script' AIRFLOW_CTX_EXECUTION_DATE='2025-04-17T22:25:00+00:00' AIRFLOW_CTX_TRY_NUMBER='1' AIRFLOW_CTX_DAG_RUN_ID='scheduled__2025-04-17T22:25:00+00:00'
[2025-04-17T22:30:00.758+0000] {taskinstance.py:430} INFO - ::endgroup::
[2025-04-17T22:30:00.768+0000] {subprocess.py:63} INFO - Tmp dir root location: /tmp
[2025-04-17T22:30:00.768+0000] {subprocess.py:75} INFO - Running command: ['/usr/bin/bash', '-c', 'python3 /opt/***/dags/script/iot_data_producer.py']
[2025-04-17T22:30:00.777+0000] {subprocess.py:86} INFO - Output:
[2025-04-17T22:30:01.396+0000] {subprocess.py:93} INFO - [2025-04-17T22:30:01.396210+00:00] Donnée envoyée et stockée : {'machine_id': 'IOT-MACH-SL-8', 'timestamp': '2025-04-17T22:30:01.387551+00:00', 'region': 'SL', 'season': 'saison_seche', 'temperature': 30.91, 'humidity': 54.14, 'soil_moisture': 18.54, 'vibration': 2.54, 'pressure': 2.26, 'latitude': 16.0167, 'longitude': -16.5}
[2025-04-17T22:30:01.455+0000] {subprocess.py:97} INFO - Command exited with return code 0
[2025-04-17T22:30:01.455+0000] {taskinstance.py:441} INFO - ::group::Post task execution logs
[2025-04-17T22:30:01.475+0000] {taskinstance.py:1206} INFO - Marking task as SUCCESS. dag_id=iot_data_pipeline, task_id=run_iot_producer_script, run_id=scheduled__2025-04-17T22:25:00+00:00, execution_date=20250417T222500, start_date=20250417T223000, end_date=20250417T223001
[2025-04-17T22:30:01.507+0000] {local_task_job_runner.py:240} INFO - Task exited with return code 0
[2025-04-17T22:30:01.563+0000] {taskinstance.py:3503} INFO - 0 downstream tasks scheduled from follow-on schedule check
[2025-04-17T22:30:01.566+0000] {local_task_job_runner.py:222} INFO - ::endgroup::
