[2025-04-15T20:30:00.959+0000] {local_task_job_runner.py:120} INFO - ::group::Pre task execution logs
[2025-04-15T20:30:00.981+0000] {taskinstance.py:2076} INFO - Dependencies all met for dep_context=non-requeueable deps ti=<TaskInstance: iot_data_pipeline.run_iot_producer_script scheduled__2025-04-15T20:25:00+00:00 [queued]>
[2025-04-15T20:30:00.986+0000] {taskinstance.py:2076} INFO - Dependencies all met for dep_context=requeueable deps ti=<TaskInstance: iot_data_pipeline.run_iot_producer_script scheduled__2025-04-15T20:25:00+00:00 [queued]>
[2025-04-15T20:30:00.986+0000] {taskinstance.py:2306} INFO - Starting attempt 1 of 2
[2025-04-15T20:30:00.995+0000] {taskinstance.py:2330} INFO - Executing <Task(BashOperator): run_iot_producer_script> on 2025-04-15 20:25:00+00:00
[2025-04-15T20:30:00.998+0000] {standard_task_runner.py:63} INFO - Started process 4890 to run task
[2025-04-15T20:30:01.001+0000] {standard_task_runner.py:90} INFO - Running: ['***', 'tasks', 'run', 'iot_data_pipeline', 'run_iot_producer_script', 'scheduled__2025-04-15T20:25:00+00:00', '--job-id', '153', '--raw', '--subdir', 'DAGS_FOLDER/iot_data_dag.py', '--cfg-path', '/tmp/tmp6pzbh629']
[2025-04-15T20:30:01.002+0000] {standard_task_runner.py:91} INFO - Job 153: Subtask run_iot_producer_script
[2025-04-15T20:30:01.035+0000] {task_command.py:426} INFO - Running <TaskInstance: iot_data_pipeline.run_iot_producer_script scheduled__2025-04-15T20:25:00+00:00 [running]> on host aef507eba48f
[2025-04-15T20:30:01.095+0000] {taskinstance.py:2648} INFO - Exporting env vars: AIRFLOW_CTX_DAG_OWNER='***' AIRFLOW_CTX_DAG_ID='iot_data_pipeline' AIRFLOW_CTX_TASK_ID='run_iot_producer_script' AIRFLOW_CTX_EXECUTION_DATE='2025-04-15T20:25:00+00:00' AIRFLOW_CTX_TRY_NUMBER='1' AIRFLOW_CTX_DAG_RUN_ID='scheduled__2025-04-15T20:25:00+00:00'
[2025-04-15T20:30:01.096+0000] {taskinstance.py:430} INFO - ::endgroup::
[2025-04-15T20:30:01.107+0000] {subprocess.py:63} INFO - Tmp dir root location: /tmp
[2025-04-15T20:30:01.107+0000] {subprocess.py:75} INFO - Running command: ['/usr/bin/bash', '-c', 'python3 /opt/***/dags/script/iot_data_producer.py']
[2025-04-15T20:30:01.115+0000] {subprocess.py:86} INFO - Output:
[2025-04-15T20:30:01.771+0000] {subprocess.py:93} INFO - [2025-04-15T20:30:01.771369+00:00] Donnée envoyée et stockée : {'machine_id': 'IOT-MACH-DK-97', 'timestamp': '2025-04-15T20:30:01.763901+00:00', 'region': 'DK', 'season': 'saison_seche', 'temperature': 30.84, 'humidity': 72.51, 'soil_moisture': 12.95, 'vibration': 0.55, 'pressure': 2.5, 'latitude': 14.7167, 'longitude': -17.4677}
[2025-04-15T20:30:01.817+0000] {subprocess.py:97} INFO - Command exited with return code 0
[2025-04-15T20:30:01.818+0000] {taskinstance.py:441} INFO - ::group::Post task execution logs
[2025-04-15T20:30:01.839+0000] {taskinstance.py:1206} INFO - Marking task as SUCCESS. dag_id=iot_data_pipeline, task_id=run_iot_producer_script, run_id=scheduled__2025-04-15T20:25:00+00:00, execution_date=20250415T202500, start_date=20250415T203000, end_date=20250415T203001
[2025-04-15T20:30:01.854+0000] {local_task_job_runner.py:240} INFO - Task exited with return code 0
[2025-04-15T20:30:01.868+0000] {taskinstance.py:3503} INFO - 0 downstream tasks scheduled from follow-on schedule check
[2025-04-15T20:30:01.869+0000] {local_task_job_runner.py:222} INFO - ::endgroup::
