[2025-04-14T23:30:00.996+0000] {local_task_job_runner.py:120} INFO - ::group::Pre task execution logs
[2025-04-14T23:30:01.078+0000] {taskinstance.py:2076} INFO - Dependencies all met for dep_context=non-requeueable deps ti=<TaskInstance: iot_data_pipeline.run_iot_producer_script scheduled__2025-04-14T23:25:00+00:00 [queued]>
[2025-04-14T23:30:01.092+0000] {taskinstance.py:2076} INFO - Dependencies all met for dep_context=requeueable deps ti=<TaskInstance: iot_data_pipeline.run_iot_producer_script scheduled__2025-04-14T23:25:00+00:00 [queued]>
[2025-04-14T23:30:01.093+0000] {taskinstance.py:2306} INFO - Starting attempt 1 of 2
[2025-04-14T23:30:01.126+0000] {taskinstance.py:2330} INFO - Executing <Task(BashOperator): run_iot_producer_script> on 2025-04-14 23:25:00+00:00
[2025-04-14T23:30:01.136+0000] {standard_task_runner.py:63} INFO - Started process 9377 to run task
[2025-04-14T23:30:01.142+0000] {standard_task_runner.py:90} INFO - Running: ['***', 'tasks', 'run', 'iot_data_pipeline', 'run_iot_producer_script', 'scheduled__2025-04-14T23:25:00+00:00', '--job-id', '93', '--raw', '--subdir', 'DAGS_FOLDER/iot_data_dag.py', '--cfg-path', '/tmp/tmpo5awmbiq']
[2025-04-14T23:30:01.146+0000] {standard_task_runner.py:91} INFO - Job 93: Subtask run_iot_producer_script
[2025-04-14T23:30:01.251+0000] {task_command.py:426} INFO - Running <TaskInstance: iot_data_pipeline.run_iot_producer_script scheduled__2025-04-14T23:25:00+00:00 [running]> on host aef507eba48f
[2025-04-14T23:30:01.462+0000] {taskinstance.py:2648} INFO - Exporting env vars: AIRFLOW_CTX_DAG_OWNER='***' AIRFLOW_CTX_DAG_ID='iot_data_pipeline' AIRFLOW_CTX_TASK_ID='run_iot_producer_script' AIRFLOW_CTX_EXECUTION_DATE='2025-04-14T23:25:00+00:00' AIRFLOW_CTX_TRY_NUMBER='1' AIRFLOW_CTX_DAG_RUN_ID='scheduled__2025-04-14T23:25:00+00:00'
[2025-04-14T23:30:01.463+0000] {taskinstance.py:430} INFO - ::endgroup::
[2025-04-14T23:30:01.503+0000] {subprocess.py:63} INFO - Tmp dir root location: /tmp
[2025-04-14T23:30:01.504+0000] {subprocess.py:75} INFO - Running command: ['/usr/bin/bash', '-c', 'python3 /opt/***/dags/script/iot_data_producer.py']
[2025-04-14T23:30:01.521+0000] {subprocess.py:86} INFO - Output:
[2025-04-14T23:30:03.427+0000] {subprocess.py:93} INFO - [2025-04-14T23:30:03.425276+00:00] Donnée envoyée et stockée : {'machine_id': 'IOT-MACH-MT-36', 'timestamp': '2025-04-14T23:30:03.419287+00:00', 'region': 'MT', 'season': 'saison_seche', 'temperature': 39.82, 'humidity': 17.99, 'soil_moisture': 16.09, 'vibration': 0.84, 'pressure': 1.53, 'latitude': 16.0333, 'longitude': -13.5167}
[2025-04-14T23:30:03.583+0000] {subprocess.py:97} INFO - Command exited with return code 0
[2025-04-14T23:30:03.585+0000] {taskinstance.py:441} INFO - ::group::Post task execution logs
[2025-04-14T23:30:03.659+0000] {taskinstance.py:1206} INFO - Marking task as SUCCESS. dag_id=iot_data_pipeline, task_id=run_iot_producer_script, run_id=scheduled__2025-04-14T23:25:00+00:00, execution_date=20250414T232500, start_date=20250414T233001, end_date=20250414T233003
[2025-04-14T23:30:03.736+0000] {local_task_job_runner.py:240} INFO - Task exited with return code 0
[2025-04-14T23:30:03.781+0000] {taskinstance.py:3503} INFO - 0 downstream tasks scheduled from follow-on schedule check
[2025-04-14T23:30:03.786+0000] {local_task_job_runner.py:222} INFO - ::endgroup::
