[2025-04-15T20:55:00.624+0000] {local_task_job_runner.py:120} INFO - ::group::Pre task execution logs
[2025-04-15T20:55:00.646+0000] {taskinstance.py:2076} INFO - Dependencies all met for dep_context=non-requeueable deps ti=<TaskInstance: iot_data_pipeline.run_iot_producer_script scheduled__2025-04-15T20:50:00+00:00 [queued]>
[2025-04-15T20:55:00.651+0000] {taskinstance.py:2076} INFO - Dependencies all met for dep_context=requeueable deps ti=<TaskInstance: iot_data_pipeline.run_iot_producer_script scheduled__2025-04-15T20:50:00+00:00 [queued]>
[2025-04-15T20:55:00.651+0000] {taskinstance.py:2306} INFO - Starting attempt 1 of 2
[2025-04-15T20:55:00.660+0000] {taskinstance.py:2330} INFO - Executing <Task(BashOperator): run_iot_producer_script> on 2025-04-15 20:50:00+00:00
[2025-04-15T20:55:00.664+0000] {standard_task_runner.py:63} INFO - Started process 1744 to run task
[2025-04-15T20:55:00.666+0000] {standard_task_runner.py:90} INFO - Running: ['***', 'tasks', 'run', 'iot_data_pipeline', 'run_iot_producer_script', 'scheduled__2025-04-15T20:50:00+00:00', '--job-id', '8', '--raw', '--subdir', 'DAGS_FOLDER/iot_data_dag.py', '--cfg-path', '/tmp/tmpem996x3d']
[2025-04-15T20:55:00.668+0000] {standard_task_runner.py:91} INFO - Job 8: Subtask run_iot_producer_script
[2025-04-15T20:55:00.702+0000] {task_command.py:426} INFO - Running <TaskInstance: iot_data_pipeline.run_iot_producer_script scheduled__2025-04-15T20:50:00+00:00 [running]> on host cfceca701afe
[2025-04-15T20:55:00.761+0000] {taskinstance.py:2648} INFO - Exporting env vars: AIRFLOW_CTX_DAG_OWNER='***' AIRFLOW_CTX_DAG_ID='iot_data_pipeline' AIRFLOW_CTX_TASK_ID='run_iot_producer_script' AIRFLOW_CTX_EXECUTION_DATE='2025-04-15T20:50:00+00:00' AIRFLOW_CTX_TRY_NUMBER='1' AIRFLOW_CTX_DAG_RUN_ID='scheduled__2025-04-15T20:50:00+00:00'
[2025-04-15T20:55:00.761+0000] {taskinstance.py:430} INFO - ::endgroup::
[2025-04-15T20:55:00.771+0000] {subprocess.py:63} INFO - Tmp dir root location: /tmp
[2025-04-15T20:55:00.772+0000] {subprocess.py:75} INFO - Running command: ['/usr/bin/bash', '-c', 'python3 /opt/***/dags/script/iot_data_producer.py']
[2025-04-15T20:55:00.780+0000] {subprocess.py:86} INFO - Output:
[2025-04-15T20:55:01.780+0000] {subprocess.py:93} INFO - [2025-04-15T20:55:01.780550+00:00] Donnée envoyée et stockée : {'machine_id': 'IOT-MACH-KD-91', 'timestamp': '2025-04-15T20:55:01.774287+00:00', 'region': 'KD', 'season': 'saison_seche', 'temperature': 33.84, 'humidity': 50.41, 'soil_moisture': 26.73, 'vibration': 4.01, 'pressure': 0.82, 'latitude': 14.1167, 'longitude': -12.5}
[2025-04-15T20:55:01.905+0000] {subprocess.py:97} INFO - Command exited with return code 0
[2025-04-15T20:55:01.906+0000] {taskinstance.py:441} INFO - ::group::Post task execution logs
[2025-04-15T20:55:01.942+0000] {taskinstance.py:1206} INFO - Marking task as SUCCESS. dag_id=iot_data_pipeline, task_id=run_iot_producer_script, run_id=scheduled__2025-04-15T20:50:00+00:00, execution_date=20250415T205000, start_date=20250415T205500, end_date=20250415T205501
[2025-04-15T20:55:02.002+0000] {local_task_job_runner.py:240} INFO - Task exited with return code 0
[2025-04-15T20:55:02.018+0000] {taskinstance.py:3503} INFO - 0 downstream tasks scheduled from follow-on schedule check
[2025-04-15T20:55:02.019+0000] {local_task_job_runner.py:222} INFO - ::endgroup::
