[2025-04-17T23:50:00.730+0000] {local_task_job_runner.py:120} INFO - ::group::Pre task execution logs
[2025-04-17T23:50:00.755+0000] {taskinstance.py:2076} INFO - Dependencies all met for dep_context=non-requeueable deps ti=<TaskInstance: iot_data_pipeline.run_iot_producer_script scheduled__2025-04-17T23:45:00+00:00 [queued]>
[2025-04-17T23:50:00.761+0000] {taskinstance.py:2076} INFO - Dependencies all met for dep_context=requeueable deps ti=<TaskInstance: iot_data_pipeline.run_iot_producer_script scheduled__2025-04-17T23:45:00+00:00 [queued]>
[2025-04-17T23:50:00.762+0000] {taskinstance.py:2306} INFO - Starting attempt 1 of 2
[2025-04-17T23:50:00.771+0000] {taskinstance.py:2330} INFO - Executing <Task(BashOperator): run_iot_producer_script> on 2025-04-17 23:45:00+00:00
[2025-04-17T23:50:00.775+0000] {standard_task_runner.py:63} INFO - Started process 3690 to run task
[2025-04-17T23:50:00.777+0000] {standard_task_runner.py:90} INFO - Running: ['***', 'tasks', 'run', 'iot_data_pipeline', 'run_iot_producer_script', 'scheduled__2025-04-17T23:45:00+00:00', '--job-id', '32', '--raw', '--subdir', 'DAGS_FOLDER/iot_data_dag.py', '--cfg-path', '/tmp/tmp6bs9tkoi']
[2025-04-17T23:50:00.779+0000] {standard_task_runner.py:91} INFO - Job 32: Subtask run_iot_producer_script
[2025-04-17T23:50:00.812+0000] {task_command.py:426} INFO - Running <TaskInstance: iot_data_pipeline.run_iot_producer_script scheduled__2025-04-17T23:45:00+00:00 [running]> on host 2b5f93c9e322
[2025-04-17T23:50:00.877+0000] {taskinstance.py:2648} INFO - Exporting env vars: AIRFLOW_CTX_DAG_OWNER='***' AIRFLOW_CTX_DAG_ID='iot_data_pipeline' AIRFLOW_CTX_TASK_ID='run_iot_producer_script' AIRFLOW_CTX_EXECUTION_DATE='2025-04-17T23:45:00+00:00' AIRFLOW_CTX_TRY_NUMBER='1' AIRFLOW_CTX_DAG_RUN_ID='scheduled__2025-04-17T23:45:00+00:00'
[2025-04-17T23:50:00.877+0000] {taskinstance.py:430} INFO - ::endgroup::
[2025-04-17T23:50:00.889+0000] {subprocess.py:63} INFO - Tmp dir root location: /tmp
[2025-04-17T23:50:00.890+0000] {subprocess.py:75} INFO - Running command: ['/usr/bin/bash', '-c', 'python3 /opt/***/dags/script/iot_data_producer.py']
[2025-04-17T23:50:00.898+0000] {subprocess.py:86} INFO - Output:
[2025-04-17T23:50:01.778+0000] {subprocess.py:93} INFO - [2025-04-17T23:50:01.778648+00:00] Donnée envoyée et stockée : {'machine_id': 'IOT-MACH-TH-82', 'timestamp': '2025-04-17T23:50:01.772001+00:00', 'region': 'TH', 'season': 'saison_seche', 'temperature': 31.87, 'humidity': 50.47, 'soil_moisture': 23.58, 'vibration': 2.72, 'pressure': 1.88, 'latitude': 14.7978, 'longitude': -16.925}
[2025-04-17T23:50:01.829+0000] {subprocess.py:97} INFO - Command exited with return code 0
[2025-04-17T23:50:01.830+0000] {taskinstance.py:441} INFO - ::group::Post task execution logs
[2025-04-17T23:50:01.850+0000] {taskinstance.py:1206} INFO - Marking task as SUCCESS. dag_id=iot_data_pipeline, task_id=run_iot_producer_script, run_id=scheduled__2025-04-17T23:45:00+00:00, execution_date=20250417T234500, start_date=20250417T235000, end_date=20250417T235001
[2025-04-17T23:50:01.872+0000] {local_task_job_runner.py:240} INFO - Task exited with return code 0
[2025-04-17T23:50:01.894+0000] {taskinstance.py:3503} INFO - 0 downstream tasks scheduled from follow-on schedule check
[2025-04-17T23:50:01.895+0000] {local_task_job_runner.py:222} INFO - ::endgroup::
