[2025-04-14T23:45:20.644+0000] {local_task_job_runner.py:120} INFO - ::group::Pre task execution logs
[2025-04-14T23:45:20.666+0000] {taskinstance.py:2076} INFO - Dependencies all met for dep_context=non-requeueable deps ti=<TaskInstance: iot_data_pipeline.run_iot_producer_script scheduled__2025-04-14T23:40:00+00:00 [queued]>
[2025-04-14T23:45:20.672+0000] {taskinstance.py:2076} INFO - Dependencies all met for dep_context=requeueable deps ti=<TaskInstance: iot_data_pipeline.run_iot_producer_script scheduled__2025-04-14T23:40:00+00:00 [queued]>
[2025-04-14T23:45:20.672+0000] {taskinstance.py:2306} INFO - Starting attempt 1 of 2
[2025-04-14T23:45:20.681+0000] {taskinstance.py:2330} INFO - Executing <Task(BashOperator): run_iot_producer_script> on 2025-04-14 23:40:00+00:00
[2025-04-14T23:45:20.686+0000] {standard_task_runner.py:63} INFO - Started process 10452 to run task
[2025-04-14T23:45:20.689+0000] {standard_task_runner.py:90} INFO - Running: ['***', 'tasks', 'run', 'iot_data_pipeline', 'run_iot_producer_script', 'scheduled__2025-04-14T23:40:00+00:00', '--job-id', '96', '--raw', '--subdir', 'DAGS_FOLDER/iot_data_dag.py', '--cfg-path', '/tmp/tmprd1raeeh']
[2025-04-14T23:45:20.691+0000] {standard_task_runner.py:91} INFO - Job 96: Subtask run_iot_producer_script
[2025-04-14T23:45:20.731+0000] {task_command.py:426} INFO - Running <TaskInstance: iot_data_pipeline.run_iot_producer_script scheduled__2025-04-14T23:40:00+00:00 [running]> on host aef507eba48f
[2025-04-14T23:45:20.796+0000] {taskinstance.py:2648} INFO - Exporting env vars: AIRFLOW_CTX_DAG_OWNER='***' AIRFLOW_CTX_DAG_ID='iot_data_pipeline' AIRFLOW_CTX_TASK_ID='run_iot_producer_script' AIRFLOW_CTX_EXECUTION_DATE='2025-04-14T23:40:00+00:00' AIRFLOW_CTX_TRY_NUMBER='1' AIRFLOW_CTX_DAG_RUN_ID='scheduled__2025-04-14T23:40:00+00:00'
[2025-04-14T23:45:20.796+0000] {taskinstance.py:430} INFO - ::endgroup::
[2025-04-14T23:45:20.808+0000] {subprocess.py:63} INFO - Tmp dir root location: /tmp
[2025-04-14T23:45:20.809+0000] {subprocess.py:75} INFO - Running command: ['/usr/bin/bash', '-c', 'python3 /opt/***/dags/script/iot_data_producer.py']
[2025-04-14T23:45:20.834+0000] {subprocess.py:86} INFO - Output:
[2025-04-14T23:45:21.647+0000] {subprocess.py:93} INFO - [2025-04-14T23:45:21.646825+00:00] Donnée envoyée et stockée : {'machine_id': 'IOT-MACH-TB-19', 'timestamp': '2025-04-14T23:45:21.631096+00:00', 'region': 'TB', 'season': 'saison_seche', 'temperature': 37.5, 'humidity': 26.75, 'soil_moisture': 47.1, 'vibration': 0.21, 'pressure': 1.95, 'latitude': 15.3833, 'longitude': -15.5}
[2025-04-14T23:45:21.755+0000] {subprocess.py:97} INFO - Command exited with return code 0
[2025-04-14T23:45:21.757+0000] {taskinstance.py:441} INFO - ::group::Post task execution logs
[2025-04-14T23:45:21.823+0000] {taskinstance.py:1206} INFO - Marking task as SUCCESS. dag_id=iot_data_pipeline, task_id=run_iot_producer_script, run_id=scheduled__2025-04-14T23:40:00+00:00, execution_date=20250414T234000, start_date=20250414T234520, end_date=20250414T234521
[2025-04-14T23:45:21.864+0000] {local_task_job_runner.py:240} INFO - Task exited with return code 0
[2025-04-14T23:45:21.919+0000] {taskinstance.py:3503} INFO - 0 downstream tasks scheduled from follow-on schedule check
[2025-04-14T23:45:21.921+0000] {local_task_job_runner.py:222} INFO - ::endgroup::
