[2025-04-15T20:20:00.453+0000] {local_task_job_runner.py:120} INFO - ::group::Pre task execution logs
[2025-04-15T20:20:00.476+0000] {taskinstance.py:2076} INFO - Dependencies all met for dep_context=non-requeueable deps ti=<TaskInstance: iot_data_pipeline.run_iot_producer_script scheduled__2025-04-15T20:15:00+00:00 [queued]>
[2025-04-15T20:20:00.481+0000] {taskinstance.py:2076} INFO - Dependencies all met for dep_context=requeueable deps ti=<TaskInstance: iot_data_pipeline.run_iot_producer_script scheduled__2025-04-15T20:15:00+00:00 [queued]>
[2025-04-15T20:20:00.481+0000] {taskinstance.py:2306} INFO - Starting attempt 1 of 2
[2025-04-15T20:20:00.489+0000] {taskinstance.py:2330} INFO - Executing <Task(BashOperator): run_iot_producer_script> on 2025-04-15 20:15:00+00:00
[2025-04-15T20:20:00.493+0000] {standard_task_runner.py:63} INFO - Started process 4193 to run task
[2025-04-15T20:20:00.496+0000] {standard_task_runner.py:90} INFO - Running: ['***', 'tasks', 'run', 'iot_data_pipeline', 'run_iot_producer_script', 'scheduled__2025-04-15T20:15:00+00:00', '--job-id', '151', '--raw', '--subdir', 'DAGS_FOLDER/iot_data_dag.py', '--cfg-path', '/tmp/tmp8q07bbkm']
[2025-04-15T20:20:00.497+0000] {standard_task_runner.py:91} INFO - Job 151: Subtask run_iot_producer_script
[2025-04-15T20:20:00.531+0000] {task_command.py:426} INFO - Running <TaskInstance: iot_data_pipeline.run_iot_producer_script scheduled__2025-04-15T20:15:00+00:00 [running]> on host aef507eba48f
[2025-04-15T20:20:00.590+0000] {taskinstance.py:2648} INFO - Exporting env vars: AIRFLOW_CTX_DAG_OWNER='***' AIRFLOW_CTX_DAG_ID='iot_data_pipeline' AIRFLOW_CTX_TASK_ID='run_iot_producer_script' AIRFLOW_CTX_EXECUTION_DATE='2025-04-15T20:15:00+00:00' AIRFLOW_CTX_TRY_NUMBER='1' AIRFLOW_CTX_DAG_RUN_ID='scheduled__2025-04-15T20:15:00+00:00'
[2025-04-15T20:20:00.591+0000] {taskinstance.py:430} INFO - ::endgroup::
[2025-04-15T20:20:00.602+0000] {subprocess.py:63} INFO - Tmp dir root location: /tmp
[2025-04-15T20:20:00.602+0000] {subprocess.py:75} INFO - Running command: ['/usr/bin/bash', '-c', 'python3 /opt/***/dags/script/iot_data_producer.py']
[2025-04-15T20:20:00.609+0000] {subprocess.py:86} INFO - Output:
[2025-04-15T20:20:01.240+0000] {subprocess.py:93} INFO - [2025-04-15T20:20:01.240223+00:00] Donnée envoyée et stockée : {'machine_id': 'IOT-MACH-MT-20', 'timestamp': '2025-04-15T20:20:01.231200+00:00', 'region': 'MT', 'season': 'saison_seche', 'temperature': 39.43, 'humidity': 13.37, 'soil_moisture': 17.29, 'vibration': 3.12, 'pressure': 1.76, 'latitude': 16.0333, 'longitude': -13.5167}
[2025-04-15T20:20:01.297+0000] {subprocess.py:97} INFO - Command exited with return code 0
[2025-04-15T20:20:01.298+0000] {taskinstance.py:441} INFO - ::group::Post task execution logs
[2025-04-15T20:20:01.319+0000] {taskinstance.py:1206} INFO - Marking task as SUCCESS. dag_id=iot_data_pipeline, task_id=run_iot_producer_script, run_id=scheduled__2025-04-15T20:15:00+00:00, execution_date=20250415T201500, start_date=20250415T202000, end_date=20250415T202001
[2025-04-15T20:20:01.349+0000] {local_task_job_runner.py:240} INFO - Task exited with return code 0
[2025-04-15T20:20:01.365+0000] {taskinstance.py:3503} INFO - 0 downstream tasks scheduled from follow-on schedule check
[2025-04-15T20:20:01.366+0000] {local_task_job_runner.py:222} INFO - ::endgroup::
