[2025-04-19T01:15:00.354+0000] {local_task_job_runner.py:120} INFO - ::group::Pre task execution logs
[2025-04-19T01:15:00.377+0000] {taskinstance.py:2076} INFO - Dependencies all met for dep_context=non-requeueable deps ti=<TaskInstance: iot_data_pipeline.run_iot_producer_script scheduled__2025-04-19T01:10:00+00:00 [queued]>
[2025-04-19T01:15:00.382+0000] {taskinstance.py:2076} INFO - Dependencies all met for dep_context=requeueable deps ti=<TaskInstance: iot_data_pipeline.run_iot_producer_script scheduled__2025-04-19T01:10:00+00:00 [queued]>
[2025-04-19T01:15:00.382+0000] {taskinstance.py:2306} INFO - Starting attempt 1 of 2
[2025-04-19T01:15:00.391+0000] {taskinstance.py:2330} INFO - Executing <Task(BashOperator): run_iot_producer_script> on 2025-04-19 01:10:00+00:00
[2025-04-19T01:15:00.394+0000] {standard_task_runner.py:63} INFO - Started process 23330 to run task
[2025-04-19T01:15:00.397+0000] {standard_task_runner.py:90} INFO - Running: ['***', 'tasks', 'run', 'iot_data_pipeline', 'run_iot_producer_script', 'scheduled__2025-04-19T01:10:00+00:00', '--job-id', '48', '--raw', '--subdir', 'DAGS_FOLDER/iot_data_dag.py', '--cfg-path', '/tmp/tmp733cwj4l']
[2025-04-19T01:15:00.398+0000] {standard_task_runner.py:91} INFO - Job 48: Subtask run_iot_producer_script
[2025-04-19T01:15:00.431+0000] {task_command.py:426} INFO - Running <TaskInstance: iot_data_pipeline.run_iot_producer_script scheduled__2025-04-19T01:10:00+00:00 [running]> on host 2b5f93c9e322
[2025-04-19T01:15:00.495+0000] {taskinstance.py:2648} INFO - Exporting env vars: AIRFLOW_CTX_DAG_OWNER='***' AIRFLOW_CTX_DAG_ID='iot_data_pipeline' AIRFLOW_CTX_TASK_ID='run_iot_producer_script' AIRFLOW_CTX_EXECUTION_DATE='2025-04-19T01:10:00+00:00' AIRFLOW_CTX_TRY_NUMBER='1' AIRFLOW_CTX_DAG_RUN_ID='scheduled__2025-04-19T01:10:00+00:00'
[2025-04-19T01:15:00.495+0000] {taskinstance.py:430} INFO - ::endgroup::
[2025-04-19T01:15:00.506+0000] {subprocess.py:63} INFO - Tmp dir root location: /tmp
[2025-04-19T01:15:00.506+0000] {subprocess.py:75} INFO - Running command: ['/usr/bin/bash', '-c', 'python3 /opt/***/dags/script/iot_data_producer.py']
[2025-04-19T01:15:00.513+0000] {subprocess.py:86} INFO - Output:
[2025-04-19T01:15:01.141+0000] {subprocess.py:93} INFO - [2025-04-19T01:15:01.121635+00:00] Donnée envoyée et stockée : {'machine_id': 'IOT-MACH-DK-24', 'timestamp': '2025-04-19T01:15:01.115232+00:00', 'region': 'DK', 'season': 'saison_seche', 'temperature': 30.45, 'humidity': 66.99, 'soil_moisture': 35.97, 'vibration': 4.89, 'pressure': 1.38, 'latitude': 14.7167, 'longitude': -17.4677}
[2025-04-19T01:15:01.142+0000] {subprocess.py:93} INFO - [2025-04-19T01:15:01.122797+00:00] Donnée envoyée et stockée : {'machine_id': 'IOT-MACH-TB-69', 'timestamp': '2025-04-19T01:15:01.121668+00:00', 'region': 'TB', 'season': 'saison_seche', 'temperature': 36.79, 'humidity': 25.74, 'soil_moisture': 21.31, 'vibration': 0.48, 'pressure': 1.41, 'latitude': 15.3833, 'longitude': -15.5}
[2025-04-19T01:15:01.142+0000] {subprocess.py:93} INFO - [2025-04-19T01:15:01.123866+00:00] Donnée envoyée et stockée : {'machine_id': 'IOT-MACH-TB-65', 'timestamp': '2025-04-19T01:15:01.122820+00:00', 'region': 'TB', 'season': 'saison_seche', 'temperature': 36.53, 'humidity': 20.07, 'soil_moisture': 17.37, 'vibration': 0.92, 'pressure': 2.38, 'latitude': 15.3833, 'longitude': -15.5}
[2025-04-19T01:15:01.142+0000] {subprocess.py:93} INFO - [2025-04-19T01:15:01.124967+00:00] Donnée envoyée et stockée : {'machine_id': 'IOT-MACH-ZG-61', 'timestamp': '2025-04-19T01:15:01.123889+00:00', 'region': 'ZG', 'season': 'saison_seche', 'temperature': 29.98, 'humidity': 75.14, 'soil_moisture': 26.31, 'vibration': 4.82, 'pressure': 2.24, 'latitude': 12.5833, 'longitude': -16.2667}
[2025-04-19T01:15:01.142+0000] {subprocess.py:93} INFO - [2025-04-19T01:15:01.126076+00:00] Donnée envoyée et stockée : {'machine_id': 'IOT-MACH-DK-54', 'timestamp': '2025-04-19T01:15:01.124996+00:00', 'region': 'DK', 'season': 'saison_seche', 'temperature': 29.72, 'humidity': 65.74, 'soil_moisture': 32.33, 'vibration': 3.66, 'pressure': 1.27, 'latitude': 14.7167, 'longitude': -17.4677}
[2025-04-19T01:15:01.142+0000] {subprocess.py:93} INFO - [2025-04-19T01:15:01.127041+00:00] Donnée envoyée et stockée : {'machine_id': 'IOT-MACH-TH-75', 'timestamp': '2025-04-19T01:15:01.126099+00:00', 'region': 'TH', 'season': 'saison_seche', 'temperature': 32.8, 'humidity': 49.68, 'soil_moisture': 12.42, 'vibration': 3.28, 'pressure': 0.9, 'latitude': 14.7978, 'longitude': -16.925}
[2025-04-19T01:15:01.142+0000] {subprocess.py:93} INFO - [2025-04-19T01:15:01.128123+00:00] Donnée envoyée et stockée : {'machine_id': 'IOT-MACH-DK-86', 'timestamp': '2025-04-19T01:15:01.127069+00:00', 'region': 'DK', 'season': 'saison_seche', 'temperature': 29.14, 'humidity': 68.32, 'soil_moisture': 14.32, 'vibration': 3.89, 'pressure': 2.03, 'latitude': 14.7167, 'longitude': -17.4677}
[2025-04-19T01:15:01.143+0000] {subprocess.py:93} INFO - [2025-04-19T01:15:01.129111+00:00] Donnée envoyée et stockée : {'machine_id': 'IOT-MACH-DK-23', 'timestamp': '2025-04-19T01:15:01.128146+00:00', 'region': 'DK', 'season': 'saison_seche', 'temperature': 30.32, 'humidity': 68.11, 'soil_moisture': 39.05, 'vibration': 1.55, 'pressure': 1.93, 'latitude': 14.7167, 'longitude': -17.4677}
[2025-04-19T01:15:01.143+0000] {subprocess.py:93} INFO - [2025-04-19T01:15:01.130106+00:00] Donnée envoyée et stockée : {'machine_id': 'IOT-MACH-SL-75', 'timestamp': '2025-04-19T01:15:01.129133+00:00', 'region': 'SL', 'season': 'saison_seche', 'temperature': 31.12, 'humidity': 57.85, 'soil_moisture': 38.53, 'vibration': 3.96, 'pressure': 1.41, 'latitude': 16.0167, 'longitude': -16.5}
[2025-04-19T01:15:01.143+0000] {subprocess.py:93} INFO - [2025-04-19T01:15:01.131149+00:00] Donnée envoyée et stockée : {'machine_id': 'IOT-MACH-KD-62', 'timestamp': '2025-04-19T01:15:01.130128+00:00', 'region': 'KD', 'season': 'saison_seche', 'temperature': 32.85, 'humidity': 56.46, 'soil_moisture': 43.23, 'vibration': 1.38, 'pressure': 1.89, 'latitude': 14.1167, 'longitude': -12.5}
[2025-04-19T01:15:01.143+0000] {subprocess.py:93} INFO - [2025-04-19T01:15:01.132366+00:00] Donnée envoyée et stockée : {'machine_id': 'IOT-MACH-DK-46', 'timestamp': '2025-04-19T01:15:01.131173+00:00', 'region': 'DK', 'season': 'saison_seche', 'temperature': 30.72, 'humidity': 72.49, 'soil_moisture': 35.95, 'vibration': 3.94, 'pressure': 1.46, 'latitude': 14.7167, 'longitude': -17.4677}
[2025-04-19T01:15:01.143+0000] {subprocess.py:93} INFO - [2025-04-19T01:15:01.133429+00:00] Donnée envoyée et stockée : {'machine_id': 'IOT-MACH-TH-70', 'timestamp': '2025-04-19T01:15:01.132390+00:00', 'region': 'TH', 'season': 'saison_seche', 'temperature': 31.03, 'humidity': 50.31, 'soil_moisture': 17.06, 'vibration': 0.28, 'pressure': 0.86, 'latitude': 14.7978, 'longitude': -16.925}
[2025-04-19T01:15:01.143+0000] {subprocess.py:93} INFO - [2025-04-19T01:15:01.134501+00:00] Donnée envoyée et stockée : {'machine_id': 'IOT-MACH-KD-15', 'timestamp': '2025-04-19T01:15:01.133452+00:00', 'region': 'KD', 'season': 'saison_seche', 'temperature': 32.76, 'humidity': 51.57, 'soil_moisture': 38.19, 'vibration': 3.67, 'pressure': 1.45, 'latitude': 14.1167, 'longitude': -12.5}
[2025-04-19T01:15:01.143+0000] {subprocess.py:93} INFO - [2025-04-19T01:15:01.135558+00:00] Donnée envoyée et stockée : {'machine_id': 'IOT-MACH-ZG-56', 'timestamp': '2025-04-19T01:15:01.134524+00:00', 'region': 'ZG', 'season': 'saison_seche', 'temperature': 28.67, 'humidity': 79.63, 'soil_moisture': 36.98, 'vibration': 3.12, 'pressure': 1.92, 'latitude': 12.5833, 'longitude': -16.2667}
[2025-04-19T01:15:01.143+0000] {subprocess.py:93} INFO - [2025-04-19T01:15:01.136601+00:00] Donnée envoyée et stockée : {'machine_id': 'IOT-MACH-TH-4', 'timestamp': '2025-04-19T01:15:01.135580+00:00', 'region': 'TH', 'season': 'saison_seche', 'temperature': 31.18, 'humidity': 52.24, 'soil_moisture': 17.06, 'vibration': 4.45, 'pressure': 1.52, 'latitude': 14.7978, 'longitude': -16.925}
[2025-04-19T01:15:01.143+0000] {subprocess.py:93} INFO - [2025-04-19T01:15:01.137595+00:00] Donnée envoyée et stockée : {'machine_id': 'IOT-MACH-KD-25', 'timestamp': '2025-04-19T01:15:01.136620+00:00', 'region': 'KD', 'season': 'saison_seche', 'temperature': 32.53, 'humidity': 54.86, 'soil_moisture': 33.2, 'vibration': 3.15, 'pressure': 1.7, 'latitude': 14.1167, 'longitude': -12.5}
[2025-04-19T01:15:01.144+0000] {subprocess.py:93} INFO - [2025-04-19T01:15:01.138636+00:00] Donnée envoyée et stockée : {'machine_id': 'IOT-MACH-TB-32', 'timestamp': '2025-04-19T01:15:01.137616+00:00', 'region': 'TB', 'season': 'saison_seche', 'temperature': 36.53, 'humidity': 23.91, 'soil_moisture': 22.33, 'vibration': 1.84, 'pressure': 2.34, 'latitude': 15.3833, 'longitude': -15.5}
[2025-04-19T01:15:01.144+0000] {subprocess.py:93} INFO - [2025-04-19T01:15:01.139658+00:00] Donnée envoyée et stockée : {'machine_id': 'IOT-MACH-TB-3', 'timestamp': '2025-04-19T01:15:01.138656+00:00', 'region': 'TB', 'season': 'saison_seche', 'temperature': 36.68, 'humidity': 22.88, 'soil_moisture': 22.7, 'vibration': 1.33, 'pressure': 2.15, 'latitude': 15.3833, 'longitude': -15.5}
[2025-04-19T01:15:01.144+0000] {subprocess.py:93} INFO - [2025-04-19T01:15:01.140782+00:00] Donnée envoyée et stockée : {'machine_id': 'IOT-MACH-KD-68', 'timestamp': '2025-04-19T01:15:01.139680+00:00', 'region': 'KD', 'season': 'saison_seche', 'temperature': 33.34, 'humidity': 53.83, 'soil_moisture': 33.94, 'vibration': 0.15, 'pressure': 1.75, 'latitude': 14.1167, 'longitude': -12.5}
[2025-04-19T01:15:01.144+0000] {subprocess.py:93} INFO - [2025-04-19T01:15:01.141834+00:00] Donnée envoyée et stockée : {'machine_id': 'IOT-MACH-SL-99', 'timestamp': '2025-04-19T01:15:01.140804+00:00', 'region': 'SL', 'season': 'saison_seche', 'temperature': 30.55, 'humidity': 51.38, 'soil_moisture': 38.53, 'vibration': 1.85, 'pressure': 2.43, 'latitude': 16.0167, 'longitude': -16.5}
[2025-04-19T01:15:01.173+0000] {subprocess.py:97} INFO - Command exited with return code 0
[2025-04-19T01:15:01.174+0000] {taskinstance.py:441} INFO - ::group::Post task execution logs
[2025-04-19T01:15:01.193+0000] {taskinstance.py:1206} INFO - Marking task as SUCCESS. dag_id=iot_data_pipeline, task_id=run_iot_producer_script, run_id=scheduled__2025-04-19T01:10:00+00:00, execution_date=20250419T011000, start_date=20250419T011500, end_date=20250419T011501
[2025-04-19T01:15:01.210+0000] {local_task_job_runner.py:240} INFO - Task exited with return code 0
[2025-04-19T01:15:01.223+0000] {taskinstance.py:3503} INFO - 0 downstream tasks scheduled from follow-on schedule check
[2025-04-19T01:15:01.224+0000] {local_task_job_runner.py:222} INFO - ::endgroup::
