[2025-04-14T21:40:00.682+0000] {local_task_job_runner.py:120} INFO - ::group::Pre task execution logs
[2025-04-14T21:40:00.705+0000] {taskinstance.py:2076} INFO - Dependencies all met for dep_context=non-requeueable deps ti=<TaskInstance: iot_data_pipeline.run_iot_producer_script scheduled__2025-04-14T21:35:00+00:00 [queued]>
[2025-04-14T21:40:00.710+0000] {taskinstance.py:2076} INFO - Dependencies all met for dep_context=requeueable deps ti=<TaskInstance: iot_data_pipeline.run_iot_producer_script scheduled__2025-04-14T21:35:00+00:00 [queued]>
[2025-04-14T21:40:00.710+0000] {taskinstance.py:2306} INFO - Starting attempt 1 of 2
[2025-04-14T21:40:00.719+0000] {taskinstance.py:2330} INFO - Executing <Task(BashOperator): run_iot_producer_script> on 2025-04-14 21:35:00+00:00
[2025-04-14T21:40:00.722+0000] {standard_task_runner.py:63} INFO - Started process 1536 to run task
[2025-04-14T21:40:00.725+0000] {standard_task_runner.py:90} INFO - Running: ['***', 'tasks', 'run', 'iot_data_pipeline', 'run_iot_producer_script', 'scheduled__2025-04-14T21:35:00+00:00', '--job-id', '71', '--raw', '--subdir', 'DAGS_FOLDER/iot_data_dag.py', '--cfg-path', '/tmp/tmp19l7yzgm']
[2025-04-14T21:40:00.727+0000] {standard_task_runner.py:91} INFO - Job 71: Subtask run_iot_producer_script
[2025-04-14T21:40:00.759+0000] {task_command.py:426} INFO - Running <TaskInstance: iot_data_pipeline.run_iot_producer_script scheduled__2025-04-14T21:35:00+00:00 [running]> on host aef507eba48f
[2025-04-14T21:40:00.817+0000] {taskinstance.py:2648} INFO - Exporting env vars: AIRFLOW_CTX_DAG_OWNER='***' AIRFLOW_CTX_DAG_ID='iot_data_pipeline' AIRFLOW_CTX_TASK_ID='run_iot_producer_script' AIRFLOW_CTX_EXECUTION_DATE='2025-04-14T21:35:00+00:00' AIRFLOW_CTX_TRY_NUMBER='1' AIRFLOW_CTX_DAG_RUN_ID='scheduled__2025-04-14T21:35:00+00:00'
[2025-04-14T21:40:00.818+0000] {taskinstance.py:430} INFO - ::endgroup::
[2025-04-14T21:40:00.829+0000] {subprocess.py:63} INFO - Tmp dir root location: /tmp
[2025-04-14T21:40:00.829+0000] {subprocess.py:75} INFO - Running command: ['/usr/bin/bash', '-c', 'python3 /opt/***/dags/script/iot_data_producer.py']
[2025-04-14T21:40:00.836+0000] {subprocess.py:86} INFO - Output:
[2025-04-14T21:40:01.457+0000] {subprocess.py:93} INFO - [2025-04-14T21:40:01.457232+00:00] Donnée envoyée et stockée : {'machine_id': 'IOT-MACH-TB-93', 'timestamp': '2025-04-14T21:40:01.451814+00:00', 'region': 'TB', 'season': 'saison_seche', 'temperature': 37.62, 'humidity': 24.13, 'soil_moisture': 37.67, 'vibration': 2.45, 'pressure': 2.14, 'latitude': 15.3833, 'longitude': -15.5}
[2025-04-14T21:40:01.516+0000] {subprocess.py:97} INFO - Command exited with return code 0
[2025-04-14T21:40:01.516+0000] {taskinstance.py:441} INFO - ::group::Post task execution logs
[2025-04-14T21:40:01.534+0000] {taskinstance.py:1206} INFO - Marking task as SUCCESS. dag_id=iot_data_pipeline, task_id=run_iot_producer_script, run_id=scheduled__2025-04-14T21:35:00+00:00, execution_date=20250414T213500, start_date=20250414T214000, end_date=20250414T214001
[2025-04-14T21:40:01.578+0000] {local_task_job_runner.py:240} INFO - Task exited with return code 0
[2025-04-14T21:40:01.594+0000] {taskinstance.py:3503} INFO - 0 downstream tasks scheduled from follow-on schedule check
[2025-04-14T21:40:01.595+0000] {local_task_job_runner.py:222} INFO - ::endgroup::
