[2025-04-15T23:00:00.673+0000] {local_task_job_runner.py:120} INFO - ::group::Pre task execution logs
[2025-04-15T23:00:00.708+0000] {taskinstance.py:2076} INFO - Dependencies all met for dep_context=non-requeueable deps ti=<TaskInstance: iot_data_pipeline.run_iot_producer_script scheduled__2025-04-15T22:55:00+00:00 [queued]>
[2025-04-15T23:00:00.713+0000] {taskinstance.py:2076} INFO - Dependencies all met for dep_context=requeueable deps ti=<TaskInstance: iot_data_pipeline.run_iot_producer_script scheduled__2025-04-15T22:55:00+00:00 [queued]>
[2025-04-15T23:00:00.713+0000] {taskinstance.py:2306} INFO - Starting attempt 1 of 2
[2025-04-15T23:00:00.722+0000] {taskinstance.py:2330} INFO - Executing <Task(BashOperator): run_iot_producer_script> on 2025-04-15 22:55:00+00:00
[2025-04-15T23:00:00.726+0000] {standard_task_runner.py:63} INFO - Started process 6161 to run task
[2025-04-15T23:00:00.728+0000] {standard_task_runner.py:90} INFO - Running: ['***', 'tasks', 'run', 'iot_data_pipeline', 'run_iot_producer_script', 'scheduled__2025-04-15T22:55:00+00:00', '--job-id', '20', '--raw', '--subdir', 'DAGS_FOLDER/iot_data_dag.py', '--cfg-path', '/tmp/tmp3tky7sjr']
[2025-04-15T23:00:00.730+0000] {standard_task_runner.py:91} INFO - Job 20: Subtask run_iot_producer_script
[2025-04-15T23:00:00.764+0000] {task_command.py:426} INFO - Running <TaskInstance: iot_data_pipeline.run_iot_producer_script scheduled__2025-04-15T22:55:00+00:00 [running]> on host 5093da77a75c
[2025-04-15T23:00:00.824+0000] {taskinstance.py:2648} INFO - Exporting env vars: AIRFLOW_CTX_DAG_OWNER='***' AIRFLOW_CTX_DAG_ID='iot_data_pipeline' AIRFLOW_CTX_TASK_ID='run_iot_producer_script' AIRFLOW_CTX_EXECUTION_DATE='2025-04-15T22:55:00+00:00' AIRFLOW_CTX_TRY_NUMBER='1' AIRFLOW_CTX_DAG_RUN_ID='scheduled__2025-04-15T22:55:00+00:00'
[2025-04-15T23:00:00.825+0000] {taskinstance.py:430} INFO - ::endgroup::
[2025-04-15T23:00:00.835+0000] {subprocess.py:63} INFO - Tmp dir root location: /tmp
[2025-04-15T23:00:00.835+0000] {subprocess.py:75} INFO - Running command: ['/usr/bin/bash', '-c', 'python3 /opt/***/dags/script/iot_data_producer.py']
[2025-04-15T23:00:00.845+0000] {subprocess.py:86} INFO - Output:
[2025-04-15T23:00:01.481+0000] {subprocess.py:93} INFO - [2025-04-15T23:00:01.481474+00:00] Donnée envoyée et stockée : {'machine_id': 'IOT-MACH-KD-42', 'timestamp': '2025-04-15T23:00:01.479203+00:00', 'region': 'KD', 'season': 'saison_seche', 'temperature': 32.94, 'humidity': 55.13, 'soil_moisture': 40.92, 'vibration': 3.09, 'pressure': 2.14, 'latitude': 14.1167, 'longitude': -12.5}
[2025-04-15T23:00:01.539+0000] {subprocess.py:97} INFO - Command exited with return code 0
[2025-04-15T23:00:01.540+0000] {taskinstance.py:441} INFO - ::group::Post task execution logs
[2025-04-15T23:00:01.571+0000] {taskinstance.py:1206} INFO - Marking task as SUCCESS. dag_id=iot_data_pipeline, task_id=run_iot_producer_script, run_id=scheduled__2025-04-15T22:55:00+00:00, execution_date=20250415T225500, start_date=20250415T230000, end_date=20250415T230001
[2025-04-15T23:00:01.621+0000] {local_task_job_runner.py:240} INFO - Task exited with return code 0
[2025-04-15T23:00:01.638+0000] {taskinstance.py:3503} INFO - 0 downstream tasks scheduled from follow-on schedule check
[2025-04-15T23:00:01.639+0000] {local_task_job_runner.py:222} INFO - ::endgroup::
