[2025-04-16T22:45:00.336+0000] {local_task_job_runner.py:120} INFO - ::group::Pre task execution logs
[2025-04-16T22:45:00.358+0000] {taskinstance.py:2076} INFO - Dependencies all met for dep_context=non-requeueable deps ti=<TaskInstance: iot_data_pipeline.run_iot_producer_script scheduled__2025-04-16T22:40:00+00:00 [queued]>
[2025-04-16T22:45:00.363+0000] {taskinstance.py:2076} INFO - Dependencies all met for dep_context=requeueable deps ti=<TaskInstance: iot_data_pipeline.run_iot_producer_script scheduled__2025-04-16T22:40:00+00:00 [queued]>
[2025-04-16T22:45:00.363+0000] {taskinstance.py:2306} INFO - Starting attempt 1 of 2
[2025-04-16T22:45:00.371+0000] {taskinstance.py:2330} INFO - Executing <Task(BashOperator): run_iot_producer_script> on 2025-04-16 22:40:00+00:00
[2025-04-16T22:45:00.375+0000] {standard_task_runner.py:63} INFO - Started process 493 to run task
[2025-04-16T22:45:00.377+0000] {standard_task_runner.py:90} INFO - Running: ['***', 'tasks', 'run', 'iot_data_pipeline', 'run_iot_producer_script', 'scheduled__2025-04-16T22:40:00+00:00', '--job-id', '32', '--raw', '--subdir', 'DAGS_FOLDER/iot_data_dag.py', '--cfg-path', '/tmp/tmpp98culw6']
[2025-04-16T22:45:00.379+0000] {standard_task_runner.py:91} INFO - Job 32: Subtask run_iot_producer_script
[2025-04-16T22:45:00.417+0000] {task_command.py:426} INFO - Running <TaskInstance: iot_data_pipeline.run_iot_producer_script scheduled__2025-04-16T22:40:00+00:00 [running]> on host b36454f35ef3
[2025-04-16T22:45:00.478+0000] {taskinstance.py:2648} INFO - Exporting env vars: AIRFLOW_CTX_DAG_OWNER='***' AIRFLOW_CTX_DAG_ID='iot_data_pipeline' AIRFLOW_CTX_TASK_ID='run_iot_producer_script' AIRFLOW_CTX_EXECUTION_DATE='2025-04-16T22:40:00+00:00' AIRFLOW_CTX_TRY_NUMBER='1' AIRFLOW_CTX_DAG_RUN_ID='scheduled__2025-04-16T22:40:00+00:00'
[2025-04-16T22:45:00.479+0000] {taskinstance.py:430} INFO - ::endgroup::
[2025-04-16T22:45:00.501+0000] {subprocess.py:63} INFO - Tmp dir root location: /tmp
[2025-04-16T22:45:00.502+0000] {subprocess.py:75} INFO - Running command: ['/usr/bin/bash', '-c', 'python3 /opt/***/dags/script/iot_data_producer.py']
[2025-04-16T22:45:00.518+0000] {subprocess.py:86} INFO - Output:
[2025-04-16T22:45:01.552+0000] {subprocess.py:93} INFO - [2025-04-16T22:45:01.552445+00:00] Donnée envoyée et stockée : {'machine_id': 'IOT-MACH-SL-99', 'timestamp': '2025-04-16T22:45:01.153936+00:00', 'region': 'SL', 'season': 'saison_seche', 'temperature': 30.53, 'humidity': 56.94, 'soil_moisture': 47.9, 'vibration': 0.75, 'pressure': 0.98, 'latitude': 16.0167, 'longitude': -16.5}
[2025-04-16T22:45:01.597+0000] {subprocess.py:97} INFO - Command exited with return code 0
[2025-04-16T22:45:01.597+0000] {taskinstance.py:441} INFO - ::group::Post task execution logs
[2025-04-16T22:45:01.622+0000] {taskinstance.py:1206} INFO - Marking task as SUCCESS. dag_id=iot_data_pipeline, task_id=run_iot_producer_script, run_id=scheduled__2025-04-16T22:40:00+00:00, execution_date=20250416T224000, start_date=20250416T224500, end_date=20250416T224501
[2025-04-16T22:45:01.672+0000] {local_task_job_runner.py:240} INFO - Task exited with return code 0
[2025-04-16T22:45:01.692+0000] {taskinstance.py:3503} INFO - 0 downstream tasks scheduled from follow-on schedule check
[2025-04-16T22:45:01.693+0000] {local_task_job_runner.py:222} INFO - ::endgroup::
