[2025-04-16T23:25:28.448+0000] {local_task_job_runner.py:120} INFO - ::group::Pre task execution logs
[2025-04-16T23:25:28.492+0000] {taskinstance.py:2076} INFO - Dependencies all met for dep_context=non-requeueable deps ti=<TaskInstance: iot_data_pipeline.run_iot_producer_script manual__2025-04-16T23:25:27.434795+00:00 [queued]>
[2025-04-16T23:25:28.502+0000] {taskinstance.py:2076} INFO - Dependencies all met for dep_context=requeueable deps ti=<TaskInstance: iot_data_pipeline.run_iot_producer_script manual__2025-04-16T23:25:27.434795+00:00 [queued]>
[2025-04-16T23:25:28.503+0000] {taskinstance.py:2306} INFO - Starting attempt 1 of 2
[2025-04-16T23:25:28.524+0000] {taskinstance.py:2330} INFO - Executing <Task(BashOperator): run_iot_producer_script> on 2025-04-16 23:25:27.434795+00:00
[2025-04-16T23:25:28.536+0000] {standard_task_runner.py:63} INFO - Started process 538 to run task
[2025-04-16T23:25:28.543+0000] {standard_task_runner.py:90} INFO - Running: ['***', 'tasks', 'run', 'iot_data_pipeline', 'run_iot_producer_script', 'manual__2025-04-16T23:25:27.434795+00:00', '--job-id', '5', '--raw', '--subdir', 'DAGS_FOLDER/iot_data_dag.py', '--cfg-path', '/tmp/tmpv2vuvlff']
[2025-04-16T23:25:28.548+0000] {standard_task_runner.py:91} INFO - Job 5: Subtask run_iot_producer_script
[2025-04-16T23:25:28.635+0000] {task_command.py:426} INFO - Running <TaskInstance: iot_data_pipeline.run_iot_producer_script manual__2025-04-16T23:25:27.434795+00:00 [running]> on host c9a0c86c11a6
[2025-04-16T23:25:28.762+0000] {taskinstance.py:2648} INFO - Exporting env vars: AIRFLOW_CTX_DAG_OWNER='***' AIRFLOW_CTX_DAG_ID='iot_data_pipeline' AIRFLOW_CTX_TASK_ID='run_iot_producer_script' AIRFLOW_CTX_EXECUTION_DATE='2025-04-16T23:25:27.434795+00:00' AIRFLOW_CTX_TRY_NUMBER='1' AIRFLOW_CTX_DAG_RUN_ID='manual__2025-04-16T23:25:27.434795+00:00'
[2025-04-16T23:25:28.764+0000] {taskinstance.py:430} INFO - ::endgroup::
[2025-04-16T23:25:28.785+0000] {subprocess.py:63} INFO - Tmp dir root location: /tmp
[2025-04-16T23:25:28.785+0000] {subprocess.py:75} INFO - Running command: ['/usr/bin/bash', '-c', 'python3 /opt/***/dags/script/iot_data_producer.py']
[2025-04-16T23:25:28.803+0000] {subprocess.py:86} INFO - Output:
[2025-04-16T23:25:29.775+0000] {subprocess.py:93} INFO - [2025-04-16T23:25:29.774584+00:00] Donnée envoyée et stockée : {'machine_id': 'IOT-MACH-MT-25', 'timestamp': '2025-04-16T23:25:29.772047+00:00', 'region': 'MT', 'season': 'saison_seche', 'temperature': 38.96, 'humidity': 13.09, 'soil_moisture': 29.96, 'vibration': 2.12, 'pressure': 1.59, 'latitude': 16.0333, 'longitude': -13.5167}
[2025-04-16T23:25:29.911+0000] {subprocess.py:97} INFO - Command exited with return code 0
[2025-04-16T23:25:29.912+0000] {taskinstance.py:441} INFO - ::group::Post task execution logs
[2025-04-16T23:25:29.952+0000] {taskinstance.py:1206} INFO - Marking task as SUCCESS. dag_id=iot_data_pipeline, task_id=run_iot_producer_script, run_id=manual__2025-04-16T23:25:27.434795+00:00, execution_date=20250416T232527, start_date=20250416T232528, end_date=20250416T232529
[2025-04-16T23:25:30.000+0000] {local_task_job_runner.py:240} INFO - Task exited with return code 0
[2025-04-16T23:25:30.031+0000] {taskinstance.py:3503} INFO - 0 downstream tasks scheduled from follow-on schedule check
[2025-04-16T23:25:30.035+0000] {local_task_job_runner.py:222} INFO - ::endgroup::
