[2025-04-14T21:55:00.588+0000] {local_task_job_runner.py:120} INFO - ::group::Pre task execution logs
[2025-04-14T21:55:00.610+0000] {taskinstance.py:2076} INFO - Dependencies all met for dep_context=non-requeueable deps ti=<TaskInstance: iot_data_pipeline.run_iot_producer_script scheduled__2025-04-14T21:50:00+00:00 [queued]>
[2025-04-14T21:55:00.616+0000] {taskinstance.py:2076} INFO - Dependencies all met for dep_context=requeueable deps ti=<TaskInstance: iot_data_pipeline.run_iot_producer_script scheduled__2025-04-14T21:50:00+00:00 [queued]>
[2025-04-14T21:55:00.616+0000] {taskinstance.py:2306} INFO - Starting attempt 1 of 2
[2025-04-14T21:55:00.625+0000] {taskinstance.py:2330} INFO - Executing <Task(BashOperator): run_iot_producer_script> on 2025-04-14 21:50:00+00:00
[2025-04-14T21:55:00.630+0000] {standard_task_runner.py:63} INFO - Started process 2628 to run task
[2025-04-14T21:55:00.632+0000] {standard_task_runner.py:90} INFO - Running: ['***', 'tasks', 'run', 'iot_data_pipeline', 'run_iot_producer_script', 'scheduled__2025-04-14T21:50:00+00:00', '--job-id', '74', '--raw', '--subdir', 'DAGS_FOLDER/iot_data_dag.py', '--cfg-path', '/tmp/tmpgqf_ymsu']
[2025-04-14T21:55:00.633+0000] {standard_task_runner.py:91} INFO - Job 74: Subtask run_iot_producer_script
[2025-04-14T21:55:00.667+0000] {task_command.py:426} INFO - Running <TaskInstance: iot_data_pipeline.run_iot_producer_script scheduled__2025-04-14T21:50:00+00:00 [running]> on host aef507eba48f
[2025-04-14T21:55:00.728+0000] {taskinstance.py:2648} INFO - Exporting env vars: AIRFLOW_CTX_DAG_OWNER='***' AIRFLOW_CTX_DAG_ID='iot_data_pipeline' AIRFLOW_CTX_TASK_ID='run_iot_producer_script' AIRFLOW_CTX_EXECUTION_DATE='2025-04-14T21:50:00+00:00' AIRFLOW_CTX_TRY_NUMBER='1' AIRFLOW_CTX_DAG_RUN_ID='scheduled__2025-04-14T21:50:00+00:00'
[2025-04-14T21:55:00.729+0000] {taskinstance.py:430} INFO - ::endgroup::
[2025-04-14T21:55:00.740+0000] {subprocess.py:63} INFO - Tmp dir root location: /tmp
[2025-04-14T21:55:00.741+0000] {subprocess.py:75} INFO - Running command: ['/usr/bin/bash', '-c', 'python3 /opt/***/dags/script/iot_data_producer.py']
[2025-04-14T21:55:00.748+0000] {subprocess.py:86} INFO - Output:
[2025-04-14T21:55:01.358+0000] {subprocess.py:93} INFO - [2025-04-14T21:55:01.357906+00:00] Donnée envoyée et stockée : {'machine_id': 'IOT-MACH-TH-51', 'timestamp': '2025-04-14T21:55:01.348554+00:00', 'region': 'TH', 'season': 'saison_seche', 'temperature': 31.22, 'humidity': 46.12, 'soil_moisture': 38.52, 'vibration': 1.69, 'pressure': 0.86, 'latitude': 14.7978, 'longitude': -16.925}
[2025-04-14T21:55:01.417+0000] {subprocess.py:97} INFO - Command exited with return code 0
[2025-04-14T21:55:01.417+0000] {taskinstance.py:441} INFO - ::group::Post task execution logs
[2025-04-14T21:55:01.435+0000] {taskinstance.py:1206} INFO - Marking task as SUCCESS. dag_id=iot_data_pipeline, task_id=run_iot_producer_script, run_id=scheduled__2025-04-14T21:50:00+00:00, execution_date=20250414T215000, start_date=20250414T215500, end_date=20250414T215501
[2025-04-14T21:55:01.485+0000] {local_task_job_runner.py:240} INFO - Task exited with return code 0
[2025-04-14T21:55:01.508+0000] {taskinstance.py:3503} INFO - 0 downstream tasks scheduled from follow-on schedule check
[2025-04-14T21:55:01.510+0000] {local_task_job_runner.py:222} INFO - ::endgroup::
