[2025-04-17T20:24:06.725+0000] {local_task_job_runner.py:120} INFO - ::group::Pre task execution logs
[2025-04-17T20:24:06.765+0000] {taskinstance.py:2076} INFO - Dependencies all met for dep_context=non-requeueable deps ti=<TaskInstance: iot_data_pipeline.run_iot_producer_script scheduled__2025-04-17T20:15:00+00:00 [queued]>
[2025-04-17T20:24:06.777+0000] {taskinstance.py:2076} INFO - Dependencies all met for dep_context=requeueable deps ti=<TaskInstance: iot_data_pipeline.run_iot_producer_script scheduled__2025-04-17T20:15:00+00:00 [queued]>
[2025-04-17T20:24:06.778+0000] {taskinstance.py:2306} INFO - Starting attempt 1 of 2
[2025-04-17T20:24:06.797+0000] {taskinstance.py:2330} INFO - Executing <Task(BashOperator): run_iot_producer_script> on 2025-04-17 20:15:00+00:00
[2025-04-17T20:24:06.805+0000] {standard_task_runner.py:63} INFO - Started process 710 to run task
[2025-04-17T20:24:06.811+0000] {standard_task_runner.py:90} INFO - Running: ['***', 'tasks', 'run', 'iot_data_pipeline', 'run_iot_producer_script', 'scheduled__2025-04-17T20:15:00+00:00', '--job-id', '3', '--raw', '--subdir', 'DAGS_FOLDER/iot_data_dag.py', '--cfg-path', '/tmp/tmpjp7gvepp']
[2025-04-17T20:24:06.814+0000] {standard_task_runner.py:91} INFO - Job 3: Subtask run_iot_producer_script
[2025-04-17T20:24:06.874+0000] {task_command.py:426} INFO - Running <TaskInstance: iot_data_pipeline.run_iot_producer_script scheduled__2025-04-17T20:15:00+00:00 [running]> on host e4d9865e557d
[2025-04-17T20:24:06.930+0000] {taskinstance.py:2648} INFO - Exporting env vars: AIRFLOW_CTX_DAG_OWNER='***' AIRFLOW_CTX_DAG_ID='iot_data_pipeline' AIRFLOW_CTX_TASK_ID='run_iot_producer_script' AIRFLOW_CTX_EXECUTION_DATE='2025-04-17T20:15:00+00:00' AIRFLOW_CTX_TRY_NUMBER='1' AIRFLOW_CTX_DAG_RUN_ID='scheduled__2025-04-17T20:15:00+00:00'
[2025-04-17T20:24:06.930+0000] {taskinstance.py:430} INFO - ::endgroup::
[2025-04-17T20:24:06.952+0000] {subprocess.py:63} INFO - Tmp dir root location: /tmp
[2025-04-17T20:24:06.952+0000] {subprocess.py:75} INFO - Running command: ['/usr/bin/bash', '-c', 'python3 /opt/***/dags/script/iot_data_producer.py']
[2025-04-17T20:24:06.960+0000] {subprocess.py:86} INFO - Output:
[2025-04-17T20:24:08.050+0000] {subprocess.py:93} INFO - [2025-04-17T20:24:08.050687+00:00] Donnée envoyée et stockée : {'machine_id': 'IOT-MACH-KD-28', 'timestamp': '2025-04-17T20:24:07.622523+00:00', 'region': 'KD', 'season': 'saison_seche', 'temperature': 32.82, 'humidity': 57.54, 'soil_moisture': 38.58, 'vibration': 0.72, 'pressure': 1.32, 'latitude': 14.1167, 'longitude': -12.5}
[2025-04-17T20:24:08.100+0000] {subprocess.py:97} INFO - Command exited with return code 0
[2025-04-17T20:24:08.101+0000] {taskinstance.py:441} INFO - ::group::Post task execution logs
[2025-04-17T20:24:08.121+0000] {taskinstance.py:1206} INFO - Marking task as SUCCESS. dag_id=iot_data_pipeline, task_id=run_iot_producer_script, run_id=scheduled__2025-04-17T20:15:00+00:00, execution_date=20250417T201500, start_date=20250417T202406, end_date=20250417T202408
[2025-04-17T20:24:08.145+0000] {local_task_job_runner.py:240} INFO - Task exited with return code 0
[2025-04-17T20:24:08.165+0000] {taskinstance.py:3503} INFO - 0 downstream tasks scheduled from follow-on schedule check
[2025-04-17T20:24:08.167+0000] {local_task_job_runner.py:222} INFO - ::endgroup::
