[2025-04-15T22:50:00.443+0000] {local_task_job_runner.py:120} INFO - ::group::Pre task execution logs
[2025-04-15T22:50:00.466+0000] {taskinstance.py:2076} INFO - Dependencies all met for dep_context=non-requeueable deps ti=<TaskInstance: iot_data_pipeline.run_iot_producer_script scheduled__2025-04-15T22:45:00+00:00 [queued]>
[2025-04-15T22:50:00.472+0000] {taskinstance.py:2076} INFO - Dependencies all met for dep_context=requeueable deps ti=<TaskInstance: iot_data_pipeline.run_iot_producer_script scheduled__2025-04-15T22:45:00+00:00 [queued]>
[2025-04-15T22:50:00.472+0000] {taskinstance.py:2306} INFO - Starting attempt 1 of 2
[2025-04-15T22:50:00.481+0000] {taskinstance.py:2330} INFO - Executing <Task(BashOperator): run_iot_producer_script> on 2025-04-15 22:45:00+00:00
[2025-04-15T22:50:00.485+0000] {standard_task_runner.py:63} INFO - Started process 5433 to run task
[2025-04-15T22:50:00.488+0000] {standard_task_runner.py:90} INFO - Running: ['***', 'tasks', 'run', 'iot_data_pipeline', 'run_iot_producer_script', 'scheduled__2025-04-15T22:45:00+00:00', '--job-id', '18', '--raw', '--subdir', 'DAGS_FOLDER/iot_data_dag.py', '--cfg-path', '/tmp/tmpn559vq01']
[2025-04-15T22:50:00.489+0000] {standard_task_runner.py:91} INFO - Job 18: Subtask run_iot_producer_script
[2025-04-15T22:50:00.523+0000] {task_command.py:426} INFO - Running <TaskInstance: iot_data_pipeline.run_iot_producer_script scheduled__2025-04-15T22:45:00+00:00 [running]> on host 5093da77a75c
[2025-04-15T22:50:00.585+0000] {taskinstance.py:2648} INFO - Exporting env vars: AIRFLOW_CTX_DAG_OWNER='***' AIRFLOW_CTX_DAG_ID='iot_data_pipeline' AIRFLOW_CTX_TASK_ID='run_iot_producer_script' AIRFLOW_CTX_EXECUTION_DATE='2025-04-15T22:45:00+00:00' AIRFLOW_CTX_TRY_NUMBER='1' AIRFLOW_CTX_DAG_RUN_ID='scheduled__2025-04-15T22:45:00+00:00'
[2025-04-15T22:50:00.585+0000] {taskinstance.py:430} INFO - ::endgroup::
[2025-04-15T22:50:00.597+0000] {subprocess.py:63} INFO - Tmp dir root location: /tmp
[2025-04-15T22:50:00.597+0000] {subprocess.py:75} INFO - Running command: ['/usr/bin/bash', '-c', 'python3 /opt/***/dags/script/iot_data_producer.py']
[2025-04-15T22:50:00.606+0000] {subprocess.py:86} INFO - Output:
[2025-04-15T22:50:01.251+0000] {subprocess.py:93} INFO - [2025-04-15T22:50:01.250778+00:00] Donnée envoyée et stockée : {'machine_id': 'IOT-MACH-TH-77', 'timestamp': '2025-04-15T22:50:01.241910+00:00', 'region': 'TH', 'season': 'saison_seche', 'temperature': 31.73, 'humidity': 49.36, 'soil_moisture': 24.37, 'vibration': 0.85, 'pressure': 2.05, 'latitude': 14.7978, 'longitude': -16.925}
[2025-04-15T22:50:01.321+0000] {subprocess.py:97} INFO - Command exited with return code 0
[2025-04-15T22:50:01.322+0000] {taskinstance.py:441} INFO - ::group::Post task execution logs
[2025-04-15T22:50:01.353+0000] {taskinstance.py:1206} INFO - Marking task as SUCCESS. dag_id=iot_data_pipeline, task_id=run_iot_producer_script, run_id=scheduled__2025-04-15T22:45:00+00:00, execution_date=20250415T224500, start_date=20250415T225000, end_date=20250415T225001
[2025-04-15T22:50:01.381+0000] {local_task_job_runner.py:240} INFO - Task exited with return code 0
[2025-04-15T22:50:01.404+0000] {taskinstance.py:3503} INFO - 0 downstream tasks scheduled from follow-on schedule check
[2025-04-15T22:50:01.405+0000] {local_task_job_runner.py:222} INFO - ::endgroup::
