[2025-04-15T21:54:21.824+0000] {local_task_job_runner.py:120} INFO - ::group::Pre task execution logs
[2025-04-15T21:54:21.851+0000] {taskinstance.py:2076} INFO - Dependencies all met for dep_context=non-requeueable deps ti=<TaskInstance: iot_data_pipeline.run_iot_producer_script scheduled__2025-04-15T21:40:00+00:00 [queued]>
[2025-04-15T21:54:21.858+0000] {taskinstance.py:2076} INFO - Dependencies all met for dep_context=requeueable deps ti=<TaskInstance: iot_data_pipeline.run_iot_producer_script scheduled__2025-04-15T21:40:00+00:00 [queued]>
[2025-04-15T21:54:21.858+0000] {taskinstance.py:2306} INFO - Starting attempt 2 of 2
[2025-04-15T21:54:21.869+0000] {taskinstance.py:2330} INFO - Executing <Task(BashOperator): run_iot_producer_script> on 2025-04-15 21:40:00+00:00
[2025-04-15T21:54:21.873+0000] {standard_task_runner.py:63} INFO - Started process 1447 to run task
[2025-04-15T21:54:21.876+0000] {standard_task_runner.py:90} INFO - Running: ['***', 'tasks', 'run', 'iot_data_pipeline', 'run_iot_producer_script', 'scheduled__2025-04-15T21:40:00+00:00', '--job-id', '6', '--raw', '--subdir', 'DAGS_FOLDER/iot_data_dag.py', '--cfg-path', '/tmp/tmpasx1om6o']
[2025-04-15T21:54:21.878+0000] {standard_task_runner.py:91} INFO - Job 6: Subtask run_iot_producer_script
[2025-04-15T21:54:21.918+0000] {task_command.py:426} INFO - Running <TaskInstance: iot_data_pipeline.run_iot_producer_script scheduled__2025-04-15T21:40:00+00:00 [running]> on host 5093da77a75c
[2025-04-15T21:54:21.982+0000] {taskinstance.py:2648} INFO - Exporting env vars: AIRFLOW_CTX_DAG_OWNER='***' AIRFLOW_CTX_DAG_ID='iot_data_pipeline' AIRFLOW_CTX_TASK_ID='run_iot_producer_script' AIRFLOW_CTX_EXECUTION_DATE='2025-04-15T21:40:00+00:00' AIRFLOW_CTX_TRY_NUMBER='2' AIRFLOW_CTX_DAG_RUN_ID='scheduled__2025-04-15T21:40:00+00:00'
[2025-04-15T21:54:21.982+0000] {taskinstance.py:430} INFO - ::endgroup::
[2025-04-15T21:54:21.993+0000] {subprocess.py:63} INFO - Tmp dir root location: /tmp
[2025-04-15T21:54:21.994+0000] {subprocess.py:75} INFO - Running command: ['/usr/bin/bash', '-c', 'python3 /opt/***/dags/script/iot_data_producer.py']
[2025-04-15T21:54:22.003+0000] {subprocess.py:86} INFO - Output:
[2025-04-15T21:54:22.663+0000] {subprocess.py:93} INFO - [2025-04-15T21:54:22.663332+00:00] Donnée envoyée et stockée : {'machine_id': 'IOT-MACH-SL-7', 'timestamp': '2025-04-15T21:54:22.658632+00:00', 'region': 'SL', 'season': 'saison_seche', 'temperature': 30.39, 'humidity': 50.08, 'soil_moisture': 15.12, 'vibration': 4.26, 'pressure': 2.49, 'latitude': 16.0167, 'longitude': -16.5}
[2025-04-15T21:54:22.715+0000] {subprocess.py:97} INFO - Command exited with return code 0
[2025-04-15T21:54:22.716+0000] {taskinstance.py:441} INFO - ::group::Post task execution logs
[2025-04-15T21:54:22.737+0000] {taskinstance.py:1206} INFO - Marking task as SUCCESS. dag_id=iot_data_pipeline, task_id=run_iot_producer_script, run_id=scheduled__2025-04-15T21:40:00+00:00, execution_date=20250415T214000, start_date=20250415T215421, end_date=20250415T215422
[2025-04-15T21:54:22.769+0000] {local_task_job_runner.py:240} INFO - Task exited with return code 0
[2025-04-15T21:54:22.785+0000] {taskinstance.py:3503} INFO - 0 downstream tasks scheduled from follow-on schedule check
[2025-04-15T21:54:22.786+0000] {local_task_job_runner.py:222} INFO - ::endgroup::
