[2025-04-17T22:29:57.661+0000] {local_task_job_runner.py:120} INFO - ::group::Pre task execution logs
[2025-04-17T22:29:57.689+0000] {taskinstance.py:2076} INFO - Dependencies all met for dep_context=non-requeueable deps ti=<TaskInstance: iot_data_pipeline.run_iot_producer_script scheduled__2025-04-17T22:20:00+00:00 [queued]>
[2025-04-17T22:29:57.694+0000] {taskinstance.py:2076} INFO - Dependencies all met for dep_context=requeueable deps ti=<TaskInstance: iot_data_pipeline.run_iot_producer_script scheduled__2025-04-17T22:20:00+00:00 [queued]>
[2025-04-17T22:29:57.695+0000] {taskinstance.py:2306} INFO - Starting attempt 1 of 2
[2025-04-17T22:29:57.703+0000] {taskinstance.py:2330} INFO - Executing <Task(BashOperator): run_iot_producer_script> on 2025-04-17 22:20:00+00:00
[2025-04-17T22:29:57.707+0000] {standard_task_runner.py:63} INFO - Started process 565 to run task
[2025-04-17T22:29:57.710+0000] {standard_task_runner.py:90} INFO - Running: ['***', 'tasks', 'run', 'iot_data_pipeline', 'run_iot_producer_script', 'scheduled__2025-04-17T22:20:00+00:00', '--job-id', '3', '--raw', '--subdir', 'DAGS_FOLDER/iot_data_dag.py', '--cfg-path', '/tmp/tmpc82bj853']
[2025-04-17T22:29:57.711+0000] {standard_task_runner.py:91} INFO - Job 3: Subtask run_iot_producer_script
[2025-04-17T22:29:57.746+0000] {task_command.py:426} INFO - Running <TaskInstance: iot_data_pipeline.run_iot_producer_script scheduled__2025-04-17T22:20:00+00:00 [running]> on host 2b5f93c9e322
[2025-04-17T22:29:57.811+0000] {taskinstance.py:2648} INFO - Exporting env vars: AIRFLOW_CTX_DAG_OWNER='***' AIRFLOW_CTX_DAG_ID='iot_data_pipeline' AIRFLOW_CTX_TASK_ID='run_iot_producer_script' AIRFLOW_CTX_EXECUTION_DATE='2025-04-17T22:20:00+00:00' AIRFLOW_CTX_TRY_NUMBER='1' AIRFLOW_CTX_DAG_RUN_ID='scheduled__2025-04-17T22:20:00+00:00'
[2025-04-17T22:29:57.811+0000] {taskinstance.py:430} INFO - ::endgroup::
[2025-04-17T22:29:57.857+0000] {subprocess.py:63} INFO - Tmp dir root location: /tmp
[2025-04-17T22:29:57.858+0000] {subprocess.py:75} INFO - Running command: ['/usr/bin/bash', '-c', 'python3 /opt/***/dags/script/iot_data_producer.py']
[2025-04-17T22:29:57.866+0000] {subprocess.py:86} INFO - Output:
[2025-04-17T22:29:59.006+0000] {subprocess.py:93} INFO - [2025-04-17T22:29:59.006458+00:00] Donnée envoyée et stockée : {'machine_id': 'IOT-MACH-ZG-30', 'timestamp': '2025-04-17T22:29:58.563294+00:00', 'region': 'ZG', 'season': 'saison_seche', 'temperature': 28.55, 'humidity': 77.75, 'soil_moisture': 46.12, 'vibration': 3.3, 'pressure': 1.26, 'latitude': 12.5833, 'longitude': -16.2667}
[2025-04-17T22:29:59.144+0000] {subprocess.py:97} INFO - Command exited with return code 0
[2025-04-17T22:29:59.145+0000] {taskinstance.py:441} INFO - ::group::Post task execution logs
[2025-04-17T22:29:59.167+0000] {taskinstance.py:1206} INFO - Marking task as SUCCESS. dag_id=iot_data_pipeline, task_id=run_iot_producer_script, run_id=scheduled__2025-04-17T22:20:00+00:00, execution_date=20250417T222000, start_date=20250417T222957, end_date=20250417T222959
[2025-04-17T22:29:59.205+0000] {local_task_job_runner.py:240} INFO - Task exited with return code 0
[2025-04-17T22:29:59.218+0000] {taskinstance.py:3503} INFO - 0 downstream tasks scheduled from follow-on schedule check
[2025-04-17T22:29:59.219+0000] {local_task_job_runner.py:222} INFO - ::endgroup::
