[2025-04-14T23:35:01.429+0000] {local_task_job_runner.py:120} INFO - ::group::Pre task execution logs
[2025-04-14T23:35:01.538+0000] {taskinstance.py:2076} INFO - Dependencies all met for dep_context=non-requeueable deps ti=<TaskInstance: iot_data_pipeline.run_iot_producer_script scheduled__2025-04-14T23:30:00+00:00 [queued]>
[2025-04-14T23:35:01.562+0000] {taskinstance.py:2076} INFO - Dependencies all met for dep_context=requeueable deps ti=<TaskInstance: iot_data_pipeline.run_iot_producer_script scheduled__2025-04-14T23:30:00+00:00 [queued]>
[2025-04-14T23:35:01.563+0000] {taskinstance.py:2306} INFO - Starting attempt 1 of 2
[2025-04-14T23:35:01.599+0000] {taskinstance.py:2330} INFO - Executing <Task(BashOperator): run_iot_producer_script> on 2025-04-14 23:30:00+00:00
[2025-04-14T23:35:01.611+0000] {standard_task_runner.py:63} INFO - Started process 9711 to run task
[2025-04-14T23:35:01.621+0000] {standard_task_runner.py:90} INFO - Running: ['***', 'tasks', 'run', 'iot_data_pipeline', 'run_iot_producer_script', 'scheduled__2025-04-14T23:30:00+00:00', '--job-id', '94', '--raw', '--subdir', 'DAGS_FOLDER/iot_data_dag.py', '--cfg-path', '/tmp/tmp9b2e1im8']
[2025-04-14T23:35:01.627+0000] {standard_task_runner.py:91} INFO - Job 94: Subtask run_iot_producer_script
[2025-04-14T23:35:01.756+0000] {task_command.py:426} INFO - Running <TaskInstance: iot_data_pipeline.run_iot_producer_script scheduled__2025-04-14T23:30:00+00:00 [running]> on host aef507eba48f
[2025-04-14T23:35:02.007+0000] {taskinstance.py:2648} INFO - Exporting env vars: AIRFLOW_CTX_DAG_OWNER='***' AIRFLOW_CTX_DAG_ID='iot_data_pipeline' AIRFLOW_CTX_TASK_ID='run_iot_producer_script' AIRFLOW_CTX_EXECUTION_DATE='2025-04-14T23:30:00+00:00' AIRFLOW_CTX_TRY_NUMBER='1' AIRFLOW_CTX_DAG_RUN_ID='scheduled__2025-04-14T23:30:00+00:00'
[2025-04-14T23:35:02.008+0000] {taskinstance.py:430} INFO - ::endgroup::
[2025-04-14T23:35:02.061+0000] {subprocess.py:63} INFO - Tmp dir root location: /tmp
[2025-04-14T23:35:02.063+0000] {subprocess.py:75} INFO - Running command: ['/usr/bin/bash', '-c', 'python3 /opt/***/dags/script/iot_data_producer.py']
[2025-04-14T23:35:02.089+0000] {subprocess.py:86} INFO - Output:
[2025-04-14T23:35:02.851+0000] {subprocess.py:93} INFO - [2025-04-14T23:35:02.850790+00:00] Donnée envoyée et stockée : {'machine_id': 'IOT-MACH-TB-56', 'timestamp': '2025-04-14T23:35:02.838510+00:00', 'region': 'TB', 'season': 'saison_seche', 'temperature': 37.38, 'humidity': 22.05, 'soil_moisture': 32.95, 'vibration': 2.14, 'pressure': 1.26, 'latitude': 15.3833, 'longitude': -15.5}
[2025-04-14T23:35:02.960+0000] {subprocess.py:97} INFO - Command exited with return code 0
[2025-04-14T23:35:02.962+0000] {taskinstance.py:441} INFO - ::group::Post task execution logs
[2025-04-14T23:35:03.007+0000] {taskinstance.py:1206} INFO - Marking task as SUCCESS. dag_id=iot_data_pipeline, task_id=run_iot_producer_script, run_id=scheduled__2025-04-14T23:30:00+00:00, execution_date=20250414T233000, start_date=20250414T233501, end_date=20250414T233503
[2025-04-14T23:35:03.037+0000] {local_task_job_runner.py:240} INFO - Task exited with return code 0
[2025-04-14T23:35:03.075+0000] {taskinstance.py:3503} INFO - 0 downstream tasks scheduled from follow-on schedule check
[2025-04-14T23:35:03.076+0000] {local_task_job_runner.py:222} INFO - ::endgroup::
