[2025-04-16T21:08:53.921+0000] {local_task_job_runner.py:120} INFO - ::group::Pre task execution logs
[2025-04-16T21:08:53.968+0000] {taskinstance.py:2076} INFO - Dependencies all met for dep_context=non-requeueable deps ti=<TaskInstance: iot_data_pipeline.run_iot_producer_script scheduled__2025-04-16T21:00:00+00:00 [queued]>
[2025-04-16T21:08:53.978+0000] {taskinstance.py:2076} INFO - Dependencies all met for dep_context=requeueable deps ti=<TaskInstance: iot_data_pipeline.run_iot_producer_script scheduled__2025-04-16T21:00:00+00:00 [queued]>
[2025-04-16T21:08:53.978+0000] {taskinstance.py:2306} INFO - Starting attempt 1 of 2
[2025-04-16T21:08:53.996+0000] {taskinstance.py:2330} INFO - Executing <Task(BashOperator): run_iot_producer_script> on 2025-04-16 21:00:00+00:00
[2025-04-16T21:08:54.003+0000] {standard_task_runner.py:63} INFO - Started process 2241 to run task
[2025-04-16T21:08:54.007+0000] {standard_task_runner.py:90} INFO - Running: ['***', 'tasks', 'run', 'iot_data_pipeline', 'run_iot_producer_script', 'scheduled__2025-04-16T21:00:00+00:00', '--job-id', '10', '--raw', '--subdir', 'DAGS_FOLDER/iot_data_dag.py', '--cfg-path', '/tmp/tmpvgmz9c7c']
[2025-04-16T21:08:54.011+0000] {standard_task_runner.py:91} INFO - Job 10: Subtask run_iot_producer_script
[2025-04-16T21:08:54.058+0000] {task_command.py:426} INFO - Running <TaskInstance: iot_data_pipeline.run_iot_producer_script scheduled__2025-04-16T21:00:00+00:00 [running]> on host 8318a6508d39
[2025-04-16T21:08:54.192+0000] {taskinstance.py:2648} INFO - Exporting env vars: AIRFLOW_CTX_DAG_OWNER='***' AIRFLOW_CTX_DAG_ID='iot_data_pipeline' AIRFLOW_CTX_TASK_ID='run_iot_producer_script' AIRFLOW_CTX_EXECUTION_DATE='2025-04-16T21:00:00+00:00' AIRFLOW_CTX_TRY_NUMBER='1' AIRFLOW_CTX_DAG_RUN_ID='scheduled__2025-04-16T21:00:00+00:00'
[2025-04-16T21:08:54.192+0000] {taskinstance.py:430} INFO - ::endgroup::
[2025-04-16T21:08:54.210+0000] {subprocess.py:63} INFO - Tmp dir root location: /tmp
[2025-04-16T21:08:54.211+0000] {subprocess.py:75} INFO - Running command: ['/usr/bin/bash', '-c', 'python3 /opt/***/dags/script/iot_data_producer.py']
[2025-04-16T21:08:54.223+0000] {subprocess.py:86} INFO - Output:
[2025-04-16T21:08:54.928+0000] {subprocess.py:93} INFO - [2025-04-16T21:08:54.928580+00:00] Donnée envoyée et stockée : {'machine_id': 'IOT-MACH-TB-88', 'timestamp': '2025-04-16T21:08:54.922127+00:00', 'region': 'TB', 'season': 'saison_seche', 'temperature': 36.54, 'humidity': 26.68, 'soil_moisture': 10.2, 'vibration': 4.18, 'pressure': 2.32, 'latitude': 15.3833, 'longitude': -15.5}
[2025-04-16T21:08:54.985+0000] {subprocess.py:97} INFO - Command exited with return code 0
[2025-04-16T21:08:54.986+0000] {taskinstance.py:441} INFO - ::group::Post task execution logs
[2025-04-16T21:08:55.012+0000] {taskinstance.py:1206} INFO - Marking task as SUCCESS. dag_id=iot_data_pipeline, task_id=run_iot_producer_script, run_id=scheduled__2025-04-16T21:00:00+00:00, execution_date=20250416T210000, start_date=20250416T210853, end_date=20250416T210855
[2025-04-16T21:08:55.061+0000] {local_task_job_runner.py:240} INFO - Task exited with return code 0
[2025-04-16T21:08:55.079+0000] {taskinstance.py:3503} INFO - 0 downstream tasks scheduled from follow-on schedule check
[2025-04-16T21:08:55.080+0000] {local_task_job_runner.py:222} INFO - ::endgroup::
