[2025-04-17T21:05:57.200+0000] {local_task_job_runner.py:120} INFO - ::group::Pre task execution logs
[2025-04-17T21:05:57.235+0000] {taskinstance.py:2076} INFO - Dependencies all met for dep_context=non-requeueable deps ti=<TaskInstance: iot_data_pipeline.run_iot_producer_script manual__2025-04-17T21:05:56.379793+00:00 [queued]>
[2025-04-17T21:05:57.244+0000] {taskinstance.py:2076} INFO - Dependencies all met for dep_context=requeueable deps ti=<TaskInstance: iot_data_pipeline.run_iot_producer_script manual__2025-04-17T21:05:56.379793+00:00 [queued]>
[2025-04-17T21:05:57.245+0000] {taskinstance.py:2306} INFO - Starting attempt 1 of 2
[2025-04-17T21:05:57.258+0000] {taskinstance.py:2330} INFO - Executing <Task(BashOperator): run_iot_producer_script> on 2025-04-17 21:05:56.379793+00:00
[2025-04-17T21:05:57.264+0000] {standard_task_runner.py:63} INFO - Started process 3763 to run task
[2025-04-17T21:05:57.268+0000] {standard_task_runner.py:90} INFO - Running: ['***', 'tasks', 'run', 'iot_data_pipeline', 'run_iot_producer_script', 'manual__2025-04-17T21:05:56.379793+00:00', '--job-id', '18', '--raw', '--subdir', 'DAGS_FOLDER/iot_data_dag.py', '--cfg-path', '/tmp/tmpw2stw8k3']
[2025-04-17T21:05:57.270+0000] {standard_task_runner.py:91} INFO - Job 18: Subtask run_iot_producer_script
[2025-04-17T21:05:57.348+0000] {task_command.py:426} INFO - Running <TaskInstance: iot_data_pipeline.run_iot_producer_script manual__2025-04-17T21:05:56.379793+00:00 [running]> on host e4d9865e557d
[2025-04-17T21:05:57.438+0000] {taskinstance.py:2648} INFO - Exporting env vars: AIRFLOW_CTX_DAG_OWNER='***' AIRFLOW_CTX_DAG_ID='iot_data_pipeline' AIRFLOW_CTX_TASK_ID='run_iot_producer_script' AIRFLOW_CTX_EXECUTION_DATE='2025-04-17T21:05:56.379793+00:00' AIRFLOW_CTX_TRY_NUMBER='1' AIRFLOW_CTX_DAG_RUN_ID='manual__2025-04-17T21:05:56.379793+00:00'
[2025-04-17T21:05:57.439+0000] {taskinstance.py:430} INFO - ::endgroup::
[2025-04-17T21:05:57.457+0000] {subprocess.py:63} INFO - Tmp dir root location: /tmp
[2025-04-17T21:05:57.458+0000] {subprocess.py:75} INFO - Running command: ['/usr/bin/bash', '-c', 'python3 /opt/***/dags/script/iot_data_producer.py']
[2025-04-17T21:05:57.473+0000] {subprocess.py:86} INFO - Output:
[2025-04-17T21:05:58.348+0000] {subprocess.py:93} INFO - [2025-04-17T21:05:58.348803+00:00] Donnée envoyée et stockée : {'machine_id': 'IOT-MACH-KD-67', 'timestamp': '2025-04-17T21:05:58.346116+00:00', 'region': 'KD', 'season': 'saison_seche', 'temperature': 33.14, 'humidity': 54.55, 'soil_moisture': 22.63, 'vibration': 2.01, 'pressure': 2.03, 'latitude': 14.1167, 'longitude': -12.5}
[2025-04-17T21:05:58.717+0000] {subprocess.py:97} INFO - Command exited with return code 0
[2025-04-17T21:05:58.719+0000] {taskinstance.py:441} INFO - ::group::Post task execution logs
[2025-04-17T21:05:58.762+0000] {taskinstance.py:1206} INFO - Marking task as SUCCESS. dag_id=iot_data_pipeline, task_id=run_iot_producer_script, run_id=manual__2025-04-17T21:05:56.379793+00:00, execution_date=20250417T210556, start_date=20250417T210557, end_date=20250417T210558
[2025-04-17T21:05:58.808+0000] {local_task_job_runner.py:240} INFO - Task exited with return code 0
[2025-04-17T21:05:58.847+0000] {taskinstance.py:3503} INFO - 0 downstream tasks scheduled from follow-on schedule check
[2025-04-17T21:05:58.848+0000] {local_task_job_runner.py:222} INFO - ::endgroup::
