[2025-04-14T22:10:01.006+0000] {local_task_job_runner.py:120} INFO - ::group::Pre task execution logs
[2025-04-14T22:10:01.030+0000] {taskinstance.py:2076} INFO - Dependencies all met for dep_context=non-requeueable deps ti=<TaskInstance: iot_data_pipeline.run_iot_producer_script scheduled__2025-04-14T22:05:00+00:00 [queued]>
[2025-04-14T22:10:01.035+0000] {taskinstance.py:2076} INFO - Dependencies all met for dep_context=requeueable deps ti=<TaskInstance: iot_data_pipeline.run_iot_producer_script scheduled__2025-04-14T22:05:00+00:00 [queued]>
[2025-04-14T22:10:01.036+0000] {taskinstance.py:2306} INFO - Starting attempt 1 of 2
[2025-04-14T22:10:01.045+0000] {taskinstance.py:2330} INFO - Executing <Task(BashOperator): run_iot_producer_script> on 2025-04-14 22:05:00+00:00
[2025-04-14T22:10:01.049+0000] {standard_task_runner.py:63} INFO - Started process 3690 to run task
[2025-04-14T22:10:01.052+0000] {standard_task_runner.py:90} INFO - Running: ['***', 'tasks', 'run', 'iot_data_pipeline', 'run_iot_producer_script', 'scheduled__2025-04-14T22:05:00+00:00', '--job-id', '77', '--raw', '--subdir', 'DAGS_FOLDER/iot_data_dag.py', '--cfg-path', '/tmp/tmpemj3xrwa']
[2025-04-14T22:10:01.054+0000] {standard_task_runner.py:91} INFO - Job 77: Subtask run_iot_producer_script
[2025-04-14T22:10:01.090+0000] {task_command.py:426} INFO - Running <TaskInstance: iot_data_pipeline.run_iot_producer_script scheduled__2025-04-14T22:05:00+00:00 [running]> on host aef507eba48f
[2025-04-14T22:10:01.162+0000] {taskinstance.py:2648} INFO - Exporting env vars: AIRFLOW_CTX_DAG_OWNER='***' AIRFLOW_CTX_DAG_ID='iot_data_pipeline' AIRFLOW_CTX_TASK_ID='run_iot_producer_script' AIRFLOW_CTX_EXECUTION_DATE='2025-04-14T22:05:00+00:00' AIRFLOW_CTX_TRY_NUMBER='1' AIRFLOW_CTX_DAG_RUN_ID='scheduled__2025-04-14T22:05:00+00:00'
[2025-04-14T22:10:01.163+0000] {taskinstance.py:430} INFO - ::endgroup::
[2025-04-14T22:10:01.174+0000] {subprocess.py:63} INFO - Tmp dir root location: /tmp
[2025-04-14T22:10:01.175+0000] {subprocess.py:75} INFO - Running command: ['/usr/bin/bash', '-c', 'python3 /opt/***/dags/script/iot_data_producer.py']
[2025-04-14T22:10:01.183+0000] {subprocess.py:86} INFO - Output:
[2025-04-14T22:10:01.867+0000] {subprocess.py:93} INFO - [2025-04-14T22:10:01.866886+00:00] Donnée envoyée et stockée : {'machine_id': 'IOT-MACH-KD-71', 'timestamp': '2025-04-14T22:10:01.859633+00:00', 'region': 'KD', 'season': 'saison_seche', 'temperature': 33.09, 'humidity': 50.26, 'soil_moisture': 14.35, 'vibration': 1.5, 'pressure': 1.82, 'latitude': 14.1167, 'longitude': -12.5}
[2025-04-14T22:10:01.909+0000] {subprocess.py:97} INFO - Command exited with return code 0
[2025-04-14T22:10:01.910+0000] {taskinstance.py:441} INFO - ::group::Post task execution logs
[2025-04-14T22:10:01.928+0000] {taskinstance.py:1206} INFO - Marking task as SUCCESS. dag_id=iot_data_pipeline, task_id=run_iot_producer_script, run_id=scheduled__2025-04-14T22:05:00+00:00, execution_date=20250414T220500, start_date=20250414T221001, end_date=20250414T221001
[2025-04-14T22:10:01.945+0000] {local_task_job_runner.py:240} INFO - Task exited with return code 0
[2025-04-14T22:10:01.953+0000] {local_task_job_runner.py:222} INFO - ::endgroup::
