[2025-04-14T22:20:00.314+0000] {local_task_job_runner.py:120} INFO - ::group::Pre task execution logs
[2025-04-14T22:20:00.337+0000] {taskinstance.py:2076} INFO - Dependencies all met for dep_context=non-requeueable deps ti=<TaskInstance: iot_data_pipeline.run_iot_producer_script scheduled__2025-04-14T22:15:00+00:00 [queued]>
[2025-04-14T22:20:00.342+0000] {taskinstance.py:2076} INFO - Dependencies all met for dep_context=requeueable deps ti=<TaskInstance: iot_data_pipeline.run_iot_producer_script scheduled__2025-04-14T22:15:00+00:00 [queued]>
[2025-04-14T22:20:00.342+0000] {taskinstance.py:2306} INFO - Starting attempt 1 of 2
[2025-04-14T22:20:00.351+0000] {taskinstance.py:2330} INFO - Executing <Task(BashOperator): run_iot_producer_script> on 2025-04-14 22:15:00+00:00
[2025-04-14T22:20:00.354+0000] {standard_task_runner.py:63} INFO - Started process 4418 to run task
[2025-04-14T22:20:00.357+0000] {standard_task_runner.py:90} INFO - Running: ['***', 'tasks', 'run', 'iot_data_pipeline', 'run_iot_producer_script', 'scheduled__2025-04-14T22:15:00+00:00', '--job-id', '79', '--raw', '--subdir', 'DAGS_FOLDER/iot_data_dag.py', '--cfg-path', '/tmp/tmps3ofo969']
[2025-04-14T22:20:00.358+0000] {standard_task_runner.py:91} INFO - Job 79: Subtask run_iot_producer_script
[2025-04-14T22:20:00.391+0000] {task_command.py:426} INFO - Running <TaskInstance: iot_data_pipeline.run_iot_producer_script scheduled__2025-04-14T22:15:00+00:00 [running]> on host aef507eba48f
[2025-04-14T22:20:00.451+0000] {taskinstance.py:2648} INFO - Exporting env vars: AIRFLOW_CTX_DAG_OWNER='***' AIRFLOW_CTX_DAG_ID='iot_data_pipeline' AIRFLOW_CTX_TASK_ID='run_iot_producer_script' AIRFLOW_CTX_EXECUTION_DATE='2025-04-14T22:15:00+00:00' AIRFLOW_CTX_TRY_NUMBER='1' AIRFLOW_CTX_DAG_RUN_ID='scheduled__2025-04-14T22:15:00+00:00'
[2025-04-14T22:20:00.451+0000] {taskinstance.py:430} INFO - ::endgroup::
[2025-04-14T22:20:00.462+0000] {subprocess.py:63} INFO - Tmp dir root location: /tmp
[2025-04-14T22:20:00.463+0000] {subprocess.py:75} INFO - Running command: ['/usr/bin/bash', '-c', 'python3 /opt/***/dags/script/iot_data_producer.py']
[2025-04-14T22:20:00.470+0000] {subprocess.py:86} INFO - Output:
[2025-04-14T22:20:01.101+0000] {subprocess.py:93} INFO - [2025-04-14T22:20:01.100821+00:00] Donnée envoyée et stockée : {'machine_id': 'IOT-MACH-TB-3', 'timestamp': '2025-04-14T22:20:01.090911+00:00', 'region': 'TB', 'season': 'saison_seche', 'temperature': 36.05, 'humidity': 25.94, 'soil_moisture': 19.06, 'vibration': 3.55, 'pressure': 1.45, 'latitude': 15.3833, 'longitude': -15.5}
[2025-04-14T22:20:01.160+0000] {subprocess.py:97} INFO - Command exited with return code 0
[2025-04-14T22:20:01.161+0000] {taskinstance.py:441} INFO - ::group::Post task execution logs
[2025-04-14T22:20:01.179+0000] {taskinstance.py:1206} INFO - Marking task as SUCCESS. dag_id=iot_data_pipeline, task_id=run_iot_producer_script, run_id=scheduled__2025-04-14T22:15:00+00:00, execution_date=20250414T221500, start_date=20250414T222000, end_date=20250414T222001
[2025-04-14T22:20:01.210+0000] {local_task_job_runner.py:240} INFO - Task exited with return code 0
[2025-04-14T22:20:01.224+0000] {taskinstance.py:3503} INFO - 0 downstream tasks scheduled from follow-on schedule check
[2025-04-14T22:20:01.224+0000] {local_task_job_runner.py:222} INFO - ::endgroup::
