[2025-04-14T23:00:00.739+0000] {local_task_job_runner.py:120} INFO - ::group::Pre task execution logs
[2025-04-14T23:00:00.770+0000] {taskinstance.py:2076} INFO - Dependencies all met for dep_context=non-requeueable deps ti=<TaskInstance: iot_data_pipeline.run_iot_producer_script scheduled__2025-04-14T22:55:00+00:00 [queued]>
[2025-04-14T23:00:00.776+0000] {taskinstance.py:2076} INFO - Dependencies all met for dep_context=requeueable deps ti=<TaskInstance: iot_data_pipeline.run_iot_producer_script scheduled__2025-04-14T22:55:00+00:00 [queued]>
[2025-04-14T23:00:00.776+0000] {taskinstance.py:2306} INFO - Starting attempt 1 of 2
[2025-04-14T23:00:00.790+0000] {taskinstance.py:2330} INFO - Executing <Task(BashOperator): run_iot_producer_script> on 2025-04-14 22:55:00+00:00
[2025-04-14T23:00:00.796+0000] {standard_task_runner.py:63} INFO - Started process 7301 to run task
[2025-04-14T23:00:00.799+0000] {standard_task_runner.py:90} INFO - Running: ['***', 'tasks', 'run', 'iot_data_pipeline', 'run_iot_producer_script', 'scheduled__2025-04-14T22:55:00+00:00', '--job-id', '87', '--raw', '--subdir', 'DAGS_FOLDER/iot_data_dag.py', '--cfg-path', '/tmp/tmprctk5i5v']
[2025-04-14T23:00:00.801+0000] {standard_task_runner.py:91} INFO - Job 87: Subtask run_iot_producer_script
[2025-04-14T23:00:00.844+0000] {task_command.py:426} INFO - Running <TaskInstance: iot_data_pipeline.run_iot_producer_script scheduled__2025-04-14T22:55:00+00:00 [running]> on host aef507eba48f
[2025-04-14T23:00:00.934+0000] {taskinstance.py:2648} INFO - Exporting env vars: AIRFLOW_CTX_DAG_OWNER='***' AIRFLOW_CTX_DAG_ID='iot_data_pipeline' AIRFLOW_CTX_TASK_ID='run_iot_producer_script' AIRFLOW_CTX_EXECUTION_DATE='2025-04-14T22:55:00+00:00' AIRFLOW_CTX_TRY_NUMBER='1' AIRFLOW_CTX_DAG_RUN_ID='scheduled__2025-04-14T22:55:00+00:00'
[2025-04-14T23:00:00.934+0000] {taskinstance.py:430} INFO - ::endgroup::
[2025-04-14T23:00:00.956+0000] {subprocess.py:63} INFO - Tmp dir root location: /tmp
[2025-04-14T23:00:00.957+0000] {subprocess.py:75} INFO - Running command: ['/usr/bin/bash', '-c', 'python3 /opt/***/dags/script/iot_data_producer.py']
[2025-04-14T23:00:00.968+0000] {subprocess.py:86} INFO - Output:
[2025-04-14T23:00:01.872+0000] {subprocess.py:93} INFO - [2025-04-14T23:00:01.872430+00:00] Donnée envoyée et stockée : {'machine_id': 'IOT-MACH-MT-65', 'timestamp': '2025-04-14T23:00:01.870168+00:00', 'region': 'MT', 'season': 'saison_seche', 'temperature': 38.96, 'humidity': 11.15, 'soil_moisture': 24.05, 'vibration': 1.53, 'pressure': 2.01, 'latitude': 16.0333, 'longitude': -13.5167}
[2025-04-14T23:00:02.003+0000] {subprocess.py:97} INFO - Command exited with return code 0
[2025-04-14T23:00:02.004+0000] {taskinstance.py:441} INFO - ::group::Post task execution logs
[2025-04-14T23:00:02.046+0000] {taskinstance.py:1206} INFO - Marking task as SUCCESS. dag_id=iot_data_pipeline, task_id=run_iot_producer_script, run_id=scheduled__2025-04-14T22:55:00+00:00, execution_date=20250414T225500, start_date=20250414T230000, end_date=20250414T230002
[2025-04-14T23:00:02.095+0000] {local_task_job_runner.py:240} INFO - Task exited with return code 0
[2025-04-14T23:00:02.124+0000] {taskinstance.py:3503} INFO - 0 downstream tasks scheduled from follow-on schedule check
[2025-04-14T23:00:02.127+0000] {local_task_job_runner.py:222} INFO - ::endgroup::
