[2025-03-28T22:55:31.749+0000] {processor.py:161} INFO - Started process (PID=230) to work on /opt/airflow/dags/dag_kafka_spark_streaming.py
[2025-03-28T22:55:31.750+0000] {processor.py:830} INFO - Processing file /opt/airflow/dags/dag_kafka_spark_streaming.py for tasks to queue
[2025-03-28T22:55:31.752+0000] {logging_mixin.py:188} INFO - [2025-03-28T22:55:31.751+0000] {dagbag.py:545} INFO - Filling up the DagBag from /opt/airflow/dags/dag_kafka_spark_streaming.py
[2025-03-28T22:55:31.760+0000] {processor.py:840} INFO - DAG(s) 'kafka_spark_streaming' retrieved from /opt/airflow/dags/dag_kafka_spark_streaming.py
[2025-03-28T22:55:31.865+0000] {logging_mixin.py:188} INFO - [2025-03-28T22:55:31.864+0000] {override.py:1858} INFO - Created Permission View: can read on DAG:kafka_spark_streaming
[2025-03-28T22:55:31.873+0000] {logging_mixin.py:188} INFO - [2025-03-28T22:55:31.873+0000] {override.py:1858} INFO - Created Permission View: can edit on DAG:kafka_spark_streaming
[2025-03-28T22:55:31.878+0000] {logging_mixin.py:188} INFO - [2025-03-28T22:55:31.877+0000] {override.py:1858} INFO - Created Permission View: can delete on DAG:kafka_spark_streaming
[2025-03-28T22:55:31.878+0000] {logging_mixin.py:188} INFO - [2025-03-28T22:55:31.878+0000] {dag.py:3089} INFO - Sync 1 DAGs
[2025-03-28T22:55:31.888+0000] {logging_mixin.py:188} INFO - [2025-03-28T22:55:31.887+0000] {dag.py:3111} INFO - Creating ORM DAG for kafka_spark_streaming
[2025-03-28T22:55:31.895+0000] {logging_mixin.py:188} INFO - [2025-03-28T22:55:31.895+0000] {dag.py:3947} INFO - Setting next_dagrun for kafka_spark_streaming to 2025-01-01 00:00:00+00:00, run_after=2025-01-01 00:00:00+00:00
[2025-03-28T22:55:31.908+0000] {processor.py:183} INFO - Processing /opt/airflow/dags/dag_kafka_spark_streaming.py took 0.165 seconds
[2025-03-28T22:56:02.328+0000] {processor.py:161} INFO - Started process (PID=261) to work on /opt/airflow/dags/dag_kafka_spark_streaming.py
[2025-03-28T22:56:02.329+0000] {processor.py:830} INFO - Processing file /opt/airflow/dags/dag_kafka_spark_streaming.py for tasks to queue
[2025-03-28T22:56:02.331+0000] {logging_mixin.py:188} INFO - [2025-03-28T22:56:02.330+0000] {dagbag.py:545} INFO - Filling up the DagBag from /opt/airflow/dags/dag_kafka_spark_streaming.py
[2025-03-28T22:56:02.339+0000] {processor.py:840} INFO - DAG(s) 'kafka_spark_streaming' retrieved from /opt/airflow/dags/dag_kafka_spark_streaming.py
[2025-03-28T22:56:02.361+0000] {logging_mixin.py:188} INFO - [2025-03-28T22:56:02.361+0000] {dag.py:3089} INFO - Sync 1 DAGs
[2025-03-28T22:56:02.378+0000] {logging_mixin.py:188} INFO - [2025-03-28T22:56:02.378+0000] {dag.py:3947} INFO - Setting next_dagrun for kafka_spark_streaming to 2025-01-01 00:00:00+00:00, run_after=2025-01-01 00:00:00+00:00
[2025-03-28T22:56:02.394+0000] {processor.py:183} INFO - Processing /opt/airflow/dags/dag_kafka_spark_streaming.py took 0.070 seconds
[2025-03-28T22:56:32.758+0000] {processor.py:161} INFO - Started process (PID=292) to work on /opt/airflow/dags/dag_kafka_spark_streaming.py
[2025-03-28T22:56:32.759+0000] {processor.py:830} INFO - Processing file /opt/airflow/dags/dag_kafka_spark_streaming.py for tasks to queue
[2025-03-28T22:56:32.760+0000] {logging_mixin.py:188} INFO - [2025-03-28T22:56:32.760+0000] {dagbag.py:545} INFO - Filling up the DagBag from /opt/airflow/dags/dag_kafka_spark_streaming.py
[2025-03-28T22:56:32.768+0000] {processor.py:840} INFO - DAG(s) 'kafka_spark_streaming' retrieved from /opt/airflow/dags/dag_kafka_spark_streaming.py
[2025-03-28T22:56:32.791+0000] {logging_mixin.py:188} INFO - [2025-03-28T22:56:32.791+0000] {dag.py:3089} INFO - Sync 1 DAGs
[2025-03-28T22:56:32.811+0000] {logging_mixin.py:188} INFO - [2025-03-28T22:56:32.810+0000] {dag.py:3947} INFO - Setting next_dagrun for kafka_spark_streaming to 2025-01-01 00:00:00+00:00, run_after=2025-01-01 00:00:00+00:00
[2025-03-28T22:56:32.825+0000] {processor.py:183} INFO - Processing /opt/airflow/dags/dag_kafka_spark_streaming.py took 0.072 seconds
[2025-03-28T22:57:03.195+0000] {processor.py:161} INFO - Started process (PID=323) to work on /opt/airflow/dags/dag_kafka_spark_streaming.py
[2025-03-28T22:57:03.196+0000] {processor.py:830} INFO - Processing file /opt/airflow/dags/dag_kafka_spark_streaming.py for tasks to queue
[2025-03-28T22:57:03.197+0000] {logging_mixin.py:188} INFO - [2025-03-28T22:57:03.197+0000] {dagbag.py:545} INFO - Filling up the DagBag from /opt/airflow/dags/dag_kafka_spark_streaming.py
[2025-03-28T22:57:03.204+0000] {processor.py:840} INFO - DAG(s) 'kafka_spark_streaming' retrieved from /opt/airflow/dags/dag_kafka_spark_streaming.py
[2025-03-28T22:57:03.227+0000] {logging_mixin.py:188} INFO - [2025-03-28T22:57:03.226+0000] {dag.py:3089} INFO - Sync 1 DAGs
[2025-03-28T22:57:03.243+0000] {logging_mixin.py:188} INFO - [2025-03-28T22:57:03.243+0000] {dag.py:3947} INFO - Setting next_dagrun for kafka_spark_streaming to 2025-01-01 00:00:00+00:00, run_after=2025-01-01 00:00:00+00:00
[2025-03-28T22:57:03.257+0000] {processor.py:183} INFO - Processing /opt/airflow/dags/dag_kafka_spark_streaming.py took 0.067 seconds
[2025-03-28T22:57:33.599+0000] {processor.py:161} INFO - Started process (PID=354) to work on /opt/airflow/dags/dag_kafka_spark_streaming.py
[2025-03-28T22:57:33.600+0000] {processor.py:830} INFO - Processing file /opt/airflow/dags/dag_kafka_spark_streaming.py for tasks to queue
[2025-03-28T22:57:33.602+0000] {logging_mixin.py:188} INFO - [2025-03-28T22:57:33.601+0000] {dagbag.py:545} INFO - Filling up the DagBag from /opt/airflow/dags/dag_kafka_spark_streaming.py
[2025-03-28T22:57:33.611+0000] {processor.py:840} INFO - DAG(s) 'kafka_spark_streaming' retrieved from /opt/airflow/dags/dag_kafka_spark_streaming.py
[2025-03-28T22:57:33.638+0000] {logging_mixin.py:188} INFO - [2025-03-28T22:57:33.638+0000] {dag.py:3089} INFO - Sync 1 DAGs
[2025-03-28T22:57:33.655+0000] {logging_mixin.py:188} INFO - [2025-03-28T22:57:33.655+0000] {dag.py:3947} INFO - Setting next_dagrun for kafka_spark_streaming to 2025-01-01 00:00:00+00:00, run_after=2025-01-01 00:00:00+00:00
[2025-03-28T22:57:33.669+0000] {processor.py:183} INFO - Processing /opt/airflow/dags/dag_kafka_spark_streaming.py took 0.078 seconds
[2025-03-28T22:58:04.045+0000] {processor.py:161} INFO - Started process (PID=385) to work on /opt/airflow/dags/dag_kafka_spark_streaming.py
[2025-03-28T22:58:04.045+0000] {processor.py:830} INFO - Processing file /opt/airflow/dags/dag_kafka_spark_streaming.py for tasks to queue
[2025-03-28T22:58:04.047+0000] {logging_mixin.py:188} INFO - [2025-03-28T22:58:04.046+0000] {dagbag.py:545} INFO - Filling up the DagBag from /opt/airflow/dags/dag_kafka_spark_streaming.py
[2025-03-28T22:58:04.054+0000] {processor.py:840} INFO - DAG(s) 'kafka_spark_streaming' retrieved from /opt/airflow/dags/dag_kafka_spark_streaming.py
[2025-03-28T22:58:04.075+0000] {logging_mixin.py:188} INFO - [2025-03-28T22:58:04.075+0000] {dag.py:3089} INFO - Sync 1 DAGs
[2025-03-28T22:58:04.092+0000] {logging_mixin.py:188} INFO - [2025-03-28T22:58:04.091+0000] {dag.py:3947} INFO - Setting next_dagrun for kafka_spark_streaming to 2025-01-01 00:00:00+00:00, run_after=2025-01-01 00:00:00+00:00
[2025-03-28T22:58:04.105+0000] {processor.py:183} INFO - Processing /opt/airflow/dags/dag_kafka_spark_streaming.py took 0.064 seconds
[2025-03-28T22:58:34.486+0000] {processor.py:161} INFO - Started process (PID=416) to work on /opt/airflow/dags/dag_kafka_spark_streaming.py
[2025-03-28T22:58:34.487+0000] {processor.py:830} INFO - Processing file /opt/airflow/dags/dag_kafka_spark_streaming.py for tasks to queue
[2025-03-28T22:58:34.488+0000] {logging_mixin.py:188} INFO - [2025-03-28T22:58:34.488+0000] {dagbag.py:545} INFO - Filling up the DagBag from /opt/airflow/dags/dag_kafka_spark_streaming.py
[2025-03-28T22:58:34.496+0000] {processor.py:840} INFO - DAG(s) 'kafka_spark_streaming' retrieved from /opt/airflow/dags/dag_kafka_spark_streaming.py
[2025-03-28T22:58:34.518+0000] {logging_mixin.py:188} INFO - [2025-03-28T22:58:34.518+0000] {dag.py:3089} INFO - Sync 1 DAGs
[2025-03-28T22:58:34.535+0000] {logging_mixin.py:188} INFO - [2025-03-28T22:58:34.535+0000] {dag.py:3947} INFO - Setting next_dagrun for kafka_spark_streaming to 2025-01-01 00:00:00+00:00, run_after=2025-01-01 00:00:00+00:00
[2025-03-28T22:58:34.550+0000] {processor.py:183} INFO - Processing /opt/airflow/dags/dag_kafka_spark_streaming.py took 0.069 seconds
[2025-03-28T22:59:04.951+0000] {processor.py:161} INFO - Started process (PID=448) to work on /opt/airflow/dags/dag_kafka_spark_streaming.py
[2025-03-28T22:59:04.952+0000] {processor.py:830} INFO - Processing file /opt/airflow/dags/dag_kafka_spark_streaming.py for tasks to queue
[2025-03-28T22:59:04.953+0000] {logging_mixin.py:188} INFO - [2025-03-28T22:59:04.953+0000] {dagbag.py:545} INFO - Filling up the DagBag from /opt/airflow/dags/dag_kafka_spark_streaming.py
[2025-03-28T22:59:04.960+0000] {processor.py:840} INFO - DAG(s) 'kafka_spark_streaming' retrieved from /opt/airflow/dags/dag_kafka_spark_streaming.py
[2025-03-28T22:59:04.982+0000] {logging_mixin.py:188} INFO - [2025-03-28T22:59:04.981+0000] {dag.py:3089} INFO - Sync 1 DAGs
[2025-03-28T22:59:04.999+0000] {logging_mixin.py:188} INFO - [2025-03-28T22:59:04.998+0000] {dag.py:3947} INFO - Setting next_dagrun for kafka_spark_streaming to 2025-01-01 00:00:00+00:00, run_after=2025-01-01 00:00:00+00:00
[2025-03-28T22:59:05.012+0000] {processor.py:183} INFO - Processing /opt/airflow/dags/dag_kafka_spark_streaming.py took 0.065 seconds
[2025-03-28T22:59:35.360+0000] {processor.py:161} INFO - Started process (PID=479) to work on /opt/airflow/dags/dag_kafka_spark_streaming.py
[2025-03-28T22:59:35.372+0000] {processor.py:830} INFO - Processing file /opt/airflow/dags/dag_kafka_spark_streaming.py for tasks to queue
[2025-03-28T22:59:35.374+0000] {logging_mixin.py:188} INFO - [2025-03-28T22:59:35.374+0000] {dagbag.py:545} INFO - Filling up the DagBag from /opt/airflow/dags/dag_kafka_spark_streaming.py
[2025-03-28T22:59:35.386+0000] {processor.py:840} INFO - DAG(s) 'kafka_spark_streaming' retrieved from /opt/airflow/dags/dag_kafka_spark_streaming.py
[2025-03-28T22:59:35.408+0000] {logging_mixin.py:188} INFO - [2025-03-28T22:59:35.408+0000] {dag.py:3089} INFO - Sync 1 DAGs
[2025-03-28T22:59:35.428+0000] {logging_mixin.py:188} INFO - [2025-03-28T22:59:35.428+0000] {dag.py:3947} INFO - Setting next_dagrun for kafka_spark_streaming to 2025-01-01 00:00:00+00:00, run_after=2025-01-01 00:00:00+00:00
[2025-03-28T22:59:35.443+0000] {processor.py:183} INFO - Processing /opt/airflow/dags/dag_kafka_spark_streaming.py took 0.091 seconds
[2025-03-28T23:00:05.808+0000] {processor.py:161} INFO - Started process (PID=510) to work on /opt/airflow/dags/dag_kafka_spark_streaming.py
[2025-03-28T23:00:05.808+0000] {processor.py:830} INFO - Processing file /opt/airflow/dags/dag_kafka_spark_streaming.py for tasks to queue
[2025-03-28T23:00:05.810+0000] {logging_mixin.py:188} INFO - [2025-03-28T23:00:05.809+0000] {dagbag.py:545} INFO - Filling up the DagBag from /opt/airflow/dags/dag_kafka_spark_streaming.py
[2025-03-28T23:00:05.816+0000] {processor.py:840} INFO - DAG(s) 'kafka_spark_streaming' retrieved from /opt/airflow/dags/dag_kafka_spark_streaming.py
[2025-03-28T23:00:05.838+0000] {logging_mixin.py:188} INFO - [2025-03-28T23:00:05.838+0000] {dag.py:3089} INFO - Sync 1 DAGs
[2025-03-28T23:00:05.857+0000] {logging_mixin.py:188} INFO - [2025-03-28T23:00:05.857+0000] {dag.py:3947} INFO - Setting next_dagrun for kafka_spark_streaming to 2025-01-01 00:00:00+00:00, run_after=2025-01-01 00:00:00+00:00
[2025-03-28T23:00:05.880+0000] {processor.py:183} INFO - Processing /opt/airflow/dags/dag_kafka_spark_streaming.py took 0.076 seconds
[2025-03-28T23:00:36.269+0000] {processor.py:161} INFO - Started process (PID=541) to work on /opt/airflow/dags/dag_kafka_spark_streaming.py
[2025-03-28T23:00:36.269+0000] {processor.py:830} INFO - Processing file /opt/airflow/dags/dag_kafka_spark_streaming.py for tasks to queue
[2025-03-28T23:00:36.271+0000] {logging_mixin.py:188} INFO - [2025-03-28T23:00:36.270+0000] {dagbag.py:545} INFO - Filling up the DagBag from /opt/airflow/dags/dag_kafka_spark_streaming.py
[2025-03-28T23:00:36.277+0000] {processor.py:840} INFO - DAG(s) 'kafka_spark_streaming' retrieved from /opt/airflow/dags/dag_kafka_spark_streaming.py
[2025-03-28T23:00:36.299+0000] {logging_mixin.py:188} INFO - [2025-03-28T23:00:36.299+0000] {dag.py:3089} INFO - Sync 1 DAGs
[2025-03-28T23:00:36.316+0000] {logging_mixin.py:188} INFO - [2025-03-28T23:00:36.316+0000] {dag.py:3947} INFO - Setting next_dagrun for kafka_spark_streaming to 2025-01-01 00:00:00+00:00, run_after=2025-01-01 00:00:00+00:00
[2025-03-28T23:00:36.329+0000] {processor.py:183} INFO - Processing /opt/airflow/dags/dag_kafka_spark_streaming.py took 0.065 seconds
[2025-03-28T23:01:06.682+0000] {processor.py:161} INFO - Started process (PID=572) to work on /opt/airflow/dags/dag_kafka_spark_streaming.py
[2025-03-28T23:01:06.683+0000] {processor.py:830} INFO - Processing file /opt/airflow/dags/dag_kafka_spark_streaming.py for tasks to queue
[2025-03-28T23:01:06.684+0000] {logging_mixin.py:188} INFO - [2025-03-28T23:01:06.683+0000] {dagbag.py:545} INFO - Filling up the DagBag from /opt/airflow/dags/dag_kafka_spark_streaming.py
[2025-03-28T23:01:06.690+0000] {processor.py:840} INFO - DAG(s) 'kafka_spark_streaming' retrieved from /opt/airflow/dags/dag_kafka_spark_streaming.py
[2025-03-28T23:01:06.712+0000] {logging_mixin.py:188} INFO - [2025-03-28T23:01:06.711+0000] {dag.py:3089} INFO - Sync 1 DAGs
[2025-03-28T23:01:06.728+0000] {logging_mixin.py:188} INFO - [2025-03-28T23:01:06.728+0000] {dag.py:3947} INFO - Setting next_dagrun for kafka_spark_streaming to 2025-01-01 00:00:00+00:00, run_after=2025-01-01 00:00:00+00:00
[2025-03-28T23:01:06.741+0000] {processor.py:183} INFO - Processing /opt/airflow/dags/dag_kafka_spark_streaming.py took 0.063 seconds
[2025-03-28T23:01:37.112+0000] {processor.py:161} INFO - Started process (PID=603) to work on /opt/airflow/dags/dag_kafka_spark_streaming.py
[2025-03-28T23:01:37.113+0000] {processor.py:830} INFO - Processing file /opt/airflow/dags/dag_kafka_spark_streaming.py for tasks to queue
[2025-03-28T23:01:37.114+0000] {logging_mixin.py:188} INFO - [2025-03-28T23:01:37.114+0000] {dagbag.py:545} INFO - Filling up the DagBag from /opt/airflow/dags/dag_kafka_spark_streaming.py
[2025-03-28T23:01:37.121+0000] {processor.py:840} INFO - DAG(s) 'kafka_spark_streaming' retrieved from /opt/airflow/dags/dag_kafka_spark_streaming.py
[2025-03-28T23:01:37.142+0000] {logging_mixin.py:188} INFO - [2025-03-28T23:01:37.142+0000] {dag.py:3089} INFO - Sync 1 DAGs
[2025-03-28T23:01:37.159+0000] {logging_mixin.py:188} INFO - [2025-03-28T23:01:37.159+0000] {dag.py:3947} INFO - Setting next_dagrun for kafka_spark_streaming to 2025-01-01 00:00:00+00:00, run_after=2025-01-01 00:00:00+00:00
[2025-03-28T23:01:37.173+0000] {processor.py:183} INFO - Processing /opt/airflow/dags/dag_kafka_spark_streaming.py took 0.065 seconds
[2025-03-28T23:02:07.621+0000] {processor.py:161} INFO - Started process (PID=636) to work on /opt/airflow/dags/dag_kafka_spark_streaming.py
[2025-03-28T23:02:07.622+0000] {processor.py:830} INFO - Processing file /opt/airflow/dags/dag_kafka_spark_streaming.py for tasks to queue
[2025-03-28T23:02:07.623+0000] {logging_mixin.py:188} INFO - [2025-03-28T23:02:07.623+0000] {dagbag.py:545} INFO - Filling up the DagBag from /opt/airflow/dags/dag_kafka_spark_streaming.py
[2025-03-28T23:02:07.630+0000] {processor.py:840} INFO - DAG(s) 'kafka_spark_streaming' retrieved from /opt/airflow/dags/dag_kafka_spark_streaming.py
[2025-03-28T23:02:07.652+0000] {logging_mixin.py:188} INFO - [2025-03-28T23:02:07.652+0000] {dag.py:3089} INFO - Sync 1 DAGs
[2025-03-28T23:02:07.668+0000] {logging_mixin.py:188} INFO - [2025-03-28T23:02:07.668+0000] {dag.py:3947} INFO - Setting next_dagrun for kafka_spark_streaming to 2025-01-01 00:00:00+00:00, run_after=2025-01-01 00:00:00+00:00
[2025-03-28T23:02:07.682+0000] {processor.py:183} INFO - Processing /opt/airflow/dags/dag_kafka_spark_streaming.py took 0.065 seconds
[2025-03-28T23:02:38.008+0000] {processor.py:161} INFO - Started process (PID=665) to work on /opt/airflow/dags/dag_kafka_spark_streaming.py
[2025-03-28T23:02:38.008+0000] {processor.py:830} INFO - Processing file /opt/airflow/dags/dag_kafka_spark_streaming.py for tasks to queue
[2025-03-28T23:02:38.009+0000] {logging_mixin.py:188} INFO - [2025-03-28T23:02:38.009+0000] {dagbag.py:545} INFO - Filling up the DagBag from /opt/airflow/dags/dag_kafka_spark_streaming.py
[2025-03-28T23:02:38.016+0000] {processor.py:840} INFO - DAG(s) 'kafka_spark_streaming' retrieved from /opt/airflow/dags/dag_kafka_spark_streaming.py
[2025-03-28T23:02:38.039+0000] {logging_mixin.py:188} INFO - [2025-03-28T23:02:38.038+0000] {dag.py:3089} INFO - Sync 1 DAGs
[2025-03-28T23:02:38.055+0000] {logging_mixin.py:188} INFO - [2025-03-28T23:02:38.055+0000] {dag.py:3947} INFO - Setting next_dagrun for kafka_spark_streaming to 2025-01-01 00:00:00+00:00, run_after=2025-01-01 00:00:00+00:00
[2025-03-28T23:02:38.068+0000] {processor.py:183} INFO - Processing /opt/airflow/dags/dag_kafka_spark_streaming.py took 0.065 seconds
[2025-03-28T23:03:08.456+0000] {processor.py:161} INFO - Started process (PID=696) to work on /opt/airflow/dags/dag_kafka_spark_streaming.py
[2025-03-28T23:03:08.457+0000] {processor.py:830} INFO - Processing file /opt/airflow/dags/dag_kafka_spark_streaming.py for tasks to queue
[2025-03-28T23:03:08.458+0000] {logging_mixin.py:188} INFO - [2025-03-28T23:03:08.458+0000] {dagbag.py:545} INFO - Filling up the DagBag from /opt/airflow/dags/dag_kafka_spark_streaming.py
[2025-03-28T23:03:08.466+0000] {processor.py:840} INFO - DAG(s) 'kafka_spark_streaming' retrieved from /opt/airflow/dags/dag_kafka_spark_streaming.py
[2025-03-28T23:03:08.488+0000] {logging_mixin.py:188} INFO - [2025-03-28T23:03:08.488+0000] {dag.py:3089} INFO - Sync 1 DAGs
[2025-03-28T23:03:08.506+0000] {logging_mixin.py:188} INFO - [2025-03-28T23:03:08.506+0000] {dag.py:3947} INFO - Setting next_dagrun for kafka_spark_streaming to 2025-01-01 00:00:00+00:00, run_after=2025-01-01 00:00:00+00:00
[2025-03-28T23:03:08.519+0000] {processor.py:183} INFO - Processing /opt/airflow/dags/dag_kafka_spark_streaming.py took 0.068 seconds
[2025-03-28T23:03:38.921+0000] {processor.py:161} INFO - Started process (PID=727) to work on /opt/airflow/dags/dag_kafka_spark_streaming.py
[2025-03-28T23:03:38.923+0000] {processor.py:830} INFO - Processing file /opt/airflow/dags/dag_kafka_spark_streaming.py for tasks to queue
[2025-03-28T23:03:38.925+0000] {logging_mixin.py:188} INFO - [2025-03-28T23:03:38.924+0000] {dagbag.py:545} INFO - Filling up the DagBag from /opt/airflow/dags/dag_kafka_spark_streaming.py
[2025-03-28T23:03:38.934+0000] {processor.py:840} INFO - DAG(s) 'kafka_spark_streaming' retrieved from /opt/airflow/dags/dag_kafka_spark_streaming.py
[2025-03-28T23:03:38.986+0000] {logging_mixin.py:188} INFO - [2025-03-28T23:03:38.985+0000] {dag.py:3089} INFO - Sync 1 DAGs
[2025-03-28T23:03:39.042+0000] {logging_mixin.py:188} INFO - [2025-03-28T23:03:39.041+0000] {dag.py:3947} INFO - Setting next_dagrun for kafka_spark_streaming to 2025-01-01 00:00:00+00:00, run_after=2025-01-01 00:00:00+00:00
[2025-03-28T23:03:39.088+0000] {processor.py:183} INFO - Processing /opt/airflow/dags/dag_kafka_spark_streaming.py took 0.173 seconds
[2025-03-28T23:04:09.554+0000] {processor.py:161} INFO - Started process (PID=758) to work on /opt/airflow/dags/dag_kafka_spark_streaming.py
[2025-03-28T23:04:09.555+0000] {processor.py:830} INFO - Processing file /opt/airflow/dags/dag_kafka_spark_streaming.py for tasks to queue
[2025-03-28T23:04:09.557+0000] {logging_mixin.py:188} INFO - [2025-03-28T23:04:09.556+0000] {dagbag.py:545} INFO - Filling up the DagBag from /opt/airflow/dags/dag_kafka_spark_streaming.py
[2025-03-28T23:04:09.567+0000] {processor.py:840} INFO - DAG(s) 'kafka_spark_streaming' retrieved from /opt/airflow/dags/dag_kafka_spark_streaming.py
[2025-03-28T23:04:09.599+0000] {logging_mixin.py:188} INFO - [2025-03-28T23:04:09.598+0000] {dag.py:3089} INFO - Sync 1 DAGs
[2025-03-28T23:04:09.626+0000] {logging_mixin.py:188} INFO - [2025-03-28T23:04:09.626+0000] {dag.py:3947} INFO - Setting next_dagrun for kafka_spark_streaming to 2025-01-01 00:00:00+00:00, run_after=2025-01-01 00:00:00+00:00
[2025-03-28T23:04:09.645+0000] {processor.py:183} INFO - Processing /opt/airflow/dags/dag_kafka_spark_streaming.py took 0.098 seconds
[2025-03-28T23:04:40.094+0000] {processor.py:161} INFO - Started process (PID=789) to work on /opt/airflow/dags/dag_kafka_spark_streaming.py
[2025-03-28T23:04:40.095+0000] {processor.py:830} INFO - Processing file /opt/airflow/dags/dag_kafka_spark_streaming.py for tasks to queue
[2025-03-28T23:04:40.097+0000] {logging_mixin.py:188} INFO - [2025-03-28T23:04:40.097+0000] {dagbag.py:545} INFO - Filling up the DagBag from /opt/airflow/dags/dag_kafka_spark_streaming.py
[2025-03-28T23:04:40.108+0000] {processor.py:840} INFO - DAG(s) 'kafka_spark_streaming' retrieved from /opt/airflow/dags/dag_kafka_spark_streaming.py
[2025-03-28T23:04:40.139+0000] {logging_mixin.py:188} INFO - [2025-03-28T23:04:40.139+0000] {dag.py:3089} INFO - Sync 1 DAGs
[2025-03-28T23:04:40.167+0000] {logging_mixin.py:188} INFO - [2025-03-28T23:04:40.166+0000] {dag.py:3947} INFO - Setting next_dagrun for kafka_spark_streaming to 2025-01-01 00:00:00+00:00, run_after=2025-01-01 00:00:00+00:00
[2025-03-28T23:04:40.191+0000] {processor.py:183} INFO - Processing /opt/airflow/dags/dag_kafka_spark_streaming.py took 0.101 seconds
[2025-03-28T23:05:10.606+0000] {processor.py:161} INFO - Started process (PID=820) to work on /opt/airflow/dags/dag_kafka_spark_streaming.py
[2025-03-28T23:05:10.606+0000] {processor.py:830} INFO - Processing file /opt/airflow/dags/dag_kafka_spark_streaming.py for tasks to queue
[2025-03-28T23:05:10.608+0000] {logging_mixin.py:188} INFO - [2025-03-28T23:05:10.607+0000] {dagbag.py:545} INFO - Filling up the DagBag from /opt/airflow/dags/dag_kafka_spark_streaming.py
[2025-03-28T23:05:10.614+0000] {processor.py:840} INFO - DAG(s) 'kafka_spark_streaming' retrieved from /opt/airflow/dags/dag_kafka_spark_streaming.py
[2025-03-28T23:05:10.635+0000] {logging_mixin.py:188} INFO - [2025-03-28T23:05:10.635+0000] {dag.py:3089} INFO - Sync 1 DAGs
[2025-03-28T23:05:10.652+0000] {logging_mixin.py:188} INFO - [2025-03-28T23:05:10.652+0000] {dag.py:3947} INFO - Setting next_dagrun for kafka_spark_streaming to 2025-01-01 00:00:00+00:00, run_after=2025-01-01 00:00:00+00:00
[2025-03-28T23:05:10.664+0000] {processor.py:183} INFO - Processing /opt/airflow/dags/dag_kafka_spark_streaming.py took 0.063 seconds
[2025-03-28T23:05:41.013+0000] {processor.py:161} INFO - Started process (PID=851) to work on /opt/airflow/dags/dag_kafka_spark_streaming.py
[2025-03-28T23:05:41.014+0000] {processor.py:830} INFO - Processing file /opt/airflow/dags/dag_kafka_spark_streaming.py for tasks to queue
[2025-03-28T23:05:41.017+0000] {logging_mixin.py:188} INFO - [2025-03-28T23:05:41.016+0000] {dagbag.py:545} INFO - Filling up the DagBag from /opt/airflow/dags/dag_kafka_spark_streaming.py
[2025-03-28T23:05:41.026+0000] {processor.py:840} INFO - DAG(s) 'kafka_spark_streaming' retrieved from /opt/airflow/dags/dag_kafka_spark_streaming.py
[2025-03-28T23:05:41.050+0000] {logging_mixin.py:188} INFO - [2025-03-28T23:05:41.049+0000] {dag.py:3089} INFO - Sync 1 DAGs
[2025-03-28T23:05:41.068+0000] {logging_mixin.py:188} INFO - [2025-03-28T23:05:41.068+0000] {dag.py:3947} INFO - Setting next_dagrun for kafka_spark_streaming to 2025-01-01 00:00:00+00:00, run_after=2025-01-01 00:00:00+00:00
[2025-03-28T23:05:41.083+0000] {processor.py:183} INFO - Processing /opt/airflow/dags/dag_kafka_spark_streaming.py took 0.077 seconds
[2025-03-28T23:06:11.490+0000] {processor.py:161} INFO - Started process (PID=882) to work on /opt/airflow/dags/dag_kafka_spark_streaming.py
[2025-03-28T23:06:11.491+0000] {processor.py:830} INFO - Processing file /opt/airflow/dags/dag_kafka_spark_streaming.py for tasks to queue
[2025-03-28T23:06:11.493+0000] {logging_mixin.py:188} INFO - [2025-03-28T23:06:11.493+0000] {dagbag.py:545} INFO - Filling up the DagBag from /opt/airflow/dags/dag_kafka_spark_streaming.py
[2025-03-28T23:06:11.503+0000] {processor.py:840} INFO - DAG(s) 'kafka_spark_streaming' retrieved from /opt/airflow/dags/dag_kafka_spark_streaming.py
[2025-03-28T23:06:11.526+0000] {logging_mixin.py:188} INFO - [2025-03-28T23:06:11.526+0000] {dag.py:3089} INFO - Sync 1 DAGs
[2025-03-28T23:06:11.544+0000] {logging_mixin.py:188} INFO - [2025-03-28T23:06:11.544+0000] {dag.py:3947} INFO - Setting next_dagrun for kafka_spark_streaming to 2025-01-01 00:00:00+00:00, run_after=2025-01-01 00:00:00+00:00
[2025-03-28T23:06:11.559+0000] {processor.py:183} INFO - Processing /opt/airflow/dags/dag_kafka_spark_streaming.py took 0.075 seconds
[2025-03-28T23:06:41.970+0000] {processor.py:161} INFO - Started process (PID=913) to work on /opt/airflow/dags/dag_kafka_spark_streaming.py
[2025-03-28T23:06:41.970+0000] {processor.py:830} INFO - Processing file /opt/airflow/dags/dag_kafka_spark_streaming.py for tasks to queue
[2025-03-28T23:06:41.972+0000] {logging_mixin.py:188} INFO - [2025-03-28T23:06:41.971+0000] {dagbag.py:545} INFO - Filling up the DagBag from /opt/airflow/dags/dag_kafka_spark_streaming.py
[2025-03-28T23:06:41.978+0000] {processor.py:840} INFO - DAG(s) 'kafka_spark_streaming' retrieved from /opt/airflow/dags/dag_kafka_spark_streaming.py
[2025-03-28T23:06:41.999+0000] {logging_mixin.py:188} INFO - [2025-03-28T23:06:41.999+0000] {dag.py:3089} INFO - Sync 1 DAGs
[2025-03-28T23:06:42.016+0000] {logging_mixin.py:188} INFO - [2025-03-28T23:06:42.015+0000] {dag.py:3947} INFO - Setting next_dagrun for kafka_spark_streaming to 2025-01-01 00:00:00+00:00, run_after=2025-01-01 00:00:00+00:00
[2025-03-28T23:06:42.029+0000] {processor.py:183} INFO - Processing /opt/airflow/dags/dag_kafka_spark_streaming.py took 0.064 seconds
[2025-03-28T23:07:12.413+0000] {processor.py:161} INFO - Started process (PID=944) to work on /opt/airflow/dags/dag_kafka_spark_streaming.py
[2025-03-28T23:07:12.414+0000] {processor.py:830} INFO - Processing file /opt/airflow/dags/dag_kafka_spark_streaming.py for tasks to queue
[2025-03-28T23:07:12.415+0000] {logging_mixin.py:188} INFO - [2025-03-28T23:07:12.415+0000] {dagbag.py:545} INFO - Filling up the DagBag from /opt/airflow/dags/dag_kafka_spark_streaming.py
[2025-03-28T23:07:12.423+0000] {processor.py:840} INFO - DAG(s) 'kafka_spark_streaming' retrieved from /opt/airflow/dags/dag_kafka_spark_streaming.py
[2025-03-28T23:07:12.446+0000] {logging_mixin.py:188} INFO - [2025-03-28T23:07:12.445+0000] {dag.py:3089} INFO - Sync 1 DAGs
[2025-03-28T23:07:12.463+0000] {logging_mixin.py:188} INFO - [2025-03-28T23:07:12.463+0000] {dag.py:3947} INFO - Setting next_dagrun for kafka_spark_streaming to 2025-01-01 00:00:00+00:00, run_after=2025-01-01 00:00:00+00:00
[2025-03-28T23:07:12.479+0000] {processor.py:183} INFO - Processing /opt/airflow/dags/dag_kafka_spark_streaming.py took 0.070 seconds
[2025-03-28T23:07:42.886+0000] {processor.py:161} INFO - Started process (PID=975) to work on /opt/airflow/dags/dag_kafka_spark_streaming.py
[2025-03-28T23:07:42.887+0000] {processor.py:830} INFO - Processing file /opt/airflow/dags/dag_kafka_spark_streaming.py for tasks to queue
[2025-03-28T23:07:42.889+0000] {logging_mixin.py:188} INFO - [2025-03-28T23:07:42.888+0000] {dagbag.py:545} INFO - Filling up the DagBag from /opt/airflow/dags/dag_kafka_spark_streaming.py
[2025-03-28T23:07:42.898+0000] {processor.py:840} INFO - DAG(s) 'kafka_spark_streaming' retrieved from /opt/airflow/dags/dag_kafka_spark_streaming.py
[2025-03-28T23:07:42.929+0000] {logging_mixin.py:188} INFO - [2025-03-28T23:07:42.928+0000] {dag.py:3089} INFO - Sync 1 DAGs
[2025-03-28T23:07:42.961+0000] {logging_mixin.py:188} INFO - [2025-03-28T23:07:42.961+0000] {dag.py:3947} INFO - Setting next_dagrun for kafka_spark_streaming to 2025-01-01 00:00:00+00:00, run_after=2025-01-01 00:00:00+00:00
[2025-03-28T23:07:42.990+0000] {processor.py:183} INFO - Processing /opt/airflow/dags/dag_kafka_spark_streaming.py took 0.109 seconds
[2025-03-28T23:08:13.461+0000] {processor.py:161} INFO - Started process (PID=1006) to work on /opt/airflow/dags/dag_kafka_spark_streaming.py
[2025-03-28T23:08:13.462+0000] {processor.py:830} INFO - Processing file /opt/airflow/dags/dag_kafka_spark_streaming.py for tasks to queue
[2025-03-28T23:08:13.463+0000] {logging_mixin.py:188} INFO - [2025-03-28T23:08:13.463+0000] {dagbag.py:545} INFO - Filling up the DagBag from /opt/airflow/dags/dag_kafka_spark_streaming.py
[2025-03-28T23:08:13.470+0000] {processor.py:840} INFO - DAG(s) 'kafka_spark_streaming' retrieved from /opt/airflow/dags/dag_kafka_spark_streaming.py
[2025-03-28T23:08:13.491+0000] {logging_mixin.py:188} INFO - [2025-03-28T23:08:13.491+0000] {dag.py:3089} INFO - Sync 1 DAGs
[2025-03-28T23:08:13.508+0000] {logging_mixin.py:188} INFO - [2025-03-28T23:08:13.507+0000] {dag.py:3947} INFO - Setting next_dagrun for kafka_spark_streaming to 2025-01-01 00:00:00+00:00, run_after=2025-01-01 00:00:00+00:00
[2025-03-28T23:08:13.521+0000] {processor.py:183} INFO - Processing /opt/airflow/dags/dag_kafka_spark_streaming.py took 0.065 seconds
[2025-03-28T23:08:43.953+0000] {processor.py:161} INFO - Started process (PID=1037) to work on /opt/airflow/dags/dag_kafka_spark_streaming.py
[2025-03-28T23:08:43.954+0000] {processor.py:830} INFO - Processing file /opt/airflow/dags/dag_kafka_spark_streaming.py for tasks to queue
[2025-03-28T23:08:43.955+0000] {logging_mixin.py:188} INFO - [2025-03-28T23:08:43.955+0000] {dagbag.py:545} INFO - Filling up the DagBag from /opt/airflow/dags/dag_kafka_spark_streaming.py
[2025-03-28T23:08:43.962+0000] {processor.py:840} INFO - DAG(s) 'kafka_spark_streaming' retrieved from /opt/airflow/dags/dag_kafka_spark_streaming.py
[2025-03-28T23:08:44.052+0000] {logging_mixin.py:188} INFO - [2025-03-28T23:08:44.052+0000] {dag.py:3089} INFO - Sync 1 DAGs
[2025-03-28T23:08:44.067+0000] {logging_mixin.py:188} INFO - [2025-03-28T23:08:44.066+0000] {dag.py:3947} INFO - Setting next_dagrun for kafka_spark_streaming to 2025-01-01 00:00:00+00:00, run_after=2025-01-01 00:00:00+00:00
[2025-03-28T23:08:44.079+0000] {processor.py:183} INFO - Processing /opt/airflow/dags/dag_kafka_spark_streaming.py took 0.131 seconds
