[2025-03-28T22:55:31.334+0000] {processor.py:161} INFO - Started process (PID=225) to work on /opt/airflow/dags/kafka_stream.py
[2025-03-28T22:55:31.335+0000] {processor.py:830} INFO - Processing file /opt/airflow/dags/kafka_stream.py for tasks to queue
[2025-03-28T22:55:31.336+0000] {logging_mixin.py:188} INFO - [2025-03-28T22:55:31.336+0000] {dagbag.py:545} INFO - Filling up the DagBag from /opt/airflow/dags/kafka_stream.py
[2025-03-28T22:55:31.364+0000] {processor.py:840} INFO - DAG(s) 'user_automation' retrieved from /opt/airflow/dags/kafka_stream.py
[2025-03-28T22:55:31.676+0000] {logging_mixin.py:188} INFO - [2025-03-28T22:55:31.675+0000] {override.py:1858} INFO - Created Permission View: can read on DAG:user_automation
[2025-03-28T22:55:31.684+0000] {logging_mixin.py:188} INFO - [2025-03-28T22:55:31.684+0000] {override.py:1858} INFO - Created Permission View: can edit on DAG:user_automation
[2025-03-28T22:55:31.690+0000] {logging_mixin.py:188} INFO - [2025-03-28T22:55:31.690+0000] {override.py:1858} INFO - Created Permission View: can delete on DAG:user_automation
[2025-03-28T22:55:31.690+0000] {logging_mixin.py:188} INFO - [2025-03-28T22:55:31.690+0000] {dag.py:3089} INFO - Sync 1 DAGs
[2025-03-28T22:55:31.700+0000] {logging_mixin.py:188} INFO - [2025-03-28T22:55:31.700+0000] {dag.py:3111} INFO - Creating ORM DAG for user_automation
[2025-03-28T22:55:31.714+0000] {logging_mixin.py:188} INFO - [2025-03-28T22:55:31.714+0000] {dag.py:3947} INFO - Setting next_dagrun for user_automation to 2025-03-27 00:00:00+00:00, run_after=2025-03-28 00:00:00+00:00
[2025-03-28T22:55:31.727+0000] {processor.py:183} INFO - Processing /opt/airflow/dags/kafka_stream.py took 0.399 seconds
[2025-03-28T22:56:02.224+0000] {processor.py:161} INFO - Started process (PID=256) to work on /opt/airflow/dags/kafka_stream.py
[2025-03-28T22:56:02.225+0000] {processor.py:830} INFO - Processing file /opt/airflow/dags/kafka_stream.py for tasks to queue
[2025-03-28T22:56:02.226+0000] {logging_mixin.py:188} INFO - [2025-03-28T22:56:02.226+0000] {dagbag.py:545} INFO - Filling up the DagBag from /opt/airflow/dags/kafka_stream.py
[2025-03-28T22:56:02.235+0000] {processor.py:840} INFO - DAG(s) 'user_automation' retrieved from /opt/airflow/dags/kafka_stream.py
[2025-03-28T22:56:02.264+0000] {logging_mixin.py:188} INFO - [2025-03-28T22:56:02.263+0000] {dag.py:3089} INFO - Sync 1 DAGs
[2025-03-28T22:56:02.287+0000] {logging_mixin.py:188} INFO - [2025-03-28T22:56:02.287+0000] {dag.py:3947} INFO - Setting next_dagrun for user_automation to 2025-03-27 00:00:00+00:00, run_after=2025-03-28 00:00:00+00:00
[2025-03-28T22:56:02.303+0000] {processor.py:183} INFO - Processing /opt/airflow/dags/kafka_stream.py took 0.084 seconds
[2025-03-28T22:56:32.665+0000] {processor.py:161} INFO - Started process (PID=287) to work on /opt/airflow/dags/kafka_stream.py
[2025-03-28T22:56:32.666+0000] {processor.py:830} INFO - Processing file /opt/airflow/dags/kafka_stream.py for tasks to queue
[2025-03-28T22:56:32.668+0000] {logging_mixin.py:188} INFO - [2025-03-28T22:56:32.668+0000] {dagbag.py:545} INFO - Filling up the DagBag from /opt/airflow/dags/kafka_stream.py
[2025-03-28T22:56:32.678+0000] {processor.py:840} INFO - DAG(s) 'user_automation' retrieved from /opt/airflow/dags/kafka_stream.py
[2025-03-28T22:56:32.699+0000] {logging_mixin.py:188} INFO - [2025-03-28T22:56:32.699+0000] {dag.py:3089} INFO - Sync 1 DAGs
[2025-03-28T22:56:32.719+0000] {logging_mixin.py:188} INFO - [2025-03-28T22:56:32.719+0000] {dag.py:3947} INFO - Setting next_dagrun for user_automation to 2025-03-27 00:00:00+00:00, run_after=2025-03-28 00:00:00+00:00
[2025-03-28T22:56:32.734+0000] {processor.py:183} INFO - Processing /opt/airflow/dags/kafka_stream.py took 0.077 seconds
[2025-03-28T22:57:03.096+0000] {processor.py:161} INFO - Started process (PID=318) to work on /opt/airflow/dags/kafka_stream.py
[2025-03-28T22:57:03.097+0000] {processor.py:830} INFO - Processing file /opt/airflow/dags/kafka_stream.py for tasks to queue
[2025-03-28T22:57:03.100+0000] {logging_mixin.py:188} INFO - [2025-03-28T22:57:03.099+0000] {dagbag.py:545} INFO - Filling up the DagBag from /opt/airflow/dags/kafka_stream.py
[2025-03-28T22:57:03.114+0000] {processor.py:840} INFO - DAG(s) 'user_automation' retrieved from /opt/airflow/dags/kafka_stream.py
[2025-03-28T22:57:03.137+0000] {logging_mixin.py:188} INFO - [2025-03-28T22:57:03.137+0000] {dag.py:3089} INFO - Sync 1 DAGs
[2025-03-28T22:57:03.157+0000] {logging_mixin.py:188} INFO - [2025-03-28T22:57:03.157+0000] {dag.py:3947} INFO - Setting next_dagrun for user_automation to 2025-03-27 00:00:00+00:00, run_after=2025-03-28 00:00:00+00:00
[2025-03-28T22:57:03.171+0000] {processor.py:183} INFO - Processing /opt/airflow/dags/kafka_stream.py took 0.084 seconds
[2025-03-28T22:57:33.506+0000] {processor.py:161} INFO - Started process (PID=349) to work on /opt/airflow/dags/kafka_stream.py
[2025-03-28T22:57:33.507+0000] {processor.py:830} INFO - Processing file /opt/airflow/dags/kafka_stream.py for tasks to queue
[2025-03-28T22:57:33.508+0000] {logging_mixin.py:188} INFO - [2025-03-28T22:57:33.508+0000] {dagbag.py:545} INFO - Filling up the DagBag from /opt/airflow/dags/kafka_stream.py
[2025-03-28T22:57:33.518+0000] {processor.py:840} INFO - DAG(s) 'user_automation' retrieved from /opt/airflow/dags/kafka_stream.py
[2025-03-28T22:57:33.541+0000] {logging_mixin.py:188} INFO - [2025-03-28T22:57:33.541+0000] {dag.py:3089} INFO - Sync 1 DAGs
[2025-03-28T22:57:33.559+0000] {logging_mixin.py:188} INFO - [2025-03-28T22:57:33.559+0000] {dag.py:3947} INFO - Setting next_dagrun for user_automation to 2025-03-27 00:00:00+00:00, run_after=2025-03-28 00:00:00+00:00
[2025-03-28T22:57:33.575+0000] {processor.py:183} INFO - Processing /opt/airflow/dags/kafka_stream.py took 0.074 seconds
[2025-03-28T22:58:03.953+0000] {processor.py:161} INFO - Started process (PID=380) to work on /opt/airflow/dags/kafka_stream.py
[2025-03-28T22:58:03.954+0000] {processor.py:830} INFO - Processing file /opt/airflow/dags/kafka_stream.py for tasks to queue
[2025-03-28T22:58:03.956+0000] {logging_mixin.py:188} INFO - [2025-03-28T22:58:03.956+0000] {dagbag.py:545} INFO - Filling up the DagBag from /opt/airflow/dags/kafka_stream.py
[2025-03-28T22:58:03.968+0000] {processor.py:840} INFO - DAG(s) 'user_automation' retrieved from /opt/airflow/dags/kafka_stream.py
[2025-03-28T22:58:03.990+0000] {logging_mixin.py:188} INFO - [2025-03-28T22:58:03.990+0000] {dag.py:3089} INFO - Sync 1 DAGs
[2025-03-28T22:58:04.010+0000] {logging_mixin.py:188} INFO - [2025-03-28T22:58:04.009+0000] {dag.py:3947} INFO - Setting next_dagrun for user_automation to 2025-03-27 00:00:00+00:00, run_after=2025-03-28 00:00:00+00:00
[2025-03-28T22:58:04.024+0000] {processor.py:183} INFO - Processing /opt/airflow/dags/kafka_stream.py took 0.080 seconds
[2025-03-28T22:58:34.392+0000] {processor.py:161} INFO - Started process (PID=411) to work on /opt/airflow/dags/kafka_stream.py
[2025-03-28T22:58:34.393+0000] {processor.py:830} INFO - Processing file /opt/airflow/dags/kafka_stream.py for tasks to queue
[2025-03-28T22:58:34.395+0000] {logging_mixin.py:188} INFO - [2025-03-28T22:58:34.395+0000] {dagbag.py:545} INFO - Filling up the DagBag from /opt/airflow/dags/kafka_stream.py
[2025-03-28T22:58:34.405+0000] {processor.py:840} INFO - DAG(s) 'user_automation' retrieved from /opt/airflow/dags/kafka_stream.py
[2025-03-28T22:58:34.428+0000] {logging_mixin.py:188} INFO - [2025-03-28T22:58:34.427+0000] {dag.py:3089} INFO - Sync 1 DAGs
[2025-03-28T22:58:34.446+0000] {logging_mixin.py:188} INFO - [2025-03-28T22:58:34.446+0000] {dag.py:3947} INFO - Setting next_dagrun for user_automation to 2025-03-27 00:00:00+00:00, run_after=2025-03-28 00:00:00+00:00
[2025-03-28T22:58:34.461+0000] {processor.py:183} INFO - Processing /opt/airflow/dags/kafka_stream.py took 0.076 seconds
[2025-03-28T22:59:04.856+0000] {processor.py:161} INFO - Started process (PID=443) to work on /opt/airflow/dags/kafka_stream.py
[2025-03-28T22:59:04.857+0000] {processor.py:830} INFO - Processing file /opt/airflow/dags/kafka_stream.py for tasks to queue
[2025-03-28T22:59:04.858+0000] {logging_mixin.py:188} INFO - [2025-03-28T22:59:04.858+0000] {dagbag.py:545} INFO - Filling up the DagBag from /opt/airflow/dags/kafka_stream.py
[2025-03-28T22:59:04.869+0000] {processor.py:840} INFO - DAG(s) 'user_automation' retrieved from /opt/airflow/dags/kafka_stream.py
[2025-03-28T22:59:04.890+0000] {logging_mixin.py:188} INFO - [2025-03-28T22:59:04.890+0000] {dag.py:3089} INFO - Sync 1 DAGs
[2025-03-28T22:59:04.909+0000] {logging_mixin.py:188} INFO - [2025-03-28T22:59:04.909+0000] {dag.py:3947} INFO - Setting next_dagrun for user_automation to 2025-03-27 00:00:00+00:00, run_after=2025-03-28 00:00:00+00:00
[2025-03-28T22:59:04.929+0000] {processor.py:183} INFO - Processing /opt/airflow/dags/kafka_stream.py took 0.081 seconds
[2025-03-28T22:59:35.250+0000] {processor.py:161} INFO - Started process (PID=474) to work on /opt/airflow/dags/kafka_stream.py
[2025-03-28T22:59:35.253+0000] {processor.py:830} INFO - Processing file /opt/airflow/dags/kafka_stream.py for tasks to queue
[2025-03-28T22:59:35.255+0000] {logging_mixin.py:188} INFO - [2025-03-28T22:59:35.255+0000] {dagbag.py:545} INFO - Filling up the DagBag from /opt/airflow/dags/kafka_stream.py
[2025-03-28T22:59:35.265+0000] {processor.py:840} INFO - DAG(s) 'user_automation' retrieved from /opt/airflow/dags/kafka_stream.py
[2025-03-28T22:59:35.287+0000] {logging_mixin.py:188} INFO - [2025-03-28T22:59:35.287+0000] {dag.py:3089} INFO - Sync 1 DAGs
[2025-03-28T22:59:35.308+0000] {logging_mixin.py:188} INFO - [2025-03-28T22:59:35.308+0000] {dag.py:3947} INFO - Setting next_dagrun for user_automation to 2025-03-27 00:00:00+00:00, run_after=2025-03-28 00:00:00+00:00
[2025-03-28T22:59:35.325+0000] {processor.py:183} INFO - Processing /opt/airflow/dags/kafka_stream.py took 0.079 seconds
[2025-03-28T23:00:05.715+0000] {processor.py:161} INFO - Started process (PID=505) to work on /opt/airflow/dags/kafka_stream.py
[2025-03-28T23:00:05.716+0000] {processor.py:830} INFO - Processing file /opt/airflow/dags/kafka_stream.py for tasks to queue
[2025-03-28T23:00:05.719+0000] {logging_mixin.py:188} INFO - [2025-03-28T23:00:05.718+0000] {dagbag.py:545} INFO - Filling up the DagBag from /opt/airflow/dags/kafka_stream.py
[2025-03-28T23:00:05.735+0000] {processor.py:840} INFO - DAG(s) 'user_automation' retrieved from /opt/airflow/dags/kafka_stream.py
[2025-03-28T23:00:05.758+0000] {logging_mixin.py:188} INFO - [2025-03-28T23:00:05.758+0000] {dag.py:3089} INFO - Sync 1 DAGs
[2025-03-28T23:00:05.775+0000] {logging_mixin.py:188} INFO - [2025-03-28T23:00:05.775+0000] {dag.py:3947} INFO - Setting next_dagrun for user_automation to 2025-03-27 00:00:00+00:00, run_after=2025-03-28 00:00:00+00:00
[2025-03-28T23:00:05.789+0000] {processor.py:183} INFO - Processing /opt/airflow/dags/kafka_stream.py took 0.083 seconds
[2025-03-28T23:00:36.185+0000] {processor.py:161} INFO - Started process (PID=536) to work on /opt/airflow/dags/kafka_stream.py
[2025-03-28T23:00:36.185+0000] {processor.py:830} INFO - Processing file /opt/airflow/dags/kafka_stream.py for tasks to queue
[2025-03-28T23:00:36.186+0000] {logging_mixin.py:188} INFO - [2025-03-28T23:00:36.186+0000] {dagbag.py:545} INFO - Filling up the DagBag from /opt/airflow/dags/kafka_stream.py
[2025-03-28T23:00:36.196+0000] {processor.py:840} INFO - DAG(s) 'user_automation' retrieved from /opt/airflow/dags/kafka_stream.py
[2025-03-28T23:00:36.217+0000] {logging_mixin.py:188} INFO - [2025-03-28T23:00:36.217+0000] {dag.py:3089} INFO - Sync 1 DAGs
[2025-03-28T23:00:36.236+0000] {logging_mixin.py:188} INFO - [2025-03-28T23:00:36.235+0000] {dag.py:3947} INFO - Setting next_dagrun for user_automation to 2025-03-27 00:00:00+00:00, run_after=2025-03-28 00:00:00+00:00
[2025-03-28T23:00:36.248+0000] {processor.py:183} INFO - Processing /opt/airflow/dags/kafka_stream.py took 0.068 seconds
[2025-03-28T23:01:06.599+0000] {processor.py:161} INFO - Started process (PID=567) to work on /opt/airflow/dags/kafka_stream.py
[2025-03-28T23:01:06.600+0000] {processor.py:830} INFO - Processing file /opt/airflow/dags/kafka_stream.py for tasks to queue
[2025-03-28T23:01:06.601+0000] {logging_mixin.py:188} INFO - [2025-03-28T23:01:06.601+0000] {dagbag.py:545} INFO - Filling up the DagBag from /opt/airflow/dags/kafka_stream.py
[2025-03-28T23:01:06.610+0000] {processor.py:840} INFO - DAG(s) 'user_automation' retrieved from /opt/airflow/dags/kafka_stream.py
[2025-03-28T23:01:06.631+0000] {logging_mixin.py:188} INFO - [2025-03-28T23:01:06.631+0000] {dag.py:3089} INFO - Sync 1 DAGs
[2025-03-28T23:01:06.648+0000] {logging_mixin.py:188} INFO - [2025-03-28T23:01:06.648+0000] {dag.py:3947} INFO - Setting next_dagrun for user_automation to 2025-03-27 00:00:00+00:00, run_after=2025-03-28 00:00:00+00:00
[2025-03-28T23:01:06.662+0000] {processor.py:183} INFO - Processing /opt/airflow/dags/kafka_stream.py took 0.067 seconds
[2025-03-28T23:01:37.025+0000] {processor.py:161} INFO - Started process (PID=598) to work on /opt/airflow/dags/kafka_stream.py
[2025-03-28T23:01:37.026+0000] {processor.py:830} INFO - Processing file /opt/airflow/dags/kafka_stream.py for tasks to queue
[2025-03-28T23:01:37.027+0000] {logging_mixin.py:188} INFO - [2025-03-28T23:01:37.027+0000] {dagbag.py:545} INFO - Filling up the DagBag from /opt/airflow/dags/kafka_stream.py
[2025-03-28T23:01:37.038+0000] {processor.py:840} INFO - DAG(s) 'user_automation' retrieved from /opt/airflow/dags/kafka_stream.py
[2025-03-28T23:01:37.061+0000] {logging_mixin.py:188} INFO - [2025-03-28T23:01:37.061+0000] {dag.py:3089} INFO - Sync 1 DAGs
[2025-03-28T23:01:37.079+0000] {logging_mixin.py:188} INFO - [2025-03-28T23:01:37.079+0000] {dag.py:3947} INFO - Setting next_dagrun for user_automation to 2025-03-27 00:00:00+00:00, run_after=2025-03-28 00:00:00+00:00
[2025-03-28T23:01:37.092+0000] {processor.py:183} INFO - Processing /opt/airflow/dags/kafka_stream.py took 0.072 seconds
[2025-03-28T23:02:07.456+0000] {processor.py:161} INFO - Started process (PID=629) to work on /opt/airflow/dags/kafka_stream.py
[2025-03-28T23:02:07.457+0000] {processor.py:830} INFO - Processing file /opt/airflow/dags/kafka_stream.py for tasks to queue
[2025-03-28T23:02:07.459+0000] {logging_mixin.py:188} INFO - [2025-03-28T23:02:07.458+0000] {dagbag.py:545} INFO - Filling up the DagBag from /opt/airflow/dags/kafka_stream.py
[2025-03-28T23:02:07.469+0000] {processor.py:840} INFO - DAG(s) 'user_automation' retrieved from /opt/airflow/dags/kafka_stream.py
[2025-03-28T23:02:07.490+0000] {logging_mixin.py:188} INFO - [2025-03-28T23:02:07.490+0000] {dag.py:3089} INFO - Sync 1 DAGs
[2025-03-28T23:02:07.511+0000] {logging_mixin.py:188} INFO - [2025-03-28T23:02:07.511+0000] {dag.py:3947} INFO - Setting next_dagrun for user_automation to 2025-03-27 00:00:00+00:00, run_after=2025-03-28 00:00:00+00:00
[2025-03-28T23:02:07.527+0000] {processor.py:183} INFO - Processing /opt/airflow/dags/kafka_stream.py took 0.078 seconds
[2025-03-28T23:02:37.920+0000] {processor.py:161} INFO - Started process (PID=660) to work on /opt/airflow/dags/kafka_stream.py
[2025-03-28T23:02:37.921+0000] {processor.py:830} INFO - Processing file /opt/airflow/dags/kafka_stream.py for tasks to queue
[2025-03-28T23:02:37.923+0000] {logging_mixin.py:188} INFO - [2025-03-28T23:02:37.923+0000] {dagbag.py:545} INFO - Filling up the DagBag from /opt/airflow/dags/kafka_stream.py
[2025-03-28T23:02:37.937+0000] {processor.py:840} INFO - DAG(s) 'user_automation' retrieved from /opt/airflow/dags/kafka_stream.py
[2025-03-28T23:02:37.959+0000] {logging_mixin.py:188} INFO - [2025-03-28T23:02:37.959+0000] {dag.py:3089} INFO - Sync 1 DAGs
[2025-03-28T23:02:37.976+0000] {logging_mixin.py:188} INFO - [2025-03-28T23:02:37.976+0000] {dag.py:3947} INFO - Setting next_dagrun for user_automation to 2025-03-27 00:00:00+00:00, run_after=2025-03-28 00:00:00+00:00
[2025-03-28T23:02:37.989+0000] {processor.py:183} INFO - Processing /opt/airflow/dags/kafka_stream.py took 0.077 seconds
[2025-03-28T23:03:08.367+0000] {processor.py:161} INFO - Started process (PID=691) to work on /opt/airflow/dags/kafka_stream.py
[2025-03-28T23:03:08.368+0000] {processor.py:830} INFO - Processing file /opt/airflow/dags/kafka_stream.py for tasks to queue
[2025-03-28T23:03:08.369+0000] {logging_mixin.py:188} INFO - [2025-03-28T23:03:08.369+0000] {dagbag.py:545} INFO - Filling up the DagBag from /opt/airflow/dags/kafka_stream.py
[2025-03-28T23:03:08.380+0000] {processor.py:840} INFO - DAG(s) 'user_automation' retrieved from /opt/airflow/dags/kafka_stream.py
[2025-03-28T23:03:08.403+0000] {logging_mixin.py:188} INFO - [2025-03-28T23:03:08.402+0000] {dag.py:3089} INFO - Sync 1 DAGs
[2025-03-28T23:03:08.421+0000] {logging_mixin.py:188} INFO - [2025-03-28T23:03:08.421+0000] {dag.py:3947} INFO - Setting next_dagrun for user_automation to 2025-03-27 00:00:00+00:00, run_after=2025-03-28 00:00:00+00:00
[2025-03-28T23:03:08.434+0000] {processor.py:183} INFO - Processing /opt/airflow/dags/kafka_stream.py took 0.075 seconds
[2025-03-28T23:03:38.805+0000] {processor.py:161} INFO - Started process (PID=722) to work on /opt/airflow/dags/kafka_stream.py
[2025-03-28T23:03:38.806+0000] {processor.py:830} INFO - Processing file /opt/airflow/dags/kafka_stream.py for tasks to queue
[2025-03-28T23:03:38.808+0000] {logging_mixin.py:188} INFO - [2025-03-28T23:03:38.808+0000] {dagbag.py:545} INFO - Filling up the DagBag from /opt/airflow/dags/kafka_stream.py
[2025-03-28T23:03:38.821+0000] {processor.py:840} INFO - DAG(s) 'user_automation' retrieved from /opt/airflow/dags/kafka_stream.py
[2025-03-28T23:03:38.843+0000] {logging_mixin.py:188} INFO - [2025-03-28T23:03:38.843+0000] {dag.py:3089} INFO - Sync 1 DAGs
[2025-03-28T23:03:38.871+0000] {logging_mixin.py:188} INFO - [2025-03-28T23:03:38.871+0000] {dag.py:3947} INFO - Setting next_dagrun for user_automation to 2025-03-27 00:00:00+00:00, run_after=2025-03-28 00:00:00+00:00
[2025-03-28T23:03:38.891+0000] {processor.py:183} INFO - Processing /opt/airflow/dags/kafka_stream.py took 0.095 seconds
[2025-03-28T23:04:09.438+0000] {processor.py:161} INFO - Started process (PID=753) to work on /opt/airflow/dags/kafka_stream.py
[2025-03-28T23:04:09.439+0000] {processor.py:830} INFO - Processing file /opt/airflow/dags/kafka_stream.py for tasks to queue
[2025-03-28T23:04:09.441+0000] {logging_mixin.py:188} INFO - [2025-03-28T23:04:09.441+0000] {dagbag.py:545} INFO - Filling up the DagBag from /opt/airflow/dags/kafka_stream.py
[2025-03-28T23:04:09.453+0000] {processor.py:840} INFO - DAG(s) 'user_automation' retrieved from /opt/airflow/dags/kafka_stream.py
[2025-03-28T23:04:09.478+0000] {logging_mixin.py:188} INFO - [2025-03-28T23:04:09.477+0000] {dag.py:3089} INFO - Sync 1 DAGs
[2025-03-28T23:04:09.502+0000] {logging_mixin.py:188} INFO - [2025-03-28T23:04:09.502+0000] {dag.py:3947} INFO - Setting next_dagrun for user_automation to 2025-03-27 00:00:00+00:00, run_after=2025-03-28 00:00:00+00:00
[2025-03-28T23:04:09.519+0000] {processor.py:183} INFO - Processing /opt/airflow/dags/kafka_stream.py took 0.088 seconds
[2025-03-28T23:04:39.940+0000] {processor.py:161} INFO - Started process (PID=784) to work on /opt/airflow/dags/kafka_stream.py
[2025-03-28T23:04:39.940+0000] {processor.py:830} INFO - Processing file /opt/airflow/dags/kafka_stream.py for tasks to queue
[2025-03-28T23:04:39.943+0000] {logging_mixin.py:188} INFO - [2025-03-28T23:04:39.943+0000] {dagbag.py:545} INFO - Filling up the DagBag from /opt/airflow/dags/kafka_stream.py
[2025-03-28T23:04:39.960+0000] {processor.py:840} INFO - DAG(s) 'user_automation' retrieved from /opt/airflow/dags/kafka_stream.py
[2025-03-28T23:04:40.001+0000] {logging_mixin.py:188} INFO - [2025-03-28T23:04:40.001+0000] {dag.py:3089} INFO - Sync 1 DAGs
[2025-03-28T23:04:40.037+0000] {logging_mixin.py:188} INFO - [2025-03-28T23:04:40.037+0000] {dag.py:3947} INFO - Setting next_dagrun for user_automation to 2025-03-27 00:00:00+00:00, run_after=2025-03-28 00:00:00+00:00
[2025-03-28T23:04:40.060+0000] {processor.py:183} INFO - Processing /opt/airflow/dags/kafka_stream.py took 0.128 seconds
[2025-03-28T23:05:10.515+0000] {processor.py:161} INFO - Started process (PID=815) to work on /opt/airflow/dags/kafka_stream.py
[2025-03-28T23:05:10.516+0000] {processor.py:830} INFO - Processing file /opt/airflow/dags/kafka_stream.py for tasks to queue
[2025-03-28T23:05:10.518+0000] {logging_mixin.py:188} INFO - [2025-03-28T23:05:10.518+0000] {dagbag.py:545} INFO - Filling up the DagBag from /opt/airflow/dags/kafka_stream.py
[2025-03-28T23:05:10.529+0000] {processor.py:840} INFO - DAG(s) 'user_automation' retrieved from /opt/airflow/dags/kafka_stream.py
[2025-03-28T23:05:10.551+0000] {logging_mixin.py:188} INFO - [2025-03-28T23:05:10.550+0000] {dag.py:3089} INFO - Sync 1 DAGs
[2025-03-28T23:05:10.569+0000] {logging_mixin.py:188} INFO - [2025-03-28T23:05:10.569+0000] {dag.py:3947} INFO - Setting next_dagrun for user_automation to 2025-03-27 00:00:00+00:00, run_after=2025-03-28 00:00:00+00:00
[2025-03-28T23:05:10.582+0000] {processor.py:183} INFO - Processing /opt/airflow/dags/kafka_stream.py took 0.073 seconds
[2025-03-28T23:05:40.923+0000] {processor.py:161} INFO - Started process (PID=846) to work on /opt/airflow/dags/kafka_stream.py
[2025-03-28T23:05:40.924+0000] {processor.py:830} INFO - Processing file /opt/airflow/dags/kafka_stream.py for tasks to queue
[2025-03-28T23:05:40.925+0000] {logging_mixin.py:188} INFO - [2025-03-28T23:05:40.925+0000] {dagbag.py:545} INFO - Filling up the DagBag from /opt/airflow/dags/kafka_stream.py
[2025-03-28T23:05:40.934+0000] {processor.py:840} INFO - DAG(s) 'user_automation' retrieved from /opt/airflow/dags/kafka_stream.py
[2025-03-28T23:05:40.956+0000] {logging_mixin.py:188} INFO - [2025-03-28T23:05:40.955+0000] {dag.py:3089} INFO - Sync 1 DAGs
[2025-03-28T23:05:40.974+0000] {logging_mixin.py:188} INFO - [2025-03-28T23:05:40.974+0000] {dag.py:3947} INFO - Setting next_dagrun for user_automation to 2025-03-27 00:00:00+00:00, run_after=2025-03-28 00:00:00+00:00
[2025-03-28T23:05:40.988+0000] {processor.py:183} INFO - Processing /opt/airflow/dags/kafka_stream.py took 0.069 seconds
[2025-03-28T23:06:11.394+0000] {processor.py:161} INFO - Started process (PID=877) to work on /opt/airflow/dags/kafka_stream.py
[2025-03-28T23:06:11.395+0000] {processor.py:830} INFO - Processing file /opt/airflow/dags/kafka_stream.py for tasks to queue
[2025-03-28T23:06:11.398+0000] {logging_mixin.py:188} INFO - [2025-03-28T23:06:11.397+0000] {dagbag.py:545} INFO - Filling up the DagBag from /opt/airflow/dags/kafka_stream.py
[2025-03-28T23:06:11.411+0000] {processor.py:840} INFO - DAG(s) 'user_automation' retrieved from /opt/airflow/dags/kafka_stream.py
[2025-03-28T23:06:11.433+0000] {logging_mixin.py:188} INFO - [2025-03-28T23:06:11.433+0000] {dag.py:3089} INFO - Sync 1 DAGs
[2025-03-28T23:06:11.451+0000] {logging_mixin.py:188} INFO - [2025-03-28T23:06:11.451+0000] {dag.py:3947} INFO - Setting next_dagrun for user_automation to 2025-03-27 00:00:00+00:00, run_after=2025-03-28 00:00:00+00:00
[2025-03-28T23:06:11.464+0000] {processor.py:183} INFO - Processing /opt/airflow/dags/kafka_stream.py took 0.080 seconds
[2025-03-28T23:06:41.875+0000] {processor.py:161} INFO - Started process (PID=908) to work on /opt/airflow/dags/kafka_stream.py
[2025-03-28T23:06:41.876+0000] {processor.py:830} INFO - Processing file /opt/airflow/dags/kafka_stream.py for tasks to queue
[2025-03-28T23:06:41.879+0000] {logging_mixin.py:188} INFO - [2025-03-28T23:06:41.878+0000] {dagbag.py:545} INFO - Filling up the DagBag from /opt/airflow/dags/kafka_stream.py
[2025-03-28T23:06:41.894+0000] {processor.py:840} INFO - DAG(s) 'user_automation' retrieved from /opt/airflow/dags/kafka_stream.py
[2025-03-28T23:06:41.917+0000] {logging_mixin.py:188} INFO - [2025-03-28T23:06:41.917+0000] {dag.py:3089} INFO - Sync 1 DAGs
[2025-03-28T23:06:41.935+0000] {logging_mixin.py:188} INFO - [2025-03-28T23:06:41.935+0000] {dag.py:3947} INFO - Setting next_dagrun for user_automation to 2025-03-27 00:00:00+00:00, run_after=2025-03-28 00:00:00+00:00
[2025-03-28T23:06:41.949+0000] {processor.py:183} INFO - Processing /opt/airflow/dags/kafka_stream.py took 0.085 seconds
[2025-03-28T23:07:12.323+0000] {processor.py:161} INFO - Started process (PID=939) to work on /opt/airflow/dags/kafka_stream.py
[2025-03-28T23:07:12.324+0000] {processor.py:830} INFO - Processing file /opt/airflow/dags/kafka_stream.py for tasks to queue
[2025-03-28T23:07:12.326+0000] {logging_mixin.py:188} INFO - [2025-03-28T23:07:12.326+0000] {dagbag.py:545} INFO - Filling up the DagBag from /opt/airflow/dags/kafka_stream.py
[2025-03-28T23:07:12.338+0000] {processor.py:840} INFO - DAG(s) 'user_automation' retrieved from /opt/airflow/dags/kafka_stream.py
[2025-03-28T23:07:12.360+0000] {logging_mixin.py:188} INFO - [2025-03-28T23:07:12.360+0000] {dag.py:3089} INFO - Sync 1 DAGs
[2025-03-28T23:07:12.379+0000] {logging_mixin.py:188} INFO - [2025-03-28T23:07:12.379+0000] {dag.py:3947} INFO - Setting next_dagrun for user_automation to 2025-03-27 00:00:00+00:00, run_after=2025-03-28 00:00:00+00:00
[2025-03-28T23:07:12.393+0000] {processor.py:183} INFO - Processing /opt/airflow/dags/kafka_stream.py took 0.078 seconds
[2025-03-28T23:07:42.766+0000] {processor.py:161} INFO - Started process (PID=970) to work on /opt/airflow/dags/kafka_stream.py
[2025-03-28T23:07:42.767+0000] {processor.py:830} INFO - Processing file /opt/airflow/dags/kafka_stream.py for tasks to queue
[2025-03-28T23:07:42.769+0000] {logging_mixin.py:188} INFO - [2025-03-28T23:07:42.768+0000] {dagbag.py:545} INFO - Filling up the DagBag from /opt/airflow/dags/kafka_stream.py
[2025-03-28T23:07:42.781+0000] {processor.py:840} INFO - DAG(s) 'user_automation' retrieved from /opt/airflow/dags/kafka_stream.py
[2025-03-28T23:07:42.813+0000] {logging_mixin.py:188} INFO - [2025-03-28T23:07:42.812+0000] {dag.py:3089} INFO - Sync 1 DAGs
[2025-03-28T23:07:42.837+0000] {logging_mixin.py:188} INFO - [2025-03-28T23:07:42.837+0000] {dag.py:3947} INFO - Setting next_dagrun for user_automation to 2025-03-27 00:00:00+00:00, run_after=2025-03-28 00:00:00+00:00
[2025-03-28T23:07:42.858+0000] {processor.py:183} INFO - Processing /opt/airflow/dags/kafka_stream.py took 0.100 seconds
[2025-03-28T23:08:13.327+0000] {processor.py:161} INFO - Started process (PID=1001) to work on /opt/airflow/dags/kafka_stream.py
[2025-03-28T23:08:13.329+0000] {processor.py:830} INFO - Processing file /opt/airflow/dags/kafka_stream.py for tasks to queue
[2025-03-28T23:08:13.331+0000] {logging_mixin.py:188} INFO - [2025-03-28T23:08:13.331+0000] {dagbag.py:545} INFO - Filling up the DagBag from /opt/airflow/dags/kafka_stream.py
[2025-03-28T23:08:13.360+0000] {processor.py:840} INFO - DAG(s) 'user_automation' retrieved from /opt/airflow/dags/kafka_stream.py
[2025-03-28T23:08:13.397+0000] {logging_mixin.py:188} INFO - [2025-03-28T23:08:13.397+0000] {dag.py:3089} INFO - Sync 1 DAGs
[2025-03-28T23:08:13.420+0000] {logging_mixin.py:188} INFO - [2025-03-28T23:08:13.420+0000] {dag.py:3947} INFO - Setting next_dagrun for user_automation to 2025-03-27 00:00:00+00:00, run_after=2025-03-28 00:00:00+00:00
[2025-03-28T23:08:13.439+0000] {processor.py:183} INFO - Processing /opt/airflow/dags/kafka_stream.py took 0.123 seconds
[2025-03-28T23:08:43.794+0000] {processor.py:161} INFO - Started process (PID=1032) to work on /opt/airflow/dags/kafka_stream.py
[2025-03-28T23:08:43.794+0000] {processor.py:830} INFO - Processing file /opt/airflow/dags/kafka_stream.py for tasks to queue
[2025-03-28T23:08:43.795+0000] {logging_mixin.py:188} INFO - [2025-03-28T23:08:43.795+0000] {dagbag.py:545} INFO - Filling up the DagBag from /opt/airflow/dags/kafka_stream.py
[2025-03-28T23:08:43.804+0000] {processor.py:840} INFO - DAG(s) 'user_automation' retrieved from /opt/airflow/dags/kafka_stream.py
[2025-03-28T23:08:43.897+0000] {logging_mixin.py:188} INFO - [2025-03-28T23:08:43.897+0000] {dag.py:3089} INFO - Sync 1 DAGs
[2025-03-28T23:08:43.915+0000] {logging_mixin.py:188} INFO - [2025-03-28T23:08:43.914+0000] {dag.py:3947} INFO - Setting next_dagrun for user_automation to 2025-03-27 00:00:00+00:00, run_after=2025-03-28 00:00:00+00:00
[2025-03-28T23:08:43.933+0000] {processor.py:183} INFO - Processing /opt/airflow/dags/kafka_stream.py took 0.144 seconds
[2025-03-28T23:09:14.368+0000] {processor.py:161} INFO - Started process (PID=1063) to work on /opt/airflow/dags/kafka_stream.py
[2025-03-28T23:09:14.369+0000] {processor.py:830} INFO - Processing file /opt/airflow/dags/kafka_stream.py for tasks to queue
[2025-03-28T23:09:14.371+0000] {logging_mixin.py:188} INFO - [2025-03-28T23:09:14.371+0000] {dagbag.py:545} INFO - Filling up the DagBag from /opt/airflow/dags/kafka_stream.py
[2025-03-28T23:09:14.387+0000] {processor.py:840} INFO - DAG(s) 'user_automation' retrieved from /opt/airflow/dags/kafka_stream.py
[2025-03-28T23:09:14.480+0000] {logging_mixin.py:188} INFO - [2025-03-28T23:09:14.479+0000] {dag.py:3089} INFO - Sync 1 DAGs
[2025-03-28T23:09:14.540+0000] {logging_mixin.py:188} INFO - [2025-03-28T23:09:14.540+0000] {dag.py:3947} INFO - Setting next_dagrun for user_automation to 2025-03-27 00:00:00+00:00, run_after=2025-03-28 00:00:00+00:00
[2025-03-28T23:09:14.590+0000] {processor.py:183} INFO - Processing /opt/airflow/dags/kafka_stream.py took 0.232 seconds
