[2025-04-19T00:40:00.479+0000] {local_task_job_runner.py:120} INFO - ::group::Pre task execution logs
[2025-04-19T00:40:00.501+0000] {taskinstance.py:2076} INFO - Dependencies all met for dep_context=non-requeueable deps ti=<TaskInstance: iot_data_pipeline.run_iot_producer_script scheduled__2025-04-19T00:35:00+00:00 [queued]>
[2025-04-19T00:40:00.506+0000] {taskinstance.py:2076} INFO - Dependencies all met for dep_context=requeueable deps ti=<TaskInstance: iot_data_pipeline.run_iot_producer_script scheduled__2025-04-19T00:35:00+00:00 [queued]>
[2025-04-19T00:40:00.507+0000] {taskinstance.py:2306} INFO - Starting attempt 1 of 2
[2025-04-19T00:40:00.515+0000] {taskinstance.py:2330} INFO - Executing <Task(BashOperator): run_iot_producer_script> on 2025-04-19 00:35:00+00:00
[2025-04-19T00:40:00.519+0000] {standard_task_runner.py:63} INFO - Started process 20816 to run task
[2025-04-19T00:40:00.521+0000] {standard_task_runner.py:90} INFO - Running: ['***', 'tasks', 'run', 'iot_data_pipeline', 'run_iot_producer_script', 'scheduled__2025-04-19T00:35:00+00:00', '--job-id', '41', '--raw', '--subdir', 'DAGS_FOLDER/iot_data_dag.py', '--cfg-path', '/tmp/tmp77yixmfl']
[2025-04-19T00:40:00.523+0000] {standard_task_runner.py:91} INFO - Job 41: Subtask run_iot_producer_script
[2025-04-19T00:40:00.555+0000] {task_command.py:426} INFO - Running <TaskInstance: iot_data_pipeline.run_iot_producer_script scheduled__2025-04-19T00:35:00+00:00 [running]> on host 2b5f93c9e322
[2025-04-19T00:40:00.620+0000] {taskinstance.py:2648} INFO - Exporting env vars: AIRFLOW_CTX_DAG_OWNER='***' AIRFLOW_CTX_DAG_ID='iot_data_pipeline' AIRFLOW_CTX_TASK_ID='run_iot_producer_script' AIRFLOW_CTX_EXECUTION_DATE='2025-04-19T00:35:00+00:00' AIRFLOW_CTX_TRY_NUMBER='1' AIRFLOW_CTX_DAG_RUN_ID='scheduled__2025-04-19T00:35:00+00:00'
[2025-04-19T00:40:00.620+0000] {taskinstance.py:430} INFO - ::endgroup::
[2025-04-19T00:40:00.632+0000] {subprocess.py:63} INFO - Tmp dir root location: /tmp
[2025-04-19T00:40:00.632+0000] {subprocess.py:75} INFO - Running command: ['/usr/bin/bash', '-c', 'python3 /opt/***/dags/script/iot_data_producer.py']
[2025-04-19T00:40:00.639+0000] {subprocess.py:86} INFO - Output:
[2025-04-19T00:40:01.295+0000] {subprocess.py:93} INFO - [2025-04-19T00:40:01.245624+00:00] Donnée envoyée et stockée : {'machine_id': 'IOT-MACH-MT-10', 'timestamp': '2025-04-19T00:40:01.239001+00:00', 'region': 'MT', 'season': 'saison_seche', 'temperature': 39.3, 'humidity': 12.06, 'soil_moisture': 29.63, 'vibration': 4.3, 'pressure': 1.07, 'latitude': 16.0333, 'longitude': -13.5167}
[2025-04-19T00:40:01.295+0000] {subprocess.py:93} INFO - [2025-04-19T00:40:01.249232+00:00] Donnée envoyée et stockée : {'machine_id': 'IOT-MACH-TB-7', 'timestamp': '2025-04-19T00:40:01.245764+00:00', 'region': 'TB', 'season': 'saison_seche', 'temperature': 36.48, 'humidity': 23.57, 'soil_moisture': 36.56, 'vibration': 1.37, 'pressure': 1.82, 'latitude': 15.3833, 'longitude': -15.5}
[2025-04-19T00:40:01.296+0000] {subprocess.py:93} INFO - [2025-04-19T00:40:01.253085+00:00] Donnée envoyée et stockée : {'machine_id': 'IOT-MACH-TH-11', 'timestamp': '2025-04-19T00:40:01.249362+00:00', 'region': 'TH', 'season': 'saison_seche', 'temperature': 31.43, 'humidity': 45.11, 'soil_moisture': 22.69, 'vibration': 1.05, 'pressure': 1.56, 'latitude': 14.7978, 'longitude': -16.925}
[2025-04-19T00:40:01.296+0000] {subprocess.py:93} INFO - [2025-04-19T00:40:01.256190+00:00] Donnée envoyée et stockée : {'machine_id': 'IOT-MACH-KD-19', 'timestamp': '2025-04-19T00:40:01.253188+00:00', 'region': 'KD', 'season': 'saison_seche', 'temperature': 33.05, 'humidity': 55.86, 'soil_moisture': 19.19, 'vibration': 3.8, 'pressure': 0.8, 'latitude': 14.1167, 'longitude': -12.5}
[2025-04-19T00:40:01.296+0000] {subprocess.py:93} INFO - [2025-04-19T00:40:01.259221+00:00] Donnée envoyée et stockée : {'machine_id': 'IOT-MACH-KD-10', 'timestamp': '2025-04-19T00:40:01.256294+00:00', 'region': 'KD', 'season': 'saison_seche', 'temperature': 32.69, 'humidity': 50.52, 'soil_moisture': 21.8, 'vibration': 1.41, 'pressure': 1.69, 'latitude': 14.1167, 'longitude': -12.5}
[2025-04-19T00:40:01.296+0000] {subprocess.py:93} INFO - [2025-04-19T00:40:01.262306+00:00] Donnée envoyée et stockée : {'machine_id': 'IOT-MACH-SL-80', 'timestamp': '2025-04-19T00:40:01.259350+00:00', 'region': 'SL', 'season': 'saison_seche', 'temperature': 30.26, 'humidity': 50.51, 'soil_moisture': 12.97, 'vibration': 2.89, 'pressure': 1.22, 'latitude': 16.0167, 'longitude': -16.5}
[2025-04-19T00:40:01.296+0000] {subprocess.py:93} INFO - [2025-04-19T00:40:01.265335+00:00] Donnée envoyée et stockée : {'machine_id': 'IOT-MACH-SL-4', 'timestamp': '2025-04-19T00:40:01.262432+00:00', 'region': 'SL', 'season': 'saison_seche', 'temperature': 30.66, 'humidity': 53.71, 'soil_moisture': 41.88, 'vibration': 3.7, 'pressure': 1.0, 'latitude': 16.0167, 'longitude': -16.5}
[2025-04-19T00:40:01.297+0000] {subprocess.py:93} INFO - [2025-04-19T00:40:01.269539+00:00] Donnée envoyée et stockée : {'machine_id': 'IOT-MACH-ZG-50', 'timestamp': '2025-04-19T00:40:01.265474+00:00', 'region': 'ZG', 'season': 'saison_seche', 'temperature': 29.08, 'humidity': 75.43, 'soil_moisture': 37.32, 'vibration': 0.48, 'pressure': 1.34, 'latitude': 12.5833, 'longitude': -16.2667}
[2025-04-19T00:40:01.297+0000] {subprocess.py:93} INFO - [2025-04-19T00:40:01.273426+00:00] Donnée envoyée et stockée : {'machine_id': 'IOT-MACH-ZG-73', 'timestamp': '2025-04-19T00:40:01.269643+00:00', 'region': 'ZG', 'season': 'saison_seche', 'temperature': 29.83, 'humidity': 78.99, 'soil_moisture': 48.05, 'vibration': 2.72, 'pressure': 1.0, 'latitude': 12.5833, 'longitude': -16.2667}
[2025-04-19T00:40:01.297+0000] {subprocess.py:93} INFO - [2025-04-19T00:40:01.275769+00:00] Donnée envoyée et stockée : {'machine_id': 'IOT-MACH-TB-77', 'timestamp': '2025-04-19T00:40:01.273531+00:00', 'region': 'TB', 'season': 'saison_seche', 'temperature': 37.03, 'humidity': 27.14, 'soil_moisture': 10.74, 'vibration': 3.14, 'pressure': 2.12, 'latitude': 15.3833, 'longitude': -15.5}
[2025-04-19T00:40:01.297+0000] {subprocess.py:93} INFO - [2025-04-19T00:40:01.278660+00:00] Donnée envoyée et stockée : {'machine_id': 'IOT-MACH-MT-43', 'timestamp': '2025-04-19T00:40:01.275858+00:00', 'region': 'MT', 'season': 'saison_seche', 'temperature': 39.83, 'humidity': 12.38, 'soil_moisture': 25.68, 'vibration': 2.62, 'pressure': 1.44, 'latitude': 16.0333, 'longitude': -13.5167}
[2025-04-19T00:40:01.297+0000] {subprocess.py:93} INFO - [2025-04-19T00:40:01.280960+00:00] Donnée envoyée et stockée : {'machine_id': 'IOT-MACH-ZG-91', 'timestamp': '2025-04-19T00:40:01.278716+00:00', 'region': 'ZG', 'season': 'saison_seche', 'temperature': 28.84, 'humidity': 78.27, 'soil_moisture': 48.25, 'vibration': 0.85, 'pressure': 2.29, 'latitude': 12.5833, 'longitude': -16.2667}
[2025-04-19T00:40:01.298+0000] {subprocess.py:93} INFO - [2025-04-19T00:40:01.282994+00:00] Donnée envoyée et stockée : {'machine_id': 'IOT-MACH-ZG-41', 'timestamp': '2025-04-19T00:40:01.281018+00:00', 'region': 'ZG', 'season': 'saison_seche', 'temperature': 29.59, 'humidity': 78.66, 'soil_moisture': 16.05, 'vibration': 4.1, 'pressure': 1.82, 'latitude': 12.5833, 'longitude': -16.2667}
[2025-04-19T00:40:01.298+0000] {subprocess.py:93} INFO - [2025-04-19T00:40:01.284762+00:00] Donnée envoyée et stockée : {'machine_id': 'IOT-MACH-SL-31', 'timestamp': '2025-04-19T00:40:01.283053+00:00', 'region': 'SL', 'season': 'saison_seche', 'temperature': 31.15, 'humidity': 57.9, 'soil_moisture': 11.43, 'vibration': 1.88, 'pressure': 1.53, 'latitude': 16.0167, 'longitude': -16.5}
[2025-04-19T00:40:01.298+0000] {subprocess.py:93} INFO - [2025-04-19T00:40:01.286534+00:00] Donnée envoyée et stockée : {'machine_id': 'IOT-MACH-SL-89', 'timestamp': '2025-04-19T00:40:01.284807+00:00', 'region': 'SL', 'season': 'saison_seche', 'temperature': 31.89, 'humidity': 54.2, 'soil_moisture': 19.13, 'vibration': 4.45, 'pressure': 1.76, 'latitude': 16.0167, 'longitude': -16.5}
[2025-04-19T00:40:01.298+0000] {subprocess.py:93} INFO - [2025-04-19T00:40:01.288361+00:00] Donnée envoyée et stockée : {'machine_id': 'IOT-MACH-TB-33', 'timestamp': '2025-04-19T00:40:01.286596+00:00', 'region': 'TB', 'season': 'saison_seche', 'temperature': 37.77, 'humidity': 23.75, 'soil_moisture': 26.48, 'vibration': 1.99, 'pressure': 1.79, 'latitude': 15.3833, 'longitude': -15.5}
[2025-04-19T00:40:01.298+0000] {subprocess.py:93} INFO - [2025-04-19T00:40:01.289924+00:00] Donnée envoyée et stockée : {'machine_id': 'IOT-MACH-TB-83', 'timestamp': '2025-04-19T00:40:01.288423+00:00', 'region': 'TB', 'season': 'saison_seche', 'temperature': 37.46, 'humidity': 23.66, 'soil_moisture': 33.39, 'vibration': 1.69, 'pressure': 2.44, 'latitude': 15.3833, 'longitude': -15.5}
[2025-04-19T00:40:01.298+0000] {subprocess.py:93} INFO - [2025-04-19T00:40:01.292359+00:00] Donnée envoyée et stockée : {'machine_id': 'IOT-MACH-ZG-40', 'timestamp': '2025-04-19T00:40:01.289964+00:00', 'region': 'ZG', 'season': 'saison_seche', 'temperature': 28.71, 'humidity': 82.74, 'soil_moisture': 16.82, 'vibration': 3.61, 'pressure': 2.38, 'latitude': 12.5833, 'longitude': -16.2667}
[2025-04-19T00:40:01.299+0000] {subprocess.py:93} INFO - [2025-04-19T00:40:01.293753+00:00] Donnée envoyée et stockée : {'machine_id': 'IOT-MACH-TH-8', 'timestamp': '2025-04-19T00:40:01.292399+00:00', 'region': 'TH', 'season': 'saison_seche', 'temperature': 31.22, 'humidity': 51.83, 'soil_moisture': 46.6, 'vibration': 2.79, 'pressure': 0.86, 'latitude': 14.7978, 'longitude': -16.925}
[2025-04-19T00:40:01.299+0000] {subprocess.py:93} INFO - [2025-04-19T00:40:01.295361+00:00] Donnée envoyée et stockée : {'machine_id': 'IOT-MACH-TB-75', 'timestamp': '2025-04-19T00:40:01.293787+00:00', 'region': 'TB', 'season': 'saison_seche', 'temperature': 36.36, 'humidity': 27.75, 'soil_moisture': 14.15, 'vibration': 0.11, 'pressure': 1.65, 'latitude': 15.3833, 'longitude': -15.5}
[2025-04-19T00:40:01.333+0000] {subprocess.py:97} INFO - Command exited with return code 0
[2025-04-19T00:40:01.333+0000] {taskinstance.py:441} INFO - ::group::Post task execution logs
[2025-04-19T00:40:01.351+0000] {taskinstance.py:1206} INFO - Marking task as SUCCESS. dag_id=iot_data_pipeline, task_id=run_iot_producer_script, run_id=scheduled__2025-04-19T00:35:00+00:00, execution_date=20250419T003500, start_date=20250419T004000, end_date=20250419T004001
[2025-04-19T00:40:01.375+0000] {local_task_job_runner.py:240} INFO - Task exited with return code 0
[2025-04-19T00:40:01.388+0000] {taskinstance.py:3503} INFO - 0 downstream tasks scheduled from follow-on schedule check
[2025-04-19T00:40:01.389+0000] {local_task_job_runner.py:222} INFO - ::endgroup::
