[2025-03-25T23:30:02.465+0000] {processor.py:161} INFO - Started process (PID=203) to work on /opt/airflow/dags/kafka_stream.py
[2025-03-25T23:30:02.465+0000] {processor.py:830} INFO - Processing file /opt/airflow/dags/kafka_stream.py for tasks to queue
[2025-03-25T23:30:02.467+0000] {logging_mixin.py:188} INFO - [2025-03-25T23:30:02.466+0000] {dagbag.py:545} INFO - Filling up the DagBag from /opt/airflow/dags/kafka_stream.py
[2025-03-25T23:30:02.488+0000] {processor.py:840} INFO - DAG(s) 'user_automation' retrieved from /opt/airflow/dags/kafka_stream.py
[2025-03-25T23:30:02.825+0000] {logging_mixin.py:188} INFO - [2025-03-25T23:30:02.825+0000] {override.py:1858} INFO - Created Permission View: can read on DAG:user_automation
[2025-03-25T23:30:02.837+0000] {logging_mixin.py:188} INFO - [2025-03-25T23:30:02.837+0000] {override.py:1858} INFO - Created Permission View: can edit on DAG:user_automation
[2025-03-25T23:30:02.845+0000] {logging_mixin.py:188} INFO - [2025-03-25T23:30:02.844+0000] {override.py:1858} INFO - Created Permission View: can delete on DAG:user_automation
[2025-03-25T23:30:02.845+0000] {logging_mixin.py:188} INFO - [2025-03-25T23:30:02.845+0000] {dag.py:3089} INFO - Sync 1 DAGs
[2025-03-25T23:30:02.863+0000] {logging_mixin.py:188} INFO - [2025-03-25T23:30:02.862+0000] {dag.py:3111} INFO - Creating ORM DAG for user_automation
[2025-03-25T23:30:02.885+0000] {logging_mixin.py:188} INFO - [2025-03-25T23:30:02.884+0000] {dag.py:3947} INFO - Setting next_dagrun for user_automation to 2025-03-24 00:00:00+00:00, run_after=2025-03-25 00:00:00+00:00
[2025-03-25T23:30:02.913+0000] {processor.py:183} INFO - Processing /opt/airflow/dags/kafka_stream.py took 0.452 seconds
[2025-03-25T23:30:33.098+0000] {processor.py:161} INFO - Started process (PID=214) to work on /opt/airflow/dags/kafka_stream.py
[2025-03-25T23:30:33.105+0000] {processor.py:830} INFO - Processing file /opt/airflow/dags/kafka_stream.py for tasks to queue
[2025-03-25T23:30:33.106+0000] {logging_mixin.py:188} INFO - [2025-03-25T23:30:33.106+0000] {dagbag.py:545} INFO - Filling up the DagBag from /opt/airflow/dags/kafka_stream.py
[2025-03-25T23:30:33.115+0000] {processor.py:840} INFO - DAG(s) 'user_automation' retrieved from /opt/airflow/dags/kafka_stream.py
[2025-03-25T23:30:33.124+0000] {logging_mixin.py:188} INFO - [2025-03-25T23:30:33.124+0000] {dag.py:3089} INFO - Sync 1 DAGs
[2025-03-25T23:30:33.143+0000] {logging_mixin.py:188} INFO - [2025-03-25T23:30:33.143+0000] {dag.py:3947} INFO - Setting next_dagrun for user_automation to 2025-03-24 00:00:00+00:00, run_after=2025-03-25 00:00:00+00:00
[2025-03-25T23:30:33.156+0000] {processor.py:183} INFO - Processing /opt/airflow/dags/kafka_stream.py took 0.062 seconds
[2025-03-25T23:31:03.237+0000] {processor.py:161} INFO - Started process (PID=225) to work on /opt/airflow/dags/kafka_stream.py
[2025-03-25T23:31:03.242+0000] {processor.py:830} INFO - Processing file /opt/airflow/dags/kafka_stream.py for tasks to queue
[2025-03-25T23:31:03.245+0000] {logging_mixin.py:188} INFO - [2025-03-25T23:31:03.244+0000] {dagbag.py:545} INFO - Filling up the DagBag from /opt/airflow/dags/kafka_stream.py
[2025-03-25T23:31:03.261+0000] {processor.py:840} INFO - DAG(s) 'user_automation' retrieved from /opt/airflow/dags/kafka_stream.py
[2025-03-25T23:31:03.275+0000] {logging_mixin.py:188} INFO - [2025-03-25T23:31:03.274+0000] {dag.py:3089} INFO - Sync 1 DAGs
[2025-03-25T23:31:03.301+0000] {logging_mixin.py:188} INFO - [2025-03-25T23:31:03.301+0000] {dag.py:3947} INFO - Setting next_dagrun for user_automation to 2025-03-24 00:00:00+00:00, run_after=2025-03-25 00:00:00+00:00
[2025-03-25T23:31:03.333+0000] {processor.py:183} INFO - Processing /opt/airflow/dags/kafka_stream.py took 0.105 seconds
[2025-03-25T23:31:33.458+0000] {processor.py:161} INFO - Started process (PID=236) to work on /opt/airflow/dags/kafka_stream.py
[2025-03-25T23:31:33.459+0000] {processor.py:830} INFO - Processing file /opt/airflow/dags/kafka_stream.py for tasks to queue
[2025-03-25T23:31:33.463+0000] {logging_mixin.py:188} INFO - [2025-03-25T23:31:33.462+0000] {dagbag.py:545} INFO - Filling up the DagBag from /opt/airflow/dags/kafka_stream.py
[2025-03-25T23:31:33.480+0000] {processor.py:840} INFO - DAG(s) 'user_automation' retrieved from /opt/airflow/dags/kafka_stream.py
[2025-03-25T23:31:33.575+0000] {logging_mixin.py:188} INFO - [2025-03-25T23:31:33.575+0000] {dag.py:3089} INFO - Sync 1 DAGs
[2025-03-25T23:31:33.590+0000] {logging_mixin.py:188} INFO - [2025-03-25T23:31:33.590+0000] {dag.py:3947} INFO - Setting next_dagrun for user_automation to 2025-03-24 00:00:00+00:00, run_after=2025-03-25 00:00:00+00:00
[2025-03-25T23:31:33.612+0000] {processor.py:183} INFO - Processing /opt/airflow/dags/kafka_stream.py took 0.167 seconds
[2025-03-25T23:32:03.661+0000] {processor.py:161} INFO - Started process (PID=247) to work on /opt/airflow/dags/kafka_stream.py
[2025-03-25T23:32:03.667+0000] {processor.py:830} INFO - Processing file /opt/airflow/dags/kafka_stream.py for tasks to queue
[2025-03-25T23:32:03.670+0000] {logging_mixin.py:188} INFO - [2025-03-25T23:32:03.669+0000] {dagbag.py:545} INFO - Filling up the DagBag from /opt/airflow/dags/kafka_stream.py
[2025-03-25T23:32:03.688+0000] {processor.py:840} INFO - DAG(s) 'user_automation' retrieved from /opt/airflow/dags/kafka_stream.py
[2025-03-25T23:32:03.714+0000] {logging_mixin.py:188} INFO - [2025-03-25T23:32:03.714+0000] {dag.py:3089} INFO - Sync 1 DAGs
[2025-03-25T23:32:03.733+0000] {logging_mixin.py:188} INFO - [2025-03-25T23:32:03.733+0000] {dag.py:3947} INFO - Setting next_dagrun for user_automation to 2025-03-24 00:00:00+00:00, run_after=2025-03-25 00:00:00+00:00
[2025-03-25T23:32:03.755+0000] {processor.py:183} INFO - Processing /opt/airflow/dags/kafka_stream.py took 0.106 seconds
[2025-03-25T23:32:33.953+0000] {processor.py:161} INFO - Started process (PID=258) to work on /opt/airflow/dags/kafka_stream.py
[2025-03-25T23:32:33.959+0000] {processor.py:830} INFO - Processing file /opt/airflow/dags/kafka_stream.py for tasks to queue
[2025-03-25T23:32:33.961+0000] {logging_mixin.py:188} INFO - [2025-03-25T23:32:33.961+0000] {dagbag.py:545} INFO - Filling up the DagBag from /opt/airflow/dags/kafka_stream.py
[2025-03-25T23:32:33.975+0000] {processor.py:840} INFO - DAG(s) 'user_automation' retrieved from /opt/airflow/dags/kafka_stream.py
[2025-03-25T23:32:33.999+0000] {logging_mixin.py:188} INFO - [2025-03-25T23:32:33.998+0000] {dag.py:3089} INFO - Sync 1 DAGs
[2025-03-25T23:32:34.016+0000] {logging_mixin.py:188} INFO - [2025-03-25T23:32:34.015+0000] {dag.py:3947} INFO - Setting next_dagrun for user_automation to 2025-03-24 00:00:00+00:00, run_after=2025-03-25 00:00:00+00:00
[2025-03-25T23:32:34.030+0000] {processor.py:183} INFO - Processing /opt/airflow/dags/kafka_stream.py took 0.094 seconds
[2025-03-25T23:33:04.107+0000] {processor.py:161} INFO - Started process (PID=269) to work on /opt/airflow/dags/kafka_stream.py
[2025-03-25T23:33:04.108+0000] {processor.py:830} INFO - Processing file /opt/airflow/dags/kafka_stream.py for tasks to queue
[2025-03-25T23:33:04.109+0000] {logging_mixin.py:188} INFO - [2025-03-25T23:33:04.109+0000] {dagbag.py:545} INFO - Filling up the DagBag from /opt/airflow/dags/kafka_stream.py
[2025-03-25T23:33:04.119+0000] {processor.py:840} INFO - DAG(s) 'user_automation' retrieved from /opt/airflow/dags/kafka_stream.py
[2025-03-25T23:33:04.139+0000] {logging_mixin.py:188} INFO - [2025-03-25T23:33:04.139+0000] {dag.py:3089} INFO - Sync 1 DAGs
[2025-03-25T23:33:04.157+0000] {logging_mixin.py:188} INFO - [2025-03-25T23:33:04.156+0000] {dag.py:3947} INFO - Setting next_dagrun for user_automation to 2025-03-24 00:00:00+00:00, run_after=2025-03-25 00:00:00+00:00
[2025-03-25T23:33:04.178+0000] {processor.py:183} INFO - Processing /opt/airflow/dags/kafka_stream.py took 0.077 seconds
[2025-03-25T23:33:34.268+0000] {processor.py:161} INFO - Started process (PID=280) to work on /opt/airflow/dags/kafka_stream.py
[2025-03-25T23:33:34.268+0000] {processor.py:830} INFO - Processing file /opt/airflow/dags/kafka_stream.py for tasks to queue
[2025-03-25T23:33:34.270+0000] {logging_mixin.py:188} INFO - [2025-03-25T23:33:34.269+0000] {dagbag.py:545} INFO - Filling up the DagBag from /opt/airflow/dags/kafka_stream.py
[2025-03-25T23:33:34.281+0000] {processor.py:840} INFO - DAG(s) 'user_automation' retrieved from /opt/airflow/dags/kafka_stream.py
[2025-03-25T23:33:34.309+0000] {logging_mixin.py:188} INFO - [2025-03-25T23:33:34.308+0000] {dag.py:3089} INFO - Sync 1 DAGs
[2025-03-25T23:33:34.328+0000] {logging_mixin.py:188} INFO - [2025-03-25T23:33:34.328+0000] {dag.py:3947} INFO - Setting next_dagrun for user_automation to 2025-03-24 00:00:00+00:00, run_after=2025-03-25 00:00:00+00:00
[2025-03-25T23:33:34.346+0000] {processor.py:183} INFO - Processing /opt/airflow/dags/kafka_stream.py took 0.083 seconds
[2025-03-25T23:34:04.505+0000] {processor.py:161} INFO - Started process (PID=291) to work on /opt/airflow/dags/kafka_stream.py
[2025-03-25T23:34:04.511+0000] {processor.py:830} INFO - Processing file /opt/airflow/dags/kafka_stream.py for tasks to queue
[2025-03-25T23:34:04.513+0000] {logging_mixin.py:188} INFO - [2025-03-25T23:34:04.513+0000] {dagbag.py:545} INFO - Filling up the DagBag from /opt/airflow/dags/kafka_stream.py
[2025-03-25T23:34:04.527+0000] {processor.py:840} INFO - DAG(s) 'user_automation' retrieved from /opt/airflow/dags/kafka_stream.py
[2025-03-25T23:34:04.623+0000] {logging_mixin.py:188} INFO - [2025-03-25T23:34:04.623+0000] {dag.py:3089} INFO - Sync 1 DAGs
[2025-03-25T23:34:04.642+0000] {logging_mixin.py:188} INFO - [2025-03-25T23:34:04.641+0000] {dag.py:3947} INFO - Setting next_dagrun for user_automation to 2025-03-24 00:00:00+00:00, run_after=2025-03-25 00:00:00+00:00
[2025-03-25T23:34:04.670+0000] {processor.py:183} INFO - Processing /opt/airflow/dags/kafka_stream.py took 0.172 seconds
[2025-03-25T23:34:34.839+0000] {processor.py:161} INFO - Started process (PID=308) to work on /opt/airflow/dags/kafka_stream.py
[2025-03-25T23:34:34.844+0000] {processor.py:830} INFO - Processing file /opt/airflow/dags/kafka_stream.py for tasks to queue
[2025-03-25T23:34:34.845+0000] {logging_mixin.py:188} INFO - [2025-03-25T23:34:34.845+0000] {dagbag.py:545} INFO - Filling up the DagBag from /opt/airflow/dags/kafka_stream.py
[2025-03-25T23:34:34.855+0000] {processor.py:840} INFO - DAG(s) 'user_automation' retrieved from /opt/airflow/dags/kafka_stream.py
[2025-03-25T23:34:34.883+0000] {logging_mixin.py:188} INFO - [2025-03-25T23:34:34.883+0000] {dag.py:3089} INFO - Sync 1 DAGs
[2025-03-25T23:34:34.903+0000] {logging_mixin.py:188} INFO - [2025-03-25T23:34:34.903+0000] {dag.py:3947} INFO - Setting next_dagrun for user_automation to 2025-03-24 00:00:00+00:00, run_after=2025-03-25 00:00:00+00:00
[2025-03-25T23:34:34.918+0000] {processor.py:183} INFO - Processing /opt/airflow/dags/kafka_stream.py took 0.084 seconds
[2025-03-25T23:35:05.067+0000] {processor.py:161} INFO - Started process (PID=319) to work on /opt/airflow/dags/kafka_stream.py
[2025-03-25T23:35:05.081+0000] {processor.py:830} INFO - Processing file /opt/airflow/dags/kafka_stream.py for tasks to queue
[2025-03-25T23:35:05.082+0000] {logging_mixin.py:188} INFO - [2025-03-25T23:35:05.082+0000] {dagbag.py:545} INFO - Filling up the DagBag from /opt/airflow/dags/kafka_stream.py
[2025-03-25T23:35:05.092+0000] {processor.py:840} INFO - DAG(s) 'user_automation' retrieved from /opt/airflow/dags/kafka_stream.py
[2025-03-25T23:35:05.112+0000] {logging_mixin.py:188} INFO - [2025-03-25T23:35:05.112+0000] {dag.py:3089} INFO - Sync 1 DAGs
[2025-03-25T23:35:05.129+0000] {logging_mixin.py:188} INFO - [2025-03-25T23:35:05.129+0000] {dag.py:3947} INFO - Setting next_dagrun for user_automation to 2025-03-24 00:00:00+00:00, run_after=2025-03-25 00:00:00+00:00
[2025-03-25T23:35:05.142+0000] {processor.py:183} INFO - Processing /opt/airflow/dags/kafka_stream.py took 0.084 seconds
[2025-03-25T23:35:35.307+0000] {processor.py:161} INFO - Started process (PID=330) to work on /opt/airflow/dags/kafka_stream.py
[2025-03-25T23:35:35.309+0000] {processor.py:830} INFO - Processing file /opt/airflow/dags/kafka_stream.py for tasks to queue
[2025-03-25T23:35:35.312+0000] {logging_mixin.py:188} INFO - [2025-03-25T23:35:35.312+0000] {dagbag.py:545} INFO - Filling up the DagBag from /opt/airflow/dags/kafka_stream.py
[2025-03-25T23:35:35.328+0000] {processor.py:840} INFO - DAG(s) 'user_automation' retrieved from /opt/airflow/dags/kafka_stream.py
[2025-03-25T23:35:35.352+0000] {logging_mixin.py:188} INFO - [2025-03-25T23:35:35.351+0000] {dag.py:3089} INFO - Sync 1 DAGs
[2025-03-25T23:35:35.373+0000] {logging_mixin.py:188} INFO - [2025-03-25T23:35:35.372+0000] {dag.py:3947} INFO - Setting next_dagrun for user_automation to 2025-03-24 00:00:00+00:00, run_after=2025-03-25 00:00:00+00:00
[2025-03-25T23:35:35.389+0000] {processor.py:183} INFO - Processing /opt/airflow/dags/kafka_stream.py took 0.100 seconds
[2025-03-25T23:36:05.504+0000] {processor.py:161} INFO - Started process (PID=341) to work on /opt/airflow/dags/kafka_stream.py
[2025-03-25T23:36:05.510+0000] {processor.py:830} INFO - Processing file /opt/airflow/dags/kafka_stream.py for tasks to queue
[2025-03-25T23:36:05.513+0000] {logging_mixin.py:188} INFO - [2025-03-25T23:36:05.512+0000] {dagbag.py:545} INFO - Filling up the DagBag from /opt/airflow/dags/kafka_stream.py
[2025-03-25T23:36:05.526+0000] {processor.py:840} INFO - DAG(s) 'user_automation' retrieved from /opt/airflow/dags/kafka_stream.py
[2025-03-25T23:36:05.556+0000] {logging_mixin.py:188} INFO - [2025-03-25T23:36:05.556+0000] {dag.py:3089} INFO - Sync 1 DAGs
[2025-03-25T23:36:05.575+0000] {logging_mixin.py:188} INFO - [2025-03-25T23:36:05.574+0000] {dag.py:3947} INFO - Setting next_dagrun for user_automation to 2025-03-24 00:00:00+00:00, run_after=2025-03-25 00:00:00+00:00
[2025-03-25T23:36:05.587+0000] {processor.py:183} INFO - Processing /opt/airflow/dags/kafka_stream.py took 0.094 seconds
[2025-03-25T23:36:35.721+0000] {processor.py:161} INFO - Started process (PID=352) to work on /opt/airflow/dags/kafka_stream.py
[2025-03-25T23:36:35.727+0000] {processor.py:830} INFO - Processing file /opt/airflow/dags/kafka_stream.py for tasks to queue
[2025-03-25T23:36:35.728+0000] {logging_mixin.py:188} INFO - [2025-03-25T23:36:35.728+0000] {dagbag.py:545} INFO - Filling up the DagBag from /opt/airflow/dags/kafka_stream.py
[2025-03-25T23:36:35.739+0000] {processor.py:840} INFO - DAG(s) 'user_automation' retrieved from /opt/airflow/dags/kafka_stream.py
[2025-03-25T23:36:35.763+0000] {logging_mixin.py:188} INFO - [2025-03-25T23:36:35.763+0000] {dag.py:3089} INFO - Sync 1 DAGs
[2025-03-25T23:36:35.781+0000] {logging_mixin.py:188} INFO - [2025-03-25T23:36:35.781+0000] {dag.py:3947} INFO - Setting next_dagrun for user_automation to 2025-03-24 00:00:00+00:00, run_after=2025-03-25 00:00:00+00:00
[2025-03-25T23:36:35.794+0000] {processor.py:183} INFO - Processing /opt/airflow/dags/kafka_stream.py took 0.081 seconds
[2025-03-25T23:37:05.918+0000] {processor.py:161} INFO - Started process (PID=363) to work on /opt/airflow/dags/kafka_stream.py
[2025-03-25T23:37:05.924+0000] {processor.py:830} INFO - Processing file /opt/airflow/dags/kafka_stream.py for tasks to queue
[2025-03-25T23:37:05.925+0000] {logging_mixin.py:188} INFO - [2025-03-25T23:37:05.925+0000] {dagbag.py:545} INFO - Filling up the DagBag from /opt/airflow/dags/kafka_stream.py
[2025-03-25T23:37:05.939+0000] {processor.py:840} INFO - DAG(s) 'user_automation' retrieved from /opt/airflow/dags/kafka_stream.py
[2025-03-25T23:37:05.963+0000] {logging_mixin.py:188} INFO - [2025-03-25T23:37:05.963+0000] {dag.py:3089} INFO - Sync 1 DAGs
[2025-03-25T23:37:05.984+0000] {logging_mixin.py:188} INFO - [2025-03-25T23:37:05.984+0000] {dag.py:3947} INFO - Setting next_dagrun for user_automation to 2025-03-24 00:00:00+00:00, run_after=2025-03-25 00:00:00+00:00
[2025-03-25T23:37:06.000+0000] {processor.py:183} INFO - Processing /opt/airflow/dags/kafka_stream.py took 0.094 seconds
[2025-03-25T23:37:36.149+0000] {processor.py:161} INFO - Started process (PID=374) to work on /opt/airflow/dags/kafka_stream.py
[2025-03-25T23:37:36.151+0000] {processor.py:830} INFO - Processing file /opt/airflow/dags/kafka_stream.py for tasks to queue
[2025-03-25T23:37:36.154+0000] {logging_mixin.py:188} INFO - [2025-03-25T23:37:36.154+0000] {dagbag.py:545} INFO - Filling up the DagBag from /opt/airflow/dags/kafka_stream.py
[2025-03-25T23:37:36.172+0000] {processor.py:840} INFO - DAG(s) 'user_automation' retrieved from /opt/airflow/dags/kafka_stream.py
[2025-03-25T23:37:36.200+0000] {logging_mixin.py:188} INFO - [2025-03-25T23:37:36.200+0000] {dag.py:3089} INFO - Sync 1 DAGs
[2025-03-25T23:37:36.221+0000] {logging_mixin.py:188} INFO - [2025-03-25T23:37:36.221+0000] {dag.py:3947} INFO - Setting next_dagrun for user_automation to 2025-03-24 00:00:00+00:00, run_after=2025-03-25 00:00:00+00:00
[2025-03-25T23:37:36.238+0000] {processor.py:183} INFO - Processing /opt/airflow/dags/kafka_stream.py took 0.101 seconds
[2025-03-25T23:38:06.377+0000] {processor.py:161} INFO - Started process (PID=385) to work on /opt/airflow/dags/kafka_stream.py
[2025-03-25T23:38:06.379+0000] {processor.py:830} INFO - Processing file /opt/airflow/dags/kafka_stream.py for tasks to queue
[2025-03-25T23:38:06.381+0000] {logging_mixin.py:188} INFO - [2025-03-25T23:38:06.381+0000] {dagbag.py:545} INFO - Filling up the DagBag from /opt/airflow/dags/kafka_stream.py
[2025-03-25T23:38:06.397+0000] {processor.py:840} INFO - DAG(s) 'user_automation' retrieved from /opt/airflow/dags/kafka_stream.py
[2025-03-25T23:38:06.422+0000] {logging_mixin.py:188} INFO - [2025-03-25T23:38:06.422+0000] {dag.py:3089} INFO - Sync 1 DAGs
[2025-03-25T23:38:06.443+0000] {logging_mixin.py:188} INFO - [2025-03-25T23:38:06.443+0000] {dag.py:3947} INFO - Setting next_dagrun for user_automation to 2025-03-24 00:00:00+00:00, run_after=2025-03-25 00:00:00+00:00
[2025-03-25T23:38:06.458+0000] {processor.py:183} INFO - Processing /opt/airflow/dags/kafka_stream.py took 0.091 seconds
[2025-03-25T23:38:36.506+0000] {processor.py:161} INFO - Started process (PID=390) to work on /opt/airflow/dags/kafka_stream.py
[2025-03-25T23:38:36.512+0000] {processor.py:830} INFO - Processing file /opt/airflow/dags/kafka_stream.py for tasks to queue
[2025-03-25T23:38:36.515+0000] {logging_mixin.py:188} INFO - [2025-03-25T23:38:36.514+0000] {dagbag.py:545} INFO - Filling up the DagBag from /opt/airflow/dags/kafka_stream.py
[2025-03-25T23:38:36.530+0000] {processor.py:840} INFO - DAG(s) 'user_automation' retrieved from /opt/airflow/dags/kafka_stream.py
[2025-03-25T23:38:36.554+0000] {logging_mixin.py:188} INFO - [2025-03-25T23:38:36.554+0000] {dag.py:3089} INFO - Sync 1 DAGs
[2025-03-25T23:38:36.573+0000] {logging_mixin.py:188} INFO - [2025-03-25T23:38:36.573+0000] {dag.py:3947} INFO - Setting next_dagrun for user_automation to 2025-03-24 00:00:00+00:00, run_after=2025-03-25 00:00:00+00:00
[2025-03-25T23:38:36.586+0000] {processor.py:183} INFO - Processing /opt/airflow/dags/kafka_stream.py took 0.090 seconds
