[2025-04-14T21:34:19.190+0000] {local_task_job_runner.py:120} INFO - ::group::Pre task execution logs
[2025-04-14T21:34:19.224+0000] {taskinstance.py:2076} INFO - Dependencies all met for dep_context=non-requeueable deps ti=<TaskInstance: iot_data_pipeline.run_iot_producer_script manual__2025-04-14T21:29:15.441303+00:00 [queued]>
[2025-04-14T21:34:19.234+0000] {taskinstance.py:2076} INFO - Dependencies all met for dep_context=requeueable deps ti=<TaskInstance: iot_data_pipeline.run_iot_producer_script manual__2025-04-14T21:29:15.441303+00:00 [queued]>
[2025-04-14T21:34:19.234+0000] {taskinstance.py:2306} INFO - Starting attempt 2 of 2
[2025-04-14T21:34:19.253+0000] {taskinstance.py:2330} INFO - Executing <Task(BashOperator): run_iot_producer_script> on 2025-04-14 21:29:15.441303+00:00
[2025-04-14T21:34:19.260+0000] {standard_task_runner.py:63} INFO - Started process 1133 to run task
[2025-04-14T21:34:19.265+0000] {standard_task_runner.py:90} INFO - Running: ['***', 'tasks', 'run', 'iot_data_pipeline', 'run_iot_producer_script', 'manual__2025-04-14T21:29:15.441303+00:00', '--job-id', '69', '--raw', '--subdir', 'DAGS_FOLDER/iot_data_dag.py', '--cfg-path', '/tmp/tmpu6jkwz67']
[2025-04-14T21:34:19.268+0000] {standard_task_runner.py:91} INFO - Job 69: Subtask run_iot_producer_script
[2025-04-14T21:34:19.328+0000] {task_command.py:426} INFO - Running <TaskInstance: iot_data_pipeline.run_iot_producer_script manual__2025-04-14T21:29:15.441303+00:00 [running]> on host aef507eba48f
[2025-04-14T21:34:19.440+0000] {taskinstance.py:2648} INFO - Exporting env vars: AIRFLOW_CTX_DAG_OWNER='***' AIRFLOW_CTX_DAG_ID='iot_data_pipeline' AIRFLOW_CTX_TASK_ID='run_iot_producer_script' AIRFLOW_CTX_EXECUTION_DATE='2025-04-14T21:29:15.441303+00:00' AIRFLOW_CTX_TRY_NUMBER='2' AIRFLOW_CTX_DAG_RUN_ID='manual__2025-04-14T21:29:15.441303+00:00'
[2025-04-14T21:34:19.441+0000] {taskinstance.py:430} INFO - ::endgroup::
[2025-04-14T21:34:19.458+0000] {subprocess.py:63} INFO - Tmp dir root location: /tmp
[2025-04-14T21:34:19.458+0000] {subprocess.py:75} INFO - Running command: ['/usr/bin/bash', '-c', 'python3 /opt/***/dags/script/iot_data_producer.py']
[2025-04-14T21:34:19.473+0000] {subprocess.py:86} INFO - Output:
[2025-04-14T21:34:20.336+0000] {subprocess.py:93} INFO - [2025-04-14T21:34:20.335971+00:00] Donnée envoyée et stockée : {'machine_id': 'IOT-MACH-ZG-80', 'timestamp': '2025-04-14T21:34:20.332789+00:00', 'region': 'ZG', 'season': 'saison_seche', 'temperature': 28.95, 'humidity': 76.75, 'soil_moisture': 45.22, 'vibration': 3.36, 'pressure': 2.05, 'latitude': 12.5833, 'longitude': -16.2667}
[2025-04-14T21:34:20.438+0000] {subprocess.py:97} INFO - Command exited with return code 0
[2025-04-14T21:34:20.440+0000] {taskinstance.py:441} INFO - ::group::Post task execution logs
[2025-04-14T21:34:20.472+0000] {taskinstance.py:1206} INFO - Marking task as SUCCESS. dag_id=iot_data_pipeline, task_id=run_iot_producer_script, run_id=manual__2025-04-14T21:29:15.441303+00:00, execution_date=20250414T212915, start_date=20250414T213419, end_date=20250414T213420
[2025-04-14T21:34:20.521+0000] {local_task_job_runner.py:240} INFO - Task exited with return code 0
[2025-04-14T21:34:20.544+0000] {taskinstance.py:3503} INFO - 0 downstream tasks scheduled from follow-on schedule check
[2025-04-14T21:34:20.545+0000] {local_task_job_runner.py:222} INFO - ::endgroup::
