[2025-04-14T22:15:00.552+0000] {local_task_job_runner.py:120} INFO - ::group::Pre task execution logs
[2025-04-14T22:15:00.574+0000] {taskinstance.py:2076} INFO - Dependencies all met for dep_context=non-requeueable deps ti=<TaskInstance: iot_data_pipeline.run_iot_producer_script scheduled__2025-04-14T22:10:00+00:00 [queued]>
[2025-04-14T22:15:00.580+0000] {taskinstance.py:2076} INFO - Dependencies all met for dep_context=requeueable deps ti=<TaskInstance: iot_data_pipeline.run_iot_producer_script scheduled__2025-04-14T22:10:00+00:00 [queued]>
[2025-04-14T22:15:00.580+0000] {taskinstance.py:2306} INFO - Starting attempt 1 of 2
[2025-04-14T22:15:00.589+0000] {taskinstance.py:2330} INFO - Executing <Task(BashOperator): run_iot_producer_script> on 2025-04-14 22:10:00+00:00
[2025-04-14T22:15:00.593+0000] {standard_task_runner.py:63} INFO - Started process 4054 to run task
[2025-04-14T22:15:00.595+0000] {standard_task_runner.py:90} INFO - Running: ['***', 'tasks', 'run', 'iot_data_pipeline', 'run_iot_producer_script', 'scheduled__2025-04-14T22:10:00+00:00', '--job-id', '78', '--raw', '--subdir', 'DAGS_FOLDER/iot_data_dag.py', '--cfg-path', '/tmp/tmpd34mrelr']
[2025-04-14T22:15:00.597+0000] {standard_task_runner.py:91} INFO - Job 78: Subtask run_iot_producer_script
[2025-04-14T22:15:00.630+0000] {task_command.py:426} INFO - Running <TaskInstance: iot_data_pipeline.run_iot_producer_script scheduled__2025-04-14T22:10:00+00:00 [running]> on host aef507eba48f
[2025-04-14T22:15:00.690+0000] {taskinstance.py:2648} INFO - Exporting env vars: AIRFLOW_CTX_DAG_OWNER='***' AIRFLOW_CTX_DAG_ID='iot_data_pipeline' AIRFLOW_CTX_TASK_ID='run_iot_producer_script' AIRFLOW_CTX_EXECUTION_DATE='2025-04-14T22:10:00+00:00' AIRFLOW_CTX_TRY_NUMBER='1' AIRFLOW_CTX_DAG_RUN_ID='scheduled__2025-04-14T22:10:00+00:00'
[2025-04-14T22:15:00.691+0000] {taskinstance.py:430} INFO - ::endgroup::
[2025-04-14T22:15:00.702+0000] {subprocess.py:63} INFO - Tmp dir root location: /tmp
[2025-04-14T22:15:00.702+0000] {subprocess.py:75} INFO - Running command: ['/usr/bin/bash', '-c', 'python3 /opt/***/dags/script/iot_data_producer.py']
[2025-04-14T22:15:00.709+0000] {subprocess.py:86} INFO - Output:
[2025-04-14T22:15:01.332+0000] {subprocess.py:93} INFO - [2025-04-14T22:15:01.331891+00:00] Donnée envoyée et stockée : {'machine_id': 'IOT-MACH-TB-39', 'timestamp': '2025-04-14T22:15:01.325318+00:00', 'region': 'TB', 'season': 'saison_seche', 'temperature': 36.49, 'humidity': 22.77, 'soil_moisture': 28.74, 'vibration': 2.7, 'pressure': 1.14, 'latitude': 15.3833, 'longitude': -15.5}
[2025-04-14T22:15:01.386+0000] {subprocess.py:97} INFO - Command exited with return code 0
[2025-04-14T22:15:01.386+0000] {taskinstance.py:441} INFO - ::group::Post task execution logs
[2025-04-14T22:15:01.405+0000] {taskinstance.py:1206} INFO - Marking task as SUCCESS. dag_id=iot_data_pipeline, task_id=run_iot_producer_script, run_id=scheduled__2025-04-14T22:10:00+00:00, execution_date=20250414T221000, start_date=20250414T221500, end_date=20250414T221501
[2025-04-14T22:15:01.449+0000] {local_task_job_runner.py:240} INFO - Task exited with return code 0
[2025-04-14T22:15:01.468+0000] {taskinstance.py:3503} INFO - 0 downstream tasks scheduled from follow-on schedule check
[2025-04-14T22:15:01.470+0000] {local_task_job_runner.py:222} INFO - ::endgroup::
