[2025-04-14T21:33:32.667+0000] {local_task_job_runner.py:120} INFO - ::group::Pre task execution logs
[2025-04-14T21:33:32.704+0000] {taskinstance.py:2076} INFO - Dependencies all met for dep_context=non-requeueable deps ti=<TaskInstance: iot_data_pipeline.run_iot_producer_script scheduled__2025-04-14T21:25:00+00:00 [queued]>
[2025-04-14T21:33:32.715+0000] {taskinstance.py:2076} INFO - Dependencies all met for dep_context=requeueable deps ti=<TaskInstance: iot_data_pipeline.run_iot_producer_script scheduled__2025-04-14T21:25:00+00:00 [queued]>
[2025-04-14T21:33:32.715+0000] {taskinstance.py:2306} INFO - Starting attempt 2 of 3
[2025-04-14T21:33:32.731+0000] {taskinstance.py:2330} INFO - Executing <Task(BashOperator): run_iot_producer_script> on 2025-04-14 21:25:00+00:00
[2025-04-14T21:33:32.739+0000] {standard_task_runner.py:63} INFO - Started process 1087 to run task
[2025-04-14T21:33:32.745+0000] {standard_task_runner.py:90} INFO - Running: ['***', 'tasks', 'run', 'iot_data_pipeline', 'run_iot_producer_script', 'scheduled__2025-04-14T21:25:00+00:00', '--job-id', '68', '--raw', '--subdir', 'DAGS_FOLDER/iot_data_dag.py', '--cfg-path', '/tmp/tmpaqhrfc4j']
[2025-04-14T21:33:32.749+0000] {standard_task_runner.py:91} INFO - Job 68: Subtask run_iot_producer_script
[2025-04-14T21:33:32.808+0000] {task_command.py:426} INFO - Running <TaskInstance: iot_data_pipeline.run_iot_producer_script scheduled__2025-04-14T21:25:00+00:00 [running]> on host aef507eba48f
[2025-04-14T21:33:32.912+0000] {taskinstance.py:2648} INFO - Exporting env vars: AIRFLOW_CTX_DAG_OWNER='***' AIRFLOW_CTX_DAG_ID='iot_data_pipeline' AIRFLOW_CTX_TASK_ID='run_iot_producer_script' AIRFLOW_CTX_EXECUTION_DATE='2025-04-14T21:25:00+00:00' AIRFLOW_CTX_TRY_NUMBER='2' AIRFLOW_CTX_DAG_RUN_ID='scheduled__2025-04-14T21:25:00+00:00'
[2025-04-14T21:33:32.914+0000] {taskinstance.py:430} INFO - ::endgroup::
[2025-04-14T21:33:32.931+0000] {subprocess.py:63} INFO - Tmp dir root location: /tmp
[2025-04-14T21:33:32.932+0000] {subprocess.py:75} INFO - Running command: ['/usr/bin/bash', '-c', 'python3 /opt/***/dags/script/iot_data_producer.py']
[2025-04-14T21:33:32.947+0000] {subprocess.py:86} INFO - Output:
[2025-04-14T21:33:33.913+0000] {subprocess.py:93} INFO - [2025-04-14T21:33:33.912023+00:00] Donnée envoyée et stockée : {'machine_id': 'IOT-MACH-KD-35', 'timestamp': '2025-04-14T21:33:33.900640+00:00', 'region': 'KD', 'season': 'saison_seche', 'temperature': 33.32, 'humidity': 51.49, 'soil_moisture': 18.0, 'vibration': 3.8, 'pressure': 1.73, 'latitude': 14.1167, 'longitude': -12.5}
[2025-04-14T21:33:34.006+0000] {subprocess.py:97} INFO - Command exited with return code 0
[2025-04-14T21:33:34.007+0000] {taskinstance.py:441} INFO - ::group::Post task execution logs
[2025-04-14T21:33:34.033+0000] {taskinstance.py:1206} INFO - Marking task as SUCCESS. dag_id=iot_data_pipeline, task_id=run_iot_producer_script, run_id=scheduled__2025-04-14T21:25:00+00:00, execution_date=20250414T212500, start_date=20250414T213332, end_date=20250414T213334
[2025-04-14T21:33:34.082+0000] {local_task_job_runner.py:240} INFO - Task exited with return code 0
[2025-04-14T21:33:34.135+0000] {taskinstance.py:3503} INFO - 0 downstream tasks scheduled from follow-on schedule check
[2025-04-14T21:33:34.137+0000] {local_task_job_runner.py:222} INFO - ::endgroup::
