[2025-04-19T01:00:00.492+0000] {local_task_job_runner.py:120} INFO - ::group::Pre task execution logs
[2025-04-19T01:00:00.514+0000] {taskinstance.py:2076} INFO - Dependencies all met for dep_context=non-requeueable deps ti=<TaskInstance: iot_data_pipeline.run_iot_producer_script scheduled__2025-04-19T00:55:00+00:00 [queued]>
[2025-04-19T01:00:00.519+0000] {taskinstance.py:2076} INFO - Dependencies all met for dep_context=requeueable deps ti=<TaskInstance: iot_data_pipeline.run_iot_producer_script scheduled__2025-04-19T00:55:00+00:00 [queued]>
[2025-04-19T01:00:00.519+0000] {taskinstance.py:2306} INFO - Starting attempt 1 of 2
[2025-04-19T01:00:00.528+0000] {taskinstance.py:2330} INFO - Executing <Task(BashOperator): run_iot_producer_script> on 2025-04-19 00:55:00+00:00
[2025-04-19T01:00:00.531+0000] {standard_task_runner.py:63} INFO - Started process 22244 to run task
[2025-04-19T01:00:00.533+0000] {standard_task_runner.py:90} INFO - Running: ['***', 'tasks', 'run', 'iot_data_pipeline', 'run_iot_producer_script', 'scheduled__2025-04-19T00:55:00+00:00', '--job-id', '45', '--raw', '--subdir', 'DAGS_FOLDER/iot_data_dag.py', '--cfg-path', '/tmp/tmp7ae4a28o']
[2025-04-19T01:00:00.535+0000] {standard_task_runner.py:91} INFO - Job 45: Subtask run_iot_producer_script
[2025-04-19T01:00:00.567+0000] {task_command.py:426} INFO - Running <TaskInstance: iot_data_pipeline.run_iot_producer_script scheduled__2025-04-19T00:55:00+00:00 [running]> on host 2b5f93c9e322
[2025-04-19T01:00:00.627+0000] {taskinstance.py:2648} INFO - Exporting env vars: AIRFLOW_CTX_DAG_OWNER='***' AIRFLOW_CTX_DAG_ID='iot_data_pipeline' AIRFLOW_CTX_TASK_ID='run_iot_producer_script' AIRFLOW_CTX_EXECUTION_DATE='2025-04-19T00:55:00+00:00' AIRFLOW_CTX_TRY_NUMBER='1' AIRFLOW_CTX_DAG_RUN_ID='scheduled__2025-04-19T00:55:00+00:00'
[2025-04-19T01:00:00.627+0000] {taskinstance.py:430} INFO - ::endgroup::
[2025-04-19T01:00:00.639+0000] {subprocess.py:63} INFO - Tmp dir root location: /tmp
[2025-04-19T01:00:00.639+0000] {subprocess.py:75} INFO - Running command: ['/usr/bin/bash', '-c', 'python3 /opt/***/dags/script/iot_data_producer.py']
[2025-04-19T01:00:00.646+0000] {subprocess.py:86} INFO - Output:
[2025-04-19T01:00:01.287+0000] {subprocess.py:93} INFO - [2025-04-19T01:00:01.264661+00:00] Donnée envoyée et stockée : {'machine_id': 'IOT-MACH-DK-8', 'timestamp': '2025-04-19T01:00:01.259146+00:00', 'region': 'DK', 'season': 'saison_seche', 'temperature': 29.48, 'humidity': 71.14, 'soil_moisture': 32.95, 'vibration': 2.42, 'pressure': 2.29, 'latitude': 14.7167, 'longitude': -17.4677}
[2025-04-19T01:00:01.287+0000] {subprocess.py:93} INFO - [2025-04-19T01:00:01.265816+00:00] Donnée envoyée et stockée : {'machine_id': 'IOT-MACH-KD-12', 'timestamp': '2025-04-19T01:00:01.264697+00:00', 'region': 'KD', 'season': 'saison_seche', 'temperature': 33.72, 'humidity': 50.45, 'soil_moisture': 33.18, 'vibration': 2.69, 'pressure': 1.73, 'latitude': 14.1167, 'longitude': -12.5}
[2025-04-19T01:00:01.288+0000] {subprocess.py:93} INFO - [2025-04-19T01:00:01.266960+00:00] Donnée envoyée et stockée : {'machine_id': 'IOT-MACH-KD-41', 'timestamp': '2025-04-19T01:00:01.265842+00:00', 'region': 'KD', 'season': 'saison_seche', 'temperature': 33.76, 'humidity': 52.4, 'soil_moisture': 46.18, 'vibration': 2.81, 'pressure': 0.92, 'latitude': 14.1167, 'longitude': -12.5}
[2025-04-19T01:00:01.288+0000] {subprocess.py:93} INFO - [2025-04-19T01:00:01.268363+00:00] Donnée envoyée et stockée : {'machine_id': 'IOT-MACH-SL-8', 'timestamp': '2025-04-19T01:00:01.266993+00:00', 'region': 'SL', 'season': 'saison_seche', 'temperature': 31.91, 'humidity': 52.55, 'soil_moisture': 15.92, 'vibration': 1.59, 'pressure': 2.13, 'latitude': 16.0167, 'longitude': -16.5}
[2025-04-19T01:00:01.288+0000] {subprocess.py:93} INFO - [2025-04-19T01:00:01.269596+00:00] Donnée envoyée et stockée : {'machine_id': 'IOT-MACH-DK-15', 'timestamp': '2025-04-19T01:00:01.268411+00:00', 'region': 'DK', 'season': 'saison_seche', 'temperature': 30.52, 'humidity': 70.99, 'soil_moisture': 39.6, 'vibration': 4.45, 'pressure': 2.41, 'latitude': 14.7167, 'longitude': -17.4677}
[2025-04-19T01:00:01.288+0000] {subprocess.py:93} INFO - [2025-04-19T01:00:01.270644+00:00] Donnée envoyée et stockée : {'machine_id': 'IOT-MACH-TB-87', 'timestamp': '2025-04-19T01:00:01.269621+00:00', 'region': 'TB', 'season': 'saison_seche', 'temperature': 36.05, 'humidity': 22.78, 'soil_moisture': 30.25, 'vibration': 1.61, 'pressure': 1.24, 'latitude': 15.3833, 'longitude': -15.5}
[2025-04-19T01:00:01.288+0000] {subprocess.py:93} INFO - [2025-04-19T01:00:01.271912+00:00] Donnée envoyée et stockée : {'machine_id': 'IOT-MACH-ZG-8', 'timestamp': '2025-04-19T01:00:01.270674+00:00', 'region': 'ZG', 'season': 'saison_seche', 'temperature': 28.67, 'humidity': 81.34, 'soil_moisture': 48.13, 'vibration': 3.75, 'pressure': 1.76, 'latitude': 12.5833, 'longitude': -16.2667}
[2025-04-19T01:00:01.288+0000] {subprocess.py:93} INFO - [2025-04-19T01:00:01.273483+00:00] Donnée envoyée et stockée : {'machine_id': 'IOT-MACH-TB-44', 'timestamp': '2025-04-19T01:00:01.271939+00:00', 'region': 'TB', 'season': 'saison_seche', 'temperature': 37.32, 'humidity': 20.1, 'soil_moisture': 32.71, 'vibration': 3.01, 'pressure': 1.38, 'latitude': 15.3833, 'longitude': -15.5}
[2025-04-19T01:00:01.288+0000] {subprocess.py:93} INFO - [2025-04-19T01:00:01.274906+00:00] Donnée envoyée et stockée : {'machine_id': 'IOT-MACH-ZG-43', 'timestamp': '2025-04-19T01:00:01.273532+00:00', 'region': 'ZG', 'season': 'saison_seche', 'temperature': 29.48, 'humidity': 77.01, 'soil_moisture': 36.66, 'vibration': 4.42, 'pressure': 2.11, 'latitude': 12.5833, 'longitude': -16.2667}
[2025-04-19T01:00:01.288+0000] {subprocess.py:93} INFO - [2025-04-19T01:00:01.276235+00:00] Donnée envoyée et stockée : {'machine_id': 'IOT-MACH-KD-63', 'timestamp': '2025-04-19T01:00:01.274928+00:00', 'region': 'KD', 'season': 'saison_seche', 'temperature': 32.8, 'humidity': 52.94, 'soil_moisture': 36.28, 'vibration': 4.78, 'pressure': 0.8, 'latitude': 14.1167, 'longitude': -12.5}
[2025-04-19T01:00:01.289+0000] {subprocess.py:93} INFO - [2025-04-19T01:00:01.277667+00:00] Donnée envoyée et stockée : {'machine_id': 'IOT-MACH-MT-85', 'timestamp': '2025-04-19T01:00:01.276258+00:00', 'region': 'MT', 'season': 'saison_seche', 'temperature': 38.45, 'humidity': 10.3, 'soil_moisture': 28.2, 'vibration': 2.27, 'pressure': 2.08, 'latitude': 16.0333, 'longitude': -13.5167}
[2025-04-19T01:00:01.289+0000] {subprocess.py:93} INFO - [2025-04-19T01:00:01.278824+00:00] Donnée envoyée et stockée : {'machine_id': 'IOT-MACH-MT-47', 'timestamp': '2025-04-19T01:00:01.277689+00:00', 'region': 'MT', 'season': 'saison_seche', 'temperature': 39.94, 'humidity': 17.73, 'soil_moisture': 13.14, 'vibration': 3.99, 'pressure': 1.75, 'latitude': 16.0333, 'longitude': -13.5167}
[2025-04-19T01:00:01.289+0000] {subprocess.py:93} INFO - [2025-04-19T01:00:01.280269+00:00] Donnée envoyée et stockée : {'machine_id': 'IOT-MACH-ZG-96', 'timestamp': '2025-04-19T01:00:01.278853+00:00', 'region': 'ZG', 'season': 'saison_seche', 'temperature': 29.26, 'humidity': 79.06, 'soil_moisture': 48.81, 'vibration': 2.33, 'pressure': 1.46, 'latitude': 12.5833, 'longitude': -16.2667}
[2025-04-19T01:00:01.289+0000] {subprocess.py:93} INFO - [2025-04-19T01:00:01.281402+00:00] Donnée envoyée et stockée : {'machine_id': 'IOT-MACH-TB-43', 'timestamp': '2025-04-19T01:00:01.280300+00:00', 'region': 'TB', 'season': 'saison_seche', 'temperature': 37.42, 'humidity': 20.42, 'soil_moisture': 32.99, 'vibration': 2.41, 'pressure': 1.22, 'latitude': 15.3833, 'longitude': -15.5}
[2025-04-19T01:00:01.289+0000] {subprocess.py:93} INFO - [2025-04-19T01:00:01.282482+00:00] Donnée envoyée et stockée : {'machine_id': 'IOT-MACH-MT-58', 'timestamp': '2025-04-19T01:00:01.281429+00:00', 'region': 'MT', 'season': 'saison_seche', 'temperature': 38.3, 'humidity': 16.23, 'soil_moisture': 31.37, 'vibration': 0.21, 'pressure': 1.67, 'latitude': 16.0333, 'longitude': -13.5167}
[2025-04-19T01:00:01.289+0000] {subprocess.py:93} INFO - [2025-04-19T01:00:01.283480+00:00] Donnée envoyée et stockée : {'machine_id': 'IOT-MACH-MT-4', 'timestamp': '2025-04-19T01:00:01.282514+00:00', 'region': 'MT', 'season': 'saison_seche', 'temperature': 38.07, 'humidity': 10.3, 'soil_moisture': 11.6, 'vibration': 2.33, 'pressure': 1.41, 'latitude': 16.0333, 'longitude': -13.5167}
[2025-04-19T01:00:01.289+0000] {subprocess.py:93} INFO - [2025-04-19T01:00:01.284588+00:00] Donnée envoyée et stockée : {'machine_id': 'IOT-MACH-SL-1', 'timestamp': '2025-04-19T01:00:01.283511+00:00', 'region': 'SL', 'season': 'saison_seche', 'temperature': 31.17, 'humidity': 56.2, 'soil_moisture': 42.07, 'vibration': 0.55, 'pressure': 1.9, 'latitude': 16.0167, 'longitude': -16.5}
[2025-04-19T01:00:01.290+0000] {subprocess.py:93} INFO - [2025-04-19T01:00:01.285576+00:00] Donnée envoyée et stockée : {'machine_id': 'IOT-MACH-TB-19', 'timestamp': '2025-04-19T01:00:01.284610+00:00', 'region': 'TB', 'season': 'saison_seche', 'temperature': 37.78, 'humidity': 21.35, 'soil_moisture': 43.11, 'vibration': 4.04, 'pressure': 1.49, 'latitude': 15.3833, 'longitude': -15.5}
[2025-04-19T01:00:01.290+0000] {subprocess.py:93} INFO - [2025-04-19T01:00:01.286634+00:00] Donnée envoyée et stockée : {'machine_id': 'IOT-MACH-ZG-18', 'timestamp': '2025-04-19T01:00:01.285599+00:00', 'region': 'ZG', 'season': 'saison_seche', 'temperature': 28.55, 'humidity': 78.96, 'soil_moisture': 10.34, 'vibration': 0.95, 'pressure': 1.32, 'latitude': 12.5833, 'longitude': -16.2667}
[2025-04-19T01:00:01.290+0000] {subprocess.py:93} INFO - [2025-04-19T01:00:01.287593+00:00] Donnée envoyée et stockée : {'machine_id': 'IOT-MACH-MT-46', 'timestamp': '2025-04-19T01:00:01.286656+00:00', 'region': 'MT', 'season': 'saison_seche', 'temperature': 38.59, 'humidity': 17.61, 'soil_moisture': 10.09, 'vibration': 1.93, 'pressure': 2.15, 'latitude': 16.0333, 'longitude': -13.5167}
[2025-04-19T01:00:01.318+0000] {subprocess.py:97} INFO - Command exited with return code 0
[2025-04-19T01:00:01.318+0000] {taskinstance.py:441} INFO - ::group::Post task execution logs
[2025-04-19T01:00:01.336+0000] {taskinstance.py:1206} INFO - Marking task as SUCCESS. dag_id=iot_data_pipeline, task_id=run_iot_producer_script, run_id=scheduled__2025-04-19T00:55:00+00:00, execution_date=20250419T005500, start_date=20250419T010000, end_date=20250419T010001
[2025-04-19T01:00:01.387+0000] {local_task_job_runner.py:240} INFO - Task exited with return code 0
[2025-04-19T01:00:01.412+0000] {taskinstance.py:3503} INFO - 0 downstream tasks scheduled from follow-on schedule check
[2025-04-19T01:00:01.414+0000] {local_task_job_runner.py:222} INFO - ::endgroup::
