[2025-04-19T00:45:01.132+0000] {local_task_job_runner.py:120} INFO - ::group::Pre task execution logs
[2025-04-19T00:45:01.159+0000] {taskinstance.py:2076} INFO - Dependencies all met for dep_context=non-requeueable deps ti=<TaskInstance: iot_data_pipeline.run_iot_producer_script scheduled__2025-04-19T00:40:00+00:00 [queued]>
[2025-04-19T00:45:01.164+0000] {taskinstance.py:2076} INFO - Dependencies all met for dep_context=requeueable deps ti=<TaskInstance: iot_data_pipeline.run_iot_producer_script scheduled__2025-04-19T00:40:00+00:00 [queued]>
[2025-04-19T00:45:01.165+0000] {taskinstance.py:2306} INFO - Starting attempt 1 of 2
[2025-04-19T00:45:01.173+0000] {taskinstance.py:2330} INFO - Executing <Task(BashOperator): run_iot_producer_script> on 2025-04-19 00:40:00+00:00
[2025-04-19T00:45:01.176+0000] {standard_task_runner.py:63} INFO - Started process 21180 to run task
[2025-04-19T00:45:01.179+0000] {standard_task_runner.py:90} INFO - Running: ['***', 'tasks', 'run', 'iot_data_pipeline', 'run_iot_producer_script', 'scheduled__2025-04-19T00:40:00+00:00', '--job-id', '42', '--raw', '--subdir', 'DAGS_FOLDER/iot_data_dag.py', '--cfg-path', '/tmp/tmpqmej2abv']
[2025-04-19T00:45:01.180+0000] {standard_task_runner.py:91} INFO - Job 42: Subtask run_iot_producer_script
[2025-04-19T00:45:01.216+0000] {task_command.py:426} INFO - Running <TaskInstance: iot_data_pipeline.run_iot_producer_script scheduled__2025-04-19T00:40:00+00:00 [running]> on host 2b5f93c9e322
[2025-04-19T00:45:01.290+0000] {taskinstance.py:2648} INFO - Exporting env vars: AIRFLOW_CTX_DAG_OWNER='***' AIRFLOW_CTX_DAG_ID='iot_data_pipeline' AIRFLOW_CTX_TASK_ID='run_iot_producer_script' AIRFLOW_CTX_EXECUTION_DATE='2025-04-19T00:40:00+00:00' AIRFLOW_CTX_TRY_NUMBER='1' AIRFLOW_CTX_DAG_RUN_ID='scheduled__2025-04-19T00:40:00+00:00'
[2025-04-19T00:45:01.290+0000] {taskinstance.py:430} INFO - ::endgroup::
[2025-04-19T00:45:01.304+0000] {subprocess.py:63} INFO - Tmp dir root location: /tmp
[2025-04-19T00:45:01.304+0000] {subprocess.py:75} INFO - Running command: ['/usr/bin/bash', '-c', 'python3 /opt/***/dags/script/iot_data_producer.py']
[2025-04-19T00:45:01.311+0000] {subprocess.py:86} INFO - Output:
[2025-04-19T00:45:02.020+0000] {subprocess.py:93} INFO - [2025-04-19T00:45:01.960740+00:00] Donnée envoyée et stockée : {'machine_id': 'IOT-MACH-SL-100', 'timestamp': '2025-04-19T00:45:01.953331+00:00', 'region': 'SL', 'season': 'saison_seche', 'temperature': 30.33, 'humidity': 53.14, 'soil_moisture': 31.99, 'vibration': 0.11, 'pressure': 1.14, 'latitude': 16.0167, 'longitude': -16.5}
[2025-04-19T00:45:02.021+0000] {subprocess.py:93} INFO - [2025-04-19T00:45:01.965311+00:00] Donnée envoyée et stockée : {'machine_id': 'IOT-MACH-KD-66', 'timestamp': '2025-04-19T00:45:01.960867+00:00', 'region': 'KD', 'season': 'saison_seche', 'temperature': 33.72, 'humidity': 55.34, 'soil_moisture': 34.94, 'vibration': 4.93, 'pressure': 1.35, 'latitude': 14.1167, 'longitude': -12.5}
[2025-04-19T00:45:02.021+0000] {subprocess.py:93} INFO - [2025-04-19T00:45:01.969143+00:00] Donnée envoyée et stockée : {'machine_id': 'IOT-MACH-DK-93', 'timestamp': '2025-04-19T00:45:01.965454+00:00', 'region': 'DK', 'season': 'saison_seche', 'temperature': 30.06, 'humidity': 65.13, 'soil_moisture': 22.24, 'vibration': 4.43, 'pressure': 0.93, 'latitude': 14.7167, 'longitude': -17.4677}
[2025-04-19T00:45:02.021+0000] {subprocess.py:93} INFO - [2025-04-19T00:45:01.972684+00:00] Donnée envoyée et stockée : {'machine_id': 'IOT-MACH-TH-4', 'timestamp': '2025-04-19T00:45:01.969242+00:00', 'region': 'TH', 'season': 'saison_seche', 'temperature': 32.19, 'humidity': 52.69, 'soil_moisture': 45.94, 'vibration': 2.35, 'pressure': 2.02, 'latitude': 14.7978, 'longitude': -16.925}
[2025-04-19T00:45:02.022+0000] {subprocess.py:93} INFO - [2025-04-19T00:45:01.977139+00:00] Donnée envoyée et stockée : {'machine_id': 'IOT-MACH-DK-3', 'timestamp': '2025-04-19T00:45:01.972815+00:00', 'region': 'DK', 'season': 'saison_seche', 'temperature': 30.64, 'humidity': 67.74, 'soil_moisture': 33.43, 'vibration': 4.48, 'pressure': 1.25, 'latitude': 14.7167, 'longitude': -17.4677}
[2025-04-19T00:45:02.022+0000] {subprocess.py:93} INFO - [2025-04-19T00:45:01.980559+00:00] Donnée envoyée et stockée : {'machine_id': 'IOT-MACH-DK-89', 'timestamp': '2025-04-19T00:45:01.977238+00:00', 'region': 'DK', 'season': 'saison_seche', 'temperature': 30.8, 'humidity': 68.55, 'soil_moisture': 29.01, 'vibration': 3.06, 'pressure': 1.68, 'latitude': 14.7167, 'longitude': -17.4677}
[2025-04-19T00:45:02.022+0000] {subprocess.py:93} INFO - [2025-04-19T00:45:01.984796+00:00] Donnée envoyée et stockée : {'machine_id': 'IOT-MACH-ZG-34', 'timestamp': '2025-04-19T00:45:01.980680+00:00', 'region': 'ZG', 'season': 'saison_seche', 'temperature': 29.24, 'humidity': 79.81, 'soil_moisture': 36.52, 'vibration': 1.97, 'pressure': 1.08, 'latitude': 12.5833, 'longitude': -16.2667}
[2025-04-19T00:45:02.022+0000] {subprocess.py:93} INFO - [2025-04-19T00:45:01.989103+00:00] Donnée envoyée et stockée : {'machine_id': 'IOT-MACH-DK-83', 'timestamp': '2025-04-19T00:45:01.984892+00:00', 'region': 'DK', 'season': 'saison_seche', 'temperature': 30.37, 'humidity': 67.19, 'soil_moisture': 24.22, 'vibration': 4.19, 'pressure': 2.08, 'latitude': 14.7167, 'longitude': -17.4677}
[2025-04-19T00:45:02.022+0000] {subprocess.py:93} INFO - [2025-04-19T00:45:01.993208+00:00] Donnée envoyée et stockée : {'machine_id': 'IOT-MACH-ZG-71', 'timestamp': '2025-04-19T00:45:01.989223+00:00', 'region': 'ZG', 'season': 'saison_seche', 'temperature': 28.8, 'humidity': 77.24, 'soil_moisture': 29.67, 'vibration': 1.03, 'pressure': 1.21, 'latitude': 12.5833, 'longitude': -16.2667}
[2025-04-19T00:45:02.023+0000] {subprocess.py:93} INFO - [2025-04-19T00:45:01.997722+00:00] Donnée envoyée et stockée : {'machine_id': 'IOT-MACH-DK-5', 'timestamp': '2025-04-19T00:45:01.993312+00:00', 'region': 'DK', 'season': 'saison_seche', 'temperature': 30.23, 'humidity': 66.27, 'soil_moisture': 39.65, 'vibration': 0.69, 'pressure': 0.98, 'latitude': 14.7167, 'longitude': -17.4677}
[2025-04-19T00:45:02.023+0000] {subprocess.py:93} INFO - [2025-04-19T00:45:02.000985+00:00] Donnée envoyée et stockée : {'machine_id': 'IOT-MACH-KD-85', 'timestamp': '2025-04-19T00:45:01.997863+00:00', 'region': 'KD', 'season': 'saison_seche', 'temperature': 32.77, 'humidity': 51.94, 'soil_moisture': 32.32, 'vibration': 1.09, 'pressure': 1.48, 'latitude': 14.1167, 'longitude': -12.5}
[2025-04-19T00:45:02.023+0000] {subprocess.py:93} INFO - [2025-04-19T00:45:02.004129+00:00] Donnée envoyée et stockée : {'machine_id': 'IOT-MACH-TB-45', 'timestamp': '2025-04-19T00:45:02.001056+00:00', 'region': 'TB', 'season': 'saison_seche', 'temperature': 37.99, 'humidity': 20.1, 'soil_moisture': 13.38, 'vibration': 1.62, 'pressure': 1.35, 'latitude': 15.3833, 'longitude': -15.5}
[2025-04-19T00:45:02.023+0000] {subprocess.py:93} INFO - [2025-04-19T00:45:02.006085+00:00] Donnée envoyée et stockée : {'machine_id': 'IOT-MACH-MT-100', 'timestamp': '2025-04-19T00:45:02.004224+00:00', 'region': 'MT', 'season': 'saison_seche', 'temperature': 39.85, 'humidity': 16.23, 'soil_moisture': 25.41, 'vibration': 4.93, 'pressure': 2.06, 'latitude': 16.0333, 'longitude': -13.5167}
[2025-04-19T00:45:02.023+0000] {subprocess.py:93} INFO - [2025-04-19T00:45:02.007903+00:00] Donnée envoyée et stockée : {'machine_id': 'IOT-MACH-MT-55', 'timestamp': '2025-04-19T00:45:02.006138+00:00', 'region': 'MT', 'season': 'saison_seche', 'temperature': 39.66, 'humidity': 13.98, 'soil_moisture': 35.71, 'vibration': 1.03, 'pressure': 1.68, 'latitude': 16.0333, 'longitude': -13.5167}
[2025-04-19T00:45:02.023+0000] {subprocess.py:93} INFO - [2025-04-19T00:45:02.010916+00:00] Donnée envoyée et stockée : {'machine_id': 'IOT-MACH-KD-100', 'timestamp': '2025-04-19T00:45:02.007955+00:00', 'region': 'KD', 'season': 'saison_seche', 'temperature': 33.39, 'humidity': 57.44, 'soil_moisture': 18.57, 'vibration': 2.54, 'pressure': 1.8, 'latitude': 14.1167, 'longitude': -12.5}
[2025-04-19T00:45:02.023+0000] {subprocess.py:93} INFO - [2025-04-19T00:45:02.012527+00:00] Donnée envoyée et stockée : {'machine_id': 'IOT-MACH-ZG-89', 'timestamp': '2025-04-19T00:45:02.010963+00:00', 'region': 'ZG', 'season': 'saison_seche', 'temperature': 29.28, 'humidity': 82.37, 'soil_moisture': 43.85, 'vibration': 4.12, 'pressure': 1.72, 'latitude': 12.5833, 'longitude': -16.2667}
[2025-04-19T00:45:02.024+0000] {subprocess.py:93} INFO - [2025-04-19T00:45:02.014360+00:00] Donnée envoyée et stockée : {'machine_id': 'IOT-MACH-ZG-36', 'timestamp': '2025-04-19T00:45:02.012585+00:00', 'region': 'ZG', 'season': 'saison_seche', 'temperature': 29.66, 'humidity': 80.89, 'soil_moisture': 35.13, 'vibration': 2.02, 'pressure': 1.68, 'latitude': 12.5833, 'longitude': -16.2667}
[2025-04-19T00:45:02.024+0000] {subprocess.py:93} INFO - [2025-04-19T00:45:02.016733+00:00] Donnée envoyée et stockée : {'machine_id': 'IOT-MACH-KD-39', 'timestamp': '2025-04-19T00:45:02.014408+00:00', 'region': 'KD', 'season': 'saison_seche', 'temperature': 32.71, 'humidity': 53.45, 'soil_moisture': 26.98, 'vibration': 3.74, 'pressure': 1.87, 'latitude': 14.1167, 'longitude': -12.5}
[2025-04-19T00:45:02.024+0000] {subprocess.py:93} INFO - [2025-04-19T00:45:02.018960+00:00] Donnée envoyée et stockée : {'machine_id': 'IOT-MACH-TH-26', 'timestamp': '2025-04-19T00:45:02.016786+00:00', 'region': 'TH', 'season': 'saison_seche', 'temperature': 32.39, 'humidity': 52.93, 'soil_moisture': 16.86, 'vibration': 1.74, 'pressure': 1.94, 'latitude': 14.7978, 'longitude': -16.925}
[2025-04-19T00:45:02.024+0000] {subprocess.py:93} INFO - [2025-04-19T00:45:02.020755+00:00] Donnée envoyée et stockée : {'machine_id': 'IOT-MACH-TH-40', 'timestamp': '2025-04-19T00:45:02.019012+00:00', 'region': 'TH', 'season': 'saison_seche', 'temperature': 32.34, 'humidity': 45.15, 'soil_moisture': 31.59, 'vibration': 2.79, 'pressure': 1.45, 'latitude': 14.7978, 'longitude': -16.925}
[2025-04-19T00:45:02.060+0000] {subprocess.py:97} INFO - Command exited with return code 0
[2025-04-19T00:45:02.061+0000] {taskinstance.py:441} INFO - ::group::Post task execution logs
[2025-04-19T00:45:02.082+0000] {taskinstance.py:1206} INFO - Marking task as SUCCESS. dag_id=iot_data_pipeline, task_id=run_iot_producer_script, run_id=scheduled__2025-04-19T00:40:00+00:00, execution_date=20250419T004000, start_date=20250419T004501, end_date=20250419T004502
[2025-04-19T00:45:02.112+0000] {local_task_job_runner.py:240} INFO - Task exited with return code 0
[2025-04-19T00:45:02.125+0000] {taskinstance.py:3503} INFO - 0 downstream tasks scheduled from follow-on schedule check
[2025-04-19T00:45:02.127+0000] {local_task_job_runner.py:222} INFO - ::endgroup::
