[2025-04-17T20:05:00.709+0000] {local_task_job_runner.py:120} INFO - ::group::Pre task execution logs
[2025-04-17T20:05:00.731+0000] {taskinstance.py:2076} INFO - Dependencies all met for dep_context=non-requeueable deps ti=<TaskInstance: iot_data_pipeline.run_iot_producer_script scheduled__2025-04-17T20:00:00+00:00 [queued]>
[2025-04-17T20:05:00.737+0000] {taskinstance.py:2076} INFO - Dependencies all met for dep_context=requeueable deps ti=<TaskInstance: iot_data_pipeline.run_iot_producer_script scheduled__2025-04-17T20:00:00+00:00 [queued]>
[2025-04-17T20:05:00.737+0000] {taskinstance.py:2306} INFO - Starting attempt 1 of 2
[2025-04-17T20:05:00.752+0000] {taskinstance.py:2330} INFO - Executing <Task(BashOperator): run_iot_producer_script> on 2025-04-17 20:00:00+00:00
[2025-04-17T20:05:00.755+0000] {standard_task_runner.py:63} INFO - Started process 1221 to run task
[2025-04-17T20:05:00.758+0000] {standard_task_runner.py:90} INFO - Running: ['***', 'tasks', 'run', 'iot_data_pipeline', 'run_iot_producer_script', 'scheduled__2025-04-17T20:00:00+00:00', '--job-id', '10', '--raw', '--subdir', 'DAGS_FOLDER/iot_data_dag.py', '--cfg-path', '/tmp/tmpqs94j4lt']
[2025-04-17T20:05:00.759+0000] {standard_task_runner.py:91} INFO - Job 10: Subtask run_iot_producer_script
[2025-04-17T20:05:00.794+0000] {task_command.py:426} INFO - Running <TaskInstance: iot_data_pipeline.run_iot_producer_script scheduled__2025-04-17T20:00:00+00:00 [running]> on host 4bb9c9616eb1
[2025-04-17T20:05:00.854+0000] {taskinstance.py:2648} INFO - Exporting env vars: AIRFLOW_CTX_DAG_OWNER='***' AIRFLOW_CTX_DAG_ID='iot_data_pipeline' AIRFLOW_CTX_TASK_ID='run_iot_producer_script' AIRFLOW_CTX_EXECUTION_DATE='2025-04-17T20:00:00+00:00' AIRFLOW_CTX_TRY_NUMBER='1' AIRFLOW_CTX_DAG_RUN_ID='scheduled__2025-04-17T20:00:00+00:00'
[2025-04-17T20:05:00.855+0000] {taskinstance.py:430} INFO - ::endgroup::
[2025-04-17T20:05:00.866+0000] {subprocess.py:63} INFO - Tmp dir root location: /tmp
[2025-04-17T20:05:00.867+0000] {subprocess.py:75} INFO - Running command: ['/usr/bin/bash', '-c', 'python3 /opt/***/dags/script/iot_data_producer.py']
[2025-04-17T20:05:00.874+0000] {subprocess.py:86} INFO - Output:
[2025-04-17T20:05:01.500+0000] {subprocess.py:93} INFO - [2025-04-17T20:05:01.500182+00:00] Donnée envoyée et stockée : {'machine_id': 'IOT-MACH-SL-100', 'timestamp': '2025-04-17T20:05:01.492387+00:00', 'region': 'SL', 'season': 'saison_seche', 'temperature': 31.73, 'humidity': 53.16, 'soil_moisture': 42.97, 'vibration': 2.67, 'pressure': 2.4, 'latitude': 16.0167, 'longitude': -16.5}
[2025-04-17T20:05:01.559+0000] {subprocess.py:97} INFO - Command exited with return code 0
[2025-04-17T20:05:01.559+0000] {taskinstance.py:441} INFO - ::group::Post task execution logs
[2025-04-17T20:05:01.578+0000] {taskinstance.py:1206} INFO - Marking task as SUCCESS. dag_id=iot_data_pipeline, task_id=run_iot_producer_script, run_id=scheduled__2025-04-17T20:00:00+00:00, execution_date=20250417T200000, start_date=20250417T200500, end_date=20250417T200501
[2025-04-17T20:05:01.611+0000] {local_task_job_runner.py:240} INFO - Task exited with return code 0
[2025-04-17T20:05:01.627+0000] {taskinstance.py:3503} INFO - 0 downstream tasks scheduled from follow-on schedule check
[2025-04-17T20:05:01.640+0000] {local_task_job_runner.py:222} INFO - ::endgroup::
