[2025-04-02T21:40:31.061+0000] {processor.py:161} INFO - Started process (PID=192) to work on /opt/airflow/dags/create_topic.py
[2025-04-02T21:40:31.062+0000] {processor.py:830} INFO - Processing file /opt/airflow/dags/create_topic.py for tasks to queue
[2025-04-02T21:40:31.063+0000] {logging_mixin.py:188} INFO - [2025-04-02T21:40:31.063+0000] {dagbag.py:545} INFO - Filling up the DagBag from /opt/airflow/dags/create_topic.py
[2025-04-02T21:40:31.185+0000] {processor.py:840} INFO - DAG(s) 'test_spark_kafka' retrieved from /opt/airflow/dags/create_topic.py
[2025-04-02T21:40:31.218+0000] {logging_mixin.py:188} INFO - [2025-04-02T21:40:31.218+0000] {dag.py:3089} INFO - Sync 1 DAGs
[2025-04-02T21:40:31.227+0000] {logging_mixin.py:188} INFO - [2025-04-02T21:40:31.227+0000] {dag.py:3947} INFO - Setting next_dagrun for test_spark_kafka to None, run_after=None
[2025-04-02T21:40:31.240+0000] {processor.py:183} INFO - Processing /opt/airflow/dags/create_topic.py took 0.183 seconds
[2025-04-02T21:41:01.411+0000] {processor.py:161} INFO - Started process (PID=229) to work on /opt/airflow/dags/create_topic.py
[2025-04-02T21:41:01.415+0000] {processor.py:830} INFO - Processing file /opt/airflow/dags/create_topic.py for tasks to queue
[2025-04-02T21:41:01.416+0000] {logging_mixin.py:188} INFO - [2025-04-02T21:41:01.416+0000] {dagbag.py:545} INFO - Filling up the DagBag from /opt/airflow/dags/create_topic.py
[2025-04-02T21:41:01.514+0000] {processor.py:840} INFO - DAG(s) 'test_spark_kafka' retrieved from /opt/airflow/dags/create_topic.py
[2025-04-02T21:41:01.533+0000] {logging_mixin.py:188} INFO - [2025-04-02T21:41:01.533+0000] {dag.py:3089} INFO - Sync 1 DAGs
[2025-04-02T21:41:01.543+0000] {logging_mixin.py:188} INFO - [2025-04-02T21:41:01.543+0000] {dag.py:3947} INFO - Setting next_dagrun for test_spark_kafka to None, run_after=None
[2025-04-02T21:41:01.555+0000] {processor.py:183} INFO - Processing /opt/airflow/dags/create_topic.py took 0.149 seconds
[2025-04-02T21:41:31.840+0000] {processor.py:161} INFO - Started process (PID=260) to work on /opt/airflow/dags/create_topic.py
[2025-04-02T21:41:31.846+0000] {processor.py:830} INFO - Processing file /opt/airflow/dags/create_topic.py for tasks to queue
[2025-04-02T21:41:31.847+0000] {logging_mixin.py:188} INFO - [2025-04-02T21:41:31.847+0000] {dagbag.py:545} INFO - Filling up the DagBag from /opt/airflow/dags/create_topic.py
[2025-04-02T21:41:31.944+0000] {processor.py:840} INFO - DAG(s) 'test_spark_kafka' retrieved from /opt/airflow/dags/create_topic.py
[2025-04-02T21:41:31.964+0000] {logging_mixin.py:188} INFO - [2025-04-02T21:41:31.964+0000] {dag.py:3089} INFO - Sync 1 DAGs
[2025-04-02T21:41:31.974+0000] {logging_mixin.py:188} INFO - [2025-04-02T21:41:31.974+0000] {dag.py:3947} INFO - Setting next_dagrun for test_spark_kafka to None, run_after=None
[2025-04-02T21:41:31.986+0000] {processor.py:183} INFO - Processing /opt/airflow/dags/create_topic.py took 0.151 seconds
[2025-04-02T21:42:02.261+0000] {processor.py:161} INFO - Started process (PID=291) to work on /opt/airflow/dags/create_topic.py
[2025-04-02T21:42:02.261+0000] {processor.py:830} INFO - Processing file /opt/airflow/dags/create_topic.py for tasks to queue
[2025-04-02T21:42:02.263+0000] {logging_mixin.py:188} INFO - [2025-04-02T21:42:02.262+0000] {dagbag.py:545} INFO - Filling up the DagBag from /opt/airflow/dags/create_topic.py
[2025-04-02T21:42:02.357+0000] {processor.py:840} INFO - DAG(s) 'test_spark_kafka' retrieved from /opt/airflow/dags/create_topic.py
[2025-04-02T21:42:02.378+0000] {logging_mixin.py:188} INFO - [2025-04-02T21:42:02.378+0000] {dag.py:3089} INFO - Sync 1 DAGs
[2025-04-02T21:42:02.387+0000] {logging_mixin.py:188} INFO - [2025-04-02T21:42:02.387+0000] {dag.py:3947} INFO - Setting next_dagrun for test_spark_kafka to None, run_after=None
[2025-04-02T21:42:02.400+0000] {processor.py:183} INFO - Processing /opt/airflow/dags/create_topic.py took 0.144 seconds
[2025-04-02T21:42:32.703+0000] {processor.py:161} INFO - Started process (PID=322) to work on /opt/airflow/dags/create_topic.py
[2025-04-02T21:42:32.704+0000] {processor.py:830} INFO - Processing file /opt/airflow/dags/create_topic.py for tasks to queue
[2025-04-02T21:42:32.705+0000] {logging_mixin.py:188} INFO - [2025-04-02T21:42:32.705+0000] {dagbag.py:545} INFO - Filling up the DagBag from /opt/airflow/dags/create_topic.py
[2025-04-02T21:42:32.800+0000] {processor.py:840} INFO - DAG(s) 'test_spark_kafka' retrieved from /opt/airflow/dags/create_topic.py
[2025-04-02T21:42:32.820+0000] {logging_mixin.py:188} INFO - [2025-04-02T21:42:32.820+0000] {dag.py:3089} INFO - Sync 1 DAGs
[2025-04-02T21:42:32.830+0000] {logging_mixin.py:188} INFO - [2025-04-02T21:42:32.830+0000] {dag.py:3947} INFO - Setting next_dagrun for test_spark_kafka to None, run_after=None
[2025-04-02T21:42:32.843+0000] {processor.py:183} INFO - Processing /opt/airflow/dags/create_topic.py took 0.145 seconds
[2025-04-02T21:43:03.104+0000] {processor.py:161} INFO - Started process (PID=353) to work on /opt/airflow/dags/create_topic.py
[2025-04-02T21:43:03.104+0000] {processor.py:830} INFO - Processing file /opt/airflow/dags/create_topic.py for tasks to queue
[2025-04-02T21:43:03.106+0000] {logging_mixin.py:188} INFO - [2025-04-02T21:43:03.105+0000] {dagbag.py:545} INFO - Filling up the DagBag from /opt/airflow/dags/create_topic.py
[2025-04-02T21:43:03.199+0000] {processor.py:840} INFO - DAG(s) 'test_spark_kafka' retrieved from /opt/airflow/dags/create_topic.py
[2025-04-02T21:43:03.218+0000] {logging_mixin.py:188} INFO - [2025-04-02T21:43:03.218+0000] {dag.py:3089} INFO - Sync 1 DAGs
[2025-04-02T21:43:03.227+0000] {logging_mixin.py:188} INFO - [2025-04-02T21:43:03.227+0000] {dag.py:3947} INFO - Setting next_dagrun for test_spark_kafka to None, run_after=None
[2025-04-02T21:43:03.240+0000] {processor.py:183} INFO - Processing /opt/airflow/dags/create_topic.py took 0.141 seconds
[2025-04-02T21:43:33.453+0000] {processor.py:161} INFO - Started process (PID=384) to work on /opt/airflow/dags/create_topic.py
[2025-04-02T21:43:33.464+0000] {processor.py:830} INFO - Processing file /opt/airflow/dags/create_topic.py for tasks to queue
[2025-04-02T21:43:33.465+0000] {logging_mixin.py:188} INFO - [2025-04-02T21:43:33.465+0000] {dagbag.py:545} INFO - Filling up the DagBag from /opt/airflow/dags/create_topic.py
[2025-04-02T21:43:33.561+0000] {processor.py:840} INFO - DAG(s) 'test_spark_kafka' retrieved from /opt/airflow/dags/create_topic.py
[2025-04-02T21:43:33.582+0000] {logging_mixin.py:188} INFO - [2025-04-02T21:43:33.582+0000] {dag.py:3089} INFO - Sync 1 DAGs
[2025-04-02T21:43:33.592+0000] {logging_mixin.py:188} INFO - [2025-04-02T21:43:33.592+0000] {dag.py:3947} INFO - Setting next_dagrun for test_spark_kafka to None, run_after=None
[2025-04-02T21:43:33.606+0000] {processor.py:183} INFO - Processing /opt/airflow/dags/create_topic.py took 0.158 seconds
[2025-04-02T21:44:03.862+0000] {processor.py:161} INFO - Started process (PID=415) to work on /opt/airflow/dags/create_topic.py
[2025-04-02T21:44:03.863+0000] {processor.py:830} INFO - Processing file /opt/airflow/dags/create_topic.py for tasks to queue
[2025-04-02T21:44:03.864+0000] {logging_mixin.py:188} INFO - [2025-04-02T21:44:03.864+0000] {dagbag.py:545} INFO - Filling up the DagBag from /opt/airflow/dags/create_topic.py
[2025-04-02T21:44:03.964+0000] {processor.py:840} INFO - DAG(s) 'test_spark_kafka' retrieved from /opt/airflow/dags/create_topic.py
[2025-04-02T21:44:03.983+0000] {logging_mixin.py:188} INFO - [2025-04-02T21:44:03.983+0000] {dag.py:3089} INFO - Sync 1 DAGs
[2025-04-02T21:44:03.993+0000] {logging_mixin.py:188} INFO - [2025-04-02T21:44:03.993+0000] {dag.py:3947} INFO - Setting next_dagrun for test_spark_kafka to None, run_after=None
[2025-04-02T21:44:04.006+0000] {processor.py:183} INFO - Processing /opt/airflow/dags/create_topic.py took 0.150 seconds
[2025-04-02T21:44:34.196+0000] {processor.py:161} INFO - Started process (PID=446) to work on /opt/airflow/dags/create_topic.py
[2025-04-02T21:44:34.196+0000] {processor.py:830} INFO - Processing file /opt/airflow/dags/create_topic.py for tasks to queue
[2025-04-02T21:44:34.197+0000] {logging_mixin.py:188} INFO - [2025-04-02T21:44:34.197+0000] {dagbag.py:545} INFO - Filling up the DagBag from /opt/airflow/dags/create_topic.py
[2025-04-02T21:44:34.291+0000] {processor.py:840} INFO - DAG(s) 'test_spark_kafka' retrieved from /opt/airflow/dags/create_topic.py
[2025-04-02T21:44:34.299+0000] {logging_mixin.py:188} INFO - [2025-04-02T21:44:34.299+0000] {dag.py:3089} INFO - Sync 1 DAGs
[2025-04-02T21:44:34.309+0000] {logging_mixin.py:188} INFO - [2025-04-02T21:44:34.309+0000] {dag.py:3947} INFO - Setting next_dagrun for test_spark_kafka to None, run_after=None
[2025-04-02T21:44:34.324+0000] {processor.py:183} INFO - Processing /opt/airflow/dags/create_topic.py took 0.133 seconds
[2025-04-02T21:45:04.596+0000] {processor.py:161} INFO - Started process (PID=477) to work on /opt/airflow/dags/create_topic.py
[2025-04-02T21:45:04.601+0000] {processor.py:830} INFO - Processing file /opt/airflow/dags/create_topic.py for tasks to queue
[2025-04-02T21:45:04.603+0000] {logging_mixin.py:188} INFO - [2025-04-02T21:45:04.602+0000] {dagbag.py:545} INFO - Filling up the DagBag from /opt/airflow/dags/create_topic.py
[2025-04-02T21:45:04.691+0000] {processor.py:840} INFO - DAG(s) 'test_spark_kafka' retrieved from /opt/airflow/dags/create_topic.py
[2025-04-02T21:45:04.782+0000] {logging_mixin.py:188} INFO - [2025-04-02T21:45:04.782+0000] {dag.py:3089} INFO - Sync 1 DAGs
[2025-04-02T21:45:04.790+0000] {logging_mixin.py:188} INFO - [2025-04-02T21:45:04.790+0000] {dag.py:3947} INFO - Setting next_dagrun for test_spark_kafka to None, run_after=None
[2025-04-02T21:45:04.803+0000] {processor.py:183} INFO - Processing /opt/airflow/dags/create_topic.py took 0.212 seconds
[2025-04-02T21:45:35.144+0000] {processor.py:161} INFO - Started process (PID=508) to work on /opt/airflow/dags/create_topic.py
[2025-04-02T21:45:35.145+0000] {processor.py:830} INFO - Processing file /opt/airflow/dags/create_topic.py for tasks to queue
[2025-04-02T21:45:35.146+0000] {logging_mixin.py:188} INFO - [2025-04-02T21:45:35.146+0000] {dagbag.py:545} INFO - Filling up the DagBag from /opt/airflow/dags/create_topic.py
[2025-04-02T21:45:35.292+0000] {processor.py:840} INFO - DAG(s) 'test_spark_kafka' retrieved from /opt/airflow/dags/create_topic.py
[2025-04-02T21:45:35.325+0000] {logging_mixin.py:188} INFO - [2025-04-02T21:45:35.325+0000] {dag.py:3089} INFO - Sync 1 DAGs
[2025-04-02T21:45:35.343+0000] {logging_mixin.py:188} INFO - [2025-04-02T21:45:35.342+0000] {dag.py:3947} INFO - Setting next_dagrun for test_spark_kafka to None, run_after=None
[2025-04-02T21:45:35.364+0000] {processor.py:183} INFO - Processing /opt/airflow/dags/create_topic.py took 0.227 seconds
[2025-04-02T21:46:05.675+0000] {processor.py:161} INFO - Started process (PID=539) to work on /opt/airflow/dags/create_topic.py
[2025-04-02T21:46:05.675+0000] {processor.py:830} INFO - Processing file /opt/airflow/dags/create_topic.py for tasks to queue
[2025-04-02T21:46:05.677+0000] {logging_mixin.py:188} INFO - [2025-04-02T21:46:05.676+0000] {dagbag.py:545} INFO - Filling up the DagBag from /opt/airflow/dags/create_topic.py
[2025-04-02T21:46:05.773+0000] {processor.py:840} INFO - DAG(s) 'test_spark_kafka' retrieved from /opt/airflow/dags/create_topic.py
[2025-04-02T21:46:05.794+0000] {logging_mixin.py:188} INFO - [2025-04-02T21:46:05.794+0000] {dag.py:3089} INFO - Sync 1 DAGs
[2025-04-02T21:46:05.804+0000] {logging_mixin.py:188} INFO - [2025-04-02T21:46:05.804+0000] {dag.py:3947} INFO - Setting next_dagrun for test_spark_kafka to None, run_after=None
[2025-04-02T21:46:05.817+0000] {processor.py:183} INFO - Processing /opt/airflow/dags/create_topic.py took 0.147 seconds
[2025-04-02T21:46:36.079+0000] {processor.py:161} INFO - Started process (PID=570) to work on /opt/airflow/dags/create_topic.py
[2025-04-02T21:46:36.079+0000] {processor.py:830} INFO - Processing file /opt/airflow/dags/create_topic.py for tasks to queue
[2025-04-02T21:46:36.081+0000] {logging_mixin.py:188} INFO - [2025-04-02T21:46:36.080+0000] {dagbag.py:545} INFO - Filling up the DagBag from /opt/airflow/dags/create_topic.py
[2025-04-02T21:46:36.179+0000] {processor.py:840} INFO - DAG(s) 'test_spark_kafka' retrieved from /opt/airflow/dags/create_topic.py
[2025-04-02T21:46:36.198+0000] {logging_mixin.py:188} INFO - [2025-04-02T21:46:36.198+0000] {dag.py:3089} INFO - Sync 1 DAGs
[2025-04-02T21:46:36.207+0000] {logging_mixin.py:188} INFO - [2025-04-02T21:46:36.207+0000] {dag.py:3947} INFO - Setting next_dagrun for test_spark_kafka to None, run_after=None
[2025-04-02T21:46:36.220+0000] {processor.py:183} INFO - Processing /opt/airflow/dags/create_topic.py took 0.146 seconds
[2025-04-02T21:47:06.454+0000] {processor.py:161} INFO - Started process (PID=601) to work on /opt/airflow/dags/create_topic.py
[2025-04-02T21:47:06.459+0000] {processor.py:830} INFO - Processing file /opt/airflow/dags/create_topic.py for tasks to queue
[2025-04-02T21:47:06.461+0000] {logging_mixin.py:188} INFO - [2025-04-02T21:47:06.460+0000] {dagbag.py:545} INFO - Filling up the DagBag from /opt/airflow/dags/create_topic.py
[2025-04-02T21:47:06.551+0000] {processor.py:840} INFO - DAG(s) 'test_spark_kafka' retrieved from /opt/airflow/dags/create_topic.py
[2025-04-02T21:47:06.571+0000] {logging_mixin.py:188} INFO - [2025-04-02T21:47:06.571+0000] {dag.py:3089} INFO - Sync 1 DAGs
[2025-04-02T21:47:06.581+0000] {logging_mixin.py:188} INFO - [2025-04-02T21:47:06.580+0000] {dag.py:3947} INFO - Setting next_dagrun for test_spark_kafka to None, run_after=None
[2025-04-02T21:47:06.593+0000] {processor.py:183} INFO - Processing /opt/airflow/dags/create_topic.py took 0.143 seconds
[2025-04-02T21:47:36.894+0000] {processor.py:161} INFO - Started process (PID=632) to work on /opt/airflow/dags/create_topic.py
[2025-04-02T21:47:36.899+0000] {processor.py:830} INFO - Processing file /opt/airflow/dags/create_topic.py for tasks to queue
[2025-04-02T21:47:36.900+0000] {logging_mixin.py:188} INFO - [2025-04-02T21:47:36.900+0000] {dagbag.py:545} INFO - Filling up the DagBag from /opt/airflow/dags/create_topic.py
[2025-04-02T21:47:36.992+0000] {processor.py:840} INFO - DAG(s) 'test_spark_kafka' retrieved from /opt/airflow/dags/create_topic.py
[2025-04-02T21:47:37.012+0000] {logging_mixin.py:188} INFO - [2025-04-02T21:47:37.012+0000] {dag.py:3089} INFO - Sync 1 DAGs
[2025-04-02T21:47:37.021+0000] {logging_mixin.py:188} INFO - [2025-04-02T21:47:37.020+0000] {dag.py:3947} INFO - Setting next_dagrun for test_spark_kafka to None, run_after=None
[2025-04-02T21:47:37.033+0000] {processor.py:183} INFO - Processing /opt/airflow/dags/create_topic.py took 0.143 seconds
[2025-04-02T21:48:07.334+0000] {processor.py:161} INFO - Started process (PID=663) to work on /opt/airflow/dags/create_topic.py
[2025-04-02T21:48:07.340+0000] {processor.py:830} INFO - Processing file /opt/airflow/dags/create_topic.py for tasks to queue
[2025-04-02T21:48:07.341+0000] {logging_mixin.py:188} INFO - [2025-04-02T21:48:07.341+0000] {dagbag.py:545} INFO - Filling up the DagBag from /opt/airflow/dags/create_topic.py
[2025-04-02T21:48:07.433+0000] {processor.py:840} INFO - DAG(s) 'test_spark_kafka' retrieved from /opt/airflow/dags/create_topic.py
[2025-04-02T21:48:07.453+0000] {logging_mixin.py:188} INFO - [2025-04-02T21:48:07.453+0000] {dag.py:3089} INFO - Sync 1 DAGs
[2025-04-02T21:48:07.462+0000] {logging_mixin.py:188} INFO - [2025-04-02T21:48:07.462+0000] {dag.py:3947} INFO - Setting next_dagrun for test_spark_kafka to None, run_after=None
[2025-04-02T21:48:07.474+0000] {processor.py:183} INFO - Processing /opt/airflow/dags/create_topic.py took 0.144 seconds
[2025-04-02T21:48:37.776+0000] {processor.py:161} INFO - Started process (PID=694) to work on /opt/airflow/dags/create_topic.py
[2025-04-02T21:48:37.782+0000] {processor.py:830} INFO - Processing file /opt/airflow/dags/create_topic.py for tasks to queue
[2025-04-02T21:48:37.783+0000] {logging_mixin.py:188} INFO - [2025-04-02T21:48:37.783+0000] {dagbag.py:545} INFO - Filling up the DagBag from /opt/airflow/dags/create_topic.py
[2025-04-02T21:48:37.876+0000] {processor.py:840} INFO - DAG(s) 'test_spark_kafka' retrieved from /opt/airflow/dags/create_topic.py
[2025-04-02T21:48:37.896+0000] {logging_mixin.py:188} INFO - [2025-04-02T21:48:37.896+0000] {dag.py:3089} INFO - Sync 1 DAGs
[2025-04-02T21:48:37.906+0000] {logging_mixin.py:188} INFO - [2025-04-02T21:48:37.905+0000] {dag.py:3947} INFO - Setting next_dagrun for test_spark_kafka to None, run_after=None
[2025-04-02T21:48:37.918+0000] {processor.py:183} INFO - Processing /opt/airflow/dags/create_topic.py took 0.146 seconds
[2025-04-02T21:49:08.225+0000] {processor.py:161} INFO - Started process (PID=725) to work on /opt/airflow/dags/create_topic.py
[2025-04-02T21:49:08.230+0000] {processor.py:830} INFO - Processing file /opt/airflow/dags/create_topic.py for tasks to queue
[2025-04-02T21:49:08.231+0000] {logging_mixin.py:188} INFO - [2025-04-02T21:49:08.231+0000] {dagbag.py:545} INFO - Filling up the DagBag from /opt/airflow/dags/create_topic.py
[2025-04-02T21:49:08.323+0000] {processor.py:840} INFO - DAG(s) 'test_spark_kafka' retrieved from /opt/airflow/dags/create_topic.py
[2025-04-02T21:49:08.343+0000] {logging_mixin.py:188} INFO - [2025-04-02T21:49:08.343+0000] {dag.py:3089} INFO - Sync 1 DAGs
[2025-04-02T21:49:08.352+0000] {logging_mixin.py:188} INFO - [2025-04-02T21:49:08.352+0000] {dag.py:3947} INFO - Setting next_dagrun for test_spark_kafka to None, run_after=None
[2025-04-02T21:49:08.365+0000] {processor.py:183} INFO - Processing /opt/airflow/dags/create_topic.py took 0.145 seconds
[2025-04-02T21:49:38.668+0000] {processor.py:161} INFO - Started process (PID=756) to work on /opt/airflow/dags/create_topic.py
[2025-04-02T21:49:38.681+0000] {processor.py:830} INFO - Processing file /opt/airflow/dags/create_topic.py for tasks to queue
[2025-04-02T21:49:38.682+0000] {logging_mixin.py:188} INFO - [2025-04-02T21:49:38.682+0000] {dagbag.py:545} INFO - Filling up the DagBag from /opt/airflow/dags/create_topic.py
[2025-04-02T21:49:38.776+0000] {processor.py:840} INFO - DAG(s) 'test_spark_kafka' retrieved from /opt/airflow/dags/create_topic.py
[2025-04-02T21:49:38.796+0000] {logging_mixin.py:188} INFO - [2025-04-02T21:49:38.796+0000] {dag.py:3089} INFO - Sync 1 DAGs
[2025-04-02T21:49:38.806+0000] {logging_mixin.py:188} INFO - [2025-04-02T21:49:38.806+0000] {dag.py:3947} INFO - Setting next_dagrun for test_spark_kafka to None, run_after=None
[2025-04-02T21:49:38.819+0000] {processor.py:183} INFO - Processing /opt/airflow/dags/create_topic.py took 0.155 seconds
[2025-04-02T21:50:09.124+0000] {processor.py:161} INFO - Started process (PID=787) to work on /opt/airflow/dags/create_topic.py
[2025-04-02T21:50:09.125+0000] {processor.py:830} INFO - Processing file /opt/airflow/dags/create_topic.py for tasks to queue
[2025-04-02T21:50:09.126+0000] {logging_mixin.py:188} INFO - [2025-04-02T21:50:09.126+0000] {dagbag.py:545} INFO - Filling up the DagBag from /opt/airflow/dags/create_topic.py
[2025-04-02T21:50:09.221+0000] {processor.py:840} INFO - DAG(s) 'test_spark_kafka' retrieved from /opt/airflow/dags/create_topic.py
[2025-04-02T21:50:09.243+0000] {logging_mixin.py:188} INFO - [2025-04-02T21:50:09.242+0000] {dag.py:3089} INFO - Sync 1 DAGs
[2025-04-02T21:50:09.252+0000] {logging_mixin.py:188} INFO - [2025-04-02T21:50:09.252+0000] {dag.py:3947} INFO - Setting next_dagrun for test_spark_kafka to None, run_after=None
[2025-04-02T21:50:09.265+0000] {processor.py:183} INFO - Processing /opt/airflow/dags/create_topic.py took 0.146 seconds
[2025-04-02T21:50:39.581+0000] {processor.py:161} INFO - Started process (PID=818) to work on /opt/airflow/dags/create_topic.py
[2025-04-02T21:50:39.594+0000] {processor.py:830} INFO - Processing file /opt/airflow/dags/create_topic.py for tasks to queue
[2025-04-02T21:50:39.596+0000] {logging_mixin.py:188} INFO - [2025-04-02T21:50:39.595+0000] {dagbag.py:545} INFO - Filling up the DagBag from /opt/airflow/dags/create_topic.py
[2025-04-02T21:50:39.691+0000] {processor.py:840} INFO - DAG(s) 'test_spark_kafka' retrieved from /opt/airflow/dags/create_topic.py
[2025-04-02T21:50:39.711+0000] {logging_mixin.py:188} INFO - [2025-04-02T21:50:39.711+0000] {dag.py:3089} INFO - Sync 1 DAGs
[2025-04-02T21:50:39.720+0000] {logging_mixin.py:188} INFO - [2025-04-02T21:50:39.720+0000] {dag.py:3947} INFO - Setting next_dagrun for test_spark_kafka to None, run_after=None
[2025-04-02T21:50:39.733+0000] {processor.py:183} INFO - Processing /opt/airflow/dags/create_topic.py took 0.155 seconds
[2025-04-02T21:51:10.043+0000] {processor.py:161} INFO - Started process (PID=849) to work on /opt/airflow/dags/create_topic.py
[2025-04-02T21:51:10.049+0000] {processor.py:830} INFO - Processing file /opt/airflow/dags/create_topic.py for tasks to queue
[2025-04-02T21:51:10.050+0000] {logging_mixin.py:188} INFO - [2025-04-02T21:51:10.050+0000] {dagbag.py:545} INFO - Filling up the DagBag from /opt/airflow/dags/create_topic.py
[2025-04-02T21:51:10.145+0000] {processor.py:840} INFO - DAG(s) 'test_spark_kafka' retrieved from /opt/airflow/dags/create_topic.py
[2025-04-02T21:51:10.165+0000] {logging_mixin.py:188} INFO - [2025-04-02T21:51:10.164+0000] {dag.py:3089} INFO - Sync 1 DAGs
[2025-04-02T21:51:10.174+0000] {logging_mixin.py:188} INFO - [2025-04-02T21:51:10.174+0000] {dag.py:3947} INFO - Setting next_dagrun for test_spark_kafka to None, run_after=None
[2025-04-02T21:51:10.186+0000] {processor.py:183} INFO - Processing /opt/airflow/dags/create_topic.py took 0.148 seconds
[2025-04-02T21:51:40.485+0000] {processor.py:161} INFO - Started process (PID=880) to work on /opt/airflow/dags/create_topic.py
[2025-04-02T21:51:40.491+0000] {processor.py:830} INFO - Processing file /opt/airflow/dags/create_topic.py for tasks to queue
[2025-04-02T21:51:40.492+0000] {logging_mixin.py:188} INFO - [2025-04-02T21:51:40.492+0000] {dagbag.py:545} INFO - Filling up the DagBag from /opt/airflow/dags/create_topic.py
[2025-04-02T21:51:40.591+0000] {processor.py:840} INFO - DAG(s) 'test_spark_kafka' retrieved from /opt/airflow/dags/create_topic.py
[2025-04-02T21:51:40.612+0000] {logging_mixin.py:188} INFO - [2025-04-02T21:51:40.612+0000] {dag.py:3089} INFO - Sync 1 DAGs
[2025-04-02T21:51:40.621+0000] {logging_mixin.py:188} INFO - [2025-04-02T21:51:40.621+0000] {dag.py:3947} INFO - Setting next_dagrun for test_spark_kafka to None, run_after=None
[2025-04-02T21:51:40.634+0000] {processor.py:183} INFO - Processing /opt/airflow/dags/create_topic.py took 0.153 seconds
[2025-04-02T21:52:10.924+0000] {processor.py:161} INFO - Started process (PID=911) to work on /opt/airflow/dags/create_topic.py
[2025-04-02T21:52:10.930+0000] {processor.py:830} INFO - Processing file /opt/airflow/dags/create_topic.py for tasks to queue
[2025-04-02T21:52:10.931+0000] {logging_mixin.py:188} INFO - [2025-04-02T21:52:10.931+0000] {dagbag.py:545} INFO - Filling up the DagBag from /opt/airflow/dags/create_topic.py
[2025-04-02T21:52:11.024+0000] {processor.py:840} INFO - DAG(s) 'test_spark_kafka' retrieved from /opt/airflow/dags/create_topic.py
[2025-04-02T21:52:11.044+0000] {logging_mixin.py:188} INFO - [2025-04-02T21:52:11.044+0000] {dag.py:3089} INFO - Sync 1 DAGs
[2025-04-02T21:52:11.053+0000] {logging_mixin.py:188} INFO - [2025-04-02T21:52:11.053+0000] {dag.py:3947} INFO - Setting next_dagrun for test_spark_kafka to None, run_after=None
[2025-04-02T21:52:11.067+0000] {processor.py:183} INFO - Processing /opt/airflow/dags/create_topic.py took 0.147 seconds
[2025-04-02T21:52:41.366+0000] {processor.py:161} INFO - Started process (PID=942) to work on /opt/airflow/dags/create_topic.py
[2025-04-02T21:52:41.371+0000] {processor.py:830} INFO - Processing file /opt/airflow/dags/create_topic.py for tasks to queue
[2025-04-02T21:52:41.372+0000] {logging_mixin.py:188} INFO - [2025-04-02T21:52:41.372+0000] {dagbag.py:545} INFO - Filling up the DagBag from /opt/airflow/dags/create_topic.py
[2025-04-02T21:52:41.466+0000] {processor.py:840} INFO - DAG(s) 'test_spark_kafka' retrieved from /opt/airflow/dags/create_topic.py
[2025-04-02T21:52:41.487+0000] {logging_mixin.py:188} INFO - [2025-04-02T21:52:41.487+0000] {dag.py:3089} INFO - Sync 1 DAGs
[2025-04-02T21:52:41.496+0000] {logging_mixin.py:188} INFO - [2025-04-02T21:52:41.496+0000] {dag.py:3947} INFO - Setting next_dagrun for test_spark_kafka to None, run_after=None
[2025-04-02T21:52:41.509+0000] {processor.py:183} INFO - Processing /opt/airflow/dags/create_topic.py took 0.148 seconds
[2025-04-02T21:53:11.766+0000] {processor.py:161} INFO - Started process (PID=973) to work on /opt/airflow/dags/create_topic.py
[2025-04-02T21:53:11.772+0000] {processor.py:830} INFO - Processing file /opt/airflow/dags/create_topic.py for tasks to queue
[2025-04-02T21:53:11.773+0000] {logging_mixin.py:188} INFO - [2025-04-02T21:53:11.773+0000] {dagbag.py:545} INFO - Filling up the DagBag from /opt/airflow/dags/create_topic.py
[2025-04-02T21:53:11.864+0000] {processor.py:840} INFO - DAG(s) 'test_spark_kafka' retrieved from /opt/airflow/dags/create_topic.py
[2025-04-02T21:53:11.884+0000] {logging_mixin.py:188} INFO - [2025-04-02T21:53:11.884+0000] {dag.py:3089} INFO - Sync 1 DAGs
[2025-04-02T21:53:11.893+0000] {logging_mixin.py:188} INFO - [2025-04-02T21:53:11.893+0000] {dag.py:3947} INFO - Setting next_dagrun for test_spark_kafka to None, run_after=None
[2025-04-02T21:53:11.905+0000] {processor.py:183} INFO - Processing /opt/airflow/dags/create_topic.py took 0.143 seconds
[2025-04-02T21:53:42.210+0000] {processor.py:161} INFO - Started process (PID=1004) to work on /opt/airflow/dags/create_topic.py
[2025-04-02T21:53:42.216+0000] {processor.py:830} INFO - Processing file /opt/airflow/dags/create_topic.py for tasks to queue
[2025-04-02T21:53:42.217+0000] {logging_mixin.py:188} INFO - [2025-04-02T21:53:42.217+0000] {dagbag.py:545} INFO - Filling up the DagBag from /opt/airflow/dags/create_topic.py
[2025-04-02T21:53:42.308+0000] {processor.py:840} INFO - DAG(s) 'test_spark_kafka' retrieved from /opt/airflow/dags/create_topic.py
[2025-04-02T21:53:42.327+0000] {logging_mixin.py:188} INFO - [2025-04-02T21:53:42.327+0000] {dag.py:3089} INFO - Sync 1 DAGs
[2025-04-02T21:53:42.336+0000] {logging_mixin.py:188} INFO - [2025-04-02T21:53:42.336+0000] {dag.py:3947} INFO - Setting next_dagrun for test_spark_kafka to None, run_after=None
[2025-04-02T21:53:42.349+0000] {processor.py:183} INFO - Processing /opt/airflow/dags/create_topic.py took 0.143 seconds
[2025-04-02T21:54:12.643+0000] {processor.py:161} INFO - Started process (PID=1035) to work on /opt/airflow/dags/create_topic.py
[2025-04-02T21:54:12.649+0000] {processor.py:830} INFO - Processing file /opt/airflow/dags/create_topic.py for tasks to queue
[2025-04-02T21:54:12.650+0000] {logging_mixin.py:188} INFO - [2025-04-02T21:54:12.650+0000] {dagbag.py:545} INFO - Filling up the DagBag from /opt/airflow/dags/create_topic.py
[2025-04-02T21:54:12.742+0000] {processor.py:840} INFO - DAG(s) 'test_spark_kafka' retrieved from /opt/airflow/dags/create_topic.py
[2025-04-02T21:54:12.762+0000] {logging_mixin.py:188} INFO - [2025-04-02T21:54:12.762+0000] {dag.py:3089} INFO - Sync 1 DAGs
[2025-04-02T21:54:12.771+0000] {logging_mixin.py:188} INFO - [2025-04-02T21:54:12.771+0000] {dag.py:3947} INFO - Setting next_dagrun for test_spark_kafka to None, run_after=None
[2025-04-02T21:54:12.785+0000] {processor.py:183} INFO - Processing /opt/airflow/dags/create_topic.py took 0.146 seconds
[2025-04-02T21:54:43.085+0000] {processor.py:161} INFO - Started process (PID=1066) to work on /opt/airflow/dags/create_topic.py
[2025-04-02T21:54:43.090+0000] {processor.py:830} INFO - Processing file /opt/airflow/dags/create_topic.py for tasks to queue
[2025-04-02T21:54:43.091+0000] {logging_mixin.py:188} INFO - [2025-04-02T21:54:43.091+0000] {dagbag.py:545} INFO - Filling up the DagBag from /opt/airflow/dags/create_topic.py
[2025-04-02T21:54:43.182+0000] {processor.py:840} INFO - DAG(s) 'test_spark_kafka' retrieved from /opt/airflow/dags/create_topic.py
[2025-04-02T21:54:43.201+0000] {logging_mixin.py:188} INFO - [2025-04-02T21:54:43.201+0000] {dag.py:3089} INFO - Sync 1 DAGs
[2025-04-02T21:54:43.210+0000] {logging_mixin.py:188} INFO - [2025-04-02T21:54:43.210+0000] {dag.py:3947} INFO - Setting next_dagrun for test_spark_kafka to None, run_after=None
[2025-04-02T21:54:43.223+0000] {processor.py:183} INFO - Processing /opt/airflow/dags/create_topic.py took 0.143 seconds
[2025-04-02T21:55:13.522+0000] {processor.py:161} INFO - Started process (PID=1097) to work on /opt/airflow/dags/create_topic.py
[2025-04-02T21:55:13.527+0000] {processor.py:830} INFO - Processing file /opt/airflow/dags/create_topic.py for tasks to queue
[2025-04-02T21:55:13.529+0000] {logging_mixin.py:188} INFO - [2025-04-02T21:55:13.528+0000] {dagbag.py:545} INFO - Filling up the DagBag from /opt/airflow/dags/create_topic.py
[2025-04-02T21:55:13.621+0000] {processor.py:840} INFO - DAG(s) 'test_spark_kafka' retrieved from /opt/airflow/dags/create_topic.py
[2025-04-02T21:55:13.640+0000] {logging_mixin.py:188} INFO - [2025-04-02T21:55:13.640+0000] {dag.py:3089} INFO - Sync 1 DAGs
[2025-04-02T21:55:13.650+0000] {logging_mixin.py:188} INFO - [2025-04-02T21:55:13.650+0000] {dag.py:3947} INFO - Setting next_dagrun for test_spark_kafka to None, run_after=None
[2025-04-02T21:55:13.662+0000] {processor.py:183} INFO - Processing /opt/airflow/dags/create_topic.py took 0.145 seconds
[2025-04-02T21:55:43.972+0000] {processor.py:161} INFO - Started process (PID=1128) to work on /opt/airflow/dags/create_topic.py
[2025-04-02T21:55:43.973+0000] {processor.py:830} INFO - Processing file /opt/airflow/dags/create_topic.py for tasks to queue
[2025-04-02T21:55:43.974+0000] {logging_mixin.py:188} INFO - [2025-04-02T21:55:43.974+0000] {dagbag.py:545} INFO - Filling up the DagBag from /opt/airflow/dags/create_topic.py
[2025-04-02T21:55:44.065+0000] {processor.py:840} INFO - DAG(s) 'test_spark_kafka' retrieved from /opt/airflow/dags/create_topic.py
[2025-04-02T21:55:44.085+0000] {logging_mixin.py:188} INFO - [2025-04-02T21:55:44.085+0000] {dag.py:3089} INFO - Sync 1 DAGs
[2025-04-02T21:55:44.094+0000] {logging_mixin.py:188} INFO - [2025-04-02T21:55:44.094+0000] {dag.py:3947} INFO - Setting next_dagrun for test_spark_kafka to None, run_after=None
[2025-04-02T21:55:44.106+0000] {processor.py:183} INFO - Processing /opt/airflow/dags/create_topic.py took 0.139 seconds
[2025-04-02T21:56:14.397+0000] {processor.py:161} INFO - Started process (PID=1159) to work on /opt/airflow/dags/create_topic.py
[2025-04-02T21:56:14.402+0000] {processor.py:830} INFO - Processing file /opt/airflow/dags/create_topic.py for tasks to queue
[2025-04-02T21:56:14.403+0000] {logging_mixin.py:188} INFO - [2025-04-02T21:56:14.403+0000] {dagbag.py:545} INFO - Filling up the DagBag from /opt/airflow/dags/create_topic.py
[2025-04-02T21:56:14.500+0000] {processor.py:840} INFO - DAG(s) 'test_spark_kafka' retrieved from /opt/airflow/dags/create_topic.py
[2025-04-02T21:56:14.519+0000] {logging_mixin.py:188} INFO - [2025-04-02T21:56:14.519+0000] {dag.py:3089} INFO - Sync 1 DAGs
[2025-04-02T21:56:14.528+0000] {logging_mixin.py:188} INFO - [2025-04-02T21:56:14.528+0000] {dag.py:3947} INFO - Setting next_dagrun for test_spark_kafka to None, run_after=None
[2025-04-02T21:56:14.541+0000] {processor.py:183} INFO - Processing /opt/airflow/dags/create_topic.py took 0.149 seconds
[2025-04-02T21:56:44.838+0000] {processor.py:161} INFO - Started process (PID=1190) to work on /opt/airflow/dags/create_topic.py
[2025-04-02T21:56:44.843+0000] {processor.py:830} INFO - Processing file /opt/airflow/dags/create_topic.py for tasks to queue
[2025-04-02T21:56:44.844+0000] {logging_mixin.py:188} INFO - [2025-04-02T21:56:44.844+0000] {dagbag.py:545} INFO - Filling up the DagBag from /opt/airflow/dags/create_topic.py
[2025-04-02T21:56:44.935+0000] {processor.py:840} INFO - DAG(s) 'test_spark_kafka' retrieved from /opt/airflow/dags/create_topic.py
[2025-04-02T21:56:44.954+0000] {logging_mixin.py:188} INFO - [2025-04-02T21:56:44.954+0000] {dag.py:3089} INFO - Sync 1 DAGs
[2025-04-02T21:56:44.963+0000] {logging_mixin.py:188} INFO - [2025-04-02T21:56:44.963+0000] {dag.py:3947} INFO - Setting next_dagrun for test_spark_kafka to None, run_after=None
[2025-04-02T21:56:44.975+0000] {processor.py:183} INFO - Processing /opt/airflow/dags/create_topic.py took 0.146 seconds
[2025-04-02T21:57:15.270+0000] {processor.py:161} INFO - Started process (PID=1221) to work on /opt/airflow/dags/create_topic.py
[2025-04-02T21:57:15.275+0000] {processor.py:830} INFO - Processing file /opt/airflow/dags/create_topic.py for tasks to queue
[2025-04-02T21:57:15.276+0000] {logging_mixin.py:188} INFO - [2025-04-02T21:57:15.276+0000] {dagbag.py:545} INFO - Filling up the DagBag from /opt/airflow/dags/create_topic.py
[2025-04-02T21:57:15.367+0000] {processor.py:840} INFO - DAG(s) 'test_spark_kafka' retrieved from /opt/airflow/dags/create_topic.py
[2025-04-02T21:57:15.387+0000] {logging_mixin.py:188} INFO - [2025-04-02T21:57:15.387+0000] {dag.py:3089} INFO - Sync 1 DAGs
[2025-04-02T21:57:15.396+0000] {logging_mixin.py:188} INFO - [2025-04-02T21:57:15.396+0000] {dag.py:3947} INFO - Setting next_dagrun for test_spark_kafka to None, run_after=None
[2025-04-02T21:57:15.408+0000] {processor.py:183} INFO - Processing /opt/airflow/dags/create_topic.py took 0.143 seconds
[2025-04-02T21:57:45.704+0000] {processor.py:161} INFO - Started process (PID=1252) to work on /opt/airflow/dags/create_topic.py
[2025-04-02T21:57:45.710+0000] {processor.py:830} INFO - Processing file /opt/airflow/dags/create_topic.py for tasks to queue
[2025-04-02T21:57:45.711+0000] {logging_mixin.py:188} INFO - [2025-04-02T21:57:45.711+0000] {dagbag.py:545} INFO - Filling up the DagBag from /opt/airflow/dags/create_topic.py
[2025-04-02T21:57:45.802+0000] {processor.py:840} INFO - DAG(s) 'test_spark_kafka' retrieved from /opt/airflow/dags/create_topic.py
[2025-04-02T21:57:45.822+0000] {logging_mixin.py:188} INFO - [2025-04-02T21:57:45.822+0000] {dag.py:3089} INFO - Sync 1 DAGs
[2025-04-02T21:57:45.832+0000] {logging_mixin.py:188} INFO - [2025-04-02T21:57:45.832+0000] {dag.py:3947} INFO - Setting next_dagrun for test_spark_kafka to None, run_after=None
[2025-04-02T21:57:45.844+0000] {processor.py:183} INFO - Processing /opt/airflow/dags/create_topic.py took 0.144 seconds
[2025-04-02T21:58:16.138+0000] {processor.py:161} INFO - Started process (PID=1283) to work on /opt/airflow/dags/create_topic.py
[2025-04-02T21:58:16.144+0000] {processor.py:830} INFO - Processing file /opt/airflow/dags/create_topic.py for tasks to queue
[2025-04-02T21:58:16.145+0000] {logging_mixin.py:188} INFO - [2025-04-02T21:58:16.145+0000] {dagbag.py:545} INFO - Filling up the DagBag from /opt/airflow/dags/create_topic.py
[2025-04-02T21:58:16.241+0000] {processor.py:840} INFO - DAG(s) 'test_spark_kafka' retrieved from /opt/airflow/dags/create_topic.py
[2025-04-02T21:58:16.262+0000] {logging_mixin.py:188} INFO - [2025-04-02T21:58:16.261+0000] {dag.py:3089} INFO - Sync 1 DAGs
[2025-04-02T21:58:16.271+0000] {logging_mixin.py:188} INFO - [2025-04-02T21:58:16.271+0000] {dag.py:3947} INFO - Setting next_dagrun for test_spark_kafka to None, run_after=None
[2025-04-02T21:58:16.284+0000] {processor.py:183} INFO - Processing /opt/airflow/dags/create_topic.py took 0.150 seconds
[2025-04-02T21:58:46.579+0000] {processor.py:161} INFO - Started process (PID=1314) to work on /opt/airflow/dags/create_topic.py
[2025-04-02T21:58:46.585+0000] {processor.py:830} INFO - Processing file /opt/airflow/dags/create_topic.py for tasks to queue
[2025-04-02T21:58:46.586+0000] {logging_mixin.py:188} INFO - [2025-04-02T21:58:46.586+0000] {dagbag.py:545} INFO - Filling up the DagBag from /opt/airflow/dags/create_topic.py
[2025-04-02T21:58:46.678+0000] {processor.py:840} INFO - DAG(s) 'test_spark_kafka' retrieved from /opt/airflow/dags/create_topic.py
[2025-04-02T21:58:46.699+0000] {logging_mixin.py:188} INFO - [2025-04-02T21:58:46.699+0000] {dag.py:3089} INFO - Sync 1 DAGs
[2025-04-02T21:58:46.708+0000] {logging_mixin.py:188} INFO - [2025-04-02T21:58:46.708+0000] {dag.py:3947} INFO - Setting next_dagrun for test_spark_kafka to None, run_after=None
[2025-04-02T21:58:46.720+0000] {processor.py:183} INFO - Processing /opt/airflow/dags/create_topic.py took 0.145 seconds
[2025-04-02T21:59:17.022+0000] {processor.py:161} INFO - Started process (PID=1345) to work on /opt/airflow/dags/create_topic.py
[2025-04-02T21:59:17.027+0000] {processor.py:830} INFO - Processing file /opt/airflow/dags/create_topic.py for tasks to queue
[2025-04-02T21:59:17.028+0000] {logging_mixin.py:188} INFO - [2025-04-02T21:59:17.028+0000] {dagbag.py:545} INFO - Filling up the DagBag from /opt/airflow/dags/create_topic.py
[2025-04-02T21:59:17.124+0000] {processor.py:840} INFO - DAG(s) 'test_spark_kafka' retrieved from /opt/airflow/dags/create_topic.py
[2025-04-02T21:59:17.144+0000] {logging_mixin.py:188} INFO - [2025-04-02T21:59:17.144+0000] {dag.py:3089} INFO - Sync 1 DAGs
[2025-04-02T21:59:17.154+0000] {logging_mixin.py:188} INFO - [2025-04-02T21:59:17.154+0000] {dag.py:3947} INFO - Setting next_dagrun for test_spark_kafka to None, run_after=None
[2025-04-02T21:59:17.167+0000] {processor.py:183} INFO - Processing /opt/airflow/dags/create_topic.py took 0.151 seconds
[2025-04-02T21:59:47.482+0000] {processor.py:161} INFO - Started process (PID=1376) to work on /opt/airflow/dags/create_topic.py
[2025-04-02T21:59:47.487+0000] {processor.py:830} INFO - Processing file /opt/airflow/dags/create_topic.py for tasks to queue
[2025-04-02T21:59:47.488+0000] {logging_mixin.py:188} INFO - [2025-04-02T21:59:47.488+0000] {dagbag.py:545} INFO - Filling up the DagBag from /opt/airflow/dags/create_topic.py
[2025-04-02T21:59:47.583+0000] {processor.py:840} INFO - DAG(s) 'test_spark_kafka' retrieved from /opt/airflow/dags/create_topic.py
[2025-04-02T21:59:47.604+0000] {logging_mixin.py:188} INFO - [2025-04-02T21:59:47.603+0000] {dag.py:3089} INFO - Sync 1 DAGs
[2025-04-02T21:59:47.613+0000] {logging_mixin.py:188} INFO - [2025-04-02T21:59:47.613+0000] {dag.py:3947} INFO - Setting next_dagrun for test_spark_kafka to None, run_after=None
[2025-04-02T21:59:47.626+0000] {processor.py:183} INFO - Processing /opt/airflow/dags/create_topic.py took 0.149 seconds
[2025-04-02T22:00:17.923+0000] {processor.py:161} INFO - Started process (PID=1407) to work on /opt/airflow/dags/create_topic.py
[2025-04-02T22:00:17.929+0000] {processor.py:830} INFO - Processing file /opt/airflow/dags/create_topic.py for tasks to queue
[2025-04-02T22:00:17.930+0000] {logging_mixin.py:188} INFO - [2025-04-02T22:00:17.930+0000] {dagbag.py:545} INFO - Filling up the DagBag from /opt/airflow/dags/create_topic.py
[2025-04-02T22:00:18.022+0000] {processor.py:840} INFO - DAG(s) 'test_spark_kafka' retrieved from /opt/airflow/dags/create_topic.py
[2025-04-02T22:00:18.041+0000] {logging_mixin.py:188} INFO - [2025-04-02T22:00:18.041+0000] {dag.py:3089} INFO - Sync 1 DAGs
[2025-04-02T22:00:18.051+0000] {logging_mixin.py:188} INFO - [2025-04-02T22:00:18.051+0000] {dag.py:3947} INFO - Setting next_dagrun for test_spark_kafka to None, run_after=None
[2025-04-02T22:00:18.063+0000] {processor.py:183} INFO - Processing /opt/airflow/dags/create_topic.py took 0.146 seconds
[2025-04-02T22:00:48.373+0000] {processor.py:161} INFO - Started process (PID=1438) to work on /opt/airflow/dags/create_topic.py
[2025-04-02T22:00:48.380+0000] {processor.py:830} INFO - Processing file /opt/airflow/dags/create_topic.py for tasks to queue
[2025-04-02T22:00:48.381+0000] {logging_mixin.py:188} INFO - [2025-04-02T22:00:48.381+0000] {dagbag.py:545} INFO - Filling up the DagBag from /opt/airflow/dags/create_topic.py
[2025-04-02T22:00:48.473+0000] {processor.py:840} INFO - DAG(s) 'test_spark_kafka' retrieved from /opt/airflow/dags/create_topic.py
[2025-04-02T22:00:48.492+0000] {logging_mixin.py:188} INFO - [2025-04-02T22:00:48.492+0000] {dag.py:3089} INFO - Sync 1 DAGs
[2025-04-02T22:00:48.502+0000] {logging_mixin.py:188} INFO - [2025-04-02T22:00:48.502+0000] {dag.py:3947} INFO - Setting next_dagrun for test_spark_kafka to None, run_after=None
[2025-04-02T22:00:48.514+0000] {processor.py:183} INFO - Processing /opt/airflow/dags/create_topic.py took 0.145 seconds
[2025-04-02T22:01:18.813+0000] {processor.py:161} INFO - Started process (PID=1469) to work on /opt/airflow/dags/create_topic.py
[2025-04-02T22:01:18.819+0000] {processor.py:830} INFO - Processing file /opt/airflow/dags/create_topic.py for tasks to queue
[2025-04-02T22:01:18.820+0000] {logging_mixin.py:188} INFO - [2025-04-02T22:01:18.820+0000] {dagbag.py:545} INFO - Filling up the DagBag from /opt/airflow/dags/create_topic.py
[2025-04-02T22:01:18.911+0000] {processor.py:840} INFO - DAG(s) 'test_spark_kafka' retrieved from /opt/airflow/dags/create_topic.py
[2025-04-02T22:01:18.932+0000] {logging_mixin.py:188} INFO - [2025-04-02T22:01:18.932+0000] {dag.py:3089} INFO - Sync 1 DAGs
[2025-04-02T22:01:18.941+0000] {logging_mixin.py:188} INFO - [2025-04-02T22:01:18.941+0000] {dag.py:3947} INFO - Setting next_dagrun for test_spark_kafka to None, run_after=None
[2025-04-02T22:01:18.953+0000] {processor.py:183} INFO - Processing /opt/airflow/dags/create_topic.py took 0.144 seconds
[2025-04-02T22:01:49.246+0000] {processor.py:161} INFO - Started process (PID=1500) to work on /opt/airflow/dags/create_topic.py
[2025-04-02T22:01:49.251+0000] {processor.py:830} INFO - Processing file /opt/airflow/dags/create_topic.py for tasks to queue
[2025-04-02T22:01:49.253+0000] {logging_mixin.py:188} INFO - [2025-04-02T22:01:49.252+0000] {dagbag.py:545} INFO - Filling up the DagBag from /opt/airflow/dags/create_topic.py
[2025-04-02T22:01:49.347+0000] {processor.py:840} INFO - DAG(s) 'test_spark_kafka' retrieved from /opt/airflow/dags/create_topic.py
[2025-04-02T22:01:49.367+0000] {logging_mixin.py:188} INFO - [2025-04-02T22:01:49.367+0000] {dag.py:3089} INFO - Sync 1 DAGs
[2025-04-02T22:01:49.376+0000] {logging_mixin.py:188} INFO - [2025-04-02T22:01:49.376+0000] {dag.py:3947} INFO - Setting next_dagrun for test_spark_kafka to None, run_after=None
[2025-04-02T22:01:49.389+0000] {processor.py:183} INFO - Processing /opt/airflow/dags/create_topic.py took 0.147 seconds
[2025-04-02T22:02:19.687+0000] {processor.py:161} INFO - Started process (PID=1531) to work on /opt/airflow/dags/create_topic.py
[2025-04-02T22:02:19.692+0000] {processor.py:830} INFO - Processing file /opt/airflow/dags/create_topic.py for tasks to queue
[2025-04-02T22:02:19.693+0000] {logging_mixin.py:188} INFO - [2025-04-02T22:02:19.693+0000] {dagbag.py:545} INFO - Filling up the DagBag from /opt/airflow/dags/create_topic.py
[2025-04-02T22:02:19.785+0000] {processor.py:840} INFO - DAG(s) 'test_spark_kafka' retrieved from /opt/airflow/dags/create_topic.py
[2025-04-02T22:02:19.805+0000] {logging_mixin.py:188} INFO - [2025-04-02T22:02:19.805+0000] {dag.py:3089} INFO - Sync 1 DAGs
[2025-04-02T22:02:19.814+0000] {logging_mixin.py:188} INFO - [2025-04-02T22:02:19.814+0000] {dag.py:3947} INFO - Setting next_dagrun for test_spark_kafka to None, run_after=None
[2025-04-02T22:02:19.826+0000] {processor.py:183} INFO - Processing /opt/airflow/dags/create_topic.py took 0.144 seconds
[2025-04-02T22:02:50.126+0000] {processor.py:161} INFO - Started process (PID=1562) to work on /opt/airflow/dags/create_topic.py
[2025-04-02T22:02:50.132+0000] {processor.py:830} INFO - Processing file /opt/airflow/dags/create_topic.py for tasks to queue
[2025-04-02T22:02:50.133+0000] {logging_mixin.py:188} INFO - [2025-04-02T22:02:50.133+0000] {dagbag.py:545} INFO - Filling up the DagBag from /opt/airflow/dags/create_topic.py
[2025-04-02T22:02:50.225+0000] {processor.py:840} INFO - DAG(s) 'test_spark_kafka' retrieved from /opt/airflow/dags/create_topic.py
[2025-04-02T22:02:50.245+0000] {logging_mixin.py:188} INFO - [2025-04-02T22:02:50.244+0000] {dag.py:3089} INFO - Sync 1 DAGs
[2025-04-02T22:02:50.254+0000] {logging_mixin.py:188} INFO - [2025-04-02T22:02:50.254+0000] {dag.py:3947} INFO - Setting next_dagrun for test_spark_kafka to None, run_after=None
[2025-04-02T22:02:50.266+0000] {processor.py:183} INFO - Processing /opt/airflow/dags/create_topic.py took 0.145 seconds
[2025-04-02T22:03:20.549+0000] {processor.py:161} INFO - Started process (PID=1593) to work on /opt/airflow/dags/create_topic.py
[2025-04-02T22:03:20.555+0000] {processor.py:830} INFO - Processing file /opt/airflow/dags/create_topic.py for tasks to queue
[2025-04-02T22:03:20.556+0000] {logging_mixin.py:188} INFO - [2025-04-02T22:03:20.556+0000] {dagbag.py:545} INFO - Filling up the DagBag from /opt/airflow/dags/create_topic.py
[2025-04-02T22:03:20.648+0000] {processor.py:840} INFO - DAG(s) 'test_spark_kafka' retrieved from /opt/airflow/dags/create_topic.py
[2025-04-02T22:03:20.667+0000] {logging_mixin.py:188} INFO - [2025-04-02T22:03:20.667+0000] {dag.py:3089} INFO - Sync 1 DAGs
[2025-04-02T22:03:20.677+0000] {logging_mixin.py:188} INFO - [2025-04-02T22:03:20.677+0000] {dag.py:3947} INFO - Setting next_dagrun for test_spark_kafka to None, run_after=None
[2025-04-02T22:03:20.689+0000] {processor.py:183} INFO - Processing /opt/airflow/dags/create_topic.py took 0.145 seconds
[2025-04-02T22:03:50.989+0000] {processor.py:161} INFO - Started process (PID=1624) to work on /opt/airflow/dags/create_topic.py
[2025-04-02T22:03:50.994+0000] {processor.py:830} INFO - Processing file /opt/airflow/dags/create_topic.py for tasks to queue
[2025-04-02T22:03:50.996+0000] {logging_mixin.py:188} INFO - [2025-04-02T22:03:50.995+0000] {dagbag.py:545} INFO - Filling up the DagBag from /opt/airflow/dags/create_topic.py
[2025-04-02T22:03:51.089+0000] {processor.py:840} INFO - DAG(s) 'test_spark_kafka' retrieved from /opt/airflow/dags/create_topic.py
[2025-04-02T22:03:51.109+0000] {logging_mixin.py:188} INFO - [2025-04-02T22:03:51.109+0000] {dag.py:3089} INFO - Sync 1 DAGs
[2025-04-02T22:03:51.118+0000] {logging_mixin.py:188} INFO - [2025-04-02T22:03:51.118+0000] {dag.py:3947} INFO - Setting next_dagrun for test_spark_kafka to None, run_after=None
[2025-04-02T22:03:51.130+0000] {processor.py:183} INFO - Processing /opt/airflow/dags/create_topic.py took 0.146 seconds
[2025-04-02T22:04:21.424+0000] {processor.py:161} INFO - Started process (PID=1655) to work on /opt/airflow/dags/create_topic.py
[2025-04-02T22:04:21.429+0000] {processor.py:830} INFO - Processing file /opt/airflow/dags/create_topic.py for tasks to queue
[2025-04-02T22:04:21.430+0000] {logging_mixin.py:188} INFO - [2025-04-02T22:04:21.430+0000] {dagbag.py:545} INFO - Filling up the DagBag from /opt/airflow/dags/create_topic.py
[2025-04-02T22:04:21.525+0000] {processor.py:840} INFO - DAG(s) 'test_spark_kafka' retrieved from /opt/airflow/dags/create_topic.py
[2025-04-02T22:04:21.544+0000] {logging_mixin.py:188} INFO - [2025-04-02T22:04:21.544+0000] {dag.py:3089} INFO - Sync 1 DAGs
[2025-04-02T22:04:21.553+0000] {logging_mixin.py:188} INFO - [2025-04-02T22:04:21.553+0000] {dag.py:3947} INFO - Setting next_dagrun for test_spark_kafka to None, run_after=None
[2025-04-02T22:04:21.565+0000] {processor.py:183} INFO - Processing /opt/airflow/dags/create_topic.py took 0.146 seconds
[2025-04-02T22:04:51.867+0000] {processor.py:161} INFO - Started process (PID=1686) to work on /opt/airflow/dags/create_topic.py
[2025-04-02T22:04:51.868+0000] {processor.py:830} INFO - Processing file /opt/airflow/dags/create_topic.py for tasks to queue
[2025-04-02T22:04:51.869+0000] {logging_mixin.py:188} INFO - [2025-04-02T22:04:51.869+0000] {dagbag.py:545} INFO - Filling up the DagBag from /opt/airflow/dags/create_topic.py
[2025-04-02T22:04:51.962+0000] {processor.py:840} INFO - DAG(s) 'test_spark_kafka' retrieved from /opt/airflow/dags/create_topic.py
[2025-04-02T22:04:51.982+0000] {logging_mixin.py:188} INFO - [2025-04-02T22:04:51.982+0000] {dag.py:3089} INFO - Sync 1 DAGs
[2025-04-02T22:04:51.991+0000] {logging_mixin.py:188} INFO - [2025-04-02T22:04:51.991+0000] {dag.py:3947} INFO - Setting next_dagrun for test_spark_kafka to None, run_after=None
[2025-04-02T22:04:52.003+0000] {processor.py:183} INFO - Processing /opt/airflow/dags/create_topic.py took 0.141 seconds
[2025-04-02T22:05:22.305+0000] {processor.py:161} INFO - Started process (PID=1717) to work on /opt/airflow/dags/create_topic.py
[2025-04-02T22:05:22.311+0000] {processor.py:830} INFO - Processing file /opt/airflow/dags/create_topic.py for tasks to queue
[2025-04-02T22:05:22.312+0000] {logging_mixin.py:188} INFO - [2025-04-02T22:05:22.312+0000] {dagbag.py:545} INFO - Filling up the DagBag from /opt/airflow/dags/create_topic.py
[2025-04-02T22:05:22.405+0000] {processor.py:840} INFO - DAG(s) 'test_spark_kafka' retrieved from /opt/airflow/dags/create_topic.py
[2025-04-02T22:05:22.425+0000] {logging_mixin.py:188} INFO - [2025-04-02T22:05:22.424+0000] {dag.py:3089} INFO - Sync 1 DAGs
[2025-04-02T22:05:22.434+0000] {logging_mixin.py:188} INFO - [2025-04-02T22:05:22.433+0000] {dag.py:3947} INFO - Setting next_dagrun for test_spark_kafka to None, run_after=None
[2025-04-02T22:05:22.447+0000] {processor.py:183} INFO - Processing /opt/airflow/dags/create_topic.py took 0.146 seconds
[2025-04-02T22:05:52.756+0000] {processor.py:161} INFO - Started process (PID=1748) to work on /opt/airflow/dags/create_topic.py
[2025-04-02T22:05:52.757+0000] {processor.py:830} INFO - Processing file /opt/airflow/dags/create_topic.py for tasks to queue
[2025-04-02T22:05:52.758+0000] {logging_mixin.py:188} INFO - [2025-04-02T22:05:52.758+0000] {dagbag.py:545} INFO - Filling up the DagBag from /opt/airflow/dags/create_topic.py
[2025-04-02T22:05:52.850+0000] {processor.py:840} INFO - DAG(s) 'test_spark_kafka' retrieved from /opt/airflow/dags/create_topic.py
[2025-04-02T22:05:52.871+0000] {logging_mixin.py:188} INFO - [2025-04-02T22:05:52.870+0000] {dag.py:3089} INFO - Sync 1 DAGs
[2025-04-02T22:05:52.881+0000] {logging_mixin.py:188} INFO - [2025-04-02T22:05:52.881+0000] {dag.py:3947} INFO - Setting next_dagrun for test_spark_kafka to None, run_after=None
[2025-04-02T22:05:52.893+0000] {processor.py:183} INFO - Processing /opt/airflow/dags/create_topic.py took 0.141 seconds
[2025-04-02T22:06:23.188+0000] {processor.py:161} INFO - Started process (PID=1779) to work on /opt/airflow/dags/create_topic.py
[2025-04-02T22:06:23.194+0000] {processor.py:830} INFO - Processing file /opt/airflow/dags/create_topic.py for tasks to queue
[2025-04-02T22:06:23.195+0000] {logging_mixin.py:188} INFO - [2025-04-02T22:06:23.195+0000] {dagbag.py:545} INFO - Filling up the DagBag from /opt/airflow/dags/create_topic.py
[2025-04-02T22:06:23.286+0000] {processor.py:840} INFO - DAG(s) 'test_spark_kafka' retrieved from /opt/airflow/dags/create_topic.py
[2025-04-02T22:06:23.307+0000] {logging_mixin.py:188} INFO - [2025-04-02T22:06:23.307+0000] {dag.py:3089} INFO - Sync 1 DAGs
[2025-04-02T22:06:23.316+0000] {logging_mixin.py:188} INFO - [2025-04-02T22:06:23.316+0000] {dag.py:3947} INFO - Setting next_dagrun for test_spark_kafka to None, run_after=None
[2025-04-02T22:06:23.328+0000] {processor.py:183} INFO - Processing /opt/airflow/dags/create_topic.py took 0.144 seconds
[2025-04-02T22:06:53.630+0000] {processor.py:161} INFO - Started process (PID=1810) to work on /opt/airflow/dags/create_topic.py
[2025-04-02T22:06:53.630+0000] {processor.py:830} INFO - Processing file /opt/airflow/dags/create_topic.py for tasks to queue
[2025-04-02T22:06:53.631+0000] {logging_mixin.py:188} INFO - [2025-04-02T22:06:53.631+0000] {dagbag.py:545} INFO - Filling up the DagBag from /opt/airflow/dags/create_topic.py
[2025-04-02T22:06:53.724+0000] {processor.py:840} INFO - DAG(s) 'test_spark_kafka' retrieved from /opt/airflow/dags/create_topic.py
[2025-04-02T22:06:53.744+0000] {logging_mixin.py:188} INFO - [2025-04-02T22:06:53.744+0000] {dag.py:3089} INFO - Sync 1 DAGs
[2025-04-02T22:06:53.753+0000] {logging_mixin.py:188} INFO - [2025-04-02T22:06:53.753+0000] {dag.py:3947} INFO - Setting next_dagrun for test_spark_kafka to None, run_after=None
[2025-04-02T22:06:53.765+0000] {processor.py:183} INFO - Processing /opt/airflow/dags/create_topic.py took 0.140 seconds
[2025-04-02T22:07:24.067+0000] {processor.py:161} INFO - Started process (PID=1841) to work on /opt/airflow/dags/create_topic.py
[2025-04-02T22:07:24.072+0000] {processor.py:830} INFO - Processing file /opt/airflow/dags/create_topic.py for tasks to queue
[2025-04-02T22:07:24.073+0000] {logging_mixin.py:188} INFO - [2025-04-02T22:07:24.073+0000] {dagbag.py:545} INFO - Filling up the DagBag from /opt/airflow/dags/create_topic.py
[2025-04-02T22:07:24.165+0000] {processor.py:840} INFO - DAG(s) 'test_spark_kafka' retrieved from /opt/airflow/dags/create_topic.py
[2025-04-02T22:07:24.185+0000] {logging_mixin.py:188} INFO - [2025-04-02T22:07:24.185+0000] {dag.py:3089} INFO - Sync 1 DAGs
[2025-04-02T22:07:24.194+0000] {logging_mixin.py:188} INFO - [2025-04-02T22:07:24.194+0000] {dag.py:3947} INFO - Setting next_dagrun for test_spark_kafka to None, run_after=None
[2025-04-02T22:07:24.206+0000] {processor.py:183} INFO - Processing /opt/airflow/dags/create_topic.py took 0.144 seconds
[2025-04-02T22:07:54.500+0000] {processor.py:161} INFO - Started process (PID=1872) to work on /opt/airflow/dags/create_topic.py
[2025-04-02T22:07:54.500+0000] {processor.py:830} INFO - Processing file /opt/airflow/dags/create_topic.py for tasks to queue
[2025-04-02T22:07:54.502+0000] {logging_mixin.py:188} INFO - [2025-04-02T22:07:54.501+0000] {dagbag.py:545} INFO - Filling up the DagBag from /opt/airflow/dags/create_topic.py
[2025-04-02T22:07:54.592+0000] {processor.py:840} INFO - DAG(s) 'test_spark_kafka' retrieved from /opt/airflow/dags/create_topic.py
[2025-04-02T22:07:54.612+0000] {logging_mixin.py:188} INFO - [2025-04-02T22:07:54.612+0000] {dag.py:3089} INFO - Sync 1 DAGs
[2025-04-02T22:07:54.621+0000] {logging_mixin.py:188} INFO - [2025-04-02T22:07:54.621+0000] {dag.py:3947} INFO - Setting next_dagrun for test_spark_kafka to None, run_after=None
[2025-04-02T22:07:54.633+0000] {processor.py:183} INFO - Processing /opt/airflow/dags/create_topic.py took 0.138 seconds
[2025-04-02T22:08:24.926+0000] {processor.py:161} INFO - Started process (PID=1903) to work on /opt/airflow/dags/create_topic.py
[2025-04-02T22:08:24.932+0000] {processor.py:830} INFO - Processing file /opt/airflow/dags/create_topic.py for tasks to queue
[2025-04-02T22:08:24.933+0000] {logging_mixin.py:188} INFO - [2025-04-02T22:08:24.933+0000] {dagbag.py:545} INFO - Filling up the DagBag from /opt/airflow/dags/create_topic.py
[2025-04-02T22:08:25.026+0000] {processor.py:840} INFO - DAG(s) 'test_spark_kafka' retrieved from /opt/airflow/dags/create_topic.py
[2025-04-02T22:08:25.046+0000] {logging_mixin.py:188} INFO - [2025-04-02T22:08:25.046+0000] {dag.py:3089} INFO - Sync 1 DAGs
[2025-04-02T22:08:25.056+0000] {logging_mixin.py:188} INFO - [2025-04-02T22:08:25.056+0000] {dag.py:3947} INFO - Setting next_dagrun for test_spark_kafka to None, run_after=None
[2025-04-02T22:08:25.068+0000] {processor.py:183} INFO - Processing /opt/airflow/dags/create_topic.py took 0.146 seconds
[2025-04-02T22:08:55.374+0000] {processor.py:161} INFO - Started process (PID=1934) to work on /opt/airflow/dags/create_topic.py
[2025-04-02T22:08:55.375+0000] {processor.py:830} INFO - Processing file /opt/airflow/dags/create_topic.py for tasks to queue
[2025-04-02T22:08:55.376+0000] {logging_mixin.py:188} INFO - [2025-04-02T22:08:55.376+0000] {dagbag.py:545} INFO - Filling up the DagBag from /opt/airflow/dags/create_topic.py
[2025-04-02T22:08:55.470+0000] {processor.py:840} INFO - DAG(s) 'test_spark_kafka' retrieved from /opt/airflow/dags/create_topic.py
[2025-04-02T22:08:55.491+0000] {logging_mixin.py:188} INFO - [2025-04-02T22:08:55.491+0000] {dag.py:3089} INFO - Sync 1 DAGs
[2025-04-02T22:08:55.501+0000] {logging_mixin.py:188} INFO - [2025-04-02T22:08:55.500+0000] {dag.py:3947} INFO - Setting next_dagrun for test_spark_kafka to None, run_after=None
[2025-04-02T22:08:55.514+0000] {processor.py:183} INFO - Processing /opt/airflow/dags/create_topic.py took 0.145 seconds
[2025-04-02T22:09:25.821+0000] {processor.py:161} INFO - Started process (PID=1965) to work on /opt/airflow/dags/create_topic.py
[2025-04-02T22:09:25.826+0000] {processor.py:830} INFO - Processing file /opt/airflow/dags/create_topic.py for tasks to queue
[2025-04-02T22:09:25.828+0000] {logging_mixin.py:188} INFO - [2025-04-02T22:09:25.827+0000] {dagbag.py:545} INFO - Filling up the DagBag from /opt/airflow/dags/create_topic.py
[2025-04-02T22:09:25.922+0000] {processor.py:840} INFO - DAG(s) 'test_spark_kafka' retrieved from /opt/airflow/dags/create_topic.py
[2025-04-02T22:09:25.942+0000] {logging_mixin.py:188} INFO - [2025-04-02T22:09:25.942+0000] {dag.py:3089} INFO - Sync 1 DAGs
[2025-04-02T22:09:25.951+0000] {logging_mixin.py:188} INFO - [2025-04-02T22:09:25.951+0000] {dag.py:3947} INFO - Setting next_dagrun for test_spark_kafka to None, run_after=None
[2025-04-02T22:09:25.964+0000] {processor.py:183} INFO - Processing /opt/airflow/dags/create_topic.py took 0.147 seconds
[2025-04-02T22:09:56.275+0000] {processor.py:161} INFO - Started process (PID=1996) to work on /opt/airflow/dags/create_topic.py
[2025-04-02T22:09:56.281+0000] {processor.py:830} INFO - Processing file /opt/airflow/dags/create_topic.py for tasks to queue
[2025-04-02T22:09:56.282+0000] {logging_mixin.py:188} INFO - [2025-04-02T22:09:56.282+0000] {dagbag.py:545} INFO - Filling up the DagBag from /opt/airflow/dags/create_topic.py
[2025-04-02T22:09:56.374+0000] {processor.py:840} INFO - DAG(s) 'test_spark_kafka' retrieved from /opt/airflow/dags/create_topic.py
[2025-04-02T22:09:56.394+0000] {logging_mixin.py:188} INFO - [2025-04-02T22:09:56.394+0000] {dag.py:3089} INFO - Sync 1 DAGs
[2025-04-02T22:09:56.403+0000] {logging_mixin.py:188} INFO - [2025-04-02T22:09:56.403+0000] {dag.py:3947} INFO - Setting next_dagrun for test_spark_kafka to None, run_after=None
[2025-04-02T22:09:56.416+0000] {processor.py:183} INFO - Processing /opt/airflow/dags/create_topic.py took 0.145 seconds
[2025-04-02T22:10:26.712+0000] {processor.py:161} INFO - Started process (PID=2027) to work on /opt/airflow/dags/create_topic.py
[2025-04-02T22:10:26.718+0000] {processor.py:830} INFO - Processing file /opt/airflow/dags/create_topic.py for tasks to queue
[2025-04-02T22:10:26.719+0000] {logging_mixin.py:188} INFO - [2025-04-02T22:10:26.719+0000] {dagbag.py:545} INFO - Filling up the DagBag from /opt/airflow/dags/create_topic.py
[2025-04-02T22:10:26.812+0000] {processor.py:840} INFO - DAG(s) 'test_spark_kafka' retrieved from /opt/airflow/dags/create_topic.py
[2025-04-02T22:10:26.832+0000] {logging_mixin.py:188} INFO - [2025-04-02T22:10:26.832+0000] {dag.py:3089} INFO - Sync 1 DAGs
[2025-04-02T22:10:26.841+0000] {logging_mixin.py:188} INFO - [2025-04-02T22:10:26.841+0000] {dag.py:3947} INFO - Setting next_dagrun for test_spark_kafka to None, run_after=None
[2025-04-02T22:10:26.854+0000] {processor.py:183} INFO - Processing /opt/airflow/dags/create_topic.py took 0.146 seconds
[2025-04-02T22:10:57.167+0000] {processor.py:161} INFO - Started process (PID=2058) to work on /opt/airflow/dags/create_topic.py
[2025-04-02T22:10:57.173+0000] {processor.py:830} INFO - Processing file /opt/airflow/dags/create_topic.py for tasks to queue
[2025-04-02T22:10:57.174+0000] {logging_mixin.py:188} INFO - [2025-04-02T22:10:57.174+0000] {dagbag.py:545} INFO - Filling up the DagBag from /opt/airflow/dags/create_topic.py
[2025-04-02T22:10:57.273+0000] {processor.py:840} INFO - DAG(s) 'test_spark_kafka' retrieved from /opt/airflow/dags/create_topic.py
[2025-04-02T22:10:57.293+0000] {logging_mixin.py:188} INFO - [2025-04-02T22:10:57.293+0000] {dag.py:3089} INFO - Sync 1 DAGs
[2025-04-02T22:10:57.306+0000] {logging_mixin.py:188} INFO - [2025-04-02T22:10:57.305+0000] {dag.py:3947} INFO - Setting next_dagrun for test_spark_kafka to None, run_after=None
[2025-04-02T22:10:57.320+0000] {processor.py:183} INFO - Processing /opt/airflow/dags/create_topic.py took 0.157 seconds
[2025-04-02T22:11:27.598+0000] {processor.py:161} INFO - Started process (PID=2089) to work on /opt/airflow/dags/create_topic.py
[2025-04-02T22:11:27.603+0000] {processor.py:830} INFO - Processing file /opt/airflow/dags/create_topic.py for tasks to queue
[2025-04-02T22:11:27.604+0000] {logging_mixin.py:188} INFO - [2025-04-02T22:11:27.604+0000] {dagbag.py:545} INFO - Filling up the DagBag from /opt/airflow/dags/create_topic.py
[2025-04-02T22:11:27.696+0000] {processor.py:840} INFO - DAG(s) 'test_spark_kafka' retrieved from /opt/airflow/dags/create_topic.py
[2025-04-02T22:11:27.716+0000] {logging_mixin.py:188} INFO - [2025-04-02T22:11:27.716+0000] {dag.py:3089} INFO - Sync 1 DAGs
[2025-04-02T22:11:27.725+0000] {logging_mixin.py:188} INFO - [2025-04-02T22:11:27.725+0000] {dag.py:3947} INFO - Setting next_dagrun for test_spark_kafka to None, run_after=None
[2025-04-02T22:11:27.738+0000] {processor.py:183} INFO - Processing /opt/airflow/dags/create_topic.py took 0.145 seconds
[2025-04-02T22:11:58.047+0000] {processor.py:161} INFO - Started process (PID=2120) to work on /opt/airflow/dags/create_topic.py
[2025-04-02T22:11:58.052+0000] {processor.py:830} INFO - Processing file /opt/airflow/dags/create_topic.py for tasks to queue
[2025-04-02T22:11:58.053+0000] {logging_mixin.py:188} INFO - [2025-04-02T22:11:58.053+0000] {dagbag.py:545} INFO - Filling up the DagBag from /opt/airflow/dags/create_topic.py
[2025-04-02T22:11:58.147+0000] {processor.py:840} INFO - DAG(s) 'test_spark_kafka' retrieved from /opt/airflow/dags/create_topic.py
[2025-04-02T22:11:58.167+0000] {logging_mixin.py:188} INFO - [2025-04-02T22:11:58.167+0000] {dag.py:3089} INFO - Sync 1 DAGs
[2025-04-02T22:11:58.176+0000] {logging_mixin.py:188} INFO - [2025-04-02T22:11:58.176+0000] {dag.py:3947} INFO - Setting next_dagrun for test_spark_kafka to None, run_after=None
[2025-04-02T22:11:58.188+0000] {processor.py:183} INFO - Processing /opt/airflow/dags/create_topic.py took 0.146 seconds
[2025-04-02T22:12:28.488+0000] {processor.py:161} INFO - Started process (PID=2151) to work on /opt/airflow/dags/create_topic.py
[2025-04-02T22:12:28.493+0000] {processor.py:830} INFO - Processing file /opt/airflow/dags/create_topic.py for tasks to queue
[2025-04-02T22:12:28.495+0000] {logging_mixin.py:188} INFO - [2025-04-02T22:12:28.494+0000] {dagbag.py:545} INFO - Filling up the DagBag from /opt/airflow/dags/create_topic.py
[2025-04-02T22:12:28.589+0000] {processor.py:840} INFO - DAG(s) 'test_spark_kafka' retrieved from /opt/airflow/dags/create_topic.py
[2025-04-02T22:12:28.609+0000] {logging_mixin.py:188} INFO - [2025-04-02T22:12:28.609+0000] {dag.py:3089} INFO - Sync 1 DAGs
[2025-04-02T22:12:28.618+0000] {logging_mixin.py:188} INFO - [2025-04-02T22:12:28.618+0000] {dag.py:3947} INFO - Setting next_dagrun for test_spark_kafka to None, run_after=None
[2025-04-02T22:12:28.630+0000] {processor.py:183} INFO - Processing /opt/airflow/dags/create_topic.py took 0.147 seconds
[2025-04-02T22:12:58.907+0000] {processor.py:161} INFO - Started process (PID=2182) to work on /opt/airflow/dags/create_topic.py
[2025-04-02T22:12:58.912+0000] {processor.py:830} INFO - Processing file /opt/airflow/dags/create_topic.py for tasks to queue
[2025-04-02T22:12:58.913+0000] {logging_mixin.py:188} INFO - [2025-04-02T22:12:58.913+0000] {dagbag.py:545} INFO - Filling up the DagBag from /opt/airflow/dags/create_topic.py
[2025-04-02T22:12:59.004+0000] {processor.py:840} INFO - DAG(s) 'test_spark_kafka' retrieved from /opt/airflow/dags/create_topic.py
[2025-04-02T22:12:59.024+0000] {logging_mixin.py:188} INFO - [2025-04-02T22:12:59.023+0000] {dag.py:3089} INFO - Sync 1 DAGs
[2025-04-02T22:12:59.033+0000] {logging_mixin.py:188} INFO - [2025-04-02T22:12:59.033+0000] {dag.py:3947} INFO - Setting next_dagrun for test_spark_kafka to None, run_after=None
[2025-04-02T22:12:59.045+0000] {processor.py:183} INFO - Processing /opt/airflow/dags/create_topic.py took 0.143 seconds
[2025-04-02T22:13:29.347+0000] {processor.py:161} INFO - Started process (PID=2213) to work on /opt/airflow/dags/create_topic.py
[2025-04-02T22:13:29.352+0000] {processor.py:830} INFO - Processing file /opt/airflow/dags/create_topic.py for tasks to queue
[2025-04-02T22:13:29.353+0000] {logging_mixin.py:188} INFO - [2025-04-02T22:13:29.353+0000] {dagbag.py:545} INFO - Filling up the DagBag from /opt/airflow/dags/create_topic.py
[2025-04-02T22:13:29.447+0000] {processor.py:840} INFO - DAG(s) 'test_spark_kafka' retrieved from /opt/airflow/dags/create_topic.py
[2025-04-02T22:13:29.467+0000] {logging_mixin.py:188} INFO - [2025-04-02T22:13:29.467+0000] {dag.py:3089} INFO - Sync 1 DAGs
[2025-04-02T22:13:29.477+0000] {logging_mixin.py:188} INFO - [2025-04-02T22:13:29.477+0000] {dag.py:3947} INFO - Setting next_dagrun for test_spark_kafka to None, run_after=None
[2025-04-02T22:13:29.489+0000] {processor.py:183} INFO - Processing /opt/airflow/dags/create_topic.py took 0.147 seconds
[2025-04-02T22:13:59.772+0000] {processor.py:161} INFO - Started process (PID=2244) to work on /opt/airflow/dags/create_topic.py
[2025-04-02T22:13:59.778+0000] {processor.py:830} INFO - Processing file /opt/airflow/dags/create_topic.py for tasks to queue
[2025-04-02T22:13:59.779+0000] {logging_mixin.py:188} INFO - [2025-04-02T22:13:59.779+0000] {dagbag.py:545} INFO - Filling up the DagBag from /opt/airflow/dags/create_topic.py
[2025-04-02T22:13:59.870+0000] {processor.py:840} INFO - DAG(s) 'test_spark_kafka' retrieved from /opt/airflow/dags/create_topic.py
[2025-04-02T22:13:59.890+0000] {logging_mixin.py:188} INFO - [2025-04-02T22:13:59.889+0000] {dag.py:3089} INFO - Sync 1 DAGs
[2025-04-02T22:13:59.899+0000] {logging_mixin.py:188} INFO - [2025-04-02T22:13:59.899+0000] {dag.py:3947} INFO - Setting next_dagrun for test_spark_kafka to None, run_after=None
[2025-04-02T22:13:59.915+0000] {processor.py:183} INFO - Processing /opt/airflow/dags/create_topic.py took 0.147 seconds
[2025-04-02T22:14:30.208+0000] {processor.py:161} INFO - Started process (PID=2275) to work on /opt/airflow/dags/create_topic.py
[2025-04-02T22:14:30.214+0000] {processor.py:830} INFO - Processing file /opt/airflow/dags/create_topic.py for tasks to queue
[2025-04-02T22:14:30.215+0000] {logging_mixin.py:188} INFO - [2025-04-02T22:14:30.215+0000] {dagbag.py:545} INFO - Filling up the DagBag from /opt/airflow/dags/create_topic.py
[2025-04-02T22:14:30.307+0000] {processor.py:840} INFO - DAG(s) 'test_spark_kafka' retrieved from /opt/airflow/dags/create_topic.py
[2025-04-02T22:14:30.327+0000] {logging_mixin.py:188} INFO - [2025-04-02T22:14:30.327+0000] {dag.py:3089} INFO - Sync 1 DAGs
[2025-04-02T22:14:30.336+0000] {logging_mixin.py:188} INFO - [2025-04-02T22:14:30.336+0000] {dag.py:3947} INFO - Setting next_dagrun for test_spark_kafka to None, run_after=None
[2025-04-02T22:14:30.349+0000] {processor.py:183} INFO - Processing /opt/airflow/dags/create_topic.py took 0.145 seconds
[2025-04-02T22:15:00.665+0000] {processor.py:161} INFO - Started process (PID=2306) to work on /opt/airflow/dags/create_topic.py
[2025-04-02T22:15:00.666+0000] {processor.py:830} INFO - Processing file /opt/airflow/dags/create_topic.py for tasks to queue
[2025-04-02T22:15:00.667+0000] {logging_mixin.py:188} INFO - [2025-04-02T22:15:00.667+0000] {dagbag.py:545} INFO - Filling up the DagBag from /opt/airflow/dags/create_topic.py
[2025-04-02T22:15:00.762+0000] {processor.py:840} INFO - DAG(s) 'test_spark_kafka' retrieved from /opt/airflow/dags/create_topic.py
[2025-04-02T22:15:00.781+0000] {logging_mixin.py:188} INFO - [2025-04-02T22:15:00.781+0000] {dag.py:3089} INFO - Sync 1 DAGs
[2025-04-02T22:15:00.790+0000] {logging_mixin.py:188} INFO - [2025-04-02T22:15:00.790+0000] {dag.py:3947} INFO - Setting next_dagrun for test_spark_kafka to None, run_after=None
[2025-04-02T22:15:00.803+0000] {processor.py:183} INFO - Processing /opt/airflow/dags/create_topic.py took 0.142 seconds
[2025-04-02T22:15:31.103+0000] {processor.py:161} INFO - Started process (PID=2337) to work on /opt/airflow/dags/create_topic.py
[2025-04-02T22:15:31.109+0000] {processor.py:830} INFO - Processing file /opt/airflow/dags/create_topic.py for tasks to queue
[2025-04-02T22:15:31.110+0000] {logging_mixin.py:188} INFO - [2025-04-02T22:15:31.110+0000] {dagbag.py:545} INFO - Filling up the DagBag from /opt/airflow/dags/create_topic.py
[2025-04-02T22:15:31.202+0000] {processor.py:840} INFO - DAG(s) 'test_spark_kafka' retrieved from /opt/airflow/dags/create_topic.py
[2025-04-02T22:15:31.221+0000] {logging_mixin.py:188} INFO - [2025-04-02T22:15:31.221+0000] {dag.py:3089} INFO - Sync 1 DAGs
[2025-04-02T22:15:31.230+0000] {logging_mixin.py:188} INFO - [2025-04-02T22:15:31.230+0000] {dag.py:3947} INFO - Setting next_dagrun for test_spark_kafka to None, run_after=None
[2025-04-02T22:15:31.243+0000] {processor.py:183} INFO - Processing /opt/airflow/dags/create_topic.py took 0.144 seconds
[2025-04-02T22:16:01.550+0000] {processor.py:161} INFO - Started process (PID=2368) to work on /opt/airflow/dags/create_topic.py
[2025-04-02T22:16:01.556+0000] {processor.py:830} INFO - Processing file /opt/airflow/dags/create_topic.py for tasks to queue
[2025-04-02T22:16:01.557+0000] {logging_mixin.py:188} INFO - [2025-04-02T22:16:01.557+0000] {dagbag.py:545} INFO - Filling up the DagBag from /opt/airflow/dags/create_topic.py
[2025-04-02T22:16:01.653+0000] {processor.py:840} INFO - DAG(s) 'test_spark_kafka' retrieved from /opt/airflow/dags/create_topic.py
[2025-04-02T22:16:01.672+0000] {logging_mixin.py:188} INFO - [2025-04-02T22:16:01.672+0000] {dag.py:3089} INFO - Sync 1 DAGs
[2025-04-02T22:16:01.682+0000] {logging_mixin.py:188} INFO - [2025-04-02T22:16:01.682+0000] {dag.py:3947} INFO - Setting next_dagrun for test_spark_kafka to None, run_after=None
[2025-04-02T22:16:01.695+0000] {processor.py:183} INFO - Processing /opt/airflow/dags/create_topic.py took 0.149 seconds
[2025-04-02T22:16:31.994+0000] {processor.py:161} INFO - Started process (PID=2399) to work on /opt/airflow/dags/create_topic.py
[2025-04-02T22:16:31.999+0000] {processor.py:830} INFO - Processing file /opt/airflow/dags/create_topic.py for tasks to queue
[2025-04-02T22:16:32.000+0000] {logging_mixin.py:188} INFO - [2025-04-02T22:16:32.000+0000] {dagbag.py:545} INFO - Filling up the DagBag from /opt/airflow/dags/create_topic.py
[2025-04-02T22:16:32.091+0000] {processor.py:840} INFO - DAG(s) 'test_spark_kafka' retrieved from /opt/airflow/dags/create_topic.py
[2025-04-02T22:16:32.111+0000] {logging_mixin.py:188} INFO - [2025-04-02T22:16:32.111+0000] {dag.py:3089} INFO - Sync 1 DAGs
[2025-04-02T22:16:32.121+0000] {logging_mixin.py:188} INFO - [2025-04-02T22:16:32.121+0000] {dag.py:3947} INFO - Setting next_dagrun for test_spark_kafka to None, run_after=None
[2025-04-02T22:16:32.133+0000] {processor.py:183} INFO - Processing /opt/airflow/dags/create_topic.py took 0.144 seconds
[2025-04-02T22:17:02.432+0000] {processor.py:161} INFO - Started process (PID=2430) to work on /opt/airflow/dags/create_topic.py
[2025-04-02T22:17:02.438+0000] {processor.py:830} INFO - Processing file /opt/airflow/dags/create_topic.py for tasks to queue
[2025-04-02T22:17:02.439+0000] {logging_mixin.py:188} INFO - [2025-04-02T22:17:02.439+0000] {dagbag.py:545} INFO - Filling up the DagBag from /opt/airflow/dags/create_topic.py
[2025-04-02T22:17:02.534+0000] {processor.py:840} INFO - DAG(s) 'test_spark_kafka' retrieved from /opt/airflow/dags/create_topic.py
[2025-04-02T22:17:02.554+0000] {logging_mixin.py:188} INFO - [2025-04-02T22:17:02.554+0000] {dag.py:3089} INFO - Sync 1 DAGs
[2025-04-02T22:17:02.564+0000] {logging_mixin.py:188} INFO - [2025-04-02T22:17:02.563+0000] {dag.py:3947} INFO - Setting next_dagrun for test_spark_kafka to None, run_after=None
[2025-04-02T22:17:02.576+0000] {processor.py:183} INFO - Processing /opt/airflow/dags/create_topic.py took 0.148 seconds
[2025-04-02T22:17:32.856+0000] {processor.py:161} INFO - Started process (PID=2467) to work on /opt/airflow/dags/create_topic.py
[2025-04-02T22:17:32.862+0000] {processor.py:830} INFO - Processing file /opt/airflow/dags/create_topic.py for tasks to queue
[2025-04-02T22:17:32.865+0000] {logging_mixin.py:188} INFO - [2025-04-02T22:17:32.864+0000] {dagbag.py:545} INFO - Filling up the DagBag from /opt/airflow/dags/create_topic.py
[2025-04-02T22:17:32.965+0000] {processor.py:840} INFO - DAG(s) 'test_spark_kafka' retrieved from /opt/airflow/dags/create_topic.py
[2025-04-02T22:17:32.985+0000] {logging_mixin.py:188} INFO - [2025-04-02T22:17:32.984+0000] {dag.py:3089} INFO - Sync 1 DAGs
[2025-04-02T22:17:32.994+0000] {logging_mixin.py:188} INFO - [2025-04-02T22:17:32.993+0000] {dag.py:3947} INFO - Setting next_dagrun for test_spark_kafka to None, run_after=None
[2025-04-02T22:17:33.006+0000] {processor.py:183} INFO - Processing /opt/airflow/dags/create_topic.py took 0.163 seconds
[2025-04-02T22:18:03.281+0000] {processor.py:161} INFO - Started process (PID=2498) to work on /opt/airflow/dags/create_topic.py
[2025-04-02T22:18:03.287+0000] {processor.py:830} INFO - Processing file /opt/airflow/dags/create_topic.py for tasks to queue
[2025-04-02T22:18:03.288+0000] {logging_mixin.py:188} INFO - [2025-04-02T22:18:03.288+0000] {dagbag.py:545} INFO - Filling up the DagBag from /opt/airflow/dags/create_topic.py
[2025-04-02T22:18:03.381+0000] {processor.py:840} INFO - DAG(s) 'test_spark_kafka' retrieved from /opt/airflow/dags/create_topic.py
[2025-04-02T22:18:03.400+0000] {logging_mixin.py:188} INFO - [2025-04-02T22:18:03.400+0000] {dag.py:3089} INFO - Sync 1 DAGs
[2025-04-02T22:18:03.409+0000] {logging_mixin.py:188} INFO - [2025-04-02T22:18:03.409+0000] {dag.py:3947} INFO - Setting next_dagrun for test_spark_kafka to None, run_after=None
[2025-04-02T22:18:03.422+0000] {processor.py:183} INFO - Processing /opt/airflow/dags/create_topic.py took 0.145 seconds
[2025-04-02T22:18:33.713+0000] {processor.py:161} INFO - Started process (PID=2529) to work on /opt/airflow/dags/create_topic.py
[2025-04-02T22:18:33.718+0000] {processor.py:830} INFO - Processing file /opt/airflow/dags/create_topic.py for tasks to queue
[2025-04-02T22:18:33.720+0000] {logging_mixin.py:188} INFO - [2025-04-02T22:18:33.719+0000] {dagbag.py:545} INFO - Filling up the DagBag from /opt/airflow/dags/create_topic.py
[2025-04-02T22:18:33.816+0000] {processor.py:840} INFO - DAG(s) 'test_spark_kafka' retrieved from /opt/airflow/dags/create_topic.py
[2025-04-02T22:18:33.838+0000] {logging_mixin.py:188} INFO - [2025-04-02T22:18:33.837+0000] {dag.py:3089} INFO - Sync 1 DAGs
[2025-04-02T22:18:33.848+0000] {logging_mixin.py:188} INFO - [2025-04-02T22:18:33.848+0000] {dag.py:3947} INFO - Setting next_dagrun for test_spark_kafka to None, run_after=None
[2025-04-02T22:18:33.863+0000] {processor.py:183} INFO - Processing /opt/airflow/dags/create_topic.py took 0.155 seconds
[2025-04-02T22:19:04.163+0000] {processor.py:161} INFO - Started process (PID=2560) to work on /opt/airflow/dags/create_topic.py
[2025-04-02T22:19:04.168+0000] {processor.py:830} INFO - Processing file /opt/airflow/dags/create_topic.py for tasks to queue
[2025-04-02T22:19:04.170+0000] {logging_mixin.py:188} INFO - [2025-04-02T22:19:04.169+0000] {dagbag.py:545} INFO - Filling up the DagBag from /opt/airflow/dags/create_topic.py
[2025-04-02T22:19:04.261+0000] {processor.py:840} INFO - DAG(s) 'test_spark_kafka' retrieved from /opt/airflow/dags/create_topic.py
[2025-04-02T22:19:04.281+0000] {logging_mixin.py:188} INFO - [2025-04-02T22:19:04.281+0000] {dag.py:3089} INFO - Sync 1 DAGs
[2025-04-02T22:19:04.292+0000] {logging_mixin.py:188} INFO - [2025-04-02T22:19:04.292+0000] {dag.py:3947} INFO - Setting next_dagrun for test_spark_kafka to None, run_after=None
[2025-04-02T22:19:04.305+0000] {processor.py:183} INFO - Processing /opt/airflow/dags/create_topic.py took 0.147 seconds
[2025-04-02T22:19:34.597+0000] {processor.py:161} INFO - Started process (PID=2591) to work on /opt/airflow/dags/create_topic.py
[2025-04-02T22:19:34.603+0000] {processor.py:830} INFO - Processing file /opt/airflow/dags/create_topic.py for tasks to queue
[2025-04-02T22:19:34.604+0000] {logging_mixin.py:188} INFO - [2025-04-02T22:19:34.604+0000] {dagbag.py:545} INFO - Filling up the DagBag from /opt/airflow/dags/create_topic.py
[2025-04-02T22:19:34.700+0000] {processor.py:840} INFO - DAG(s) 'test_spark_kafka' retrieved from /opt/airflow/dags/create_topic.py
[2025-04-02T22:19:34.720+0000] {logging_mixin.py:188} INFO - [2025-04-02T22:19:34.720+0000] {dag.py:3089} INFO - Sync 1 DAGs
[2025-04-02T22:19:34.729+0000] {logging_mixin.py:188} INFO - [2025-04-02T22:19:34.729+0000] {dag.py:3947} INFO - Setting next_dagrun for test_spark_kafka to None, run_after=None
[2025-04-02T22:19:34.741+0000] {processor.py:183} INFO - Processing /opt/airflow/dags/create_topic.py took 0.148 seconds
[2025-04-02T22:20:05.033+0000] {processor.py:161} INFO - Started process (PID=2622) to work on /opt/airflow/dags/create_topic.py
[2025-04-02T22:20:05.038+0000] {processor.py:830} INFO - Processing file /opt/airflow/dags/create_topic.py for tasks to queue
[2025-04-02T22:20:05.039+0000] {logging_mixin.py:188} INFO - [2025-04-02T22:20:05.039+0000] {dagbag.py:545} INFO - Filling up the DagBag from /opt/airflow/dags/create_topic.py
[2025-04-02T22:20:05.135+0000] {processor.py:840} INFO - DAG(s) 'test_spark_kafka' retrieved from /opt/airflow/dags/create_topic.py
[2025-04-02T22:20:05.155+0000] {logging_mixin.py:188} INFO - [2025-04-02T22:20:05.155+0000] {dag.py:3089} INFO - Sync 1 DAGs
[2025-04-02T22:20:05.165+0000] {logging_mixin.py:188} INFO - [2025-04-02T22:20:05.164+0000] {dag.py:3947} INFO - Setting next_dagrun for test_spark_kafka to None, run_after=None
[2025-04-02T22:20:05.177+0000] {processor.py:183} INFO - Processing /opt/airflow/dags/create_topic.py took 0.149 seconds
[2025-04-02T22:20:35.450+0000] {processor.py:161} INFO - Started process (PID=2654) to work on /opt/airflow/dags/create_topic.py
[2025-04-02T22:20:35.451+0000] {processor.py:830} INFO - Processing file /opt/airflow/dags/create_topic.py for tasks to queue
[2025-04-02T22:20:35.452+0000] {logging_mixin.py:188} INFO - [2025-04-02T22:20:35.452+0000] {dagbag.py:545} INFO - Filling up the DagBag from /opt/airflow/dags/create_topic.py
[2025-04-02T22:20:35.549+0000] {processor.py:840} INFO - DAG(s) 'test_spark_kafka' retrieved from /opt/airflow/dags/create_topic.py
[2025-04-02T22:20:35.575+0000] {logging_mixin.py:188} INFO - [2025-04-02T22:20:35.575+0000] {dag.py:3089} INFO - Sync 1 DAGs
[2025-04-02T22:20:35.589+0000] {logging_mixin.py:188} INFO - [2025-04-02T22:20:35.589+0000] {dag.py:3947} INFO - Setting next_dagrun for test_spark_kafka to None, run_after=None
[2025-04-02T22:20:35.605+0000] {processor.py:183} INFO - Processing /opt/airflow/dags/create_topic.py took 0.159 seconds
[2025-04-02T22:21:05.895+0000] {processor.py:161} INFO - Started process (PID=2685) to work on /opt/airflow/dags/create_topic.py
[2025-04-02T22:21:05.901+0000] {processor.py:830} INFO - Processing file /opt/airflow/dags/create_topic.py for tasks to queue
[2025-04-02T22:21:05.902+0000] {logging_mixin.py:188} INFO - [2025-04-02T22:21:05.902+0000] {dagbag.py:545} INFO - Filling up the DagBag from /opt/airflow/dags/create_topic.py
[2025-04-02T22:21:05.995+0000] {processor.py:840} INFO - DAG(s) 'test_spark_kafka' retrieved from /opt/airflow/dags/create_topic.py
[2025-04-02T22:21:06.014+0000] {logging_mixin.py:188} INFO - [2025-04-02T22:21:06.014+0000] {dag.py:3089} INFO - Sync 1 DAGs
[2025-04-02T22:21:06.024+0000] {logging_mixin.py:188} INFO - [2025-04-02T22:21:06.024+0000] {dag.py:3947} INFO - Setting next_dagrun for test_spark_kafka to None, run_after=None
[2025-04-02T22:21:06.037+0000] {processor.py:183} INFO - Processing /opt/airflow/dags/create_topic.py took 0.146 seconds
[2025-04-02T22:21:36.327+0000] {processor.py:161} INFO - Started process (PID=2716) to work on /opt/airflow/dags/create_topic.py
[2025-04-02T22:21:36.333+0000] {processor.py:830} INFO - Processing file /opt/airflow/dags/create_topic.py for tasks to queue
[2025-04-02T22:21:36.334+0000] {logging_mixin.py:188} INFO - [2025-04-02T22:21:36.334+0000] {dagbag.py:545} INFO - Filling up the DagBag from /opt/airflow/dags/create_topic.py
[2025-04-02T22:21:36.429+0000] {processor.py:840} INFO - DAG(s) 'test_spark_kafka' retrieved from /opt/airflow/dags/create_topic.py
[2025-04-02T22:21:36.449+0000] {logging_mixin.py:188} INFO - [2025-04-02T22:21:36.449+0000] {dag.py:3089} INFO - Sync 1 DAGs
[2025-04-02T22:21:36.459+0000] {logging_mixin.py:188} INFO - [2025-04-02T22:21:36.459+0000] {dag.py:3947} INFO - Setting next_dagrun for test_spark_kafka to None, run_after=None
[2025-04-02T22:21:36.473+0000] {processor.py:183} INFO - Processing /opt/airflow/dags/create_topic.py took 0.150 seconds
[2025-04-02T22:22:06.750+0000] {processor.py:161} INFO - Started process (PID=2747) to work on /opt/airflow/dags/create_topic.py
[2025-04-02T22:22:06.756+0000] {processor.py:830} INFO - Processing file /opt/airflow/dags/create_topic.py for tasks to queue
[2025-04-02T22:22:06.757+0000] {logging_mixin.py:188} INFO - [2025-04-02T22:22:06.756+0000] {dagbag.py:545} INFO - Filling up the DagBag from /opt/airflow/dags/create_topic.py
[2025-04-02T22:22:06.851+0000] {processor.py:840} INFO - DAG(s) 'test_spark_kafka' retrieved from /opt/airflow/dags/create_topic.py
[2025-04-02T22:22:06.870+0000] {logging_mixin.py:188} INFO - [2025-04-02T22:22:06.870+0000] {dag.py:3089} INFO - Sync 1 DAGs
[2025-04-02T22:22:06.880+0000] {logging_mixin.py:188} INFO - [2025-04-02T22:22:06.880+0000] {dag.py:3947} INFO - Setting next_dagrun for test_spark_kafka to None, run_after=None
[2025-04-02T22:22:06.896+0000] {processor.py:183} INFO - Processing /opt/airflow/dags/create_topic.py took 0.150 seconds
[2025-04-02T22:22:37.190+0000] {processor.py:161} INFO - Started process (PID=2778) to work on /opt/airflow/dags/create_topic.py
[2025-04-02T22:22:37.191+0000] {processor.py:830} INFO - Processing file /opt/airflow/dags/create_topic.py for tasks to queue
[2025-04-02T22:22:37.192+0000] {logging_mixin.py:188} INFO - [2025-04-02T22:22:37.192+0000] {dagbag.py:545} INFO - Filling up the DagBag from /opt/airflow/dags/create_topic.py
[2025-04-02T22:22:37.283+0000] {processor.py:840} INFO - DAG(s) 'test_spark_kafka' retrieved from /opt/airflow/dags/create_topic.py
[2025-04-02T22:22:37.303+0000] {logging_mixin.py:188} INFO - [2025-04-02T22:22:37.303+0000] {dag.py:3089} INFO - Sync 1 DAGs
[2025-04-02T22:22:37.313+0000] {logging_mixin.py:188} INFO - [2025-04-02T22:22:37.313+0000] {dag.py:3947} INFO - Setting next_dagrun for test_spark_kafka to None, run_after=None
[2025-04-02T22:22:37.325+0000] {processor.py:183} INFO - Processing /opt/airflow/dags/create_topic.py took 0.140 seconds
[2025-04-02T22:23:07.631+0000] {processor.py:161} INFO - Started process (PID=2809) to work on /opt/airflow/dags/create_topic.py
[2025-04-02T22:23:07.636+0000] {processor.py:830} INFO - Processing file /opt/airflow/dags/create_topic.py for tasks to queue
[2025-04-02T22:23:07.637+0000] {logging_mixin.py:188} INFO - [2025-04-02T22:23:07.637+0000] {dagbag.py:545} INFO - Filling up the DagBag from /opt/airflow/dags/create_topic.py
[2025-04-02T22:23:07.731+0000] {processor.py:840} INFO - DAG(s) 'test_spark_kafka' retrieved from /opt/airflow/dags/create_topic.py
[2025-04-02T22:23:07.750+0000] {logging_mixin.py:188} INFO - [2025-04-02T22:23:07.750+0000] {dag.py:3089} INFO - Sync 1 DAGs
[2025-04-02T22:23:07.759+0000] {logging_mixin.py:188} INFO - [2025-04-02T22:23:07.759+0000] {dag.py:3947} INFO - Setting next_dagrun for test_spark_kafka to None, run_after=None
[2025-04-02T22:23:07.771+0000] {processor.py:183} INFO - Processing /opt/airflow/dags/create_topic.py took 0.145 seconds
[2025-04-02T22:23:38.056+0000] {processor.py:161} INFO - Started process (PID=2840) to work on /opt/airflow/dags/create_topic.py
[2025-04-02T22:23:38.057+0000] {processor.py:830} INFO - Processing file /opt/airflow/dags/create_topic.py for tasks to queue
[2025-04-02T22:23:38.058+0000] {logging_mixin.py:188} INFO - [2025-04-02T22:23:38.057+0000] {dagbag.py:545} INFO - Filling up the DagBag from /opt/airflow/dags/create_topic.py
[2025-04-02T22:23:38.150+0000] {processor.py:840} INFO - DAG(s) 'test_spark_kafka' retrieved from /opt/airflow/dags/create_topic.py
[2025-04-02T22:23:38.170+0000] {logging_mixin.py:188} INFO - [2025-04-02T22:23:38.170+0000] {dag.py:3089} INFO - Sync 1 DAGs
[2025-04-02T22:23:38.179+0000] {logging_mixin.py:188} INFO - [2025-04-02T22:23:38.179+0000] {dag.py:3947} INFO - Setting next_dagrun for test_spark_kafka to None, run_after=None
[2025-04-02T22:23:38.191+0000] {processor.py:183} INFO - Processing /opt/airflow/dags/create_topic.py took 0.140 seconds
[2025-04-02T22:24:08.468+0000] {processor.py:161} INFO - Started process (PID=2871) to work on /opt/airflow/dags/create_topic.py
[2025-04-02T22:24:08.473+0000] {processor.py:830} INFO - Processing file /opt/airflow/dags/create_topic.py for tasks to queue
[2025-04-02T22:24:08.474+0000] {logging_mixin.py:188} INFO - [2025-04-02T22:24:08.474+0000] {dagbag.py:545} INFO - Filling up the DagBag from /opt/airflow/dags/create_topic.py
[2025-04-02T22:24:08.567+0000] {processor.py:840} INFO - DAG(s) 'test_spark_kafka' retrieved from /opt/airflow/dags/create_topic.py
[2025-04-02T22:24:08.586+0000] {logging_mixin.py:188} INFO - [2025-04-02T22:24:08.586+0000] {dag.py:3089} INFO - Sync 1 DAGs
[2025-04-02T22:24:08.596+0000] {logging_mixin.py:188} INFO - [2025-04-02T22:24:08.596+0000] {dag.py:3947} INFO - Setting next_dagrun for test_spark_kafka to None, run_after=None
[2025-04-02T22:24:08.608+0000] {processor.py:183} INFO - Processing /opt/airflow/dags/create_topic.py took 0.145 seconds
[2025-04-02T22:24:38.878+0000] {processor.py:161} INFO - Started process (PID=2902) to work on /opt/airflow/dags/create_topic.py
[2025-04-02T22:24:38.879+0000] {processor.py:830} INFO - Processing file /opt/airflow/dags/create_topic.py for tasks to queue
[2025-04-02T22:24:38.880+0000] {logging_mixin.py:188} INFO - [2025-04-02T22:24:38.880+0000] {dagbag.py:545} INFO - Filling up the DagBag from /opt/airflow/dags/create_topic.py
[2025-04-02T22:24:38.971+0000] {processor.py:840} INFO - DAG(s) 'test_spark_kafka' retrieved from /opt/airflow/dags/create_topic.py
[2025-04-02T22:24:38.991+0000] {logging_mixin.py:188} INFO - [2025-04-02T22:24:38.991+0000] {dag.py:3089} INFO - Sync 1 DAGs
[2025-04-02T22:24:39.001+0000] {logging_mixin.py:188} INFO - [2025-04-02T22:24:39.001+0000] {dag.py:3947} INFO - Setting next_dagrun for test_spark_kafka to None, run_after=None
[2025-04-02T22:24:39.013+0000] {processor.py:183} INFO - Processing /opt/airflow/dags/create_topic.py took 0.139 seconds
[2025-04-02T22:25:09.317+0000] {processor.py:161} INFO - Started process (PID=2933) to work on /opt/airflow/dags/create_topic.py
[2025-04-02T22:25:09.323+0000] {processor.py:830} INFO - Processing file /opt/airflow/dags/create_topic.py for tasks to queue
[2025-04-02T22:25:09.328+0000] {logging_mixin.py:188} INFO - [2025-04-02T22:25:09.327+0000] {dagbag.py:545} INFO - Filling up the DagBag from /opt/airflow/dags/create_topic.py
[2025-04-02T22:25:09.419+0000] {processor.py:840} INFO - DAG(s) 'test_spark_kafka' retrieved from /opt/airflow/dags/create_topic.py
[2025-04-02T22:25:09.440+0000] {logging_mixin.py:188} INFO - [2025-04-02T22:25:09.440+0000] {dag.py:3089} INFO - Sync 1 DAGs
[2025-04-02T22:25:09.449+0000] {logging_mixin.py:188} INFO - [2025-04-02T22:25:09.449+0000] {dag.py:3947} INFO - Setting next_dagrun for test_spark_kafka to None, run_after=None
[2025-04-02T22:25:09.461+0000] {processor.py:183} INFO - Processing /opt/airflow/dags/create_topic.py took 0.148 seconds
[2025-04-02T22:25:39.767+0000] {processor.py:161} INFO - Started process (PID=2964) to work on /opt/airflow/dags/create_topic.py
[2025-04-02T22:25:39.767+0000] {processor.py:830} INFO - Processing file /opt/airflow/dags/create_topic.py for tasks to queue
[2025-04-02T22:25:39.768+0000] {logging_mixin.py:188} INFO - [2025-04-02T22:25:39.768+0000] {dagbag.py:545} INFO - Filling up the DagBag from /opt/airflow/dags/create_topic.py
[2025-04-02T22:25:39.862+0000] {processor.py:840} INFO - DAG(s) 'test_spark_kafka' retrieved from /opt/airflow/dags/create_topic.py
[2025-04-02T22:25:39.882+0000] {logging_mixin.py:188} INFO - [2025-04-02T22:25:39.882+0000] {dag.py:3089} INFO - Sync 1 DAGs
[2025-04-02T22:25:39.891+0000] {logging_mixin.py:188} INFO - [2025-04-02T22:25:39.891+0000] {dag.py:3947} INFO - Setting next_dagrun for test_spark_kafka to None, run_after=None
[2025-04-02T22:25:39.903+0000] {processor.py:183} INFO - Processing /opt/airflow/dags/create_topic.py took 0.141 seconds
[2025-04-02T22:26:10.208+0000] {processor.py:161} INFO - Started process (PID=2995) to work on /opt/airflow/dags/create_topic.py
[2025-04-02T22:26:10.213+0000] {processor.py:830} INFO - Processing file /opt/airflow/dags/create_topic.py for tasks to queue
[2025-04-02T22:26:10.215+0000] {logging_mixin.py:188} INFO - [2025-04-02T22:26:10.214+0000] {dagbag.py:545} INFO - Filling up the DagBag from /opt/airflow/dags/create_topic.py
[2025-04-02T22:26:10.307+0000] {processor.py:840} INFO - DAG(s) 'test_spark_kafka' retrieved from /opt/airflow/dags/create_topic.py
[2025-04-02T22:26:10.327+0000] {logging_mixin.py:188} INFO - [2025-04-02T22:26:10.327+0000] {dag.py:3089} INFO - Sync 1 DAGs
[2025-04-02T22:26:10.336+0000] {logging_mixin.py:188} INFO - [2025-04-02T22:26:10.336+0000] {dag.py:3947} INFO - Setting next_dagrun for test_spark_kafka to None, run_after=None
[2025-04-02T22:26:10.349+0000] {processor.py:183} INFO - Processing /opt/airflow/dags/create_topic.py took 0.146 seconds
[2025-04-02T22:26:40.643+0000] {processor.py:161} INFO - Started process (PID=3026) to work on /opt/airflow/dags/create_topic.py
[2025-04-02T22:26:40.649+0000] {processor.py:830} INFO - Processing file /opt/airflow/dags/create_topic.py for tasks to queue
[2025-04-02T22:26:40.650+0000] {logging_mixin.py:188} INFO - [2025-04-02T22:26:40.650+0000] {dagbag.py:545} INFO - Filling up the DagBag from /opt/airflow/dags/create_topic.py
[2025-04-02T22:26:40.745+0000] {processor.py:840} INFO - DAG(s) 'test_spark_kafka' retrieved from /opt/airflow/dags/create_topic.py
[2025-04-02T22:26:40.764+0000] {logging_mixin.py:188} INFO - [2025-04-02T22:26:40.764+0000] {dag.py:3089} INFO - Sync 1 DAGs
[2025-04-02T22:26:40.774+0000] {logging_mixin.py:188} INFO - [2025-04-02T22:26:40.774+0000] {dag.py:3947} INFO - Setting next_dagrun for test_spark_kafka to None, run_after=None
[2025-04-02T22:26:40.787+0000] {processor.py:183} INFO - Processing /opt/airflow/dags/create_topic.py took 0.149 seconds
[2025-04-02T22:27:11.083+0000] {processor.py:161} INFO - Started process (PID=3057) to work on /opt/airflow/dags/create_topic.py
[2025-04-02T22:27:11.089+0000] {processor.py:830} INFO - Processing file /opt/airflow/dags/create_topic.py for tasks to queue
[2025-04-02T22:27:11.090+0000] {logging_mixin.py:188} INFO - [2025-04-02T22:27:11.090+0000] {dagbag.py:545} INFO - Filling up the DagBag from /opt/airflow/dags/create_topic.py
[2025-04-02T22:27:11.182+0000] {processor.py:840} INFO - DAG(s) 'test_spark_kafka' retrieved from /opt/airflow/dags/create_topic.py
[2025-04-02T22:27:11.202+0000] {logging_mixin.py:188} INFO - [2025-04-02T22:27:11.202+0000] {dag.py:3089} INFO - Sync 1 DAGs
[2025-04-02T22:27:11.212+0000] {logging_mixin.py:188} INFO - [2025-04-02T22:27:11.211+0000] {dag.py:3947} INFO - Setting next_dagrun for test_spark_kafka to None, run_after=None
[2025-04-02T22:27:11.225+0000] {processor.py:183} INFO - Processing /opt/airflow/dags/create_topic.py took 0.146 seconds
[2025-04-02T22:27:41.520+0000] {processor.py:161} INFO - Started process (PID=3088) to work on /opt/airflow/dags/create_topic.py
[2025-04-02T22:27:41.525+0000] {processor.py:830} INFO - Processing file /opt/airflow/dags/create_topic.py for tasks to queue
[2025-04-02T22:27:41.526+0000] {logging_mixin.py:188} INFO - [2025-04-02T22:27:41.526+0000] {dagbag.py:545} INFO - Filling up the DagBag from /opt/airflow/dags/create_topic.py
[2025-04-02T22:27:41.619+0000] {processor.py:840} INFO - DAG(s) 'test_spark_kafka' retrieved from /opt/airflow/dags/create_topic.py
[2025-04-02T22:27:41.640+0000] {logging_mixin.py:188} INFO - [2025-04-02T22:27:41.640+0000] {dag.py:3089} INFO - Sync 1 DAGs
[2025-04-02T22:27:41.649+0000] {logging_mixin.py:188} INFO - [2025-04-02T22:27:41.649+0000] {dag.py:3947} INFO - Setting next_dagrun for test_spark_kafka to None, run_after=None
[2025-04-02T22:27:41.661+0000] {processor.py:183} INFO - Processing /opt/airflow/dags/create_topic.py took 0.146 seconds
