[2025-04-02T21:40:31.066+0000] {processor.py:161} INFO - Started process (PID=195) to work on /opt/airflow/dags/kafka_stream.py
[2025-04-02T21:40:31.066+0000] {processor.py:830} INFO - Processing file /opt/airflow/dags/kafka_stream.py for tasks to queue
[2025-04-02T21:40:31.067+0000] {logging_mixin.py:188} INFO - [2025-04-02T21:40:31.067+0000] {dagbag.py:545} INFO - Filling up the DagBag from /opt/airflow/dags/kafka_stream.py
[2025-04-02T21:40:31.078+0000] {processor.py:840} INFO - DAG(s) 'user_automation' retrieved from /opt/airflow/dags/kafka_stream.py
[2025-04-02T21:40:31.114+0000] {logging_mixin.py:188} INFO - [2025-04-02T21:40:31.114+0000] {dag.py:3089} INFO - Sync 1 DAGs
[2025-04-02T21:40:31.131+0000] {logging_mixin.py:188} INFO - [2025-04-02T21:40:31.131+0000] {dag.py:3947} INFO - Setting next_dagrun for user_automation to 2025-04-01 00:00:00+00:00, run_after=2025-04-02 00:00:00+00:00
[2025-04-02T21:40:31.145+0000] {processor.py:183} INFO - Processing /opt/airflow/dags/kafka_stream.py took 0.084 seconds
[2025-04-02T21:41:01.415+0000] {processor.py:161} INFO - Started process (PID=232) to work on /opt/airflow/dags/kafka_stream.py
[2025-04-02T21:41:01.416+0000] {processor.py:830} INFO - Processing file /opt/airflow/dags/kafka_stream.py for tasks to queue
[2025-04-02T21:41:01.417+0000] {logging_mixin.py:188} INFO - [2025-04-02T21:41:01.416+0000] {dagbag.py:545} INFO - Filling up the DagBag from /opt/airflow/dags/kafka_stream.py
[2025-04-02T21:41:01.425+0000] {processor.py:840} INFO - DAG(s) 'user_automation' retrieved from /opt/airflow/dags/kafka_stream.py
[2025-04-02T21:41:01.448+0000] {logging_mixin.py:188} INFO - [2025-04-02T21:41:01.448+0000] {dag.py:3089} INFO - Sync 1 DAGs
[2025-04-02T21:41:01.469+0000] {logging_mixin.py:188} INFO - [2025-04-02T21:41:01.469+0000] {dag.py:3947} INFO - Setting next_dagrun for user_automation to 2025-04-01 00:00:00+00:00, run_after=2025-04-02 00:00:00+00:00
[2025-04-02T21:41:01.483+0000] {processor.py:183} INFO - Processing /opt/airflow/dags/kafka_stream.py took 0.072 seconds
[2025-04-02T21:41:31.845+0000] {processor.py:161} INFO - Started process (PID=263) to work on /opt/airflow/dags/kafka_stream.py
[2025-04-02T21:41:31.846+0000] {processor.py:830} INFO - Processing file /opt/airflow/dags/kafka_stream.py for tasks to queue
[2025-04-02T21:41:31.847+0000] {logging_mixin.py:188} INFO - [2025-04-02T21:41:31.847+0000] {dagbag.py:545} INFO - Filling up the DagBag from /opt/airflow/dags/kafka_stream.py
[2025-04-02T21:41:31.856+0000] {processor.py:840} INFO - DAG(s) 'user_automation' retrieved from /opt/airflow/dags/kafka_stream.py
[2025-04-02T21:41:31.878+0000] {logging_mixin.py:188} INFO - [2025-04-02T21:41:31.878+0000] {dag.py:3089} INFO - Sync 1 DAGs
[2025-04-02T21:41:31.896+0000] {logging_mixin.py:188} INFO - [2025-04-02T21:41:31.896+0000] {dag.py:3947} INFO - Setting next_dagrun for user_automation to 2025-04-01 00:00:00+00:00, run_after=2025-04-02 00:00:00+00:00
[2025-04-02T21:41:31.908+0000] {processor.py:183} INFO - Processing /opt/airflow/dags/kafka_stream.py took 0.067 seconds
[2025-04-02T21:42:02.265+0000] {processor.py:161} INFO - Started process (PID=294) to work on /opt/airflow/dags/kafka_stream.py
[2025-04-02T21:42:02.265+0000] {processor.py:830} INFO - Processing file /opt/airflow/dags/kafka_stream.py for tasks to queue
[2025-04-02T21:42:02.266+0000] {logging_mixin.py:188} INFO - [2025-04-02T21:42:02.266+0000] {dagbag.py:545} INFO - Filling up the DagBag from /opt/airflow/dags/kafka_stream.py
[2025-04-02T21:42:02.275+0000] {processor.py:840} INFO - DAG(s) 'user_automation' retrieved from /opt/airflow/dags/kafka_stream.py
[2025-04-02T21:42:02.296+0000] {logging_mixin.py:188} INFO - [2025-04-02T21:42:02.295+0000] {dag.py:3089} INFO - Sync 1 DAGs
[2025-04-02T21:42:02.313+0000] {logging_mixin.py:188} INFO - [2025-04-02T21:42:02.313+0000] {dag.py:3947} INFO - Setting next_dagrun for user_automation to 2025-04-01 00:00:00+00:00, run_after=2025-04-02 00:00:00+00:00
[2025-04-02T21:42:02.325+0000] {processor.py:183} INFO - Processing /opt/airflow/dags/kafka_stream.py took 0.065 seconds
[2025-04-02T21:42:32.708+0000] {processor.py:161} INFO - Started process (PID=325) to work on /opt/airflow/dags/kafka_stream.py
[2025-04-02T21:42:32.708+0000] {processor.py:830} INFO - Processing file /opt/airflow/dags/kafka_stream.py for tasks to queue
[2025-04-02T21:42:32.710+0000] {logging_mixin.py:188} INFO - [2025-04-02T21:42:32.709+0000] {dagbag.py:545} INFO - Filling up the DagBag from /opt/airflow/dags/kafka_stream.py
[2025-04-02T21:42:32.718+0000] {processor.py:840} INFO - DAG(s) 'user_automation' retrieved from /opt/airflow/dags/kafka_stream.py
[2025-04-02T21:42:32.739+0000] {logging_mixin.py:188} INFO - [2025-04-02T21:42:32.738+0000] {dag.py:3089} INFO - Sync 1 DAGs
[2025-04-02T21:42:32.756+0000] {logging_mixin.py:188} INFO - [2025-04-02T21:42:32.756+0000] {dag.py:3947} INFO - Setting next_dagrun for user_automation to 2025-04-01 00:00:00+00:00, run_after=2025-04-02 00:00:00+00:00
[2025-04-02T21:42:32.769+0000] {processor.py:183} INFO - Processing /opt/airflow/dags/kafka_stream.py took 0.066 seconds
[2025-04-02T21:43:03.108+0000] {processor.py:161} INFO - Started process (PID=356) to work on /opt/airflow/dags/kafka_stream.py
[2025-04-02T21:43:03.109+0000] {processor.py:830} INFO - Processing file /opt/airflow/dags/kafka_stream.py for tasks to queue
[2025-04-02T21:43:03.110+0000] {logging_mixin.py:188} INFO - [2025-04-02T21:43:03.109+0000] {dagbag.py:545} INFO - Filling up the DagBag from /opt/airflow/dags/kafka_stream.py
[2025-04-02T21:43:03.117+0000] {processor.py:840} INFO - DAG(s) 'user_automation' retrieved from /opt/airflow/dags/kafka_stream.py
[2025-04-02T21:43:03.138+0000] {logging_mixin.py:188} INFO - [2025-04-02T21:43:03.138+0000] {dag.py:3089} INFO - Sync 1 DAGs
[2025-04-02T21:43:03.156+0000] {logging_mixin.py:188} INFO - [2025-04-02T21:43:03.156+0000] {dag.py:3947} INFO - Setting next_dagrun for user_automation to 2025-04-01 00:00:00+00:00, run_after=2025-04-02 00:00:00+00:00
[2025-04-02T21:43:03.168+0000] {processor.py:183} INFO - Processing /opt/airflow/dags/kafka_stream.py took 0.065 seconds
[2025-04-02T21:43:33.459+0000] {processor.py:161} INFO - Started process (PID=387) to work on /opt/airflow/dags/kafka_stream.py
[2025-04-02T21:43:33.465+0000] {processor.py:830} INFO - Processing file /opt/airflow/dags/kafka_stream.py for tasks to queue
[2025-04-02T21:43:33.466+0000] {logging_mixin.py:188} INFO - [2025-04-02T21:43:33.466+0000] {dagbag.py:545} INFO - Filling up the DagBag from /opt/airflow/dags/kafka_stream.py
[2025-04-02T21:43:33.475+0000] {processor.py:840} INFO - DAG(s) 'user_automation' retrieved from /opt/airflow/dags/kafka_stream.py
[2025-04-02T21:43:33.504+0000] {logging_mixin.py:188} INFO - [2025-04-02T21:43:33.503+0000] {dag.py:3089} INFO - Sync 1 DAGs
[2025-04-02T21:43:33.528+0000] {logging_mixin.py:188} INFO - [2025-04-02T21:43:33.528+0000] {dag.py:3947} INFO - Setting next_dagrun for user_automation to 2025-04-01 00:00:00+00:00, run_after=2025-04-02 00:00:00+00:00
[2025-04-02T21:43:33.542+0000] {processor.py:183} INFO - Processing /opt/airflow/dags/kafka_stream.py took 0.087 seconds
[2025-04-02T21:44:03.866+0000] {processor.py:161} INFO - Started process (PID=418) to work on /opt/airflow/dags/kafka_stream.py
[2025-04-02T21:44:03.867+0000] {processor.py:830} INFO - Processing file /opt/airflow/dags/kafka_stream.py for tasks to queue
[2025-04-02T21:44:03.868+0000] {logging_mixin.py:188} INFO - [2025-04-02T21:44:03.868+0000] {dagbag.py:545} INFO - Filling up the DagBag from /opt/airflow/dags/kafka_stream.py
[2025-04-02T21:44:03.877+0000] {processor.py:840} INFO - DAG(s) 'user_automation' retrieved from /opt/airflow/dags/kafka_stream.py
[2025-04-02T21:44:03.899+0000] {logging_mixin.py:188} INFO - [2025-04-02T21:44:03.899+0000] {dag.py:3089} INFO - Sync 1 DAGs
[2025-04-02T21:44:03.918+0000] {logging_mixin.py:188} INFO - [2025-04-02T21:44:03.918+0000] {dag.py:3947} INFO - Setting next_dagrun for user_automation to 2025-04-01 00:00:00+00:00, run_after=2025-04-02 00:00:00+00:00
[2025-04-02T21:44:03.932+0000] {processor.py:183} INFO - Processing /opt/airflow/dags/kafka_stream.py took 0.070 seconds
[2025-04-02T21:44:34.201+0000] {processor.py:161} INFO - Started process (PID=449) to work on /opt/airflow/dags/kafka_stream.py
[2025-04-02T21:44:34.201+0000] {processor.py:830} INFO - Processing file /opt/airflow/dags/kafka_stream.py for tasks to queue
[2025-04-02T21:44:34.202+0000] {logging_mixin.py:188} INFO - [2025-04-02T21:44:34.202+0000] {dagbag.py:545} INFO - Filling up the DagBag from /opt/airflow/dags/kafka_stream.py
[2025-04-02T21:44:34.211+0000] {processor.py:840} INFO - DAG(s) 'user_automation' retrieved from /opt/airflow/dags/kafka_stream.py
[2025-04-02T21:44:34.220+0000] {logging_mixin.py:188} INFO - [2025-04-02T21:44:34.220+0000] {dag.py:3089} INFO - Sync 1 DAGs
[2025-04-02T21:44:34.238+0000] {logging_mixin.py:188} INFO - [2025-04-02T21:44:34.238+0000] {dag.py:3947} INFO - Setting next_dagrun for user_automation to 2025-04-01 00:00:00+00:00, run_after=2025-04-02 00:00:00+00:00
[2025-04-02T21:44:34.251+0000] {processor.py:183} INFO - Processing /opt/airflow/dags/kafka_stream.py took 0.056 seconds
[2025-04-02T21:45:04.600+0000] {processor.py:161} INFO - Started process (PID=480) to work on /opt/airflow/dags/kafka_stream.py
[2025-04-02T21:45:04.601+0000] {processor.py:830} INFO - Processing file /opt/airflow/dags/kafka_stream.py for tasks to queue
[2025-04-02T21:45:04.603+0000] {logging_mixin.py:188} INFO - [2025-04-02T21:45:04.602+0000] {dagbag.py:545} INFO - Filling up the DagBag from /opt/airflow/dags/kafka_stream.py
[2025-04-02T21:45:04.611+0000] {processor.py:840} INFO - DAG(s) 'user_automation' retrieved from /opt/airflow/dags/kafka_stream.py
[2025-04-02T21:45:04.709+0000] {logging_mixin.py:188} INFO - [2025-04-02T21:45:04.708+0000] {dag.py:3089} INFO - Sync 1 DAGs
[2025-04-02T21:45:04.724+0000] {logging_mixin.py:188} INFO - [2025-04-02T21:45:04.724+0000] {dag.py:3947} INFO - Setting next_dagrun for user_automation to 2025-04-01 00:00:00+00:00, run_after=2025-04-02 00:00:00+00:00
[2025-04-02T21:45:04.736+0000] {processor.py:183} INFO - Processing /opt/airflow/dags/kafka_stream.py took 0.140 seconds
[2025-04-02T21:45:35.149+0000] {processor.py:161} INFO - Started process (PID=511) to work on /opt/airflow/dags/kafka_stream.py
[2025-04-02T21:45:35.150+0000] {processor.py:830} INFO - Processing file /opt/airflow/dags/kafka_stream.py for tasks to queue
[2025-04-02T21:45:35.152+0000] {logging_mixin.py:188} INFO - [2025-04-02T21:45:35.152+0000] {dagbag.py:545} INFO - Filling up the DagBag from /opt/airflow/dags/kafka_stream.py
[2025-04-02T21:45:35.165+0000] {processor.py:840} INFO - DAG(s) 'user_automation' retrieved from /opt/airflow/dags/kafka_stream.py
[2025-04-02T21:45:35.200+0000] {logging_mixin.py:188} INFO - [2025-04-02T21:45:35.199+0000] {dag.py:3089} INFO - Sync 1 DAGs
[2025-04-02T21:45:35.232+0000] {logging_mixin.py:188} INFO - [2025-04-02T21:45:35.231+0000] {dag.py:3947} INFO - Setting next_dagrun for user_automation to 2025-04-01 00:00:00+00:00, run_after=2025-04-02 00:00:00+00:00
[2025-04-02T21:45:35.251+0000] {processor.py:183} INFO - Processing /opt/airflow/dags/kafka_stream.py took 0.109 seconds
[2025-04-02T21:46:05.678+0000] {processor.py:161} INFO - Started process (PID=542) to work on /opt/airflow/dags/kafka_stream.py
[2025-04-02T21:46:05.679+0000] {processor.py:830} INFO - Processing file /opt/airflow/dags/kafka_stream.py for tasks to queue
[2025-04-02T21:46:05.680+0000] {logging_mixin.py:188} INFO - [2025-04-02T21:46:05.680+0000] {dagbag.py:545} INFO - Filling up the DagBag from /opt/airflow/dags/kafka_stream.py
[2025-04-02T21:46:05.688+0000] {processor.py:840} INFO - DAG(s) 'user_automation' retrieved from /opt/airflow/dags/kafka_stream.py
[2025-04-02T21:46:05.709+0000] {logging_mixin.py:188} INFO - [2025-04-02T21:46:05.708+0000] {dag.py:3089} INFO - Sync 1 DAGs
[2025-04-02T21:46:05.726+0000] {logging_mixin.py:188} INFO - [2025-04-02T21:46:05.726+0000] {dag.py:3947} INFO - Setting next_dagrun for user_automation to 2025-04-01 00:00:00+00:00, run_after=2025-04-02 00:00:00+00:00
[2025-04-02T21:46:05.739+0000] {processor.py:183} INFO - Processing /opt/airflow/dags/kafka_stream.py took 0.065 seconds
[2025-04-02T21:46:36.083+0000] {processor.py:161} INFO - Started process (PID=573) to work on /opt/airflow/dags/kafka_stream.py
[2025-04-02T21:46:36.084+0000] {processor.py:830} INFO - Processing file /opt/airflow/dags/kafka_stream.py for tasks to queue
[2025-04-02T21:46:36.085+0000] {logging_mixin.py:188} INFO - [2025-04-02T21:46:36.084+0000] {dagbag.py:545} INFO - Filling up the DagBag from /opt/airflow/dags/kafka_stream.py
[2025-04-02T21:46:36.093+0000] {processor.py:840} INFO - DAG(s) 'user_automation' retrieved from /opt/airflow/dags/kafka_stream.py
[2025-04-02T21:46:36.115+0000] {logging_mixin.py:188} INFO - [2025-04-02T21:46:36.115+0000] {dag.py:3089} INFO - Sync 1 DAGs
[2025-04-02T21:46:36.132+0000] {logging_mixin.py:188} INFO - [2025-04-02T21:46:36.132+0000] {dag.py:3947} INFO - Setting next_dagrun for user_automation to 2025-04-01 00:00:00+00:00, run_after=2025-04-02 00:00:00+00:00
[2025-04-02T21:46:36.145+0000] {processor.py:183} INFO - Processing /opt/airflow/dags/kafka_stream.py took 0.066 seconds
[2025-04-02T21:47:06.459+0000] {processor.py:161} INFO - Started process (PID=604) to work on /opt/airflow/dags/kafka_stream.py
[2025-04-02T21:47:06.460+0000] {processor.py:830} INFO - Processing file /opt/airflow/dags/kafka_stream.py for tasks to queue
[2025-04-02T21:47:06.461+0000] {logging_mixin.py:188} INFO - [2025-04-02T21:47:06.460+0000] {dagbag.py:545} INFO - Filling up the DagBag from /opt/airflow/dags/kafka_stream.py
[2025-04-02T21:47:06.469+0000] {processor.py:840} INFO - DAG(s) 'user_automation' retrieved from /opt/airflow/dags/kafka_stream.py
[2025-04-02T21:47:06.489+0000] {logging_mixin.py:188} INFO - [2025-04-02T21:47:06.489+0000] {dag.py:3089} INFO - Sync 1 DAGs
[2025-04-02T21:47:06.505+0000] {logging_mixin.py:188} INFO - [2025-04-02T21:47:06.505+0000] {dag.py:3947} INFO - Setting next_dagrun for user_automation to 2025-04-01 00:00:00+00:00, run_after=2025-04-02 00:00:00+00:00
[2025-04-02T21:47:06.517+0000] {processor.py:183} INFO - Processing /opt/airflow/dags/kafka_stream.py took 0.062 seconds
[2025-04-02T21:47:36.898+0000] {processor.py:161} INFO - Started process (PID=635) to work on /opt/airflow/dags/kafka_stream.py
[2025-04-02T21:47:36.899+0000] {processor.py:830} INFO - Processing file /opt/airflow/dags/kafka_stream.py for tasks to queue
[2025-04-02T21:47:36.900+0000] {logging_mixin.py:188} INFO - [2025-04-02T21:47:36.900+0000] {dagbag.py:545} INFO - Filling up the DagBag from /opt/airflow/dags/kafka_stream.py
[2025-04-02T21:47:36.909+0000] {processor.py:840} INFO - DAG(s) 'user_automation' retrieved from /opt/airflow/dags/kafka_stream.py
[2025-04-02T21:47:36.929+0000] {logging_mixin.py:188} INFO - [2025-04-02T21:47:36.929+0000] {dag.py:3089} INFO - Sync 1 DAGs
[2025-04-02T21:47:36.946+0000] {logging_mixin.py:188} INFO - [2025-04-02T21:47:36.946+0000] {dag.py:3947} INFO - Setting next_dagrun for user_automation to 2025-04-01 00:00:00+00:00, run_after=2025-04-02 00:00:00+00:00
[2025-04-02T21:47:36.958+0000] {processor.py:183} INFO - Processing /opt/airflow/dags/kafka_stream.py took 0.064 seconds
[2025-04-02T21:48:07.338+0000] {processor.py:161} INFO - Started process (PID=666) to work on /opt/airflow/dags/kafka_stream.py
[2025-04-02T21:48:07.340+0000] {processor.py:830} INFO - Processing file /opt/airflow/dags/kafka_stream.py for tasks to queue
[2025-04-02T21:48:07.341+0000] {logging_mixin.py:188} INFO - [2025-04-02T21:48:07.341+0000] {dagbag.py:545} INFO - Filling up the DagBag from /opt/airflow/dags/kafka_stream.py
[2025-04-02T21:48:07.349+0000] {processor.py:840} INFO - DAG(s) 'user_automation' retrieved from /opt/airflow/dags/kafka_stream.py
[2025-04-02T21:48:07.369+0000] {logging_mixin.py:188} INFO - [2025-04-02T21:48:07.369+0000] {dag.py:3089} INFO - Sync 1 DAGs
[2025-04-02T21:48:07.386+0000] {logging_mixin.py:188} INFO - [2025-04-02T21:48:07.386+0000] {dag.py:3947} INFO - Setting next_dagrun for user_automation to 2025-04-01 00:00:00+00:00, run_after=2025-04-02 00:00:00+00:00
[2025-04-02T21:48:07.399+0000] {processor.py:183} INFO - Processing /opt/airflow/dags/kafka_stream.py took 0.065 seconds
[2025-04-02T21:48:37.780+0000] {processor.py:161} INFO - Started process (PID=697) to work on /opt/airflow/dags/kafka_stream.py
[2025-04-02T21:48:37.782+0000] {processor.py:830} INFO - Processing file /opt/airflow/dags/kafka_stream.py for tasks to queue
[2025-04-02T21:48:37.783+0000] {logging_mixin.py:188} INFO - [2025-04-02T21:48:37.783+0000] {dagbag.py:545} INFO - Filling up the DagBag from /opt/airflow/dags/kafka_stream.py
[2025-04-02T21:48:37.791+0000] {processor.py:840} INFO - DAG(s) 'user_automation' retrieved from /opt/airflow/dags/kafka_stream.py
[2025-04-02T21:48:37.813+0000] {logging_mixin.py:188} INFO - [2025-04-02T21:48:37.813+0000] {dag.py:3089} INFO - Sync 1 DAGs
[2025-04-02T21:48:37.830+0000] {logging_mixin.py:188} INFO - [2025-04-02T21:48:37.830+0000] {dag.py:3947} INFO - Setting next_dagrun for user_automation to 2025-04-01 00:00:00+00:00, run_after=2025-04-02 00:00:00+00:00
[2025-04-02T21:48:37.843+0000] {processor.py:183} INFO - Processing /opt/airflow/dags/kafka_stream.py took 0.067 seconds
[2025-04-02T21:49:08.229+0000] {processor.py:161} INFO - Started process (PID=728) to work on /opt/airflow/dags/kafka_stream.py
[2025-04-02T21:49:08.230+0000] {processor.py:830} INFO - Processing file /opt/airflow/dags/kafka_stream.py for tasks to queue
[2025-04-02T21:49:08.231+0000] {logging_mixin.py:188} INFO - [2025-04-02T21:49:08.231+0000] {dagbag.py:545} INFO - Filling up the DagBag from /opt/airflow/dags/kafka_stream.py
[2025-04-02T21:49:08.240+0000] {processor.py:840} INFO - DAG(s) 'user_automation' retrieved from /opt/airflow/dags/kafka_stream.py
[2025-04-02T21:49:08.260+0000] {logging_mixin.py:188} INFO - [2025-04-02T21:49:08.260+0000] {dag.py:3089} INFO - Sync 1 DAGs
[2025-04-02T21:49:08.276+0000] {logging_mixin.py:188} INFO - [2025-04-02T21:49:08.276+0000] {dag.py:3947} INFO - Setting next_dagrun for user_automation to 2025-04-01 00:00:00+00:00, run_after=2025-04-02 00:00:00+00:00
[2025-04-02T21:49:08.289+0000] {processor.py:183} INFO - Processing /opt/airflow/dags/kafka_stream.py took 0.064 seconds
[2025-04-02T21:49:38.674+0000] {processor.py:161} INFO - Started process (PID=759) to work on /opt/airflow/dags/kafka_stream.py
[2025-04-02T21:49:38.681+0000] {processor.py:830} INFO - Processing file /opt/airflow/dags/kafka_stream.py for tasks to queue
[2025-04-02T21:49:38.682+0000] {logging_mixin.py:188} INFO - [2025-04-02T21:49:38.682+0000] {dagbag.py:545} INFO - Filling up the DagBag from /opt/airflow/dags/kafka_stream.py
[2025-04-02T21:49:38.690+0000] {processor.py:840} INFO - DAG(s) 'user_automation' retrieved from /opt/airflow/dags/kafka_stream.py
[2025-04-02T21:49:38.711+0000] {logging_mixin.py:188} INFO - [2025-04-02T21:49:38.711+0000] {dag.py:3089} INFO - Sync 1 DAGs
[2025-04-02T21:49:38.729+0000] {logging_mixin.py:188} INFO - [2025-04-02T21:49:38.729+0000] {dag.py:3947} INFO - Setting next_dagrun for user_automation to 2025-04-01 00:00:00+00:00, run_after=2025-04-02 00:00:00+00:00
[2025-04-02T21:49:38.742+0000] {processor.py:183} INFO - Processing /opt/airflow/dags/kafka_stream.py took 0.074 seconds
[2025-04-02T21:50:09.131+0000] {processor.py:161} INFO - Started process (PID=790) to work on /opt/airflow/dags/kafka_stream.py
[2025-04-02T21:50:09.132+0000] {processor.py:830} INFO - Processing file /opt/airflow/dags/kafka_stream.py for tasks to queue
[2025-04-02T21:50:09.133+0000] {logging_mixin.py:188} INFO - [2025-04-02T21:50:09.133+0000] {dagbag.py:545} INFO - Filling up the DagBag from /opt/airflow/dags/kafka_stream.py
[2025-04-02T21:50:09.145+0000] {processor.py:840} INFO - DAG(s) 'user_automation' retrieved from /opt/airflow/dags/kafka_stream.py
[2025-04-02T21:50:09.168+0000] {logging_mixin.py:188} INFO - [2025-04-02T21:50:09.168+0000] {dag.py:3089} INFO - Sync 1 DAGs
[2025-04-02T21:50:09.185+0000] {logging_mixin.py:188} INFO - [2025-04-02T21:50:09.185+0000] {dag.py:3947} INFO - Setting next_dagrun for user_automation to 2025-04-01 00:00:00+00:00, run_after=2025-04-02 00:00:00+00:00
[2025-04-02T21:50:09.198+0000] {processor.py:183} INFO - Processing /opt/airflow/dags/kafka_stream.py took 0.073 seconds
[2025-04-02T21:50:39.586+0000] {processor.py:161} INFO - Started process (PID=821) to work on /opt/airflow/dags/kafka_stream.py
[2025-04-02T21:50:39.594+0000] {processor.py:830} INFO - Processing file /opt/airflow/dags/kafka_stream.py for tasks to queue
[2025-04-02T21:50:39.596+0000] {logging_mixin.py:188} INFO - [2025-04-02T21:50:39.595+0000] {dagbag.py:545} INFO - Filling up the DagBag from /opt/airflow/dags/kafka_stream.py
[2025-04-02T21:50:39.605+0000] {processor.py:840} INFO - DAG(s) 'user_automation' retrieved from /opt/airflow/dags/kafka_stream.py
[2025-04-02T21:50:39.629+0000] {logging_mixin.py:188} INFO - [2025-04-02T21:50:39.629+0000] {dag.py:3089} INFO - Sync 1 DAGs
[2025-04-02T21:50:39.646+0000] {logging_mixin.py:188} INFO - [2025-04-02T21:50:39.646+0000] {dag.py:3947} INFO - Setting next_dagrun for user_automation to 2025-04-01 00:00:00+00:00, run_after=2025-04-02 00:00:00+00:00
[2025-04-02T21:50:39.660+0000] {processor.py:183} INFO - Processing /opt/airflow/dags/kafka_stream.py took 0.078 seconds
[2025-04-02T21:51:10.048+0000] {processor.py:161} INFO - Started process (PID=852) to work on /opt/airflow/dags/kafka_stream.py
[2025-04-02T21:51:10.049+0000] {processor.py:830} INFO - Processing file /opt/airflow/dags/kafka_stream.py for tasks to queue
[2025-04-02T21:51:10.050+0000] {logging_mixin.py:188} INFO - [2025-04-02T21:51:10.050+0000] {dagbag.py:545} INFO - Filling up the DagBag from /opt/airflow/dags/kafka_stream.py
[2025-04-02T21:51:10.058+0000] {processor.py:840} INFO - DAG(s) 'user_automation' retrieved from /opt/airflow/dags/kafka_stream.py
[2025-04-02T21:51:10.080+0000] {logging_mixin.py:188} INFO - [2025-04-02T21:51:10.080+0000] {dag.py:3089} INFO - Sync 1 DAGs
[2025-04-02T21:51:10.098+0000] {logging_mixin.py:188} INFO - [2025-04-02T21:51:10.098+0000] {dag.py:3947} INFO - Setting next_dagrun for user_automation to 2025-04-01 00:00:00+00:00, run_after=2025-04-02 00:00:00+00:00
[2025-04-02T21:51:10.111+0000] {processor.py:183} INFO - Processing /opt/airflow/dags/kafka_stream.py took 0.068 seconds
[2025-04-02T21:51:40.490+0000] {processor.py:161} INFO - Started process (PID=883) to work on /opt/airflow/dags/kafka_stream.py
[2025-04-02T21:51:40.491+0000] {processor.py:830} INFO - Processing file /opt/airflow/dags/kafka_stream.py for tasks to queue
[2025-04-02T21:51:40.492+0000] {logging_mixin.py:188} INFO - [2025-04-02T21:51:40.492+0000] {dagbag.py:545} INFO - Filling up the DagBag from /opt/airflow/dags/kafka_stream.py
[2025-04-02T21:51:40.501+0000] {processor.py:840} INFO - DAG(s) 'user_automation' retrieved from /opt/airflow/dags/kafka_stream.py
[2025-04-02T21:51:40.522+0000] {logging_mixin.py:188} INFO - [2025-04-02T21:51:40.522+0000] {dag.py:3089} INFO - Sync 1 DAGs
[2025-04-02T21:51:40.538+0000] {logging_mixin.py:188} INFO - [2025-04-02T21:51:40.538+0000] {dag.py:3947} INFO - Setting next_dagrun for user_automation to 2025-04-01 00:00:00+00:00, run_after=2025-04-02 00:00:00+00:00
[2025-04-02T21:51:40.550+0000] {processor.py:183} INFO - Processing /opt/airflow/dags/kafka_stream.py took 0.065 seconds
[2025-04-02T21:52:10.929+0000] {processor.py:161} INFO - Started process (PID=914) to work on /opt/airflow/dags/kafka_stream.py
[2025-04-02T21:52:10.930+0000] {processor.py:830} INFO - Processing file /opt/airflow/dags/kafka_stream.py for tasks to queue
[2025-04-02T21:52:10.931+0000] {logging_mixin.py:188} INFO - [2025-04-02T21:52:10.931+0000] {dagbag.py:545} INFO - Filling up the DagBag from /opt/airflow/dags/kafka_stream.py
[2025-04-02T21:52:10.940+0000] {processor.py:840} INFO - DAG(s) 'user_automation' retrieved from /opt/airflow/dags/kafka_stream.py
[2025-04-02T21:52:10.960+0000] {logging_mixin.py:188} INFO - [2025-04-02T21:52:10.960+0000] {dag.py:3089} INFO - Sync 1 DAGs
[2025-04-02T21:52:10.977+0000] {logging_mixin.py:188} INFO - [2025-04-02T21:52:10.977+0000] {dag.py:3947} INFO - Setting next_dagrun for user_automation to 2025-04-01 00:00:00+00:00, run_after=2025-04-02 00:00:00+00:00
[2025-04-02T21:52:10.990+0000] {processor.py:183} INFO - Processing /opt/airflow/dags/kafka_stream.py took 0.065 seconds
[2025-04-02T21:52:41.370+0000] {processor.py:161} INFO - Started process (PID=945) to work on /opt/airflow/dags/kafka_stream.py
[2025-04-02T21:52:41.371+0000] {processor.py:830} INFO - Processing file /opt/airflow/dags/kafka_stream.py for tasks to queue
[2025-04-02T21:52:41.372+0000] {logging_mixin.py:188} INFO - [2025-04-02T21:52:41.372+0000] {dagbag.py:545} INFO - Filling up the DagBag from /opt/airflow/dags/kafka_stream.py
[2025-04-02T21:52:41.380+0000] {processor.py:840} INFO - DAG(s) 'user_automation' retrieved from /opt/airflow/dags/kafka_stream.py
[2025-04-02T21:52:41.401+0000] {logging_mixin.py:188} INFO - [2025-04-02T21:52:41.400+0000] {dag.py:3089} INFO - Sync 1 DAGs
[2025-04-02T21:52:41.418+0000] {logging_mixin.py:188} INFO - [2025-04-02T21:52:41.418+0000] {dag.py:3947} INFO - Setting next_dagrun for user_automation to 2025-04-01 00:00:00+00:00, run_after=2025-04-02 00:00:00+00:00
[2025-04-02T21:52:41.431+0000] {processor.py:183} INFO - Processing /opt/airflow/dags/kafka_stream.py took 0.065 seconds
[2025-04-02T21:53:11.770+0000] {processor.py:161} INFO - Started process (PID=976) to work on /opt/airflow/dags/kafka_stream.py
[2025-04-02T21:53:11.772+0000] {processor.py:830} INFO - Processing file /opt/airflow/dags/kafka_stream.py for tasks to queue
[2025-04-02T21:53:11.773+0000] {logging_mixin.py:188} INFO - [2025-04-02T21:53:11.773+0000] {dagbag.py:545} INFO - Filling up the DagBag from /opt/airflow/dags/kafka_stream.py
[2025-04-02T21:53:11.781+0000] {processor.py:840} INFO - DAG(s) 'user_automation' retrieved from /opt/airflow/dags/kafka_stream.py
[2025-04-02T21:53:11.802+0000] {logging_mixin.py:188} INFO - [2025-04-02T21:53:11.801+0000] {dag.py:3089} INFO - Sync 1 DAGs
[2025-04-02T21:53:11.819+0000] {logging_mixin.py:188} INFO - [2025-04-02T21:53:11.819+0000] {dag.py:3947} INFO - Setting next_dagrun for user_automation to 2025-04-01 00:00:00+00:00, run_after=2025-04-02 00:00:00+00:00
[2025-04-02T21:53:11.832+0000] {processor.py:183} INFO - Processing /opt/airflow/dags/kafka_stream.py took 0.066 seconds
[2025-04-02T21:53:42.214+0000] {processor.py:161} INFO - Started process (PID=1007) to work on /opt/airflow/dags/kafka_stream.py
[2025-04-02T21:53:42.216+0000] {processor.py:830} INFO - Processing file /opt/airflow/dags/kafka_stream.py for tasks to queue
[2025-04-02T21:53:42.217+0000] {logging_mixin.py:188} INFO - [2025-04-02T21:53:42.217+0000] {dagbag.py:545} INFO - Filling up the DagBag from /opt/airflow/dags/kafka_stream.py
[2025-04-02T21:53:42.225+0000] {processor.py:840} INFO - DAG(s) 'user_automation' retrieved from /opt/airflow/dags/kafka_stream.py
[2025-04-02T21:53:42.246+0000] {logging_mixin.py:188} INFO - [2025-04-02T21:53:42.246+0000] {dag.py:3089} INFO - Sync 1 DAGs
[2025-04-02T21:53:42.263+0000] {logging_mixin.py:188} INFO - [2025-04-02T21:53:42.263+0000] {dag.py:3947} INFO - Setting next_dagrun for user_automation to 2025-04-01 00:00:00+00:00, run_after=2025-04-02 00:00:00+00:00
[2025-04-02T21:53:42.275+0000] {processor.py:183} INFO - Processing /opt/airflow/dags/kafka_stream.py took 0.065 seconds
[2025-04-02T21:54:12.648+0000] {processor.py:161} INFO - Started process (PID=1038) to work on /opt/airflow/dags/kafka_stream.py
[2025-04-02T21:54:12.649+0000] {processor.py:830} INFO - Processing file /opt/airflow/dags/kafka_stream.py for tasks to queue
[2025-04-02T21:54:12.650+0000] {logging_mixin.py:188} INFO - [2025-04-02T21:54:12.650+0000] {dagbag.py:545} INFO - Filling up the DagBag from /opt/airflow/dags/kafka_stream.py
[2025-04-02T21:54:12.658+0000] {processor.py:840} INFO - DAG(s) 'user_automation' retrieved from /opt/airflow/dags/kafka_stream.py
[2025-04-02T21:54:12.679+0000] {logging_mixin.py:188} INFO - [2025-04-02T21:54:12.679+0000] {dag.py:3089} INFO - Sync 1 DAGs
[2025-04-02T21:54:12.696+0000] {logging_mixin.py:188} INFO - [2025-04-02T21:54:12.696+0000] {dag.py:3947} INFO - Setting next_dagrun for user_automation to 2025-04-01 00:00:00+00:00, run_after=2025-04-02 00:00:00+00:00
[2025-04-02T21:54:12.708+0000] {processor.py:183} INFO - Processing /opt/airflow/dags/kafka_stream.py took 0.064 seconds
[2025-04-02T21:54:43.089+0000] {processor.py:161} INFO - Started process (PID=1069) to work on /opt/airflow/dags/kafka_stream.py
[2025-04-02T21:54:43.090+0000] {processor.py:830} INFO - Processing file /opt/airflow/dags/kafka_stream.py for tasks to queue
[2025-04-02T21:54:43.091+0000] {logging_mixin.py:188} INFO - [2025-04-02T21:54:43.091+0000] {dagbag.py:545} INFO - Filling up the DagBag from /opt/airflow/dags/kafka_stream.py
[2025-04-02T21:54:43.100+0000] {processor.py:840} INFO - DAG(s) 'user_automation' retrieved from /opt/airflow/dags/kafka_stream.py
[2025-04-02T21:54:43.120+0000] {logging_mixin.py:188} INFO - [2025-04-02T21:54:43.120+0000] {dag.py:3089} INFO - Sync 1 DAGs
[2025-04-02T21:54:43.136+0000] {logging_mixin.py:188} INFO - [2025-04-02T21:54:43.136+0000] {dag.py:3947} INFO - Setting next_dagrun for user_automation to 2025-04-01 00:00:00+00:00, run_after=2025-04-02 00:00:00+00:00
[2025-04-02T21:54:43.149+0000] {processor.py:183} INFO - Processing /opt/airflow/dags/kafka_stream.py took 0.064 seconds
[2025-04-02T21:55:13.526+0000] {processor.py:161} INFO - Started process (PID=1100) to work on /opt/airflow/dags/kafka_stream.py
[2025-04-02T21:55:13.527+0000] {processor.py:830} INFO - Processing file /opt/airflow/dags/kafka_stream.py for tasks to queue
[2025-04-02T21:55:13.529+0000] {logging_mixin.py:188} INFO - [2025-04-02T21:55:13.528+0000] {dagbag.py:545} INFO - Filling up the DagBag from /opt/airflow/dags/kafka_stream.py
[2025-04-02T21:55:13.537+0000] {processor.py:840} INFO - DAG(s) 'user_automation' retrieved from /opt/airflow/dags/kafka_stream.py
[2025-04-02T21:55:13.558+0000] {logging_mixin.py:188} INFO - [2025-04-02T21:55:13.557+0000] {dag.py:3089} INFO - Sync 1 DAGs
[2025-04-02T21:55:13.574+0000] {logging_mixin.py:188} INFO - [2025-04-02T21:55:13.574+0000] {dag.py:3947} INFO - Setting next_dagrun for user_automation to 2025-04-01 00:00:00+00:00, run_after=2025-04-02 00:00:00+00:00
[2025-04-02T21:55:13.587+0000] {processor.py:183} INFO - Processing /opt/airflow/dags/kafka_stream.py took 0.065 seconds
[2025-04-02T21:55:43.977+0000] {processor.py:161} INFO - Started process (PID=1131) to work on /opt/airflow/dags/kafka_stream.py
[2025-04-02T21:55:43.978+0000] {processor.py:830} INFO - Processing file /opt/airflow/dags/kafka_stream.py for tasks to queue
[2025-04-02T21:55:43.979+0000] {logging_mixin.py:188} INFO - [2025-04-02T21:55:43.979+0000] {dagbag.py:545} INFO - Filling up the DagBag from /opt/airflow/dags/kafka_stream.py
[2025-04-02T21:55:43.987+0000] {processor.py:840} INFO - DAG(s) 'user_automation' retrieved from /opt/airflow/dags/kafka_stream.py
[2025-04-02T21:55:44.008+0000] {logging_mixin.py:188} INFO - [2025-04-02T21:55:44.007+0000] {dag.py:3089} INFO - Sync 1 DAGs
[2025-04-02T21:55:44.024+0000] {logging_mixin.py:188} INFO - [2025-04-02T21:55:44.024+0000] {dag.py:3947} INFO - Setting next_dagrun for user_automation to 2025-04-01 00:00:00+00:00, run_after=2025-04-02 00:00:00+00:00
[2025-04-02T21:55:44.036+0000] {processor.py:183} INFO - Processing /opt/airflow/dags/kafka_stream.py took 0.064 seconds
[2025-04-02T21:56:14.402+0000] {processor.py:161} INFO - Started process (PID=1162) to work on /opt/airflow/dags/kafka_stream.py
[2025-04-02T21:56:14.403+0000] {processor.py:830} INFO - Processing file /opt/airflow/dags/kafka_stream.py for tasks to queue
[2025-04-02T21:56:14.404+0000] {logging_mixin.py:188} INFO - [2025-04-02T21:56:14.404+0000] {dagbag.py:545} INFO - Filling up the DagBag from /opt/airflow/dags/kafka_stream.py
[2025-04-02T21:56:14.413+0000] {processor.py:840} INFO - DAG(s) 'user_automation' retrieved from /opt/airflow/dags/kafka_stream.py
[2025-04-02T21:56:14.435+0000] {logging_mixin.py:188} INFO - [2025-04-02T21:56:14.435+0000] {dag.py:3089} INFO - Sync 1 DAGs
[2025-04-02T21:56:14.452+0000] {logging_mixin.py:188} INFO - [2025-04-02T21:56:14.452+0000] {dag.py:3947} INFO - Setting next_dagrun for user_automation to 2025-04-01 00:00:00+00:00, run_after=2025-04-02 00:00:00+00:00
[2025-04-02T21:56:14.464+0000] {processor.py:183} INFO - Processing /opt/airflow/dags/kafka_stream.py took 0.067 seconds
[2025-04-02T21:56:44.842+0000] {processor.py:161} INFO - Started process (PID=1193) to work on /opt/airflow/dags/kafka_stream.py
[2025-04-02T21:56:44.843+0000] {processor.py:830} INFO - Processing file /opt/airflow/dags/kafka_stream.py for tasks to queue
[2025-04-02T21:56:44.844+0000] {logging_mixin.py:188} INFO - [2025-04-02T21:56:44.844+0000] {dagbag.py:545} INFO - Filling up the DagBag from /opt/airflow/dags/kafka_stream.py
[2025-04-02T21:56:44.853+0000] {processor.py:840} INFO - DAG(s) 'user_automation' retrieved from /opt/airflow/dags/kafka_stream.py
[2025-04-02T21:56:44.872+0000] {logging_mixin.py:188} INFO - [2025-04-02T21:56:44.872+0000] {dag.py:3089} INFO - Sync 1 DAGs
[2025-04-02T21:56:44.889+0000] {logging_mixin.py:188} INFO - [2025-04-02T21:56:44.889+0000] {dag.py:3947} INFO - Setting next_dagrun for user_automation to 2025-04-01 00:00:00+00:00, run_after=2025-04-02 00:00:00+00:00
[2025-04-02T21:56:44.901+0000] {processor.py:183} INFO - Processing /opt/airflow/dags/kafka_stream.py took 0.064 seconds
[2025-04-02T21:57:15.274+0000] {processor.py:161} INFO - Started process (PID=1224) to work on /opt/airflow/dags/kafka_stream.py
[2025-04-02T21:57:15.275+0000] {processor.py:830} INFO - Processing file /opt/airflow/dags/kafka_stream.py for tasks to queue
[2025-04-02T21:57:15.276+0000] {logging_mixin.py:188} INFO - [2025-04-02T21:57:15.276+0000] {dagbag.py:545} INFO - Filling up the DagBag from /opt/airflow/dags/kafka_stream.py
[2025-04-02T21:57:15.284+0000] {processor.py:840} INFO - DAG(s) 'user_automation' retrieved from /opt/airflow/dags/kafka_stream.py
[2025-04-02T21:57:15.305+0000] {logging_mixin.py:188} INFO - [2025-04-02T21:57:15.304+0000] {dag.py:3089} INFO - Sync 1 DAGs
[2025-04-02T21:57:15.321+0000] {logging_mixin.py:188} INFO - [2025-04-02T21:57:15.321+0000] {dag.py:3947} INFO - Setting next_dagrun for user_automation to 2025-04-01 00:00:00+00:00, run_after=2025-04-02 00:00:00+00:00
[2025-04-02T21:57:15.334+0000] {processor.py:183} INFO - Processing /opt/airflow/dags/kafka_stream.py took 0.064 seconds
[2025-04-02T21:57:45.708+0000] {processor.py:161} INFO - Started process (PID=1255) to work on /opt/airflow/dags/kafka_stream.py
[2025-04-02T21:57:45.710+0000] {processor.py:830} INFO - Processing file /opt/airflow/dags/kafka_stream.py for tasks to queue
[2025-04-02T21:57:45.711+0000] {logging_mixin.py:188} INFO - [2025-04-02T21:57:45.710+0000] {dagbag.py:545} INFO - Filling up the DagBag from /opt/airflow/dags/kafka_stream.py
[2025-04-02T21:57:45.719+0000] {processor.py:840} INFO - DAG(s) 'user_automation' retrieved from /opt/airflow/dags/kafka_stream.py
[2025-04-02T21:57:45.739+0000] {logging_mixin.py:188} INFO - [2025-04-02T21:57:45.738+0000] {dag.py:3089} INFO - Sync 1 DAGs
[2025-04-02T21:57:45.756+0000] {logging_mixin.py:188} INFO - [2025-04-02T21:57:45.755+0000] {dag.py:3947} INFO - Setting next_dagrun for user_automation to 2025-04-01 00:00:00+00:00, run_after=2025-04-02 00:00:00+00:00
[2025-04-02T21:57:45.768+0000] {processor.py:183} INFO - Processing /opt/airflow/dags/kafka_stream.py took 0.064 seconds
[2025-04-02T21:58:16.143+0000] {processor.py:161} INFO - Started process (PID=1286) to work on /opt/airflow/dags/kafka_stream.py
[2025-04-02T21:58:16.144+0000] {processor.py:830} INFO - Processing file /opt/airflow/dags/kafka_stream.py for tasks to queue
[2025-04-02T21:58:16.145+0000] {logging_mixin.py:188} INFO - [2025-04-02T21:58:16.145+0000] {dagbag.py:545} INFO - Filling up the DagBag from /opt/airflow/dags/kafka_stream.py
[2025-04-02T21:58:16.154+0000] {processor.py:840} INFO - DAG(s) 'user_automation' retrieved from /opt/airflow/dags/kafka_stream.py
[2025-04-02T21:58:16.175+0000] {logging_mixin.py:188} INFO - [2025-04-02T21:58:16.175+0000] {dag.py:3089} INFO - Sync 1 DAGs
[2025-04-02T21:58:16.193+0000] {logging_mixin.py:188} INFO - [2025-04-02T21:58:16.193+0000] {dag.py:3947} INFO - Setting next_dagrun for user_automation to 2025-04-01 00:00:00+00:00, run_after=2025-04-02 00:00:00+00:00
[2025-04-02T21:58:16.206+0000] {processor.py:183} INFO - Processing /opt/airflow/dags/kafka_stream.py took 0.068 seconds
[2025-04-02T21:58:46.584+0000] {processor.py:161} INFO - Started process (PID=1317) to work on /opt/airflow/dags/kafka_stream.py
[2025-04-02T21:58:46.585+0000] {processor.py:830} INFO - Processing file /opt/airflow/dags/kafka_stream.py for tasks to queue
[2025-04-02T21:58:46.586+0000] {logging_mixin.py:188} INFO - [2025-04-02T21:58:46.586+0000] {dagbag.py:545} INFO - Filling up the DagBag from /opt/airflow/dags/kafka_stream.py
[2025-04-02T21:58:46.594+0000] {processor.py:840} INFO - DAG(s) 'user_automation' retrieved from /opt/airflow/dags/kafka_stream.py
[2025-04-02T21:58:46.615+0000] {logging_mixin.py:188} INFO - [2025-04-02T21:58:46.615+0000] {dag.py:3089} INFO - Sync 1 DAGs
[2025-04-02T21:58:46.632+0000] {logging_mixin.py:188} INFO - [2025-04-02T21:58:46.632+0000] {dag.py:3947} INFO - Setting next_dagrun for user_automation to 2025-04-01 00:00:00+00:00, run_after=2025-04-02 00:00:00+00:00
[2025-04-02T21:58:46.645+0000] {processor.py:183} INFO - Processing /opt/airflow/dags/kafka_stream.py took 0.065 seconds
[2025-04-02T21:59:17.027+0000] {processor.py:161} INFO - Started process (PID=1348) to work on /opt/airflow/dags/kafka_stream.py
[2025-04-02T21:59:17.027+0000] {processor.py:830} INFO - Processing file /opt/airflow/dags/kafka_stream.py for tasks to queue
[2025-04-02T21:59:17.028+0000] {logging_mixin.py:188} INFO - [2025-04-02T21:59:17.028+0000] {dagbag.py:545} INFO - Filling up the DagBag from /opt/airflow/dags/kafka_stream.py
[2025-04-02T21:59:17.037+0000] {processor.py:840} INFO - DAG(s) 'user_automation' retrieved from /opt/airflow/dags/kafka_stream.py
[2025-04-02T21:59:17.058+0000] {logging_mixin.py:188} INFO - [2025-04-02T21:59:17.058+0000] {dag.py:3089} INFO - Sync 1 DAGs
[2025-04-02T21:59:17.076+0000] {logging_mixin.py:188} INFO - [2025-04-02T21:59:17.076+0000] {dag.py:3947} INFO - Setting next_dagrun for user_automation to 2025-04-01 00:00:00+00:00, run_after=2025-04-02 00:00:00+00:00
[2025-04-02T21:59:17.089+0000] {processor.py:183} INFO - Processing /opt/airflow/dags/kafka_stream.py took 0.067 seconds
[2025-04-02T21:59:47.486+0000] {processor.py:161} INFO - Started process (PID=1379) to work on /opt/airflow/dags/kafka_stream.py
[2025-04-02T21:59:47.487+0000] {processor.py:830} INFO - Processing file /opt/airflow/dags/kafka_stream.py for tasks to queue
[2025-04-02T21:59:47.488+0000] {logging_mixin.py:188} INFO - [2025-04-02T21:59:47.488+0000] {dagbag.py:545} INFO - Filling up the DagBag from /opt/airflow/dags/kafka_stream.py
[2025-04-02T21:59:47.496+0000] {processor.py:840} INFO - DAG(s) 'user_automation' retrieved from /opt/airflow/dags/kafka_stream.py
[2025-04-02T21:59:47.519+0000] {logging_mixin.py:188} INFO - [2025-04-02T21:59:47.519+0000] {dag.py:3089} INFO - Sync 1 DAGs
[2025-04-02T21:59:47.537+0000] {logging_mixin.py:188} INFO - [2025-04-02T21:59:47.537+0000] {dag.py:3947} INFO - Setting next_dagrun for user_automation to 2025-04-01 00:00:00+00:00, run_after=2025-04-02 00:00:00+00:00
[2025-04-02T21:59:47.550+0000] {processor.py:183} INFO - Processing /opt/airflow/dags/kafka_stream.py took 0.068 seconds
[2025-04-02T22:00:17.927+0000] {processor.py:161} INFO - Started process (PID=1410) to work on /opt/airflow/dags/kafka_stream.py
[2025-04-02T22:00:17.929+0000] {processor.py:830} INFO - Processing file /opt/airflow/dags/kafka_stream.py for tasks to queue
[2025-04-02T22:00:17.930+0000] {logging_mixin.py:188} INFO - [2025-04-02T22:00:17.930+0000] {dagbag.py:545} INFO - Filling up the DagBag from /opt/airflow/dags/kafka_stream.py
[2025-04-02T22:00:17.938+0000] {processor.py:840} INFO - DAG(s) 'user_automation' retrieved from /opt/airflow/dags/kafka_stream.py
[2025-04-02T22:00:17.958+0000] {logging_mixin.py:188} INFO - [2025-04-02T22:00:17.958+0000] {dag.py:3089} INFO - Sync 1 DAGs
[2025-04-02T22:00:17.974+0000] {logging_mixin.py:188} INFO - [2025-04-02T22:00:17.974+0000] {dag.py:3947} INFO - Setting next_dagrun for user_automation to 2025-04-01 00:00:00+00:00, run_after=2025-04-02 00:00:00+00:00
[2025-04-02T22:00:17.986+0000] {processor.py:183} INFO - Processing /opt/airflow/dags/kafka_stream.py took 0.063 seconds
[2025-04-02T22:00:48.378+0000] {processor.py:161} INFO - Started process (PID=1441) to work on /opt/airflow/dags/kafka_stream.py
[2025-04-02T22:00:48.380+0000] {processor.py:830} INFO - Processing file /opt/airflow/dags/kafka_stream.py for tasks to queue
[2025-04-02T22:00:48.381+0000] {logging_mixin.py:188} INFO - [2025-04-02T22:00:48.381+0000] {dagbag.py:545} INFO - Filling up the DagBag from /opt/airflow/dags/kafka_stream.py
[2025-04-02T22:00:48.389+0000] {processor.py:840} INFO - DAG(s) 'user_automation' retrieved from /opt/airflow/dags/kafka_stream.py
[2025-04-02T22:00:48.410+0000] {logging_mixin.py:188} INFO - [2025-04-02T22:00:48.409+0000] {dag.py:3089} INFO - Sync 1 DAGs
[2025-04-02T22:00:48.426+0000] {logging_mixin.py:188} INFO - [2025-04-02T22:00:48.426+0000] {dag.py:3947} INFO - Setting next_dagrun for user_automation to 2025-04-01 00:00:00+00:00, run_after=2025-04-02 00:00:00+00:00
[2025-04-02T22:00:48.439+0000] {processor.py:183} INFO - Processing /opt/airflow/dags/kafka_stream.py took 0.065 seconds
[2025-04-02T22:01:18.818+0000] {processor.py:161} INFO - Started process (PID=1472) to work on /opt/airflow/dags/kafka_stream.py
[2025-04-02T22:01:18.819+0000] {processor.py:830} INFO - Processing file /opt/airflow/dags/kafka_stream.py for tasks to queue
[2025-04-02T22:01:18.820+0000] {logging_mixin.py:188} INFO - [2025-04-02T22:01:18.820+0000] {dagbag.py:545} INFO - Filling up the DagBag from /opt/airflow/dags/kafka_stream.py
[2025-04-02T22:01:18.828+0000] {processor.py:840} INFO - DAG(s) 'user_automation' retrieved from /opt/airflow/dags/kafka_stream.py
[2025-04-02T22:01:18.848+0000] {logging_mixin.py:188} INFO - [2025-04-02T22:01:18.848+0000] {dag.py:3089} INFO - Sync 1 DAGs
[2025-04-02T22:01:18.865+0000] {logging_mixin.py:188} INFO - [2025-04-02T22:01:18.865+0000] {dag.py:3947} INFO - Setting next_dagrun for user_automation to 2025-04-01 00:00:00+00:00, run_after=2025-04-02 00:00:00+00:00
[2025-04-02T22:01:18.878+0000] {processor.py:183} INFO - Processing /opt/airflow/dags/kafka_stream.py took 0.064 seconds
[2025-04-02T22:01:49.251+0000] {processor.py:161} INFO - Started process (PID=1503) to work on /opt/airflow/dags/kafka_stream.py
[2025-04-02T22:01:49.252+0000] {processor.py:830} INFO - Processing file /opt/airflow/dags/kafka_stream.py for tasks to queue
[2025-04-02T22:01:49.253+0000] {logging_mixin.py:188} INFO - [2025-04-02T22:01:49.253+0000] {dagbag.py:545} INFO - Filling up the DagBag from /opt/airflow/dags/kafka_stream.py
[2025-04-02T22:01:49.262+0000] {processor.py:840} INFO - DAG(s) 'user_automation' retrieved from /opt/airflow/dags/kafka_stream.py
[2025-04-02T22:01:49.283+0000] {logging_mixin.py:188} INFO - [2025-04-02T22:01:49.283+0000] {dag.py:3089} INFO - Sync 1 DAGs
[2025-04-02T22:01:49.301+0000] {logging_mixin.py:188} INFO - [2025-04-02T22:01:49.301+0000] {dag.py:3947} INFO - Setting next_dagrun for user_automation to 2025-04-01 00:00:00+00:00, run_after=2025-04-02 00:00:00+00:00
[2025-04-02T22:01:49.314+0000] {processor.py:183} INFO - Processing /opt/airflow/dags/kafka_stream.py took 0.067 seconds
[2025-04-02T22:02:19.691+0000] {processor.py:161} INFO - Started process (PID=1534) to work on /opt/airflow/dags/kafka_stream.py
[2025-04-02T22:02:19.692+0000] {processor.py:830} INFO - Processing file /opt/airflow/dags/kafka_stream.py for tasks to queue
[2025-04-02T22:02:19.693+0000] {logging_mixin.py:188} INFO - [2025-04-02T22:02:19.693+0000] {dagbag.py:545} INFO - Filling up the DagBag from /opt/airflow/dags/kafka_stream.py
[2025-04-02T22:02:19.701+0000] {processor.py:840} INFO - DAG(s) 'user_automation' retrieved from /opt/airflow/dags/kafka_stream.py
[2025-04-02T22:02:19.723+0000] {logging_mixin.py:188} INFO - [2025-04-02T22:02:19.722+0000] {dag.py:3089} INFO - Sync 1 DAGs
[2025-04-02T22:02:19.740+0000] {logging_mixin.py:188} INFO - [2025-04-02T22:02:19.740+0000] {dag.py:3947} INFO - Setting next_dagrun for user_automation to 2025-04-01 00:00:00+00:00, run_after=2025-04-02 00:00:00+00:00
[2025-04-02T22:02:19.752+0000] {processor.py:183} INFO - Processing /opt/airflow/dags/kafka_stream.py took 0.066 seconds
[2025-04-02T22:02:50.131+0000] {processor.py:161} INFO - Started process (PID=1565) to work on /opt/airflow/dags/kafka_stream.py
[2025-04-02T22:02:50.132+0000] {processor.py:830} INFO - Processing file /opt/airflow/dags/kafka_stream.py for tasks to queue
[2025-04-02T22:02:50.133+0000] {logging_mixin.py:188} INFO - [2025-04-02T22:02:50.133+0000] {dagbag.py:545} INFO - Filling up the DagBag from /opt/airflow/dags/kafka_stream.py
[2025-04-02T22:02:50.141+0000] {processor.py:840} INFO - DAG(s) 'user_automation' retrieved from /opt/airflow/dags/kafka_stream.py
[2025-04-02T22:02:50.162+0000] {logging_mixin.py:188} INFO - [2025-04-02T22:02:50.161+0000] {dag.py:3089} INFO - Sync 1 DAGs
[2025-04-02T22:02:50.178+0000] {logging_mixin.py:188} INFO - [2025-04-02T22:02:50.178+0000] {dag.py:3947} INFO - Setting next_dagrun for user_automation to 2025-04-01 00:00:00+00:00, run_after=2025-04-02 00:00:00+00:00
[2025-04-02T22:02:50.190+0000] {processor.py:183} INFO - Processing /opt/airflow/dags/kafka_stream.py took 0.064 seconds
[2025-04-02T22:03:20.553+0000] {processor.py:161} INFO - Started process (PID=1596) to work on /opt/airflow/dags/kafka_stream.py
[2025-04-02T22:03:20.555+0000] {processor.py:830} INFO - Processing file /opt/airflow/dags/kafka_stream.py for tasks to queue
[2025-04-02T22:03:20.556+0000] {logging_mixin.py:188} INFO - [2025-04-02T22:03:20.555+0000] {dagbag.py:545} INFO - Filling up the DagBag from /opt/airflow/dags/kafka_stream.py
[2025-04-02T22:03:20.564+0000] {processor.py:840} INFO - DAG(s) 'user_automation' retrieved from /opt/airflow/dags/kafka_stream.py
[2025-04-02T22:03:20.584+0000] {logging_mixin.py:188} INFO - [2025-04-02T22:03:20.584+0000] {dag.py:3089} INFO - Sync 1 DAGs
[2025-04-02T22:03:20.601+0000] {logging_mixin.py:188} INFO - [2025-04-02T22:03:20.601+0000] {dag.py:3947} INFO - Setting next_dagrun for user_automation to 2025-04-01 00:00:00+00:00, run_after=2025-04-02 00:00:00+00:00
[2025-04-02T22:03:20.613+0000] {processor.py:183} INFO - Processing /opt/airflow/dags/kafka_stream.py took 0.065 seconds
[2025-04-02T22:03:50.994+0000] {processor.py:161} INFO - Started process (PID=1627) to work on /opt/airflow/dags/kafka_stream.py
[2025-04-02T22:03:50.994+0000] {processor.py:830} INFO - Processing file /opt/airflow/dags/kafka_stream.py for tasks to queue
[2025-04-02T22:03:50.996+0000] {logging_mixin.py:188} INFO - [2025-04-02T22:03:50.995+0000] {dagbag.py:545} INFO - Filling up the DagBag from /opt/airflow/dags/kafka_stream.py
[2025-04-02T22:03:51.004+0000] {processor.py:840} INFO - DAG(s) 'user_automation' retrieved from /opt/airflow/dags/kafka_stream.py
[2025-04-02T22:03:51.025+0000] {logging_mixin.py:188} INFO - [2025-04-02T22:03:51.025+0000] {dag.py:3089} INFO - Sync 1 DAGs
[2025-04-02T22:03:51.042+0000] {logging_mixin.py:188} INFO - [2025-04-02T22:03:51.042+0000] {dag.py:3947} INFO - Setting next_dagrun for user_automation to 2025-04-01 00:00:00+00:00, run_after=2025-04-02 00:00:00+00:00
[2025-04-02T22:03:51.055+0000] {processor.py:183} INFO - Processing /opt/airflow/dags/kafka_stream.py took 0.066 seconds
[2025-04-02T22:04:21.428+0000] {processor.py:161} INFO - Started process (PID=1658) to work on /opt/airflow/dags/kafka_stream.py
[2025-04-02T22:04:21.429+0000] {processor.py:830} INFO - Processing file /opt/airflow/dags/kafka_stream.py for tasks to queue
[2025-04-02T22:04:21.430+0000] {logging_mixin.py:188} INFO - [2025-04-02T22:04:21.430+0000] {dagbag.py:545} INFO - Filling up the DagBag from /opt/airflow/dags/kafka_stream.py
[2025-04-02T22:04:21.439+0000] {processor.py:840} INFO - DAG(s) 'user_automation' retrieved from /opt/airflow/dags/kafka_stream.py
[2025-04-02T22:04:21.459+0000] {logging_mixin.py:188} INFO - [2025-04-02T22:04:21.459+0000] {dag.py:3089} INFO - Sync 1 DAGs
[2025-04-02T22:04:21.477+0000] {logging_mixin.py:188} INFO - [2025-04-02T22:04:21.477+0000] {dag.py:3947} INFO - Setting next_dagrun for user_automation to 2025-04-01 00:00:00+00:00, run_after=2025-04-02 00:00:00+00:00
[2025-04-02T22:04:21.489+0000] {processor.py:183} INFO - Processing /opt/airflow/dags/kafka_stream.py took 0.066 seconds
[2025-04-02T22:04:51.872+0000] {processor.py:161} INFO - Started process (PID=1689) to work on /opt/airflow/dags/kafka_stream.py
[2025-04-02T22:04:51.873+0000] {processor.py:830} INFO - Processing file /opt/airflow/dags/kafka_stream.py for tasks to queue
[2025-04-02T22:04:51.874+0000] {logging_mixin.py:188} INFO - [2025-04-02T22:04:51.874+0000] {dagbag.py:545} INFO - Filling up the DagBag from /opt/airflow/dags/kafka_stream.py
[2025-04-02T22:04:51.882+0000] {processor.py:840} INFO - DAG(s) 'user_automation' retrieved from /opt/airflow/dags/kafka_stream.py
[2025-04-02T22:04:51.903+0000] {logging_mixin.py:188} INFO - [2025-04-02T22:04:51.903+0000] {dag.py:3089} INFO - Sync 1 DAGs
[2025-04-02T22:04:51.921+0000] {logging_mixin.py:188} INFO - [2025-04-02T22:04:51.921+0000] {dag.py:3947} INFO - Setting next_dagrun for user_automation to 2025-04-01 00:00:00+00:00, run_after=2025-04-02 00:00:00+00:00
[2025-04-02T22:04:51.933+0000] {processor.py:183} INFO - Processing /opt/airflow/dags/kafka_stream.py took 0.065 seconds
[2025-04-02T22:05:22.310+0000] {processor.py:161} INFO - Started process (PID=1720) to work on /opt/airflow/dags/kafka_stream.py
[2025-04-02T22:05:22.311+0000] {processor.py:830} INFO - Processing file /opt/airflow/dags/kafka_stream.py for tasks to queue
[2025-04-02T22:05:22.312+0000] {logging_mixin.py:188} INFO - [2025-04-02T22:05:22.312+0000] {dagbag.py:545} INFO - Filling up the DagBag from /opt/airflow/dags/kafka_stream.py
[2025-04-02T22:05:22.320+0000] {processor.py:840} INFO - DAG(s) 'user_automation' retrieved from /opt/airflow/dags/kafka_stream.py
[2025-04-02T22:05:22.341+0000] {logging_mixin.py:188} INFO - [2025-04-02T22:05:22.341+0000] {dag.py:3089} INFO - Sync 1 DAGs
[2025-04-02T22:05:22.359+0000] {logging_mixin.py:188} INFO - [2025-04-02T22:05:22.359+0000] {dag.py:3947} INFO - Setting next_dagrun for user_automation to 2025-04-01 00:00:00+00:00, run_after=2025-04-02 00:00:00+00:00
[2025-04-02T22:05:22.372+0000] {processor.py:183} INFO - Processing /opt/airflow/dags/kafka_stream.py took 0.067 seconds
[2025-04-02T22:05:52.761+0000] {processor.py:161} INFO - Started process (PID=1751) to work on /opt/airflow/dags/kafka_stream.py
[2025-04-02T22:05:52.762+0000] {processor.py:830} INFO - Processing file /opt/airflow/dags/kafka_stream.py for tasks to queue
[2025-04-02T22:05:52.763+0000] {logging_mixin.py:188} INFO - [2025-04-02T22:05:52.763+0000] {dagbag.py:545} INFO - Filling up the DagBag from /opt/airflow/dags/kafka_stream.py
[2025-04-02T22:05:52.771+0000] {processor.py:840} INFO - DAG(s) 'user_automation' retrieved from /opt/airflow/dags/kafka_stream.py
[2025-04-02T22:05:52.792+0000] {logging_mixin.py:188} INFO - [2025-04-02T22:05:52.792+0000] {dag.py:3089} INFO - Sync 1 DAGs
[2025-04-02T22:05:52.809+0000] {logging_mixin.py:188} INFO - [2025-04-02T22:05:52.809+0000] {dag.py:3947} INFO - Setting next_dagrun for user_automation to 2025-04-01 00:00:00+00:00, run_after=2025-04-02 00:00:00+00:00
[2025-04-02T22:05:52.821+0000] {processor.py:183} INFO - Processing /opt/airflow/dags/kafka_stream.py took 0.065 seconds
[2025-04-02T22:06:23.193+0000] {processor.py:161} INFO - Started process (PID=1782) to work on /opt/airflow/dags/kafka_stream.py
[2025-04-02T22:06:23.194+0000] {processor.py:830} INFO - Processing file /opt/airflow/dags/kafka_stream.py for tasks to queue
[2025-04-02T22:06:23.195+0000] {logging_mixin.py:188} INFO - [2025-04-02T22:06:23.195+0000] {dagbag.py:545} INFO - Filling up the DagBag from /opt/airflow/dags/kafka_stream.py
[2025-04-02T22:06:23.203+0000] {processor.py:840} INFO - DAG(s) 'user_automation' retrieved from /opt/airflow/dags/kafka_stream.py
[2025-04-02T22:06:23.223+0000] {logging_mixin.py:188} INFO - [2025-04-02T22:06:23.223+0000] {dag.py:3089} INFO - Sync 1 DAGs
[2025-04-02T22:06:23.240+0000] {logging_mixin.py:188} INFO - [2025-04-02T22:06:23.239+0000] {dag.py:3947} INFO - Setting next_dagrun for user_automation to 2025-04-01 00:00:00+00:00, run_after=2025-04-02 00:00:00+00:00
[2025-04-02T22:06:23.251+0000] {processor.py:183} INFO - Processing /opt/airflow/dags/kafka_stream.py took 0.063 seconds
[2025-04-02T22:06:53.635+0000] {processor.py:161} INFO - Started process (PID=1813) to work on /opt/airflow/dags/kafka_stream.py
[2025-04-02T22:06:53.635+0000] {processor.py:830} INFO - Processing file /opt/airflow/dags/kafka_stream.py for tasks to queue
[2025-04-02T22:06:53.636+0000] {logging_mixin.py:188} INFO - [2025-04-02T22:06:53.636+0000] {dagbag.py:545} INFO - Filling up the DagBag from /opt/airflow/dags/kafka_stream.py
[2025-04-02T22:06:53.644+0000] {processor.py:840} INFO - DAG(s) 'user_automation' retrieved from /opt/airflow/dags/kafka_stream.py
[2025-04-02T22:06:53.664+0000] {logging_mixin.py:188} INFO - [2025-04-02T22:06:53.663+0000] {dag.py:3089} INFO - Sync 1 DAGs
[2025-04-02T22:06:53.681+0000] {logging_mixin.py:188} INFO - [2025-04-02T22:06:53.681+0000] {dag.py:3947} INFO - Setting next_dagrun for user_automation to 2025-04-01 00:00:00+00:00, run_after=2025-04-02 00:00:00+00:00
[2025-04-02T22:06:53.693+0000] {processor.py:183} INFO - Processing /opt/airflow/dags/kafka_stream.py took 0.063 seconds
[2025-04-02T22:07:24.071+0000] {processor.py:161} INFO - Started process (PID=1844) to work on /opt/airflow/dags/kafka_stream.py
[2025-04-02T22:07:24.072+0000] {processor.py:830} INFO - Processing file /opt/airflow/dags/kafka_stream.py for tasks to queue
[2025-04-02T22:07:24.073+0000] {logging_mixin.py:188} INFO - [2025-04-02T22:07:24.073+0000] {dagbag.py:545} INFO - Filling up the DagBag from /opt/airflow/dags/kafka_stream.py
[2025-04-02T22:07:24.081+0000] {processor.py:840} INFO - DAG(s) 'user_automation' retrieved from /opt/airflow/dags/kafka_stream.py
[2025-04-02T22:07:24.102+0000] {logging_mixin.py:188} INFO - [2025-04-02T22:07:24.102+0000] {dag.py:3089} INFO - Sync 1 DAGs
[2025-04-02T22:07:24.119+0000] {logging_mixin.py:188} INFO - [2025-04-02T22:07:24.119+0000] {dag.py:3947} INFO - Setting next_dagrun for user_automation to 2025-04-01 00:00:00+00:00, run_after=2025-04-02 00:00:00+00:00
[2025-04-02T22:07:24.131+0000] {processor.py:183} INFO - Processing /opt/airflow/dags/kafka_stream.py took 0.065 seconds
[2025-04-02T22:07:54.505+0000] {processor.py:161} INFO - Started process (PID=1875) to work on /opt/airflow/dags/kafka_stream.py
[2025-04-02T22:07:54.505+0000] {processor.py:830} INFO - Processing file /opt/airflow/dags/kafka_stream.py for tasks to queue
[2025-04-02T22:07:54.506+0000] {logging_mixin.py:188} INFO - [2025-04-02T22:07:54.506+0000] {dagbag.py:545} INFO - Filling up the DagBag from /opt/airflow/dags/kafka_stream.py
[2025-04-02T22:07:54.515+0000] {processor.py:840} INFO - DAG(s) 'user_automation' retrieved from /opt/airflow/dags/kafka_stream.py
[2025-04-02T22:07:54.535+0000] {logging_mixin.py:188} INFO - [2025-04-02T22:07:54.535+0000] {dag.py:3089} INFO - Sync 1 DAGs
[2025-04-02T22:07:54.552+0000] {logging_mixin.py:188} INFO - [2025-04-02T22:07:54.552+0000] {dag.py:3947} INFO - Setting next_dagrun for user_automation to 2025-04-01 00:00:00+00:00, run_after=2025-04-02 00:00:00+00:00
[2025-04-02T22:07:54.564+0000] {processor.py:183} INFO - Processing /opt/airflow/dags/kafka_stream.py took 0.064 seconds
[2025-04-02T22:08:24.930+0000] {processor.py:161} INFO - Started process (PID=1906) to work on /opt/airflow/dags/kafka_stream.py
[2025-04-02T22:08:24.932+0000] {processor.py:830} INFO - Processing file /opt/airflow/dags/kafka_stream.py for tasks to queue
[2025-04-02T22:08:24.933+0000] {logging_mixin.py:188} INFO - [2025-04-02T22:08:24.933+0000] {dagbag.py:545} INFO - Filling up the DagBag from /opt/airflow/dags/kafka_stream.py
[2025-04-02T22:08:24.941+0000] {processor.py:840} INFO - DAG(s) 'user_automation' retrieved from /opt/airflow/dags/kafka_stream.py
[2025-04-02T22:08:24.964+0000] {logging_mixin.py:188} INFO - [2025-04-02T22:08:24.964+0000] {dag.py:3089} INFO - Sync 1 DAGs
[2025-04-02T22:08:24.981+0000] {logging_mixin.py:188} INFO - [2025-04-02T22:08:24.980+0000] {dag.py:3947} INFO - Setting next_dagrun for user_automation to 2025-04-01 00:00:00+00:00, run_after=2025-04-02 00:00:00+00:00
[2025-04-02T22:08:24.993+0000] {processor.py:183} INFO - Processing /opt/airflow/dags/kafka_stream.py took 0.066 seconds
[2025-04-02T22:08:55.379+0000] {processor.py:161} INFO - Started process (PID=1937) to work on /opt/airflow/dags/kafka_stream.py
[2025-04-02T22:08:55.380+0000] {processor.py:830} INFO - Processing file /opt/airflow/dags/kafka_stream.py for tasks to queue
[2025-04-02T22:08:55.381+0000] {logging_mixin.py:188} INFO - [2025-04-02T22:08:55.381+0000] {dagbag.py:545} INFO - Filling up the DagBag from /opt/airflow/dags/kafka_stream.py
[2025-04-02T22:08:55.389+0000] {processor.py:840} INFO - DAG(s) 'user_automation' retrieved from /opt/airflow/dags/kafka_stream.py
[2025-04-02T22:08:55.410+0000] {logging_mixin.py:188} INFO - [2025-04-02T22:08:55.410+0000] {dag.py:3089} INFO - Sync 1 DAGs
[2025-04-02T22:08:55.428+0000] {logging_mixin.py:188} INFO - [2025-04-02T22:08:55.428+0000] {dag.py:3947} INFO - Setting next_dagrun for user_automation to 2025-04-01 00:00:00+00:00, run_after=2025-04-02 00:00:00+00:00
[2025-04-02T22:08:55.440+0000] {processor.py:183} INFO - Processing /opt/airflow/dags/kafka_stream.py took 0.066 seconds
[2025-04-02T22:09:25.827+0000] {processor.py:161} INFO - Started process (PID=1968) to work on /opt/airflow/dags/kafka_stream.py
[2025-04-02T22:09:25.828+0000] {processor.py:830} INFO - Processing file /opt/airflow/dags/kafka_stream.py for tasks to queue
[2025-04-02T22:09:25.829+0000] {logging_mixin.py:188} INFO - [2025-04-02T22:09:25.829+0000] {dagbag.py:545} INFO - Filling up the DagBag from /opt/airflow/dags/kafka_stream.py
[2025-04-02T22:09:25.838+0000] {processor.py:840} INFO - DAG(s) 'user_automation' retrieved from /opt/airflow/dags/kafka_stream.py
[2025-04-02T22:09:25.859+0000] {logging_mixin.py:188} INFO - [2025-04-02T22:09:25.859+0000] {dag.py:3089} INFO - Sync 1 DAGs
[2025-04-02T22:09:25.876+0000] {logging_mixin.py:188} INFO - [2025-04-02T22:09:25.876+0000] {dag.py:3947} INFO - Setting next_dagrun for user_automation to 2025-04-01 00:00:00+00:00, run_after=2025-04-02 00:00:00+00:00
[2025-04-02T22:09:25.889+0000] {processor.py:183} INFO - Processing /opt/airflow/dags/kafka_stream.py took 0.066 seconds
[2025-04-02T22:09:56.280+0000] {processor.py:161} INFO - Started process (PID=1999) to work on /opt/airflow/dags/kafka_stream.py
[2025-04-02T22:09:56.281+0000] {processor.py:830} INFO - Processing file /opt/airflow/dags/kafka_stream.py for tasks to queue
[2025-04-02T22:09:56.282+0000] {logging_mixin.py:188} INFO - [2025-04-02T22:09:56.282+0000] {dagbag.py:545} INFO - Filling up the DagBag from /opt/airflow/dags/kafka_stream.py
[2025-04-02T22:09:56.290+0000] {processor.py:840} INFO - DAG(s) 'user_automation' retrieved from /opt/airflow/dags/kafka_stream.py
[2025-04-02T22:09:56.311+0000] {logging_mixin.py:188} INFO - [2025-04-02T22:09:56.310+0000] {dag.py:3089} INFO - Sync 1 DAGs
[2025-04-02T22:09:56.328+0000] {logging_mixin.py:188} INFO - [2025-04-02T22:09:56.328+0000] {dag.py:3947} INFO - Setting next_dagrun for user_automation to 2025-04-01 00:00:00+00:00, run_after=2025-04-02 00:00:00+00:00
[2025-04-02T22:09:56.341+0000] {processor.py:183} INFO - Processing /opt/airflow/dags/kafka_stream.py took 0.065 seconds
[2025-04-02T22:10:26.717+0000] {processor.py:161} INFO - Started process (PID=2030) to work on /opt/airflow/dags/kafka_stream.py
[2025-04-02T22:10:26.718+0000] {processor.py:830} INFO - Processing file /opt/airflow/dags/kafka_stream.py for tasks to queue
[2025-04-02T22:10:26.719+0000] {logging_mixin.py:188} INFO - [2025-04-02T22:10:26.719+0000] {dagbag.py:545} INFO - Filling up the DagBag from /opt/airflow/dags/kafka_stream.py
[2025-04-02T22:10:26.727+0000] {processor.py:840} INFO - DAG(s) 'user_automation' retrieved from /opt/airflow/dags/kafka_stream.py
[2025-04-02T22:10:26.748+0000] {logging_mixin.py:188} INFO - [2025-04-02T22:10:26.748+0000] {dag.py:3089} INFO - Sync 1 DAGs
[2025-04-02T22:10:26.765+0000] {logging_mixin.py:188} INFO - [2025-04-02T22:10:26.764+0000] {dag.py:3947} INFO - Setting next_dagrun for user_automation to 2025-04-01 00:00:00+00:00, run_after=2025-04-02 00:00:00+00:00
[2025-04-02T22:10:26.776+0000] {processor.py:183} INFO - Processing /opt/airflow/dags/kafka_stream.py took 0.064 seconds
[2025-04-02T22:10:57.172+0000] {processor.py:161} INFO - Started process (PID=2061) to work on /opt/airflow/dags/kafka_stream.py
[2025-04-02T22:10:57.173+0000] {processor.py:830} INFO - Processing file /opt/airflow/dags/kafka_stream.py for tasks to queue
[2025-04-02T22:10:57.174+0000] {logging_mixin.py:188} INFO - [2025-04-02T22:10:57.174+0000] {dagbag.py:545} INFO - Filling up the DagBag from /opt/airflow/dags/kafka_stream.py
[2025-04-02T22:10:57.183+0000] {processor.py:840} INFO - DAG(s) 'user_automation' retrieved from /opt/airflow/dags/kafka_stream.py
[2025-04-02T22:10:57.204+0000] {logging_mixin.py:188} INFO - [2025-04-02T22:10:57.203+0000] {dag.py:3089} INFO - Sync 1 DAGs
[2025-04-02T22:10:57.221+0000] {logging_mixin.py:188} INFO - [2025-04-02T22:10:57.221+0000] {dag.py:3947} INFO - Setting next_dagrun for user_automation to 2025-04-01 00:00:00+00:00, run_after=2025-04-02 00:00:00+00:00
[2025-04-02T22:10:57.233+0000] {processor.py:183} INFO - Processing /opt/airflow/dags/kafka_stream.py took 0.065 seconds
[2025-04-02T22:11:27.602+0000] {processor.py:161} INFO - Started process (PID=2092) to work on /opt/airflow/dags/kafka_stream.py
[2025-04-02T22:11:27.603+0000] {processor.py:830} INFO - Processing file /opt/airflow/dags/kafka_stream.py for tasks to queue
[2025-04-02T22:11:27.604+0000] {logging_mixin.py:188} INFO - [2025-04-02T22:11:27.604+0000] {dagbag.py:545} INFO - Filling up the DagBag from /opt/airflow/dags/kafka_stream.py
[2025-04-02T22:11:27.612+0000] {processor.py:840} INFO - DAG(s) 'user_automation' retrieved from /opt/airflow/dags/kafka_stream.py
[2025-04-02T22:11:27.633+0000] {logging_mixin.py:188} INFO - [2025-04-02T22:11:27.633+0000] {dag.py:3089} INFO - Sync 1 DAGs
[2025-04-02T22:11:27.649+0000] {logging_mixin.py:188} INFO - [2025-04-02T22:11:27.649+0000] {dag.py:3947} INFO - Setting next_dagrun for user_automation to 2025-04-01 00:00:00+00:00, run_after=2025-04-02 00:00:00+00:00
[2025-04-02T22:11:27.662+0000] {processor.py:183} INFO - Processing /opt/airflow/dags/kafka_stream.py took 0.064 seconds
[2025-04-02T22:11:58.051+0000] {processor.py:161} INFO - Started process (PID=2123) to work on /opt/airflow/dags/kafka_stream.py
[2025-04-02T22:11:58.052+0000] {processor.py:830} INFO - Processing file /opt/airflow/dags/kafka_stream.py for tasks to queue
[2025-04-02T22:11:58.053+0000] {logging_mixin.py:188} INFO - [2025-04-02T22:11:58.053+0000] {dagbag.py:545} INFO - Filling up the DagBag from /opt/airflow/dags/kafka_stream.py
[2025-04-02T22:11:58.061+0000] {processor.py:840} INFO - DAG(s) 'user_automation' retrieved from /opt/airflow/dags/kafka_stream.py
[2025-04-02T22:11:58.083+0000] {logging_mixin.py:188} INFO - [2025-04-02T22:11:58.083+0000] {dag.py:3089} INFO - Sync 1 DAGs
[2025-04-02T22:11:58.100+0000] {logging_mixin.py:188} INFO - [2025-04-02T22:11:58.100+0000] {dag.py:3947} INFO - Setting next_dagrun for user_automation to 2025-04-01 00:00:00+00:00, run_after=2025-04-02 00:00:00+00:00
[2025-04-02T22:11:58.113+0000] {processor.py:183} INFO - Processing /opt/airflow/dags/kafka_stream.py took 0.067 seconds
[2025-04-02T22:12:28.492+0000] {processor.py:161} INFO - Started process (PID=2154) to work on /opt/airflow/dags/kafka_stream.py
[2025-04-02T22:12:28.493+0000] {processor.py:830} INFO - Processing file /opt/airflow/dags/kafka_stream.py for tasks to queue
[2025-04-02T22:12:28.495+0000] {logging_mixin.py:188} INFO - [2025-04-02T22:12:28.494+0000] {dagbag.py:545} INFO - Filling up the DagBag from /opt/airflow/dags/kafka_stream.py
[2025-04-02T22:12:28.503+0000] {processor.py:840} INFO - DAG(s) 'user_automation' retrieved from /opt/airflow/dags/kafka_stream.py
[2025-04-02T22:12:28.524+0000] {logging_mixin.py:188} INFO - [2025-04-02T22:12:28.524+0000] {dag.py:3089} INFO - Sync 1 DAGs
[2025-04-02T22:12:28.544+0000] {logging_mixin.py:188} INFO - [2025-04-02T22:12:28.544+0000] {dag.py:3947} INFO - Setting next_dagrun for user_automation to 2025-04-01 00:00:00+00:00, run_after=2025-04-02 00:00:00+00:00
[2025-04-02T22:12:28.556+0000] {processor.py:183} INFO - Processing /opt/airflow/dags/kafka_stream.py took 0.069 seconds
[2025-04-02T22:12:58.911+0000] {processor.py:161} INFO - Started process (PID=2185) to work on /opt/airflow/dags/kafka_stream.py
[2025-04-02T22:12:58.912+0000] {processor.py:830} INFO - Processing file /opt/airflow/dags/kafka_stream.py for tasks to queue
[2025-04-02T22:12:58.913+0000] {logging_mixin.py:188} INFO - [2025-04-02T22:12:58.913+0000] {dagbag.py:545} INFO - Filling up the DagBag from /opt/airflow/dags/kafka_stream.py
[2025-04-02T22:12:58.921+0000] {processor.py:840} INFO - DAG(s) 'user_automation' retrieved from /opt/airflow/dags/kafka_stream.py
[2025-04-02T22:12:58.942+0000] {logging_mixin.py:188} INFO - [2025-04-02T22:12:58.942+0000] {dag.py:3089} INFO - Sync 1 DAGs
[2025-04-02T22:12:58.959+0000] {logging_mixin.py:188} INFO - [2025-04-02T22:12:58.959+0000] {dag.py:3947} INFO - Setting next_dagrun for user_automation to 2025-04-01 00:00:00+00:00, run_after=2025-04-02 00:00:00+00:00
[2025-04-02T22:12:58.971+0000] {processor.py:183} INFO - Processing /opt/airflow/dags/kafka_stream.py took 0.064 seconds
[2025-04-02T22:13:29.351+0000] {processor.py:161} INFO - Started process (PID=2216) to work on /opt/airflow/dags/kafka_stream.py
[2025-04-02T22:13:29.352+0000] {processor.py:830} INFO - Processing file /opt/airflow/dags/kafka_stream.py for tasks to queue
[2025-04-02T22:13:29.353+0000] {logging_mixin.py:188} INFO - [2025-04-02T22:13:29.353+0000] {dagbag.py:545} INFO - Filling up the DagBag from /opt/airflow/dags/kafka_stream.py
[2025-04-02T22:13:29.362+0000] {processor.py:840} INFO - DAG(s) 'user_automation' retrieved from /opt/airflow/dags/kafka_stream.py
[2025-04-02T22:13:29.382+0000] {logging_mixin.py:188} INFO - [2025-04-02T22:13:29.381+0000] {dag.py:3089} INFO - Sync 1 DAGs
[2025-04-02T22:13:29.399+0000] {logging_mixin.py:188} INFO - [2025-04-02T22:13:29.399+0000] {dag.py:3947} INFO - Setting next_dagrun for user_automation to 2025-04-01 00:00:00+00:00, run_after=2025-04-02 00:00:00+00:00
[2025-04-02T22:13:29.412+0000] {processor.py:183} INFO - Processing /opt/airflow/dags/kafka_stream.py took 0.065 seconds
[2025-04-02T22:13:59.777+0000] {processor.py:161} INFO - Started process (PID=2247) to work on /opt/airflow/dags/kafka_stream.py
[2025-04-02T22:13:59.778+0000] {processor.py:830} INFO - Processing file /opt/airflow/dags/kafka_stream.py for tasks to queue
[2025-04-02T22:13:59.779+0000] {logging_mixin.py:188} INFO - [2025-04-02T22:13:59.779+0000] {dagbag.py:545} INFO - Filling up the DagBag from /opt/airflow/dags/kafka_stream.py
[2025-04-02T22:13:59.787+0000] {processor.py:840} INFO - DAG(s) 'user_automation' retrieved from /opt/airflow/dags/kafka_stream.py
[2025-04-02T22:13:59.807+0000] {logging_mixin.py:188} INFO - [2025-04-02T22:13:59.807+0000] {dag.py:3089} INFO - Sync 1 DAGs
[2025-04-02T22:13:59.824+0000] {logging_mixin.py:188} INFO - [2025-04-02T22:13:59.824+0000] {dag.py:3947} INFO - Setting next_dagrun for user_automation to 2025-04-01 00:00:00+00:00, run_after=2025-04-02 00:00:00+00:00
[2025-04-02T22:13:59.836+0000] {processor.py:183} INFO - Processing /opt/airflow/dags/kafka_stream.py took 0.064 seconds
[2025-04-02T22:14:30.213+0000] {processor.py:161} INFO - Started process (PID=2278) to work on /opt/airflow/dags/kafka_stream.py
[2025-04-02T22:14:30.214+0000] {processor.py:830} INFO - Processing file /opt/airflow/dags/kafka_stream.py for tasks to queue
[2025-04-02T22:14:30.215+0000] {logging_mixin.py:188} INFO - [2025-04-02T22:14:30.215+0000] {dagbag.py:545} INFO - Filling up the DagBag from /opt/airflow/dags/kafka_stream.py
[2025-04-02T22:14:30.224+0000] {processor.py:840} INFO - DAG(s) 'user_automation' retrieved from /opt/airflow/dags/kafka_stream.py
[2025-04-02T22:14:30.245+0000] {logging_mixin.py:188} INFO - [2025-04-02T22:14:30.244+0000] {dag.py:3089} INFO - Sync 1 DAGs
[2025-04-02T22:14:30.261+0000] {logging_mixin.py:188} INFO - [2025-04-02T22:14:30.261+0000] {dag.py:3947} INFO - Setting next_dagrun for user_automation to 2025-04-01 00:00:00+00:00, run_after=2025-04-02 00:00:00+00:00
[2025-04-02T22:14:30.274+0000] {processor.py:183} INFO - Processing /opt/airflow/dags/kafka_stream.py took 0.066 seconds
[2025-04-02T22:15:00.670+0000] {processor.py:161} INFO - Started process (PID=2309) to work on /opt/airflow/dags/kafka_stream.py
[2025-04-02T22:15:00.670+0000] {processor.py:830} INFO - Processing file /opt/airflow/dags/kafka_stream.py for tasks to queue
[2025-04-02T22:15:00.671+0000] {logging_mixin.py:188} INFO - [2025-04-02T22:15:00.671+0000] {dagbag.py:545} INFO - Filling up the DagBag from /opt/airflow/dags/kafka_stream.py
[2025-04-02T22:15:00.680+0000] {processor.py:840} INFO - DAG(s) 'user_automation' retrieved from /opt/airflow/dags/kafka_stream.py
[2025-04-02T22:15:00.700+0000] {logging_mixin.py:188} INFO - [2025-04-02T22:15:00.700+0000] {dag.py:3089} INFO - Sync 1 DAGs
[2025-04-02T22:15:00.719+0000] {logging_mixin.py:188} INFO - [2025-04-02T22:15:00.718+0000] {dag.py:3947} INFO - Setting next_dagrun for user_automation to 2025-04-01 00:00:00+00:00, run_after=2025-04-02 00:00:00+00:00
[2025-04-02T22:15:00.731+0000] {processor.py:183} INFO - Processing /opt/airflow/dags/kafka_stream.py took 0.066 seconds
[2025-04-02T22:15:31.108+0000] {processor.py:161} INFO - Started process (PID=2340) to work on /opt/airflow/dags/kafka_stream.py
[2025-04-02T22:15:31.109+0000] {processor.py:830} INFO - Processing file /opt/airflow/dags/kafka_stream.py for tasks to queue
[2025-04-02T22:15:31.110+0000] {logging_mixin.py:188} INFO - [2025-04-02T22:15:31.110+0000] {dagbag.py:545} INFO - Filling up the DagBag from /opt/airflow/dags/kafka_stream.py
[2025-04-02T22:15:31.118+0000] {processor.py:840} INFO - DAG(s) 'user_automation' retrieved from /opt/airflow/dags/kafka_stream.py
[2025-04-02T22:15:31.139+0000] {logging_mixin.py:188} INFO - [2025-04-02T22:15:31.139+0000] {dag.py:3089} INFO - Sync 1 DAGs
[2025-04-02T22:15:31.156+0000] {logging_mixin.py:188} INFO - [2025-04-02T22:15:31.156+0000] {dag.py:3947} INFO - Setting next_dagrun for user_automation to 2025-04-01 00:00:00+00:00, run_after=2025-04-02 00:00:00+00:00
[2025-04-02T22:15:31.168+0000] {processor.py:183} INFO - Processing /opt/airflow/dags/kafka_stream.py took 0.064 seconds
[2025-04-02T22:16:01.555+0000] {processor.py:161} INFO - Started process (PID=2371) to work on /opt/airflow/dags/kafka_stream.py
[2025-04-02T22:16:01.556+0000] {processor.py:830} INFO - Processing file /opt/airflow/dags/kafka_stream.py for tasks to queue
[2025-04-02T22:16:01.557+0000] {logging_mixin.py:188} INFO - [2025-04-02T22:16:01.557+0000] {dagbag.py:545} INFO - Filling up the DagBag from /opt/airflow/dags/kafka_stream.py
[2025-04-02T22:16:01.565+0000] {processor.py:840} INFO - DAG(s) 'user_automation' retrieved from /opt/airflow/dags/kafka_stream.py
[2025-04-02T22:16:01.587+0000] {logging_mixin.py:188} INFO - [2025-04-02T22:16:01.586+0000] {dag.py:3089} INFO - Sync 1 DAGs
[2025-04-02T22:16:01.604+0000] {logging_mixin.py:188} INFO - [2025-04-02T22:16:01.603+0000] {dag.py:3947} INFO - Setting next_dagrun for user_automation to 2025-04-01 00:00:00+00:00, run_after=2025-04-02 00:00:00+00:00
[2025-04-02T22:16:01.617+0000] {processor.py:183} INFO - Processing /opt/airflow/dags/kafka_stream.py took 0.066 seconds
[2025-04-02T22:16:31.998+0000] {processor.py:161} INFO - Started process (PID=2402) to work on /opt/airflow/dags/kafka_stream.py
[2025-04-02T22:16:31.999+0000] {processor.py:830} INFO - Processing file /opt/airflow/dags/kafka_stream.py for tasks to queue
[2025-04-02T22:16:32.000+0000] {logging_mixin.py:188} INFO - [2025-04-02T22:16:32.000+0000] {dagbag.py:545} INFO - Filling up the DagBag from /opt/airflow/dags/kafka_stream.py
[2025-04-02T22:16:32.008+0000] {processor.py:840} INFO - DAG(s) 'user_automation' retrieved from /opt/airflow/dags/kafka_stream.py
[2025-04-02T22:16:32.029+0000] {logging_mixin.py:188} INFO - [2025-04-02T22:16:32.029+0000] {dag.py:3089} INFO - Sync 1 DAGs
[2025-04-02T22:16:32.046+0000] {logging_mixin.py:188} INFO - [2025-04-02T22:16:32.045+0000] {dag.py:3947} INFO - Setting next_dagrun for user_automation to 2025-04-01 00:00:00+00:00, run_after=2025-04-02 00:00:00+00:00
[2025-04-02T22:16:32.058+0000] {processor.py:183} INFO - Processing /opt/airflow/dags/kafka_stream.py took 0.064 seconds
[2025-04-02T22:17:02.437+0000] {processor.py:161} INFO - Started process (PID=2433) to work on /opt/airflow/dags/kafka_stream.py
[2025-04-02T22:17:02.438+0000] {processor.py:830} INFO - Processing file /opt/airflow/dags/kafka_stream.py for tasks to queue
[2025-04-02T22:17:02.439+0000] {logging_mixin.py:188} INFO - [2025-04-02T22:17:02.439+0000] {dagbag.py:545} INFO - Filling up the DagBag from /opt/airflow/dags/kafka_stream.py
[2025-04-02T22:17:02.447+0000] {processor.py:840} INFO - DAG(s) 'user_automation' retrieved from /opt/airflow/dags/kafka_stream.py
[2025-04-02T22:17:02.468+0000] {logging_mixin.py:188} INFO - [2025-04-02T22:17:02.467+0000] {dag.py:3089} INFO - Sync 1 DAGs
[2025-04-02T22:17:02.484+0000] {logging_mixin.py:188} INFO - [2025-04-02T22:17:02.484+0000] {dag.py:3947} INFO - Setting next_dagrun for user_automation to 2025-04-01 00:00:00+00:00, run_after=2025-04-02 00:00:00+00:00
[2025-04-02T22:17:02.499+0000] {processor.py:183} INFO - Processing /opt/airflow/dags/kafka_stream.py took 0.066 seconds
[2025-04-02T22:17:32.866+0000] {processor.py:161} INFO - Started process (PID=2470) to work on /opt/airflow/dags/kafka_stream.py
[2025-04-02T22:17:32.867+0000] {processor.py:830} INFO - Processing file /opt/airflow/dags/kafka_stream.py for tasks to queue
[2025-04-02T22:17:32.869+0000] {logging_mixin.py:188} INFO - [2025-04-02T22:17:32.868+0000] {dagbag.py:545} INFO - Filling up the DagBag from /opt/airflow/dags/kafka_stream.py
[2025-04-02T22:17:32.879+0000] {processor.py:840} INFO - DAG(s) 'user_automation' retrieved from /opt/airflow/dags/kafka_stream.py
[2025-04-02T22:17:32.899+0000] {logging_mixin.py:188} INFO - [2025-04-02T22:17:32.898+0000] {dag.py:3089} INFO - Sync 1 DAGs
[2025-04-02T22:17:32.918+0000] {logging_mixin.py:188} INFO - [2025-04-02T22:17:32.917+0000] {dag.py:3947} INFO - Setting next_dagrun for user_automation to 2025-04-01 00:00:00+00:00, run_after=2025-04-02 00:00:00+00:00
[2025-04-02T22:17:32.930+0000] {processor.py:183} INFO - Processing /opt/airflow/dags/kafka_stream.py took 0.074 seconds
[2025-04-02T22:18:03.286+0000] {processor.py:161} INFO - Started process (PID=2501) to work on /opt/airflow/dags/kafka_stream.py
[2025-04-02T22:18:03.287+0000] {processor.py:830} INFO - Processing file /opt/airflow/dags/kafka_stream.py for tasks to queue
[2025-04-02T22:18:03.288+0000] {logging_mixin.py:188} INFO - [2025-04-02T22:18:03.288+0000] {dagbag.py:545} INFO - Filling up the DagBag from /opt/airflow/dags/kafka_stream.py
[2025-04-02T22:18:03.296+0000] {processor.py:840} INFO - DAG(s) 'user_automation' retrieved from /opt/airflow/dags/kafka_stream.py
[2025-04-02T22:18:03.318+0000] {logging_mixin.py:188} INFO - [2025-04-02T22:18:03.318+0000] {dag.py:3089} INFO - Sync 1 DAGs
[2025-04-02T22:18:03.337+0000] {logging_mixin.py:188} INFO - [2025-04-02T22:18:03.336+0000] {dag.py:3947} INFO - Setting next_dagrun for user_automation to 2025-04-01 00:00:00+00:00, run_after=2025-04-02 00:00:00+00:00
[2025-04-02T22:18:03.349+0000] {processor.py:183} INFO - Processing /opt/airflow/dags/kafka_stream.py took 0.067 seconds
[2025-04-02T22:18:33.718+0000] {processor.py:161} INFO - Started process (PID=2532) to work on /opt/airflow/dags/kafka_stream.py
[2025-04-02T22:18:33.718+0000] {processor.py:830} INFO - Processing file /opt/airflow/dags/kafka_stream.py for tasks to queue
[2025-04-02T22:18:33.720+0000] {logging_mixin.py:188} INFO - [2025-04-02T22:18:33.719+0000] {dagbag.py:545} INFO - Filling up the DagBag from /opt/airflow/dags/kafka_stream.py
[2025-04-02T22:18:33.729+0000] {processor.py:840} INFO - DAG(s) 'user_automation' retrieved from /opt/airflow/dags/kafka_stream.py
[2025-04-02T22:18:33.749+0000] {logging_mixin.py:188} INFO - [2025-04-02T22:18:33.749+0000] {dag.py:3089} INFO - Sync 1 DAGs
[2025-04-02T22:18:33.767+0000] {logging_mixin.py:188} INFO - [2025-04-02T22:18:33.767+0000] {dag.py:3947} INFO - Setting next_dagrun for user_automation to 2025-04-01 00:00:00+00:00, run_after=2025-04-02 00:00:00+00:00
[2025-04-02T22:18:33.781+0000] {processor.py:183} INFO - Processing /opt/airflow/dags/kafka_stream.py took 0.068 seconds
[2025-04-02T22:19:04.168+0000] {processor.py:161} INFO - Started process (PID=2563) to work on /opt/airflow/dags/kafka_stream.py
[2025-04-02T22:19:04.169+0000] {processor.py:830} INFO - Processing file /opt/airflow/dags/kafka_stream.py for tasks to queue
[2025-04-02T22:19:04.170+0000] {logging_mixin.py:188} INFO - [2025-04-02T22:19:04.169+0000] {dagbag.py:545} INFO - Filling up the DagBag from /opt/airflow/dags/kafka_stream.py
[2025-04-02T22:19:04.178+0000] {processor.py:840} INFO - DAG(s) 'user_automation' retrieved from /opt/airflow/dags/kafka_stream.py
[2025-04-02T22:19:04.199+0000] {logging_mixin.py:188} INFO - [2025-04-02T22:19:04.198+0000] {dag.py:3089} INFO - Sync 1 DAGs
[2025-04-02T22:19:04.216+0000] {logging_mixin.py:188} INFO - [2025-04-02T22:19:04.216+0000] {dag.py:3947} INFO - Setting next_dagrun for user_automation to 2025-04-01 00:00:00+00:00, run_after=2025-04-02 00:00:00+00:00
[2025-04-02T22:19:04.229+0000] {processor.py:183} INFO - Processing /opt/airflow/dags/kafka_stream.py took 0.066 seconds
[2025-04-02T22:19:34.602+0000] {processor.py:161} INFO - Started process (PID=2594) to work on /opt/airflow/dags/kafka_stream.py
[2025-04-02T22:19:34.603+0000] {processor.py:830} INFO - Processing file /opt/airflow/dags/kafka_stream.py for tasks to queue
[2025-04-02T22:19:34.604+0000] {logging_mixin.py:188} INFO - [2025-04-02T22:19:34.604+0000] {dagbag.py:545} INFO - Filling up the DagBag from /opt/airflow/dags/kafka_stream.py
[2025-04-02T22:19:34.612+0000] {processor.py:840} INFO - DAG(s) 'user_automation' retrieved from /opt/airflow/dags/kafka_stream.py
[2025-04-02T22:19:34.634+0000] {logging_mixin.py:188} INFO - [2025-04-02T22:19:34.633+0000] {dag.py:3089} INFO - Sync 1 DAGs
[2025-04-02T22:19:34.650+0000] {logging_mixin.py:188} INFO - [2025-04-02T22:19:34.650+0000] {dag.py:3947} INFO - Setting next_dagrun for user_automation to 2025-04-01 00:00:00+00:00, run_after=2025-04-02 00:00:00+00:00
[2025-04-02T22:19:34.662+0000] {processor.py:183} INFO - Processing /opt/airflow/dags/kafka_stream.py took 0.065 seconds
[2025-04-02T22:20:05.037+0000] {processor.py:161} INFO - Started process (PID=2625) to work on /opt/airflow/dags/kafka_stream.py
[2025-04-02T22:20:05.038+0000] {processor.py:830} INFO - Processing file /opt/airflow/dags/kafka_stream.py for tasks to queue
[2025-04-02T22:20:05.039+0000] {logging_mixin.py:188} INFO - [2025-04-02T22:20:05.039+0000] {dagbag.py:545} INFO - Filling up the DagBag from /opt/airflow/dags/kafka_stream.py
[2025-04-02T22:20:05.048+0000] {processor.py:840} INFO - DAG(s) 'user_automation' retrieved from /opt/airflow/dags/kafka_stream.py
[2025-04-02T22:20:05.069+0000] {logging_mixin.py:188} INFO - [2025-04-02T22:20:05.069+0000] {dag.py:3089} INFO - Sync 1 DAGs
[2025-04-02T22:20:05.088+0000] {logging_mixin.py:188} INFO - [2025-04-02T22:20:05.088+0000] {dag.py:3947} INFO - Setting next_dagrun for user_automation to 2025-04-01 00:00:00+00:00, run_after=2025-04-02 00:00:00+00:00
[2025-04-02T22:20:05.101+0000] {processor.py:183} INFO - Processing /opt/airflow/dags/kafka_stream.py took 0.069 seconds
[2025-04-02T22:20:35.457+0000] {processor.py:161} INFO - Started process (PID=2657) to work on /opt/airflow/dags/kafka_stream.py
[2025-04-02T22:20:35.457+0000] {processor.py:830} INFO - Processing file /opt/airflow/dags/kafka_stream.py for tasks to queue
[2025-04-02T22:20:35.459+0000] {logging_mixin.py:188} INFO - [2025-04-02T22:20:35.459+0000] {dagbag.py:545} INFO - Filling up the DagBag from /opt/airflow/dags/kafka_stream.py
[2025-04-02T22:20:35.468+0000] {processor.py:840} INFO - DAG(s) 'user_automation' retrieved from /opt/airflow/dags/kafka_stream.py
[2025-04-02T22:20:35.488+0000] {logging_mixin.py:188} INFO - [2025-04-02T22:20:35.488+0000] {dag.py:3089} INFO - Sync 1 DAGs
[2025-04-02T22:20:35.505+0000] {logging_mixin.py:188} INFO - [2025-04-02T22:20:35.505+0000] {dag.py:3947} INFO - Setting next_dagrun for user_automation to 2025-04-01 00:00:00+00:00, run_after=2025-04-02 00:00:00+00:00
[2025-04-02T22:20:35.518+0000] {processor.py:183} INFO - Processing /opt/airflow/dags/kafka_stream.py took 0.067 seconds
[2025-04-02T22:21:05.900+0000] {processor.py:161} INFO - Started process (PID=2688) to work on /opt/airflow/dags/kafka_stream.py
[2025-04-02T22:21:05.901+0000] {processor.py:830} INFO - Processing file /opt/airflow/dags/kafka_stream.py for tasks to queue
[2025-04-02T22:21:05.902+0000] {logging_mixin.py:188} INFO - [2025-04-02T22:21:05.902+0000] {dagbag.py:545} INFO - Filling up the DagBag from /opt/airflow/dags/kafka_stream.py
[2025-04-02T22:21:05.911+0000] {processor.py:840} INFO - DAG(s) 'user_automation' retrieved from /opt/airflow/dags/kafka_stream.py
[2025-04-02T22:21:05.932+0000] {logging_mixin.py:188} INFO - [2025-04-02T22:21:05.932+0000] {dag.py:3089} INFO - Sync 1 DAGs
[2025-04-02T22:21:05.948+0000] {logging_mixin.py:188} INFO - [2025-04-02T22:21:05.948+0000] {dag.py:3947} INFO - Setting next_dagrun for user_automation to 2025-04-01 00:00:00+00:00, run_after=2025-04-02 00:00:00+00:00
[2025-04-02T22:21:05.960+0000] {processor.py:183} INFO - Processing /opt/airflow/dags/kafka_stream.py took 0.065 seconds
[2025-04-02T22:21:36.332+0000] {processor.py:161} INFO - Started process (PID=2719) to work on /opt/airflow/dags/kafka_stream.py
[2025-04-02T22:21:36.333+0000] {processor.py:830} INFO - Processing file /opt/airflow/dags/kafka_stream.py for tasks to queue
[2025-04-02T22:21:36.334+0000] {logging_mixin.py:188} INFO - [2025-04-02T22:21:36.334+0000] {dagbag.py:545} INFO - Filling up the DagBag from /opt/airflow/dags/kafka_stream.py
[2025-04-02T22:21:36.342+0000] {processor.py:840} INFO - DAG(s) 'user_automation' retrieved from /opt/airflow/dags/kafka_stream.py
[2025-04-02T22:21:36.363+0000] {logging_mixin.py:188} INFO - [2025-04-02T22:21:36.363+0000] {dag.py:3089} INFO - Sync 1 DAGs
[2025-04-02T22:21:36.380+0000] {logging_mixin.py:188} INFO - [2025-04-02T22:21:36.380+0000] {dag.py:3947} INFO - Setting next_dagrun for user_automation to 2025-04-01 00:00:00+00:00, run_after=2025-04-02 00:00:00+00:00
[2025-04-02T22:21:36.393+0000] {processor.py:183} INFO - Processing /opt/airflow/dags/kafka_stream.py took 0.066 seconds
[2025-04-02T22:22:06.754+0000] {processor.py:161} INFO - Started process (PID=2750) to work on /opt/airflow/dags/kafka_stream.py
[2025-04-02T22:22:06.756+0000] {processor.py:830} INFO - Processing file /opt/airflow/dags/kafka_stream.py for tasks to queue
[2025-04-02T22:22:06.757+0000] {logging_mixin.py:188} INFO - [2025-04-02T22:22:06.756+0000] {dagbag.py:545} INFO - Filling up the DagBag from /opt/airflow/dags/kafka_stream.py
[2025-04-02T22:22:06.765+0000] {processor.py:840} INFO - DAG(s) 'user_automation' retrieved from /opt/airflow/dags/kafka_stream.py
[2025-04-02T22:22:06.785+0000] {logging_mixin.py:188} INFO - [2025-04-02T22:22:06.785+0000] {dag.py:3089} INFO - Sync 1 DAGs
[2025-04-02T22:22:06.802+0000] {logging_mixin.py:188} INFO - [2025-04-02T22:22:06.802+0000] {dag.py:3947} INFO - Setting next_dagrun for user_automation to 2025-04-01 00:00:00+00:00, run_after=2025-04-02 00:00:00+00:00
[2025-04-02T22:22:06.815+0000] {processor.py:183} INFO - Processing /opt/airflow/dags/kafka_stream.py took 0.065 seconds
[2025-04-02T22:22:37.195+0000] {processor.py:161} INFO - Started process (PID=2781) to work on /opt/airflow/dags/kafka_stream.py
[2025-04-02T22:22:37.195+0000] {processor.py:830} INFO - Processing file /opt/airflow/dags/kafka_stream.py for tasks to queue
[2025-04-02T22:22:37.197+0000] {logging_mixin.py:188} INFO - [2025-04-02T22:22:37.196+0000] {dagbag.py:545} INFO - Filling up the DagBag from /opt/airflow/dags/kafka_stream.py
[2025-04-02T22:22:37.205+0000] {processor.py:840} INFO - DAG(s) 'user_automation' retrieved from /opt/airflow/dags/kafka_stream.py
[2025-04-02T22:22:37.226+0000] {logging_mixin.py:188} INFO - [2025-04-02T22:22:37.225+0000] {dag.py:3089} INFO - Sync 1 DAGs
[2025-04-02T22:22:37.242+0000] {logging_mixin.py:188} INFO - [2025-04-02T22:22:37.242+0000] {dag.py:3947} INFO - Setting next_dagrun for user_automation to 2025-04-01 00:00:00+00:00, run_after=2025-04-02 00:00:00+00:00
[2025-04-02T22:22:37.255+0000] {processor.py:183} INFO - Processing /opt/airflow/dags/kafka_stream.py took 0.065 seconds
[2025-04-02T22:23:07.636+0000] {processor.py:161} INFO - Started process (PID=2812) to work on /opt/airflow/dags/kafka_stream.py
[2025-04-02T22:23:07.636+0000] {processor.py:830} INFO - Processing file /opt/airflow/dags/kafka_stream.py for tasks to queue
[2025-04-02T22:23:07.638+0000] {logging_mixin.py:188} INFO - [2025-04-02T22:23:07.637+0000] {dagbag.py:545} INFO - Filling up the DagBag from /opt/airflow/dags/kafka_stream.py
[2025-04-02T22:23:07.646+0000] {processor.py:840} INFO - DAG(s) 'user_automation' retrieved from /opt/airflow/dags/kafka_stream.py
[2025-04-02T22:23:07.667+0000] {logging_mixin.py:188} INFO - [2025-04-02T22:23:07.666+0000] {dag.py:3089} INFO - Sync 1 DAGs
[2025-04-02T22:23:07.684+0000] {logging_mixin.py:188} INFO - [2025-04-02T22:23:07.684+0000] {dag.py:3947} INFO - Setting next_dagrun for user_automation to 2025-04-01 00:00:00+00:00, run_after=2025-04-02 00:00:00+00:00
[2025-04-02T22:23:07.696+0000] {processor.py:183} INFO - Processing /opt/airflow/dags/kafka_stream.py took 0.066 seconds
[2025-04-02T22:23:38.061+0000] {processor.py:161} INFO - Started process (PID=2843) to work on /opt/airflow/dags/kafka_stream.py
[2025-04-02T22:23:38.061+0000] {processor.py:830} INFO - Processing file /opt/airflow/dags/kafka_stream.py for tasks to queue
[2025-04-02T22:23:38.062+0000] {logging_mixin.py:188} INFO - [2025-04-02T22:23:38.062+0000] {dagbag.py:545} INFO - Filling up the DagBag from /opt/airflow/dags/kafka_stream.py
[2025-04-02T22:23:38.071+0000] {processor.py:840} INFO - DAG(s) 'user_automation' retrieved from /opt/airflow/dags/kafka_stream.py
[2025-04-02T22:23:38.091+0000] {logging_mixin.py:188} INFO - [2025-04-02T22:23:38.091+0000] {dag.py:3089} INFO - Sync 1 DAGs
[2025-04-02T22:23:38.108+0000] {logging_mixin.py:188} INFO - [2025-04-02T22:23:38.108+0000] {dag.py:3947} INFO - Setting next_dagrun for user_automation to 2025-04-01 00:00:00+00:00, run_after=2025-04-02 00:00:00+00:00
[2025-04-02T22:23:38.121+0000] {processor.py:183} INFO - Processing /opt/airflow/dags/kafka_stream.py took 0.065 seconds
[2025-04-02T22:24:08.472+0000] {processor.py:161} INFO - Started process (PID=2874) to work on /opt/airflow/dags/kafka_stream.py
[2025-04-02T22:24:08.473+0000] {processor.py:830} INFO - Processing file /opt/airflow/dags/kafka_stream.py for tasks to queue
[2025-04-02T22:24:08.474+0000] {logging_mixin.py:188} INFO - [2025-04-02T22:24:08.474+0000] {dagbag.py:545} INFO - Filling up the DagBag from /opt/airflow/dags/kafka_stream.py
[2025-04-02T22:24:08.482+0000] {processor.py:840} INFO - DAG(s) 'user_automation' retrieved from /opt/airflow/dags/kafka_stream.py
[2025-04-02T22:24:08.503+0000] {logging_mixin.py:188} INFO - [2025-04-02T22:24:08.503+0000] {dag.py:3089} INFO - Sync 1 DAGs
[2025-04-02T22:24:08.521+0000] {logging_mixin.py:188} INFO - [2025-04-02T22:24:08.521+0000] {dag.py:3947} INFO - Setting next_dagrun for user_automation to 2025-04-01 00:00:00+00:00, run_after=2025-04-02 00:00:00+00:00
[2025-04-02T22:24:08.534+0000] {processor.py:183} INFO - Processing /opt/airflow/dags/kafka_stream.py took 0.066 seconds
[2025-04-02T22:24:38.883+0000] {processor.py:161} INFO - Started process (PID=2905) to work on /opt/airflow/dags/kafka_stream.py
[2025-04-02T22:24:38.883+0000] {processor.py:830} INFO - Processing file /opt/airflow/dags/kafka_stream.py for tasks to queue
[2025-04-02T22:24:38.884+0000] {logging_mixin.py:188} INFO - [2025-04-02T22:24:38.884+0000] {dagbag.py:545} INFO - Filling up the DagBag from /opt/airflow/dags/kafka_stream.py
[2025-04-02T22:24:38.893+0000] {processor.py:840} INFO - DAG(s) 'user_automation' retrieved from /opt/airflow/dags/kafka_stream.py
[2025-04-02T22:24:38.913+0000] {logging_mixin.py:188} INFO - [2025-04-02T22:24:38.913+0000] {dag.py:3089} INFO - Sync 1 DAGs
[2025-04-02T22:24:38.930+0000] {logging_mixin.py:188} INFO - [2025-04-02T22:24:38.930+0000] {dag.py:3947} INFO - Setting next_dagrun for user_automation to 2025-04-01 00:00:00+00:00, run_after=2025-04-02 00:00:00+00:00
[2025-04-02T22:24:38.942+0000] {processor.py:183} INFO - Processing /opt/airflow/dags/kafka_stream.py took 0.064 seconds
[2025-04-02T22:25:09.322+0000] {processor.py:161} INFO - Started process (PID=2936) to work on /opt/airflow/dags/kafka_stream.py
[2025-04-02T22:25:09.323+0000] {processor.py:830} INFO - Processing file /opt/airflow/dags/kafka_stream.py for tasks to queue
[2025-04-02T22:25:09.328+0000] {logging_mixin.py:188} INFO - [2025-04-02T22:25:09.327+0000] {dagbag.py:545} INFO - Filling up the DagBag from /opt/airflow/dags/kafka_stream.py
[2025-04-02T22:25:09.336+0000] {processor.py:840} INFO - DAG(s) 'user_automation' retrieved from /opt/airflow/dags/kafka_stream.py
[2025-04-02T22:25:09.356+0000] {logging_mixin.py:188} INFO - [2025-04-02T22:25:09.356+0000] {dag.py:3089} INFO - Sync 1 DAGs
[2025-04-02T22:25:09.373+0000] {logging_mixin.py:188} INFO - [2025-04-02T22:25:09.372+0000] {dag.py:3947} INFO - Setting next_dagrun for user_automation to 2025-04-01 00:00:00+00:00, run_after=2025-04-02 00:00:00+00:00
[2025-04-02T22:25:09.385+0000] {processor.py:183} INFO - Processing /opt/airflow/dags/kafka_stream.py took 0.068 seconds
[2025-04-02T22:25:39.772+0000] {processor.py:161} INFO - Started process (PID=2967) to work on /opt/airflow/dags/kafka_stream.py
[2025-04-02T22:25:39.772+0000] {processor.py:830} INFO - Processing file /opt/airflow/dags/kafka_stream.py for tasks to queue
[2025-04-02T22:25:39.774+0000] {logging_mixin.py:188} INFO - [2025-04-02T22:25:39.774+0000] {dagbag.py:545} INFO - Filling up the DagBag from /opt/airflow/dags/kafka_stream.py
[2025-04-02T22:25:39.782+0000] {processor.py:840} INFO - DAG(s) 'user_automation' retrieved from /opt/airflow/dags/kafka_stream.py
[2025-04-02T22:25:39.803+0000] {logging_mixin.py:188} INFO - [2025-04-02T22:25:39.802+0000] {dag.py:3089} INFO - Sync 1 DAGs
[2025-04-02T22:25:39.820+0000] {logging_mixin.py:188} INFO - [2025-04-02T22:25:39.820+0000] {dag.py:3947} INFO - Setting next_dagrun for user_automation to 2025-04-01 00:00:00+00:00, run_after=2025-04-02 00:00:00+00:00
[2025-04-02T22:25:39.832+0000] {processor.py:183} INFO - Processing /opt/airflow/dags/kafka_stream.py took 0.065 seconds
[2025-04-02T22:26:10.212+0000] {processor.py:161} INFO - Started process (PID=2998) to work on /opt/airflow/dags/kafka_stream.py
[2025-04-02T22:26:10.213+0000] {processor.py:830} INFO - Processing file /opt/airflow/dags/kafka_stream.py for tasks to queue
[2025-04-02T22:26:10.215+0000] {logging_mixin.py:188} INFO - [2025-04-02T22:26:10.214+0000] {dagbag.py:545} INFO - Filling up the DagBag from /opt/airflow/dags/kafka_stream.py
[2025-04-02T22:26:10.223+0000] {processor.py:840} INFO - DAG(s) 'user_automation' retrieved from /opt/airflow/dags/kafka_stream.py
[2025-04-02T22:26:10.244+0000] {logging_mixin.py:188} INFO - [2025-04-02T22:26:10.244+0000] {dag.py:3089} INFO - Sync 1 DAGs
[2025-04-02T22:26:10.261+0000] {logging_mixin.py:188} INFO - [2025-04-02T22:26:10.261+0000] {dag.py:3947} INFO - Setting next_dagrun for user_automation to 2025-04-01 00:00:00+00:00, run_after=2025-04-02 00:00:00+00:00
[2025-04-02T22:26:10.273+0000] {processor.py:183} INFO - Processing /opt/airflow/dags/kafka_stream.py took 0.065 seconds
[2025-04-02T22:26:40.647+0000] {processor.py:161} INFO - Started process (PID=3029) to work on /opt/airflow/dags/kafka_stream.py
[2025-04-02T22:26:40.649+0000] {processor.py:830} INFO - Processing file /opt/airflow/dags/kafka_stream.py for tasks to queue
[2025-04-02T22:26:40.650+0000] {logging_mixin.py:188} INFO - [2025-04-02T22:26:40.650+0000] {dagbag.py:545} INFO - Filling up the DagBag from /opt/airflow/dags/kafka_stream.py
[2025-04-02T22:26:40.658+0000] {processor.py:840} INFO - DAG(s) 'user_automation' retrieved from /opt/airflow/dags/kafka_stream.py
[2025-04-02T22:26:40.679+0000] {logging_mixin.py:188} INFO - [2025-04-02T22:26:40.679+0000] {dag.py:3089} INFO - Sync 1 DAGs
[2025-04-02T22:26:40.696+0000] {logging_mixin.py:188} INFO - [2025-04-02T22:26:40.696+0000] {dag.py:3947} INFO - Setting next_dagrun for user_automation to 2025-04-01 00:00:00+00:00, run_after=2025-04-02 00:00:00+00:00
[2025-04-02T22:26:40.708+0000] {processor.py:183} INFO - Processing /opt/airflow/dags/kafka_stream.py took 0.065 seconds
[2025-04-02T22:27:11.088+0000] {processor.py:161} INFO - Started process (PID=3060) to work on /opt/airflow/dags/kafka_stream.py
[2025-04-02T22:27:11.089+0000] {processor.py:830} INFO - Processing file /opt/airflow/dags/kafka_stream.py for tasks to queue
[2025-04-02T22:27:11.090+0000] {logging_mixin.py:188} INFO - [2025-04-02T22:27:11.090+0000] {dagbag.py:545} INFO - Filling up the DagBag from /opt/airflow/dags/kafka_stream.py
[2025-04-02T22:27:11.098+0000] {processor.py:840} INFO - DAG(s) 'user_automation' retrieved from /opt/airflow/dags/kafka_stream.py
[2025-04-02T22:27:11.119+0000] {logging_mixin.py:188} INFO - [2025-04-02T22:27:11.119+0000] {dag.py:3089} INFO - Sync 1 DAGs
[2025-04-02T22:27:11.136+0000] {logging_mixin.py:188} INFO - [2025-04-02T22:27:11.135+0000] {dag.py:3947} INFO - Setting next_dagrun for user_automation to 2025-04-01 00:00:00+00:00, run_after=2025-04-02 00:00:00+00:00
[2025-04-02T22:27:11.148+0000] {processor.py:183} INFO - Processing /opt/airflow/dags/kafka_stream.py took 0.065 seconds
[2025-04-02T22:27:41.524+0000] {processor.py:161} INFO - Started process (PID=3091) to work on /opt/airflow/dags/kafka_stream.py
[2025-04-02T22:27:41.525+0000] {processor.py:830} INFO - Processing file /opt/airflow/dags/kafka_stream.py for tasks to queue
[2025-04-02T22:27:41.526+0000] {logging_mixin.py:188} INFO - [2025-04-02T22:27:41.526+0000] {dagbag.py:545} INFO - Filling up the DagBag from /opt/airflow/dags/kafka_stream.py
[2025-04-02T22:27:41.534+0000] {processor.py:840} INFO - DAG(s) 'user_automation' retrieved from /opt/airflow/dags/kafka_stream.py
[2025-04-02T22:27:41.555+0000] {logging_mixin.py:188} INFO - [2025-04-02T22:27:41.555+0000] {dag.py:3089} INFO - Sync 1 DAGs
[2025-04-02T22:27:41.572+0000] {logging_mixin.py:188} INFO - [2025-04-02T22:27:41.572+0000] {dag.py:3947} INFO - Setting next_dagrun for user_automation to 2025-04-01 00:00:00+00:00, run_after=2025-04-02 00:00:00+00:00
[2025-04-02T22:27:41.585+0000] {processor.py:183} INFO - Processing /opt/airflow/dags/kafka_stream.py took 0.066 seconds
