[2025-04-17T20:25:00.851+0000] {local_task_job_runner.py:120} INFO - ::group::Pre task execution logs
[2025-04-17T20:25:00.875+0000] {taskinstance.py:2076} INFO - Dependencies all met for dep_context=non-requeueable deps ti=<TaskInstance: iot_data_pipeline.run_iot_producer_script scheduled__2025-04-17T20:20:00+00:00 [queued]>
[2025-04-17T20:25:00.881+0000] {taskinstance.py:2076} INFO - Dependencies all met for dep_context=requeueable deps ti=<TaskInstance: iot_data_pipeline.run_iot_producer_script scheduled__2025-04-17T20:20:00+00:00 [queued]>
[2025-04-17T20:25:00.881+0000] {taskinstance.py:2306} INFO - Starting attempt 1 of 2
[2025-04-17T20:25:00.890+0000] {taskinstance.py:2330} INFO - Executing <Task(BashOperator): run_iot_producer_script> on 2025-04-17 20:20:00+00:00
[2025-04-17T20:25:00.894+0000] {standard_task_runner.py:63} INFO - Started process 790 to run task
[2025-04-17T20:25:00.897+0000] {standard_task_runner.py:90} INFO - Running: ['***', 'tasks', 'run', 'iot_data_pipeline', 'run_iot_producer_script', 'scheduled__2025-04-17T20:20:00+00:00', '--job-id', '5', '--raw', '--subdir', 'DAGS_FOLDER/iot_data_dag.py', '--cfg-path', '/tmp/tmpk2m2nq4q']
[2025-04-17T20:25:00.898+0000] {standard_task_runner.py:91} INFO - Job 5: Subtask run_iot_producer_script
[2025-04-17T20:25:00.932+0000] {task_command.py:426} INFO - Running <TaskInstance: iot_data_pipeline.run_iot_producer_script scheduled__2025-04-17T20:20:00+00:00 [running]> on host e4d9865e557d
[2025-04-17T20:25:00.995+0000] {taskinstance.py:2648} INFO - Exporting env vars: AIRFLOW_CTX_DAG_OWNER='***' AIRFLOW_CTX_DAG_ID='iot_data_pipeline' AIRFLOW_CTX_TASK_ID='run_iot_producer_script' AIRFLOW_CTX_EXECUTION_DATE='2025-04-17T20:20:00+00:00' AIRFLOW_CTX_TRY_NUMBER='1' AIRFLOW_CTX_DAG_RUN_ID='scheduled__2025-04-17T20:20:00+00:00'
[2025-04-17T20:25:00.995+0000] {taskinstance.py:430} INFO - ::endgroup::
[2025-04-17T20:25:01.005+0000] {subprocess.py:63} INFO - Tmp dir root location: /tmp
[2025-04-17T20:25:01.006+0000] {subprocess.py:75} INFO - Running command: ['/usr/bin/bash', '-c', 'python3 /opt/***/dags/script/iot_data_producer.py']
[2025-04-17T20:25:01.014+0000] {subprocess.py:86} INFO - Output:
[2025-04-17T20:25:01.691+0000] {subprocess.py:93} INFO - [2025-04-17T20:25:01.691210+00:00] Donnée envoyée et stockée : {'machine_id': 'IOT-MACH-DK-97', 'timestamp': '2025-04-17T20:25:01.682905+00:00', 'region': 'DK', 'season': 'saison_seche', 'temperature': 29.24, 'humidity': 67.28, 'soil_moisture': 25.72, 'vibration': 4.94, 'pressure': 1.72, 'latitude': 14.7167, 'longitude': -17.4677}
[2025-04-17T20:25:01.736+0000] {subprocess.py:97} INFO - Command exited with return code 0
[2025-04-17T20:25:01.737+0000] {taskinstance.py:441} INFO - ::group::Post task execution logs
[2025-04-17T20:25:01.755+0000] {taskinstance.py:1206} INFO - Marking task as SUCCESS. dag_id=iot_data_pipeline, task_id=run_iot_producer_script, run_id=scheduled__2025-04-17T20:20:00+00:00, execution_date=20250417T202000, start_date=20250417T202500, end_date=20250417T202501
[2025-04-17T20:25:01.790+0000] {local_task_job_runner.py:240} INFO - Task exited with return code 0
[2025-04-17T20:25:01.807+0000] {local_task_job_runner.py:222} INFO - ::endgroup::
