[2025-04-17T21:14:39.980+0000] {local_task_job_runner.py:120} INFO - ::group::Pre task execution logs
[2025-04-17T21:14:40.028+0000] {taskinstance.py:2076} INFO - Dependencies all met for dep_context=non-requeueable deps ti=<TaskInstance: iot_data_pipeline.run_iot_producer_script manual__2025-04-17T21:14:39.533996+00:00 [queued]>
[2025-04-17T21:14:40.051+0000] {taskinstance.py:2076} INFO - Dependencies all met for dep_context=requeueable deps ti=<TaskInstance: iot_data_pipeline.run_iot_producer_script manual__2025-04-17T21:14:39.533996+00:00 [queued]>
[2025-04-17T21:14:40.052+0000] {taskinstance.py:2306} INFO - Starting attempt 1 of 2
[2025-04-17T21:14:40.082+0000] {taskinstance.py:2330} INFO - Executing <Task(BashOperator): run_iot_producer_script> on 2025-04-17 21:14:39.533996+00:00
[2025-04-17T21:14:40.097+0000] {standard_task_runner.py:63} INFO - Started process 4388 to run task
[2025-04-17T21:14:40.109+0000] {standard_task_runner.py:90} INFO - Running: ['***', 'tasks', 'run', 'iot_data_pipeline', 'run_iot_producer_script', 'manual__2025-04-17T21:14:39.533996+00:00', '--job-id', '21', '--raw', '--subdir', 'DAGS_FOLDER/iot_data_dag.py', '--cfg-path', '/tmp/tmpzir2aej2']
[2025-04-17T21:14:40.114+0000] {standard_task_runner.py:91} INFO - Job 21: Subtask run_iot_producer_script
[2025-04-17T21:14:40.220+0000] {task_command.py:426} INFO - Running <TaskInstance: iot_data_pipeline.run_iot_producer_script manual__2025-04-17T21:14:39.533996+00:00 [running]> on host e4d9865e557d
[2025-04-17T21:14:40.383+0000] {taskinstance.py:2648} INFO - Exporting env vars: AIRFLOW_CTX_DAG_OWNER='***' AIRFLOW_CTX_DAG_ID='iot_data_pipeline' AIRFLOW_CTX_TASK_ID='run_iot_producer_script' AIRFLOW_CTX_EXECUTION_DATE='2025-04-17T21:14:39.533996+00:00' AIRFLOW_CTX_TRY_NUMBER='1' AIRFLOW_CTX_DAG_RUN_ID='manual__2025-04-17T21:14:39.533996+00:00'
[2025-04-17T21:14:40.385+0000] {taskinstance.py:430} INFO - ::endgroup::
[2025-04-17T21:14:40.409+0000] {subprocess.py:63} INFO - Tmp dir root location: /tmp
[2025-04-17T21:14:40.410+0000] {subprocess.py:75} INFO - Running command: ['/usr/bin/bash', '-c', 'python3 /opt/***/dags/script/iot_data_producer.py']
[2025-04-17T21:14:40.430+0000] {subprocess.py:86} INFO - Output:
[2025-04-17T21:14:41.399+0000] {subprocess.py:93} INFO - [2025-04-17T21:14:41.398787+00:00] Donnée envoyée et stockée : {'machine_id': 'IOT-MACH-MT-93', 'timestamp': '2025-04-17T21:14:41.393017+00:00', 'region': 'MT', 'season': 'saison_seche', 'temperature': 38.4, 'humidity': 10.3, 'soil_moisture': 31.04, 'vibration': 0.98, 'pressure': 2.37, 'latitude': 16.0333, 'longitude': -13.5167}
[2025-04-17T21:14:41.780+0000] {subprocess.py:97} INFO - Command exited with return code 0
[2025-04-17T21:14:41.783+0000] {taskinstance.py:441} INFO - ::group::Post task execution logs
[2025-04-17T21:14:41.849+0000] {taskinstance.py:1206} INFO - Marking task as SUCCESS. dag_id=iot_data_pipeline, task_id=run_iot_producer_script, run_id=manual__2025-04-17T21:14:39.533996+00:00, execution_date=20250417T211439, start_date=20250417T211440, end_date=20250417T211441
[2025-04-17T21:14:41.888+0000] {local_task_job_runner.py:240} INFO - Task exited with return code 0
[2025-04-17T21:14:41.902+0000] {local_task_job_runner.py:222} INFO - ::endgroup::
