[2025-04-17T20:10:00.986+0000] {local_task_job_runner.py:120} INFO - ::group::Pre task execution logs
[2025-04-17T20:10:01.010+0000] {taskinstance.py:2076} INFO - Dependencies all met for dep_context=non-requeueable deps ti=<TaskInstance: iot_data_pipeline.run_iot_producer_script scheduled__2025-04-17T20:05:00+00:00 [queued]>
[2025-04-17T20:10:01.016+0000] {taskinstance.py:2076} INFO - Dependencies all met for dep_context=requeueable deps ti=<TaskInstance: iot_data_pipeline.run_iot_producer_script scheduled__2025-04-17T20:05:00+00:00 [queued]>
[2025-04-17T20:10:01.016+0000] {taskinstance.py:2306} INFO - Starting attempt 1 of 2
[2025-04-17T20:10:01.024+0000] {taskinstance.py:2330} INFO - Executing <Task(BashOperator): run_iot_producer_script> on 2025-04-17 20:05:00+00:00
[2025-04-17T20:10:01.028+0000] {standard_task_runner.py:63} INFO - Started process 1565 to run task
[2025-04-17T20:10:01.030+0000] {standard_task_runner.py:90} INFO - Running: ['***', 'tasks', 'run', 'iot_data_pipeline', 'run_iot_producer_script', 'scheduled__2025-04-17T20:05:00+00:00', '--job-id', '11', '--raw', '--subdir', 'DAGS_FOLDER/iot_data_dag.py', '--cfg-path', '/tmp/tmpn2zn6h5t']
[2025-04-17T20:10:01.032+0000] {standard_task_runner.py:91} INFO - Job 11: Subtask run_iot_producer_script
[2025-04-17T20:10:01.064+0000] {task_command.py:426} INFO - Running <TaskInstance: iot_data_pipeline.run_iot_producer_script scheduled__2025-04-17T20:05:00+00:00 [running]> on host 4bb9c9616eb1
[2025-04-17T20:10:01.124+0000] {taskinstance.py:2648} INFO - Exporting env vars: AIRFLOW_CTX_DAG_OWNER='***' AIRFLOW_CTX_DAG_ID='iot_data_pipeline' AIRFLOW_CTX_TASK_ID='run_iot_producer_script' AIRFLOW_CTX_EXECUTION_DATE='2025-04-17T20:05:00+00:00' AIRFLOW_CTX_TRY_NUMBER='1' AIRFLOW_CTX_DAG_RUN_ID='scheduled__2025-04-17T20:05:00+00:00'
[2025-04-17T20:10:01.125+0000] {taskinstance.py:430} INFO - ::endgroup::
[2025-04-17T20:10:01.136+0000] {subprocess.py:63} INFO - Tmp dir root location: /tmp
[2025-04-17T20:10:01.137+0000] {subprocess.py:75} INFO - Running command: ['/usr/bin/bash', '-c', 'python3 /opt/***/dags/script/iot_data_producer.py']
[2025-04-17T20:10:01.144+0000] {subprocess.py:86} INFO - Output:
[2025-04-17T20:10:01.760+0000] {subprocess.py:93} INFO - [2025-04-17T20:10:01.760604+00:00] Donnée envoyée et stockée : {'machine_id': 'IOT-MACH-DK-96', 'timestamp': '2025-04-17T20:10:01.758769+00:00', 'region': 'DK', 'season': 'saison_seche', 'temperature': 29.31, 'humidity': 71.72, 'soil_moisture': 25.67, 'vibration': 3.48, 'pressure': 1.8, 'latitude': 14.7167, 'longitude': -17.4677}
[2025-04-17T20:10:01.812+0000] {subprocess.py:97} INFO - Command exited with return code 0
[2025-04-17T20:10:01.813+0000] {taskinstance.py:441} INFO - ::group::Post task execution logs
[2025-04-17T20:10:01.834+0000] {taskinstance.py:1206} INFO - Marking task as SUCCESS. dag_id=iot_data_pipeline, task_id=run_iot_producer_script, run_id=scheduled__2025-04-17T20:05:00+00:00, execution_date=20250417T200500, start_date=20250417T201001, end_date=20250417T201001
[2025-04-17T20:10:01.884+0000] {local_task_job_runner.py:240} INFO - Task exited with return code 0
[2025-04-17T20:10:01.905+0000] {taskinstance.py:3503} INFO - 0 downstream tasks scheduled from follow-on schedule check
[2025-04-17T20:10:01.907+0000] {local_task_job_runner.py:222} INFO - ::endgroup::
