[2025-04-17T21:25:00.327+0000] {local_task_job_runner.py:120} INFO - ::group::Pre task execution logs
[2025-04-17T21:25:00.362+0000] {taskinstance.py:2076} INFO - Dependencies all met for dep_context=non-requeueable deps ti=<TaskInstance: iot_data_pipeline.run_iot_producer_script scheduled__2025-04-17T21:20:00+00:00 [queued]>
[2025-04-17T21:25:00.368+0000] {taskinstance.py:2076} INFO - Dependencies all met for dep_context=requeueable deps ti=<TaskInstance: iot_data_pipeline.run_iot_producer_script scheduled__2025-04-17T21:20:00+00:00 [queued]>
[2025-04-17T21:25:00.368+0000] {taskinstance.py:2306} INFO - Starting attempt 1 of 2
[2025-04-17T21:25:00.377+0000] {taskinstance.py:2330} INFO - Executing <Task(BashOperator): run_iot_producer_script> on 2025-04-17 21:20:00+00:00
[2025-04-17T21:25:00.385+0000] {standard_task_runner.py:63} INFO - Started process 5130 to run task
[2025-04-17T21:25:00.388+0000] {standard_task_runner.py:90} INFO - Running: ['***', 'tasks', 'run', 'iot_data_pipeline', 'run_iot_producer_script', 'scheduled__2025-04-17T21:20:00+00:00', '--job-id', '25', '--raw', '--subdir', 'DAGS_FOLDER/iot_data_dag.py', '--cfg-path', '/tmp/tmp6fg9i216']
[2025-04-17T21:25:00.390+0000] {standard_task_runner.py:91} INFO - Job 25: Subtask run_iot_producer_script
[2025-04-17T21:25:00.424+0000] {task_command.py:426} INFO - Running <TaskInstance: iot_data_pipeline.run_iot_producer_script scheduled__2025-04-17T21:20:00+00:00 [running]> on host e4d9865e557d
[2025-04-17T21:25:00.487+0000] {taskinstance.py:2648} INFO - Exporting env vars: AIRFLOW_CTX_DAG_OWNER='***' AIRFLOW_CTX_DAG_ID='iot_data_pipeline' AIRFLOW_CTX_TASK_ID='run_iot_producer_script' AIRFLOW_CTX_EXECUTION_DATE='2025-04-17T21:20:00+00:00' AIRFLOW_CTX_TRY_NUMBER='1' AIRFLOW_CTX_DAG_RUN_ID='scheduled__2025-04-17T21:20:00+00:00'
[2025-04-17T21:25:00.487+0000] {taskinstance.py:430} INFO - ::endgroup::
[2025-04-17T21:25:00.502+0000] {subprocess.py:63} INFO - Tmp dir root location: /tmp
[2025-04-17T21:25:00.503+0000] {subprocess.py:75} INFO - Running command: ['/usr/bin/bash', '-c', 'python3 /opt/***/dags/script/iot_data_producer.py']
[2025-04-17T21:25:00.511+0000] {subprocess.py:86} INFO - Output:
[2025-04-17T21:25:01.487+0000] {subprocess.py:93} INFO - [2025-04-17T21:25:01.487524+00:00] Donnée envoyée et stockée : {'machine_id': 'IOT-MACH-KD-80', 'timestamp': '2025-04-17T21:25:01.484996+00:00', 'region': 'KD', 'season': 'saison_seche', 'temperature': 32.45, 'humidity': 55.21, 'soil_moisture': 37.87, 'vibration': 0.55, 'pressure': 0.88, 'latitude': 14.1167, 'longitude': -12.5}
[2025-04-17T21:25:01.554+0000] {subprocess.py:97} INFO - Command exited with return code 0
[2025-04-17T21:25:01.555+0000] {taskinstance.py:441} INFO - ::group::Post task execution logs
[2025-04-17T21:25:01.581+0000] {taskinstance.py:1206} INFO - Marking task as SUCCESS. dag_id=iot_data_pipeline, task_id=run_iot_producer_script, run_id=scheduled__2025-04-17T21:20:00+00:00, execution_date=20250417T212000, start_date=20250417T212500, end_date=20250417T212501
[2025-04-17T21:25:01.604+0000] {local_task_job_runner.py:240} INFO - Task exited with return code 0
[2025-04-17T21:25:01.620+0000] {taskinstance.py:3503} INFO - 0 downstream tasks scheduled from follow-on schedule check
[2025-04-17T21:25:01.621+0000] {local_task_job_runner.py:222} INFO - ::endgroup::
