[2025-04-16T20:05:00.430+0000] {local_task_job_runner.py:120} INFO - ::group::Pre task execution logs
[2025-04-16T20:05:00.453+0000] {taskinstance.py:2076} INFO - Dependencies all met for dep_context=non-requeueable deps ti=<TaskInstance: iot_data_pipeline.run_iot_producer_script scheduled__2025-04-16T20:00:00+00:00 [queued]>
[2025-04-16T20:05:00.459+0000] {taskinstance.py:2076} INFO - Dependencies all met for dep_context=requeueable deps ti=<TaskInstance: iot_data_pipeline.run_iot_producer_script scheduled__2025-04-16T20:00:00+00:00 [queued]>
[2025-04-16T20:05:00.459+0000] {taskinstance.py:2306} INFO - Starting attempt 1 of 2
[2025-04-16T20:05:00.467+0000] {taskinstance.py:2330} INFO - Executing <Task(BashOperator): run_iot_producer_script> on 2025-04-16 20:00:00+00:00
[2025-04-16T20:05:00.471+0000] {standard_task_runner.py:63} INFO - Started process 1192 to run task
[2025-04-16T20:05:00.474+0000] {standard_task_runner.py:90} INFO - Running: ['***', 'tasks', 'run', 'iot_data_pipeline', 'run_iot_producer_script', 'scheduled__2025-04-16T20:00:00+00:00', '--job-id', '5', '--raw', '--subdir', 'DAGS_FOLDER/iot_data_dag.py', '--cfg-path', '/tmp/tmpey2og3ax']
[2025-04-16T20:05:00.475+0000] {standard_task_runner.py:91} INFO - Job 5: Subtask run_iot_producer_script
[2025-04-16T20:05:00.508+0000] {task_command.py:426} INFO - Running <TaskInstance: iot_data_pipeline.run_iot_producer_script scheduled__2025-04-16T20:00:00+00:00 [running]> on host b312dea2316e
[2025-04-16T20:05:00.571+0000] {taskinstance.py:2648} INFO - Exporting env vars: AIRFLOW_CTX_DAG_OWNER='***' AIRFLOW_CTX_DAG_ID='iot_data_pipeline' AIRFLOW_CTX_TASK_ID='run_iot_producer_script' AIRFLOW_CTX_EXECUTION_DATE='2025-04-16T20:00:00+00:00' AIRFLOW_CTX_TRY_NUMBER='1' AIRFLOW_CTX_DAG_RUN_ID='scheduled__2025-04-16T20:00:00+00:00'
[2025-04-16T20:05:00.571+0000] {taskinstance.py:430} INFO - ::endgroup::
[2025-04-16T20:05:00.583+0000] {subprocess.py:63} INFO - Tmp dir root location: /tmp
[2025-04-16T20:05:00.584+0000] {subprocess.py:75} INFO - Running command: ['/usr/bin/bash', '-c', 'python3 /opt/***/dags/script/iot_data_producer.py']
[2025-04-16T20:05:00.594+0000] {subprocess.py:86} INFO - Output:
[2025-04-16T20:05:01.242+0000] {subprocess.py:93} INFO - [2025-04-16T20:05:01.241848+00:00] Donnée envoyée et stockée : {'machine_id': 'IOT-MACH-TB-26', 'timestamp': '2025-04-16T20:05:01.233776+00:00', 'region': 'TB', 'season': 'saison_seche', 'temperature': 36.03, 'humidity': 23.41, 'soil_moisture': 11.74, 'vibration': 3.7, 'pressure': 2.17, 'latitude': 15.3833, 'longitude': -15.5}
[2025-04-16T20:05:01.324+0000] {subprocess.py:97} INFO - Command exited with return code 0
[2025-04-16T20:05:01.325+0000] {taskinstance.py:441} INFO - ::group::Post task execution logs
[2025-04-16T20:05:01.361+0000] {taskinstance.py:1206} INFO - Marking task as SUCCESS. dag_id=iot_data_pipeline, task_id=run_iot_producer_script, run_id=scheduled__2025-04-16T20:00:00+00:00, execution_date=20250416T200000, start_date=20250416T200500, end_date=20250416T200501
[2025-04-16T20:05:01.407+0000] {local_task_job_runner.py:240} INFO - Task exited with return code 0
[2025-04-16T20:05:01.429+0000] {taskinstance.py:3503} INFO - 0 downstream tasks scheduled from follow-on schedule check
[2025-04-16T20:05:01.430+0000] {local_task_job_runner.py:222} INFO - ::endgroup::
