[2025-03-26T12:11:53.996+0000] {local_task_job_runner.py:120} INFO - ::group::Pre task execution logs
[2025-03-26T12:11:54.065+0000] {taskinstance.py:2076} INFO - Dependencies all met for dep_context=non-requeueable deps ti=<TaskInstance: kafka_spark_streaming.generate_data_task scheduled__2025-01-01T00:00:00+00:00 [queued]>
[2025-03-26T12:11:54.073+0000] {taskinstance.py:2076} INFO - Dependencies all met for dep_context=requeueable deps ti=<TaskInstance: kafka_spark_streaming.generate_data_task scheduled__2025-01-01T00:00:00+00:00 [queued]>
[2025-03-26T12:11:54.074+0000] {taskinstance.py:2306} INFO - Starting attempt 1 of 2
[2025-03-26T12:11:54.087+0000] {taskinstance.py:2330} INFO - Executing <Task(PythonOperator): generate_data_task> on 2025-01-01 00:00:00+00:00
[2025-03-26T12:11:54.093+0000] {standard_task_runner.py:90} INFO - Running: ['***', 'tasks', 'run', 'kafka_spark_streaming', 'generate_data_task', 'scheduled__2025-01-01T00:00:00+00:00', '--job-id', '10', '--raw', '--subdir', 'DAGS_FOLDER/dag_kafka_spark_streaming.py', '--cfg-path', '/tmp/tmpii5c0bmo']
[2025-03-26T12:11:54.095+0000] {standard_task_runner.py:91} INFO - Job 10: Subtask generate_data_task
[2025-03-26T12:11:54.096+0000] {logging_mixin.py:188} WARNING - /home/***/.local/lib/python3.12/site-packages/***/task/task_runner/standard_task_runner.py:62 DeprecationWarning: This process (pid=6850) is multi-threaded, use of fork() may lead to deadlocks in the child.
[2025-03-26T12:11:54.096+0000] {standard_task_runner.py:64} INFO - Started process 6851 to run task
[2025-03-26T12:11:54.126+0000] {task_command.py:426} INFO - Running <TaskInstance: kafka_spark_streaming.generate_data_task scheduled__2025-01-01T00:00:00+00:00 [running]> on host d53f18eaa4d6
[2025-03-26T12:11:54.193+0000] {taskinstance.py:2648} INFO - Exporting env vars: AIRFLOW_CTX_DAG_OWNER='***' AIRFLOW_CTX_DAG_ID='kafka_spark_streaming' AIRFLOW_CTX_TASK_ID='generate_data_task' AIRFLOW_CTX_EXECUTION_DATE='2025-01-01T00:00:00+00:00' AIRFLOW_CTX_TRY_NUMBER='1' AIRFLOW_CTX_DAG_RUN_ID='scheduled__2025-01-01T00:00:00+00:00'
[2025-03-26T12:11:54.194+0000] {taskinstance.py:430} INFO - ::endgroup::
[2025-03-26T12:11:54.273+0000] {python.py:237} INFO - Done. Returned value was: None
[2025-03-26T12:11:54.273+0000] {taskinstance.py:441} INFO - ::group::Post task execution logs
[2025-03-26T12:11:54.281+0000] {taskinstance.py:1206} INFO - Marking task as SUCCESS. dag_id=kafka_spark_streaming, task_id=generate_data_task, run_id=scheduled__2025-01-01T00:00:00+00:00, execution_date=20250101T000000, start_date=20250326T121154, end_date=20250326T121154
[2025-03-26T12:11:54.311+0000] {local_task_job_runner.py:243} INFO - Task exited with return code 0
[2025-03-26T12:11:54.375+0000] {taskinstance.py:3503} INFO - 1 downstream tasks scheduled from follow-on schedule check
[2025-03-26T12:11:54.376+0000] {local_task_job_runner.py:222} INFO - ::endgroup::
[2025-03-26T12:34:11.690+0000] {local_task_job_runner.py:120} INFO - ::group::Pre task execution logs
[2025-03-26T12:34:11.719+0000] {taskinstance.py:2076} INFO - Dependencies all met for dep_context=non-requeueable deps ti=<TaskInstance: kafka_spark_streaming.generate_data_task scheduled__2025-01-01T00:00:00+00:00 [queued]>
[2025-03-26T12:34:11.725+0000] {taskinstance.py:2076} INFO - Dependencies all met for dep_context=requeueable deps ti=<TaskInstance: kafka_spark_streaming.generate_data_task scheduled__2025-01-01T00:00:00+00:00 [queued]>
[2025-03-26T12:34:11.725+0000] {taskinstance.py:2306} INFO - Starting attempt 1 of 2
[2025-03-26T12:34:11.735+0000] {taskinstance.py:2330} INFO - Executing <Task(PythonOperator): generate_data_task> on 2025-01-01 00:00:00+00:00
[2025-03-26T12:34:11.741+0000] {standard_task_runner.py:90} INFO - Running: ['***', 'tasks', 'run', 'kafka_spark_streaming', 'generate_data_task', 'scheduled__2025-01-01T00:00:00+00:00', '--job-id', '36', '--raw', '--subdir', 'DAGS_FOLDER/dag_kafka_spark_streaming.py', '--cfg-path', '/tmp/tmpns603h4u']
[2025-03-26T12:34:11.743+0000] {standard_task_runner.py:91} INFO - Job 36: Subtask generate_data_task
[2025-03-26T12:34:11.746+0000] {logging_mixin.py:188} WARNING - /home/***/.local/lib/python3.12/site-packages/***/task/task_runner/standard_task_runner.py:62 DeprecationWarning: This process (pid=574) is multi-threaded, use of fork() may lead to deadlocks in the child.
[2025-03-26T12:34:11.747+0000] {standard_task_runner.py:64} INFO - Started process 576 to run task
[2025-03-26T12:34:11.788+0000] {task_command.py:426} INFO - Running <TaskInstance: kafka_spark_streaming.generate_data_task scheduled__2025-01-01T00:00:00+00:00 [running]> on host 24f3bed66440
[2025-03-26T12:34:11.877+0000] {taskinstance.py:2648} INFO - Exporting env vars: AIRFLOW_CTX_DAG_OWNER='***' AIRFLOW_CTX_DAG_ID='kafka_spark_streaming' AIRFLOW_CTX_TASK_ID='generate_data_task' AIRFLOW_CTX_EXECUTION_DATE='2025-01-01T00:00:00+00:00' AIRFLOW_CTX_TRY_NUMBER='1' AIRFLOW_CTX_DAG_RUN_ID='scheduled__2025-01-01T00:00:00+00:00'
[2025-03-26T12:34:11.878+0000] {taskinstance.py:430} INFO - ::endgroup::
[2025-03-26T12:34:11.963+0000] {python.py:237} INFO - Done. Returned value was: None
[2025-03-26T12:34:11.963+0000] {taskinstance.py:441} INFO - ::group::Post task execution logs
[2025-03-26T12:34:11.970+0000] {taskinstance.py:1206} INFO - Marking task as SUCCESS. dag_id=kafka_spark_streaming, task_id=generate_data_task, run_id=scheduled__2025-01-01T00:00:00+00:00, execution_date=20250101T000000, start_date=20250326T123411, end_date=20250326T123411
[2025-03-26T12:34:12.000+0000] {local_task_job_runner.py:243} INFO - Task exited with return code 0
[2025-03-26T12:34:12.019+0000] {taskinstance.py:3503} INFO - 1 downstream tasks scheduled from follow-on schedule check
[2025-03-26T12:34:12.020+0000] {local_task_job_runner.py:222} INFO - ::endgroup::
[2025-03-26T13:13:25.263+0000] {local_task_job_runner.py:120} INFO - ::group::Pre task execution logs
[2025-03-26T13:13:25.290+0000] {taskinstance.py:2076} INFO - Dependencies all met for dep_context=non-requeueable deps ti=<TaskInstance: kafka_spark_streaming.generate_data_task scheduled__2025-01-01T00:00:00+00:00 [queued]>
[2025-03-26T13:13:25.295+0000] {taskinstance.py:2076} INFO - Dependencies all met for dep_context=requeueable deps ti=<TaskInstance: kafka_spark_streaming.generate_data_task scheduled__2025-01-01T00:00:00+00:00 [queued]>
[2025-03-26T13:13:25.296+0000] {taskinstance.py:2306} INFO - Starting attempt 1 of 2
[2025-03-26T13:13:25.305+0000] {taskinstance.py:2330} INFO - Executing <Task(PythonOperator): generate_data_task> on 2025-01-01 00:00:00+00:00
[2025-03-26T13:13:25.311+0000] {standard_task_runner.py:90} INFO - Running: ['***', 'tasks', 'run', 'kafka_spark_streaming', 'generate_data_task', 'scheduled__2025-01-01T00:00:00+00:00', '--job-id', '3', '--raw', '--subdir', 'DAGS_FOLDER/dag_kafka_spark_streaming.py', '--cfg-path', '/tmp/tmpyzyeu5b6']
[2025-03-26T13:13:25.313+0000] {standard_task_runner.py:91} INFO - Job 3: Subtask generate_data_task
[2025-03-26T13:13:25.316+0000] {logging_mixin.py:188} WARNING - /home/***/.local/lib/python3.12/site-packages/***/task/task_runner/standard_task_runner.py:62 DeprecationWarning: This process (pid=945) is multi-threaded, use of fork() may lead to deadlocks in the child.
[2025-03-26T13:13:25.316+0000] {standard_task_runner.py:64} INFO - Started process 946 to run task
[2025-03-26T13:13:25.351+0000] {task_command.py:426} INFO - Running <TaskInstance: kafka_spark_streaming.generate_data_task scheduled__2025-01-01T00:00:00+00:00 [running]> on host 39d8137af0c6
[2025-03-26T13:13:25.421+0000] {taskinstance.py:2648} INFO - Exporting env vars: AIRFLOW_CTX_DAG_OWNER='***' AIRFLOW_CTX_DAG_ID='kafka_spark_streaming' AIRFLOW_CTX_TASK_ID='generate_data_task' AIRFLOW_CTX_EXECUTION_DATE='2025-01-01T00:00:00+00:00' AIRFLOW_CTX_TRY_NUMBER='1' AIRFLOW_CTX_DAG_RUN_ID='scheduled__2025-01-01T00:00:00+00:00'
[2025-03-26T13:13:25.422+0000] {taskinstance.py:430} INFO - ::endgroup::
[2025-03-26T13:13:25.510+0000] {python.py:237} INFO - Done. Returned value was: None
[2025-03-26T13:13:25.510+0000] {taskinstance.py:441} INFO - ::group::Post task execution logs
[2025-03-26T13:13:25.517+0000] {taskinstance.py:1206} INFO - Marking task as SUCCESS. dag_id=kafka_spark_streaming, task_id=generate_data_task, run_id=scheduled__2025-01-01T00:00:00+00:00, execution_date=20250101T000000, start_date=20250326T131325, end_date=20250326T131325
[2025-03-26T13:13:25.569+0000] {local_task_job_runner.py:243} INFO - Task exited with return code 0
[2025-03-26T13:13:25.585+0000] {taskinstance.py:3503} INFO - 1 downstream tasks scheduled from follow-on schedule check
[2025-03-26T13:13:25.586+0000] {local_task_job_runner.py:222} INFO - ::endgroup::
