[2025-04-15T23:25:00.720+0000] {local_task_job_runner.py:120} INFO - ::group::Pre task execution logs
[2025-04-15T23:25:00.749+0000] {taskinstance.py:2076} INFO - Dependencies all met for dep_context=non-requeueable deps ti=<TaskInstance: iot_data_pipeline.run_iot_producer_script scheduled__2025-04-15T23:20:00+00:00 [queued]>
[2025-04-15T23:25:00.755+0000] {taskinstance.py:2076} INFO - Dependencies all met for dep_context=requeueable deps ti=<TaskInstance: iot_data_pipeline.run_iot_producer_script scheduled__2025-04-15T23:20:00+00:00 [queued]>
[2025-04-15T23:25:00.755+0000] {taskinstance.py:2306} INFO - Starting attempt 1 of 2
[2025-04-15T23:25:00.764+0000] {taskinstance.py:2330} INFO - Executing <Task(BashOperator): run_iot_producer_script> on 2025-04-15 23:20:00+00:00
[2025-04-15T23:25:00.768+0000] {standard_task_runner.py:63} INFO - Started process 7951 to run task
[2025-04-15T23:25:00.771+0000] {standard_task_runner.py:90} INFO - Running: ['***', 'tasks', 'run', 'iot_data_pipeline', 'run_iot_producer_script', 'scheduled__2025-04-15T23:20:00+00:00', '--job-id', '25', '--raw', '--subdir', 'DAGS_FOLDER/iot_data_dag.py', '--cfg-path', '/tmp/tmpc0njtijp']
[2025-04-15T23:25:00.772+0000] {standard_task_runner.py:91} INFO - Job 25: Subtask run_iot_producer_script
[2025-04-15T23:25:00.807+0000] {task_command.py:426} INFO - Running <TaskInstance: iot_data_pipeline.run_iot_producer_script scheduled__2025-04-15T23:20:00+00:00 [running]> on host 5093da77a75c
[2025-04-15T23:25:00.869+0000] {taskinstance.py:2648} INFO - Exporting env vars: AIRFLOW_CTX_DAG_OWNER='***' AIRFLOW_CTX_DAG_ID='iot_data_pipeline' AIRFLOW_CTX_TASK_ID='run_iot_producer_script' AIRFLOW_CTX_EXECUTION_DATE='2025-04-15T23:20:00+00:00' AIRFLOW_CTX_TRY_NUMBER='1' AIRFLOW_CTX_DAG_RUN_ID='scheduled__2025-04-15T23:20:00+00:00'
[2025-04-15T23:25:00.870+0000] {taskinstance.py:430} INFO - ::endgroup::
[2025-04-15T23:25:00.882+0000] {subprocess.py:63} INFO - Tmp dir root location: /tmp
[2025-04-15T23:25:00.883+0000] {subprocess.py:75} INFO - Running command: ['/usr/bin/bash', '-c', 'python3 /opt/***/dags/script/iot_data_producer.py']
[2025-04-15T23:25:00.892+0000] {subprocess.py:86} INFO - Output:
[2025-04-15T23:25:01.609+0000] {subprocess.py:93} INFO - [2025-04-15T23:25:01.608852+00:00] Donnée envoyée et stockée : {'machine_id': 'IOT-MACH-TH-37', 'timestamp': '2025-04-15T23:25:01.597468+00:00', 'region': 'TH', 'season': 'saison_seche', 'temperature': 31.04, 'humidity': 52.59, 'soil_moisture': 40.88, 'vibration': 0.74, 'pressure': 1.49, 'latitude': 14.7978, 'longitude': -16.925}
[2025-04-15T23:25:01.718+0000] {subprocess.py:97} INFO - Command exited with return code 0
[2025-04-15T23:25:01.719+0000] {taskinstance.py:441} INFO - ::group::Post task execution logs
[2025-04-15T23:25:01.755+0000] {taskinstance.py:1206} INFO - Marking task as SUCCESS. dag_id=iot_data_pipeline, task_id=run_iot_producer_script, run_id=scheduled__2025-04-15T23:20:00+00:00, execution_date=20250415T232000, start_date=20250415T232500, end_date=20250415T232501
[2025-04-15T23:25:01.784+0000] {local_task_job_runner.py:240} INFO - Task exited with return code 0
[2025-04-15T23:25:01.798+0000] {taskinstance.py:3503} INFO - 0 downstream tasks scheduled from follow-on schedule check
[2025-04-15T23:25:01.800+0000] {local_task_job_runner.py:222} INFO - ::endgroup::
