[2025-04-16T20:40:00.873+0000] {local_task_job_runner.py:120} INFO - ::group::Pre task execution logs
[2025-04-16T20:40:00.898+0000] {taskinstance.py:2076} INFO - Dependencies all met for dep_context=non-requeueable deps ti=<TaskInstance: iot_data_pipeline.run_iot_producer_script scheduled__2025-04-16T20:35:00+00:00 [queued]>
[2025-04-16T20:40:00.905+0000] {taskinstance.py:2076} INFO - Dependencies all met for dep_context=requeueable deps ti=<TaskInstance: iot_data_pipeline.run_iot_producer_script scheduled__2025-04-16T20:35:00+00:00 [queued]>
[2025-04-16T20:40:00.905+0000] {taskinstance.py:2306} INFO - Starting attempt 1 of 2
[2025-04-16T20:40:00.923+0000] {taskinstance.py:2330} INFO - Executing <Task(BashOperator): run_iot_producer_script> on 2025-04-16 20:35:00+00:00
[2025-04-16T20:40:00.933+0000] {standard_task_runner.py:63} INFO - Started process 573 to run task
[2025-04-16T20:40:00.937+0000] {standard_task_runner.py:90} INFO - Running: ['***', 'tasks', 'run', 'iot_data_pipeline', 'run_iot_producer_script', 'scheduled__2025-04-16T20:35:00+00:00', '--job-id', '5', '--raw', '--subdir', 'DAGS_FOLDER/iot_data_dag.py', '--cfg-path', '/tmp/tmpmcf_32f4']
[2025-04-16T20:40:00.941+0000] {standard_task_runner.py:91} INFO - Job 5: Subtask run_iot_producer_script
[2025-04-16T20:40:00.993+0000] {task_command.py:426} INFO - Running <TaskInstance: iot_data_pipeline.run_iot_producer_script scheduled__2025-04-16T20:35:00+00:00 [running]> on host 8318a6508d39
[2025-04-16T20:40:01.089+0000] {taskinstance.py:2648} INFO - Exporting env vars: AIRFLOW_CTX_DAG_OWNER='***' AIRFLOW_CTX_DAG_ID='iot_data_pipeline' AIRFLOW_CTX_TASK_ID='run_iot_producer_script' AIRFLOW_CTX_EXECUTION_DATE='2025-04-16T20:35:00+00:00' AIRFLOW_CTX_TRY_NUMBER='1' AIRFLOW_CTX_DAG_RUN_ID='scheduled__2025-04-16T20:35:00+00:00'
[2025-04-16T20:40:01.089+0000] {taskinstance.py:430} INFO - ::endgroup::
[2025-04-16T20:40:01.099+0000] {subprocess.py:63} INFO - Tmp dir root location: /tmp
[2025-04-16T20:40:01.100+0000] {subprocess.py:75} INFO - Running command: ['/usr/bin/bash', '-c', 'python3 /opt/***/dags/script/iot_data_producer.py']
[2025-04-16T20:40:01.106+0000] {subprocess.py:86} INFO - Output:
[2025-04-16T20:40:01.705+0000] {subprocess.py:93} INFO - [2025-04-16T20:40:01.705693+00:00] Donnée envoyée et stockée : {'machine_id': 'IOT-MACH-SL-36', 'timestamp': '2025-04-16T20:40:01.704318+00:00', 'region': 'SL', 'season': 'saison_seche', 'temperature': 30.89, 'humidity': 53.37, 'soil_moisture': 16.01, 'vibration': 0.24, 'pressure': 0.83, 'latitude': 16.0167, 'longitude': -16.5}
[2025-04-16T20:40:01.743+0000] {subprocess.py:97} INFO - Command exited with return code 0
[2025-04-16T20:40:01.743+0000] {taskinstance.py:441} INFO - ::group::Post task execution logs
[2025-04-16T20:40:01.765+0000] {taskinstance.py:1206} INFO - Marking task as SUCCESS. dag_id=iot_data_pipeline, task_id=run_iot_producer_script, run_id=scheduled__2025-04-16T20:35:00+00:00, execution_date=20250416T203500, start_date=20250416T204000, end_date=20250416T204001
[2025-04-16T20:40:01.791+0000] {local_task_job_runner.py:240} INFO - Task exited with return code 0
[2025-04-16T20:40:01.804+0000] {taskinstance.py:3503} INFO - 0 downstream tasks scheduled from follow-on schedule check
[2025-04-16T20:40:01.805+0000] {local_task_job_runner.py:222} INFO - ::endgroup::
