[2025-04-15T19:55:00.243+0000] {local_task_job_runner.py:120} INFO - ::group::Pre task execution logs
[2025-04-15T19:55:00.269+0000] {taskinstance.py:2076} INFO - Dependencies all met for dep_context=non-requeueable deps ti=<TaskInstance: iot_data_pipeline.run_iot_producer_script scheduled__2025-04-15T19:50:00+00:00 [queued]>
[2025-04-15T19:55:00.275+0000] {taskinstance.py:2076} INFO - Dependencies all met for dep_context=requeueable deps ti=<TaskInstance: iot_data_pipeline.run_iot_producer_script scheduled__2025-04-15T19:50:00+00:00 [queued]>
[2025-04-15T19:55:00.275+0000] {taskinstance.py:2306} INFO - Starting attempt 1 of 2
[2025-04-15T19:55:00.283+0000] {taskinstance.py:2330} INFO - Executing <Task(BashOperator): run_iot_producer_script> on 2025-04-15 19:50:00+00:00
[2025-04-15T19:55:00.287+0000] {standard_task_runner.py:63} INFO - Started process 2387 to run task
[2025-04-15T19:55:00.289+0000] {standard_task_runner.py:90} INFO - Running: ['***', 'tasks', 'run', 'iot_data_pipeline', 'run_iot_producer_script', 'scheduled__2025-04-15T19:50:00+00:00', '--job-id', '145', '--raw', '--subdir', 'DAGS_FOLDER/iot_data_dag.py', '--cfg-path', '/tmp/tmpkjfyoxiq']
[2025-04-15T19:55:00.291+0000] {standard_task_runner.py:91} INFO - Job 145: Subtask run_iot_producer_script
[2025-04-15T19:55:00.323+0000] {task_command.py:426} INFO - Running <TaskInstance: iot_data_pipeline.run_iot_producer_script scheduled__2025-04-15T19:50:00+00:00 [running]> on host aef507eba48f
[2025-04-15T19:55:00.385+0000] {taskinstance.py:2648} INFO - Exporting env vars: AIRFLOW_CTX_DAG_OWNER='***' AIRFLOW_CTX_DAG_ID='iot_data_pipeline' AIRFLOW_CTX_TASK_ID='run_iot_producer_script' AIRFLOW_CTX_EXECUTION_DATE='2025-04-15T19:50:00+00:00' AIRFLOW_CTX_TRY_NUMBER='1' AIRFLOW_CTX_DAG_RUN_ID='scheduled__2025-04-15T19:50:00+00:00'
[2025-04-15T19:55:00.386+0000] {taskinstance.py:430} INFO - ::endgroup::
[2025-04-15T19:55:00.397+0000] {subprocess.py:63} INFO - Tmp dir root location: /tmp
[2025-04-15T19:55:00.397+0000] {subprocess.py:75} INFO - Running command: ['/usr/bin/bash', '-c', 'python3 /opt/***/dags/script/iot_data_producer.py']
[2025-04-15T19:55:00.404+0000] {subprocess.py:86} INFO - Output:
[2025-04-15T19:55:01.053+0000] {subprocess.py:93} INFO - [2025-04-15T19:55:01.053516+00:00] Donnée envoyée et stockée : {'machine_id': 'IOT-MACH-TB-50', 'timestamp': '2025-04-15T19:55:01.044858+00:00', 'region': 'TB', 'season': 'saison_seche', 'temperature': 37.53, 'humidity': 22.82, 'soil_moisture': 19.69, 'vibration': 1.96, 'pressure': 2.18, 'latitude': 15.3833, 'longitude': -15.5}
[2025-04-15T19:55:01.096+0000] {subprocess.py:97} INFO - Command exited with return code 0
[2025-04-15T19:55:01.097+0000] {taskinstance.py:441} INFO - ::group::Post task execution logs
[2025-04-15T19:55:01.115+0000] {taskinstance.py:1206} INFO - Marking task as SUCCESS. dag_id=iot_data_pipeline, task_id=run_iot_producer_script, run_id=scheduled__2025-04-15T19:50:00+00:00, execution_date=20250415T195000, start_date=20250415T195500, end_date=20250415T195501
[2025-04-15T19:55:01.143+0000] {local_task_job_runner.py:240} INFO - Task exited with return code 0
[2025-04-15T19:55:01.156+0000] {taskinstance.py:3503} INFO - 0 downstream tasks scheduled from follow-on schedule check
[2025-04-15T19:55:01.157+0000] {local_task_job_runner.py:222} INFO - ::endgroup::
