[2025-04-16T23:35:00.292+0000] {local_task_job_runner.py:120} INFO - ::group::Pre task execution logs
[2025-04-16T23:35:00.320+0000] {taskinstance.py:2076} INFO - Dependencies all met for dep_context=non-requeueable deps ti=<TaskInstance: iot_data_pipeline.run_iot_producer_script scheduled__2025-04-16T23:30:00+00:00 [queued]>
[2025-04-16T23:35:00.325+0000] {taskinstance.py:2076} INFO - Dependencies all met for dep_context=requeueable deps ti=<TaskInstance: iot_data_pipeline.run_iot_producer_script scheduled__2025-04-16T23:30:00+00:00 [queued]>
[2025-04-16T23:35:00.326+0000] {taskinstance.py:2306} INFO - Starting attempt 1 of 2
[2025-04-16T23:35:00.333+0000] {taskinstance.py:2330} INFO - Executing <Task(BashOperator): run_iot_producer_script> on 2025-04-16 23:30:00+00:00
[2025-04-16T23:35:00.337+0000] {standard_task_runner.py:63} INFO - Started process 1232 to run task
[2025-04-16T23:35:00.340+0000] {standard_task_runner.py:90} INFO - Running: ['***', 'tasks', 'run', 'iot_data_pipeline', 'run_iot_producer_script', 'scheduled__2025-04-16T23:30:00+00:00', '--job-id', '7', '--raw', '--subdir', 'DAGS_FOLDER/iot_data_dag.py', '--cfg-path', '/tmp/tmpr6j3myfo']
[2025-04-16T23:35:00.342+0000] {standard_task_runner.py:91} INFO - Job 7: Subtask run_iot_producer_script
[2025-04-16T23:35:00.374+0000] {task_command.py:426} INFO - Running <TaskInstance: iot_data_pipeline.run_iot_producer_script scheduled__2025-04-16T23:30:00+00:00 [running]> on host c9a0c86c11a6
[2025-04-16T23:35:00.433+0000] {taskinstance.py:2648} INFO - Exporting env vars: AIRFLOW_CTX_DAG_OWNER='***' AIRFLOW_CTX_DAG_ID='iot_data_pipeline' AIRFLOW_CTX_TASK_ID='run_iot_producer_script' AIRFLOW_CTX_EXECUTION_DATE='2025-04-16T23:30:00+00:00' AIRFLOW_CTX_TRY_NUMBER='1' AIRFLOW_CTX_DAG_RUN_ID='scheduled__2025-04-16T23:30:00+00:00'
[2025-04-16T23:35:00.434+0000] {taskinstance.py:430} INFO - ::endgroup::
[2025-04-16T23:35:00.444+0000] {subprocess.py:63} INFO - Tmp dir root location: /tmp
[2025-04-16T23:35:00.444+0000] {subprocess.py:75} INFO - Running command: ['/usr/bin/bash', '-c', 'python3 /opt/***/dags/script/iot_data_producer.py']
[2025-04-16T23:35:00.452+0000] {subprocess.py:86} INFO - Output:
[2025-04-16T23:35:01.043+0000] {subprocess.py:93} INFO - [2025-04-16T23:35:01.043214+00:00] Donnée envoyée et stockée : {'machine_id': 'IOT-MACH-KD-28', 'timestamp': '2025-04-16T23:35:01.036642+00:00', 'region': 'KD', 'season': 'saison_seche', 'temperature': 33.21, 'humidity': 56.39, 'soil_moisture': 39.17, 'vibration': 0.49, 'pressure': 0.84, 'latitude': 14.1167, 'longitude': -12.5}
[2025-04-16T23:35:01.094+0000] {subprocess.py:97} INFO - Command exited with return code 0
[2025-04-16T23:35:01.095+0000] {taskinstance.py:441} INFO - ::group::Post task execution logs
[2025-04-16T23:35:01.114+0000] {taskinstance.py:1206} INFO - Marking task as SUCCESS. dag_id=iot_data_pipeline, task_id=run_iot_producer_script, run_id=scheduled__2025-04-16T23:30:00+00:00, execution_date=20250416T233000, start_date=20250416T233500, end_date=20250416T233501
[2025-04-16T23:35:01.153+0000] {local_task_job_runner.py:240} INFO - Task exited with return code 0
[2025-04-16T23:35:01.205+0000] {taskinstance.py:3503} INFO - 0 downstream tasks scheduled from follow-on schedule check
[2025-04-16T23:35:01.207+0000] {local_task_job_runner.py:222} INFO - ::endgroup::
