[2025-04-19T01:20:00.145+0000] {local_task_job_runner.py:120} INFO - ::group::Pre task execution logs
[2025-04-19T01:20:00.169+0000] {taskinstance.py:2076} INFO - Dependencies all met for dep_context=non-requeueable deps ti=<TaskInstance: iot_data_pipeline.run_iot_producer_script scheduled__2025-04-19T01:15:00+00:00 [queued]>
[2025-04-19T01:20:00.175+0000] {taskinstance.py:2076} INFO - Dependencies all met for dep_context=requeueable deps ti=<TaskInstance: iot_data_pipeline.run_iot_producer_script scheduled__2025-04-19T01:15:00+00:00 [queued]>
[2025-04-19T01:20:00.175+0000] {taskinstance.py:2306} INFO - Starting attempt 1 of 2
[2025-04-19T01:20:00.185+0000] {taskinstance.py:2330} INFO - Executing <Task(BashOperator): run_iot_producer_script> on 2025-04-19 01:15:00+00:00
[2025-04-19T01:20:00.189+0000] {standard_task_runner.py:63} INFO - Started process 23695 to run task
[2025-04-19T01:20:00.192+0000] {standard_task_runner.py:90} INFO - Running: ['***', 'tasks', 'run', 'iot_data_pipeline', 'run_iot_producer_script', 'scheduled__2025-04-19T01:15:00+00:00', '--job-id', '49', '--raw', '--subdir', 'DAGS_FOLDER/iot_data_dag.py', '--cfg-path', '/tmp/tmpvnwvyntc']
[2025-04-19T01:20:00.194+0000] {standard_task_runner.py:91} INFO - Job 49: Subtask run_iot_producer_script
[2025-04-19T01:20:00.236+0000] {task_command.py:426} INFO - Running <TaskInstance: iot_data_pipeline.run_iot_producer_script scheduled__2025-04-19T01:15:00+00:00 [running]> on host 2b5f93c9e322
[2025-04-19T01:20:00.321+0000] {taskinstance.py:2648} INFO - Exporting env vars: AIRFLOW_CTX_DAG_OWNER='***' AIRFLOW_CTX_DAG_ID='iot_data_pipeline' AIRFLOW_CTX_TASK_ID='run_iot_producer_script' AIRFLOW_CTX_EXECUTION_DATE='2025-04-19T01:15:00+00:00' AIRFLOW_CTX_TRY_NUMBER='1' AIRFLOW_CTX_DAG_RUN_ID='scheduled__2025-04-19T01:15:00+00:00'
[2025-04-19T01:20:00.322+0000] {taskinstance.py:430} INFO - ::endgroup::
[2025-04-19T01:20:00.333+0000] {subprocess.py:63} INFO - Tmp dir root location: /tmp
[2025-04-19T01:20:00.334+0000] {subprocess.py:75} INFO - Running command: ['/usr/bin/bash', '-c', 'python3 /opt/***/dags/script/iot_data_producer.py']
[2025-04-19T01:20:00.341+0000] {subprocess.py:86} INFO - Output:
[2025-04-19T01:20:01.021+0000] {subprocess.py:93} INFO - [2025-04-19T01:20:00.984308+00:00] Donnée envoyée et stockée : {'machine_id': 'IOT-MACH-TH-5', 'timestamp': '2025-04-19T01:20:00.979970+00:00', 'region': 'TH', 'season': 'saison_seche', 'temperature': 31.58, 'humidity': 46.52, 'soil_moisture': 37.17, 'vibration': 2.33, 'pressure': 1.25, 'latitude': 14.7978, 'longitude': -16.925}
[2025-04-19T01:20:01.021+0000] {subprocess.py:93} INFO - [2025-04-19T01:20:00.986554+00:00] Donnée envoyée et stockée : {'machine_id': 'IOT-MACH-DK-79', 'timestamp': '2025-04-19T01:20:00.984373+00:00', 'region': 'DK', 'season': 'saison_seche', 'temperature': 30.91, 'humidity': 68.92, 'soil_moisture': 13.38, 'vibration': 3.75, 'pressure': 0.86, 'latitude': 14.7167, 'longitude': -17.4677}
[2025-04-19T01:20:01.021+0000] {subprocess.py:93} INFO - [2025-04-19T01:20:00.988079+00:00] Donnée envoyée et stockée : {'machine_id': 'IOT-MACH-ZG-2', 'timestamp': '2025-04-19T01:20:00.986603+00:00', 'region': 'ZG', 'season': 'saison_seche', 'temperature': 29.24, 'humidity': 75.64, 'soil_moisture': 25.56, 'vibration': 0.12, 'pressure': 2.33, 'latitude': 12.5833, 'longitude': -16.2667}
[2025-04-19T01:20:01.022+0000] {subprocess.py:93} INFO - [2025-04-19T01:20:00.989875+00:00] Donnée envoyée et stockée : {'machine_id': 'IOT-MACH-SL-44', 'timestamp': '2025-04-19T01:20:00.988121+00:00', 'region': 'SL', 'season': 'saison_seche', 'temperature': 30.59, 'humidity': 51.26, 'soil_moisture': 36.22, 'vibration': 4.99, 'pressure': 1.05, 'latitude': 16.0167, 'longitude': -16.5}
[2025-04-19T01:20:01.022+0000] {subprocess.py:93} INFO - [2025-04-19T01:20:00.991633+00:00] Donnée envoyée et stockée : {'machine_id': 'IOT-MACH-TH-28', 'timestamp': '2025-04-19T01:20:00.989922+00:00', 'region': 'TH', 'season': 'saison_seche', 'temperature': 31.83, 'humidity': 45.8, 'soil_moisture': 46.37, 'vibration': 4.18, 'pressure': 1.99, 'latitude': 14.7978, 'longitude': -16.925}
[2025-04-19T01:20:01.022+0000] {subprocess.py:93} INFO - [2025-04-19T01:20:00.993517+00:00] Donnée envoyée et stockée : {'machine_id': 'IOT-MACH-ZG-3', 'timestamp': '2025-04-19T01:20:00.991680+00:00', 'region': 'ZG', 'season': 'saison_seche', 'temperature': 28.29, 'humidity': 75.7, 'soil_moisture': 45.58, 'vibration': 3.23, 'pressure': 2.01, 'latitude': 12.5833, 'longitude': -16.2667}
[2025-04-19T01:20:01.023+0000] {subprocess.py:93} INFO - [2025-04-19T01:20:00.995631+00:00] Donnée envoyée et stockée : {'machine_id': 'IOT-MACH-TB-46', 'timestamp': '2025-04-19T01:20:00.993571+00:00', 'region': 'TB', 'season': 'saison_seche', 'temperature': 37.44, 'humidity': 23.91, 'soil_moisture': 26.74, 'vibration': 3.55, 'pressure': 1.01, 'latitude': 15.3833, 'longitude': -15.5}
[2025-04-19T01:20:01.023+0000] {subprocess.py:93} INFO - [2025-04-19T01:20:00.997809+00:00] Donnée envoyée et stockée : {'machine_id': 'IOT-MACH-SL-80', 'timestamp': '2025-04-19T01:20:00.995687+00:00', 'region': 'SL', 'season': 'saison_seche', 'temperature': 30.36, 'humidity': 57.39, 'soil_moisture': 31.32, 'vibration': 1.67, 'pressure': 0.86, 'latitude': 16.0167, 'longitude': -16.5}
[2025-04-19T01:20:01.023+0000] {subprocess.py:93} INFO - [2025-04-19T01:20:00.999365+00:00] Donnée envoyée et stockée : {'machine_id': 'IOT-MACH-MT-97', 'timestamp': '2025-04-19T01:20:00.997858+00:00', 'region': 'MT', 'season': 'saison_seche', 'temperature': 39.42, 'humidity': 10.43, 'soil_moisture': 33.86, 'vibration': 4.81, 'pressure': 1.44, 'latitude': 16.0333, 'longitude': -13.5167}
[2025-04-19T01:20:01.023+0000] {subprocess.py:93} INFO - [2025-04-19T01:20:01.001483+00:00] Donnée envoyée et stockée : {'machine_id': 'IOT-MACH-TB-2', 'timestamp': '2025-04-19T01:20:00.999409+00:00', 'region': 'TB', 'season': 'saison_seche', 'temperature': 37.79, 'humidity': 24.64, 'soil_moisture': 27.15, 'vibration': 0.47, 'pressure': 1.71, 'latitude': 15.3833, 'longitude': -15.5}
[2025-04-19T01:20:01.024+0000] {subprocess.py:93} INFO - [2025-04-19T01:20:01.003003+00:00] Donnée envoyée et stockée : {'machine_id': 'IOT-MACH-TH-42', 'timestamp': '2025-04-19T01:20:01.001525+00:00', 'region': 'TH', 'season': 'saison_seche', 'temperature': 32.54, 'humidity': 49.75, 'soil_moisture': 11.63, 'vibration': 2.24, 'pressure': 1.11, 'latitude': 14.7978, 'longitude': -16.925}
[2025-04-19T01:20:01.024+0000] {subprocess.py:93} INFO - [2025-04-19T01:20:01.005493+00:00] Donnée envoyée et stockée : {'machine_id': 'IOT-MACH-DK-44', 'timestamp': '2025-04-19T01:20:01.003050+00:00', 'region': 'DK', 'season': 'saison_seche', 'temperature': 30.89, 'humidity': 66.84, 'soil_moisture': 43.18, 'vibration': 3.19, 'pressure': 2.23, 'latitude': 14.7167, 'longitude': -17.4677}
[2025-04-19T01:20:01.024+0000] {subprocess.py:93} INFO - [2025-04-19T01:20:01.007259+00:00] Donnée envoyée et stockée : {'machine_id': 'IOT-MACH-MT-14', 'timestamp': '2025-04-19T01:20:01.005552+00:00', 'region': 'MT', 'season': 'saison_seche', 'temperature': 39.45, 'humidity': 11.64, 'soil_moisture': 35.03, 'vibration': 3.08, 'pressure': 0.93, 'latitude': 16.0333, 'longitude': -13.5167}
[2025-04-19T01:20:01.024+0000] {subprocess.py:93} INFO - [2025-04-19T01:20:01.008969+00:00] Donnée envoyée et stockée : {'machine_id': 'IOT-MACH-KD-72', 'timestamp': '2025-04-19T01:20:01.007303+00:00', 'region': 'KD', 'season': 'saison_seche', 'temperature': 33.41, 'humidity': 56.9, 'soil_moisture': 31.34, 'vibration': 3.99, 'pressure': 1.44, 'latitude': 14.1167, 'longitude': -12.5}
[2025-04-19T01:20:01.025+0000] {subprocess.py:93} INFO - [2025-04-19T01:20:01.010891+00:00] Donnée envoyée et stockée : {'machine_id': 'IOT-MACH-ZG-68', 'timestamp': '2025-04-19T01:20:01.009034+00:00', 'region': 'ZG', 'season': 'saison_seche', 'temperature': 28.68, 'humidity': 75.19, 'soil_moisture': 18.01, 'vibration': 1.81, 'pressure': 2.3, 'latitude': 12.5833, 'longitude': -16.2667}
[2025-04-19T01:20:01.025+0000] {subprocess.py:93} INFO - [2025-04-19T01:20:01.012760+00:00] Donnée envoyée et stockée : {'machine_id': 'IOT-MACH-TB-73', 'timestamp': '2025-04-19T01:20:01.010952+00:00', 'region': 'TB', 'season': 'saison_seche', 'temperature': 36.94, 'humidity': 24.45, 'soil_moisture': 20.14, 'vibration': 2.6, 'pressure': 2.46, 'latitude': 15.3833, 'longitude': -15.5}
[2025-04-19T01:20:01.025+0000] {subprocess.py:93} INFO - [2025-04-19T01:20:01.014508+00:00] Donnée envoyée et stockée : {'machine_id': 'IOT-MACH-KD-77', 'timestamp': '2025-04-19T01:20:01.012814+00:00', 'region': 'KD', 'season': 'saison_seche', 'temperature': 32.22, 'humidity': 54.19, 'soil_moisture': 39.78, 'vibration': 3.66, 'pressure': 1.8, 'latitude': 14.1167, 'longitude': -12.5}
[2025-04-19T01:20:01.025+0000] {subprocess.py:93} INFO - [2025-04-19T01:20:01.016598+00:00] Donnée envoyée et stockée : {'machine_id': 'IOT-MACH-DK-7', 'timestamp': '2025-04-19T01:20:01.014564+00:00', 'region': 'DK', 'season': 'saison_seche', 'temperature': 30.23, 'humidity': 72.59, 'soil_moisture': 26.75, 'vibration': 3.16, 'pressure': 1.58, 'latitude': 14.7167, 'longitude': -17.4677}
[2025-04-19T01:20:01.026+0000] {subprocess.py:93} INFO - [2025-04-19T01:20:01.018692+00:00] Donnée envoyée et stockée : {'machine_id': 'IOT-MACH-SL-45', 'timestamp': '2025-04-19T01:20:01.016643+00:00', 'region': 'SL', 'season': 'saison_seche', 'temperature': 30.6, 'humidity': 50.5, 'soil_moisture': 15.52, 'vibration': 3.98, 'pressure': 1.57, 'latitude': 16.0167, 'longitude': -16.5}
[2025-04-19T01:20:01.026+0000] {subprocess.py:93} INFO - [2025-04-19T01:20:01.020825+00:00] Donnée envoyée et stockée : {'machine_id': 'IOT-MACH-TH-87', 'timestamp': '2025-04-19T01:20:01.018735+00:00', 'region': 'TH', 'season': 'saison_seche', 'temperature': 31.21, 'humidity': 52.5, 'soil_moisture': 20.44, 'vibration': 1.92, 'pressure': 1.5, 'latitude': 14.7978, 'longitude': -16.925}
[2025-04-19T01:20:01.066+0000] {subprocess.py:97} INFO - Command exited with return code 0
[2025-04-19T01:20:01.066+0000] {taskinstance.py:441} INFO - ::group::Post task execution logs
[2025-04-19T01:20:01.086+0000] {taskinstance.py:1206} INFO - Marking task as SUCCESS. dag_id=iot_data_pipeline, task_id=run_iot_producer_script, run_id=scheduled__2025-04-19T01:15:00+00:00, execution_date=20250419T011500, start_date=20250419T012000, end_date=20250419T012001
[2025-04-19T01:20:01.126+0000] {local_task_job_runner.py:240} INFO - Task exited with return code 0
[2025-04-19T01:20:01.156+0000] {taskinstance.py:3503} INFO - 0 downstream tasks scheduled from follow-on schedule check
[2025-04-19T01:20:01.158+0000] {local_task_job_runner.py:222} INFO - ::endgroup::
