[2025-04-17T22:30:04.719+0000] {local_task_job_runner.py:120} INFO - ::group::Pre task execution logs
[2025-04-17T22:30:04.765+0000] {taskinstance.py:2076} INFO - Dependencies all met for dep_context=non-requeueable deps ti=<TaskInstance: iot_data_pipeline.run_iot_producer_script manual__2025-04-17T22:30:03.843564+00:00 [queued]>
[2025-04-17T22:30:04.779+0000] {taskinstance.py:2076} INFO - Dependencies all met for dep_context=requeueable deps ti=<TaskInstance: iot_data_pipeline.run_iot_producer_script manual__2025-04-17T22:30:03.843564+00:00 [queued]>
[2025-04-17T22:30:04.781+0000] {taskinstance.py:2306} INFO - Starting attempt 1 of 2
[2025-04-17T22:30:04.809+0000] {taskinstance.py:2330} INFO - Executing <Task(BashOperator): run_iot_producer_script> on 2025-04-17 22:30:03.843564+00:00
[2025-04-17T22:30:04.825+0000] {standard_task_runner.py:63} INFO - Started process 573 to run task
[2025-04-17T22:30:04.830+0000] {standard_task_runner.py:90} INFO - Running: ['***', 'tasks', 'run', 'iot_data_pipeline', 'run_iot_producer_script', 'manual__2025-04-17T22:30:03.843564+00:00', '--job-id', '5', '--raw', '--subdir', 'DAGS_FOLDER/iot_data_dag.py', '--cfg-path', '/tmp/tmpwuuaq09y']
[2025-04-17T22:30:04.834+0000] {standard_task_runner.py:91} INFO - Job 5: Subtask run_iot_producer_script
[2025-04-17T22:30:04.894+0000] {task_command.py:426} INFO - Running <TaskInstance: iot_data_pipeline.run_iot_producer_script manual__2025-04-17T22:30:03.843564+00:00 [running]> on host 2b5f93c9e322
[2025-04-17T22:30:05.024+0000] {taskinstance.py:2648} INFO - Exporting env vars: AIRFLOW_CTX_DAG_OWNER='***' AIRFLOW_CTX_DAG_ID='iot_data_pipeline' AIRFLOW_CTX_TASK_ID='run_iot_producer_script' AIRFLOW_CTX_EXECUTION_DATE='2025-04-17T22:30:03.843564+00:00' AIRFLOW_CTX_TRY_NUMBER='1' AIRFLOW_CTX_DAG_RUN_ID='manual__2025-04-17T22:30:03.843564+00:00'
[2025-04-17T22:30:05.025+0000] {taskinstance.py:430} INFO - ::endgroup::
[2025-04-17T22:30:05.042+0000] {subprocess.py:63} INFO - Tmp dir root location: /tmp
[2025-04-17T22:30:05.043+0000] {subprocess.py:75} INFO - Running command: ['/usr/bin/bash', '-c', 'python3 /opt/***/dags/script/iot_data_producer.py']
[2025-04-17T22:30:05.059+0000] {subprocess.py:86} INFO - Output:
[2025-04-17T22:30:06.049+0000] {subprocess.py:93} INFO - [2025-04-17T22:30:06.048972+00:00] Donnée envoyée et stockée : {'machine_id': 'IOT-MACH-ZG-84', 'timestamp': '2025-04-17T22:30:06.045902+00:00', 'region': 'ZG', 'season': 'saison_seche', 'temperature': 29.2, 'humidity': 75.93, 'soil_moisture': 20.44, 'vibration': 4.73, 'pressure': 0.84, 'latitude': 12.5833, 'longitude': -16.2667}
[2025-04-17T22:30:06.184+0000] {subprocess.py:97} INFO - Command exited with return code 0
[2025-04-17T22:30:06.186+0000] {taskinstance.py:441} INFO - ::group::Post task execution logs
[2025-04-17T22:30:06.238+0000] {taskinstance.py:1206} INFO - Marking task as SUCCESS. dag_id=iot_data_pipeline, task_id=run_iot_producer_script, run_id=manual__2025-04-17T22:30:03.843564+00:00, execution_date=20250417T223003, start_date=20250417T223004, end_date=20250417T223006
[2025-04-17T22:30:06.286+0000] {local_task_job_runner.py:240} INFO - Task exited with return code 0
[2025-04-17T22:30:06.314+0000] {taskinstance.py:3503} INFO - 0 downstream tasks scheduled from follow-on schedule check
[2025-04-17T22:30:06.316+0000] {local_task_job_runner.py:222} INFO - ::endgroup::
