[2025-04-17T20:45:36.385+0000] {local_task_job_runner.py:120} INFO - ::group::Pre task execution logs
[2025-04-17T20:45:36.445+0000] {taskinstance.py:2076} INFO - Dependencies all met for dep_context=non-requeueable deps ti=<TaskInstance: iot_data_pipeline.run_iot_producer_script manual__2025-04-17T20:45:35.553094+00:00 [queued]>
[2025-04-17T20:45:36.466+0000] {taskinstance.py:2076} INFO - Dependencies all met for dep_context=requeueable deps ti=<TaskInstance: iot_data_pipeline.run_iot_producer_script manual__2025-04-17T20:45:35.553094+00:00 [queued]>
[2025-04-17T20:45:36.466+0000] {taskinstance.py:2306} INFO - Starting attempt 1 of 2
[2025-04-17T20:45:36.495+0000] {taskinstance.py:2330} INFO - Executing <Task(BashOperator): run_iot_producer_script> on 2025-04-17 20:45:35.553094+00:00
[2025-04-17T20:45:36.509+0000] {standard_task_runner.py:63} INFO - Started process 2293 to run task
[2025-04-17T20:45:36.518+0000] {standard_task_runner.py:90} INFO - Running: ['***', 'tasks', 'run', 'iot_data_pipeline', 'run_iot_producer_script', 'manual__2025-04-17T20:45:35.553094+00:00', '--job-id', '12', '--raw', '--subdir', 'DAGS_FOLDER/iot_data_dag.py', '--cfg-path', '/tmp/tmp1b8re0te']
[2025-04-17T20:45:36.524+0000] {standard_task_runner.py:91} INFO - Job 12: Subtask run_iot_producer_script
[2025-04-17T20:45:36.673+0000] {task_command.py:426} INFO - Running <TaskInstance: iot_data_pipeline.run_iot_producer_script manual__2025-04-17T20:45:35.553094+00:00 [running]> on host e4d9865e557d
[2025-04-17T20:45:36.956+0000] {taskinstance.py:2648} INFO - Exporting env vars: AIRFLOW_CTX_DAG_OWNER='***' AIRFLOW_CTX_DAG_ID='iot_data_pipeline' AIRFLOW_CTX_TASK_ID='run_iot_producer_script' AIRFLOW_CTX_EXECUTION_DATE='2025-04-17T20:45:35.553094+00:00' AIRFLOW_CTX_TRY_NUMBER='1' AIRFLOW_CTX_DAG_RUN_ID='manual__2025-04-17T20:45:35.553094+00:00'
[2025-04-17T20:45:36.956+0000] {taskinstance.py:430} INFO - ::endgroup::
[2025-04-17T20:45:36.989+0000] {subprocess.py:63} INFO - Tmp dir root location: /tmp
[2025-04-17T20:45:36.990+0000] {subprocess.py:75} INFO - Running command: ['/usr/bin/bash', '-c', 'python3 /opt/***/dags/script/iot_data_producer.py']
[2025-04-17T20:45:37.015+0000] {subprocess.py:86} INFO - Output:
[2025-04-17T20:45:38.058+0000] {subprocess.py:93} INFO - [2025-04-17T20:45:38.058558+00:00] Donnée envoyée et stockée : {'machine_id': 'IOT-MACH-ZG-86', 'timestamp': '2025-04-17T20:45:38.056045+00:00', 'region': 'ZG', 'season': 'saison_seche', 'temperature': 28.22, 'humidity': 78.69, 'soil_moisture': 27.41, 'vibration': 4.05, 'pressure': 1.3, 'latitude': 12.5833, 'longitude': -16.2667}
[2025-04-17T20:45:38.190+0000] {subprocess.py:97} INFO - Command exited with return code 0
[2025-04-17T20:45:38.191+0000] {taskinstance.py:441} INFO - ::group::Post task execution logs
[2025-04-17T20:45:38.225+0000] {taskinstance.py:1206} INFO - Marking task as SUCCESS. dag_id=iot_data_pipeline, task_id=run_iot_producer_script, run_id=manual__2025-04-17T20:45:35.553094+00:00, execution_date=20250417T204535, start_date=20250417T204536, end_date=20250417T204538
[2025-04-17T20:45:38.256+0000] {local_task_job_runner.py:240} INFO - Task exited with return code 0
[2025-04-17T20:45:38.281+0000] {taskinstance.py:3503} INFO - 0 downstream tasks scheduled from follow-on schedule check
[2025-04-17T20:45:38.282+0000] {local_task_job_runner.py:222} INFO - ::endgroup::
