[2025-04-17T21:30:00.941+0000] {local_task_job_runner.py:120} INFO - ::group::Pre task execution logs
[2025-04-17T21:30:00.969+0000] {taskinstance.py:2076} INFO - Dependencies all met for dep_context=non-requeueable deps ti=<TaskInstance: iot_data_pipeline.run_iot_producer_script scheduled__2025-04-17T21:25:00+00:00 [queued]>
[2025-04-17T21:30:00.974+0000] {taskinstance.py:2076} INFO - Dependencies all met for dep_context=requeueable deps ti=<TaskInstance: iot_data_pipeline.run_iot_producer_script scheduled__2025-04-17T21:25:00+00:00 [queued]>
[2025-04-17T21:30:00.974+0000] {taskinstance.py:2306} INFO - Starting attempt 1 of 2
[2025-04-17T21:30:00.983+0000] {taskinstance.py:2330} INFO - Executing <Task(BashOperator): run_iot_producer_script> on 2025-04-17 21:25:00+00:00
[2025-04-17T21:30:00.987+0000] {standard_task_runner.py:63} INFO - Started process 5494 to run task
[2025-04-17T21:30:00.989+0000] {standard_task_runner.py:90} INFO - Running: ['***', 'tasks', 'run', 'iot_data_pipeline', 'run_iot_producer_script', 'scheduled__2025-04-17T21:25:00+00:00', '--job-id', '26', '--raw', '--subdir', 'DAGS_FOLDER/iot_data_dag.py', '--cfg-path', '/tmp/tmpo6n4_4mi']
[2025-04-17T21:30:00.991+0000] {standard_task_runner.py:91} INFO - Job 26: Subtask run_iot_producer_script
[2025-04-17T21:30:01.026+0000] {task_command.py:426} INFO - Running <TaskInstance: iot_data_pipeline.run_iot_producer_script scheduled__2025-04-17T21:25:00+00:00 [running]> on host e4d9865e557d
[2025-04-17T21:30:01.090+0000] {taskinstance.py:2648} INFO - Exporting env vars: AIRFLOW_CTX_DAG_OWNER='***' AIRFLOW_CTX_DAG_ID='iot_data_pipeline' AIRFLOW_CTX_TASK_ID='run_iot_producer_script' AIRFLOW_CTX_EXECUTION_DATE='2025-04-17T21:25:00+00:00' AIRFLOW_CTX_TRY_NUMBER='1' AIRFLOW_CTX_DAG_RUN_ID='scheduled__2025-04-17T21:25:00+00:00'
[2025-04-17T21:30:01.090+0000] {taskinstance.py:430} INFO - ::endgroup::
[2025-04-17T21:30:01.103+0000] {subprocess.py:63} INFO - Tmp dir root location: /tmp
[2025-04-17T21:30:01.104+0000] {subprocess.py:75} INFO - Running command: ['/usr/bin/bash', '-c', 'python3 /opt/***/dags/script/iot_data_producer.py']
[2025-04-17T21:30:01.112+0000] {subprocess.py:86} INFO - Output:
[2025-04-17T21:30:01.756+0000] {subprocess.py:93} INFO - [2025-04-17T21:30:01.755979+00:00] Donnée envoyée et stockée : {'machine_id': 'IOT-MACH-TH-65', 'timestamp': '2025-04-17T21:30:01.746186+00:00', 'region': 'TH', 'season': 'saison_seche', 'temperature': 31.13, 'humidity': 47.73, 'soil_moisture': 11.4, 'vibration': 0.68, 'pressure': 1.72, 'latitude': 14.7978, 'longitude': -16.925}
[2025-04-17T21:30:01.842+0000] {subprocess.py:97} INFO - Command exited with return code 0
[2025-04-17T21:30:01.843+0000] {taskinstance.py:441} INFO - ::group::Post task execution logs
[2025-04-17T21:30:01.870+0000] {taskinstance.py:1206} INFO - Marking task as SUCCESS. dag_id=iot_data_pipeline, task_id=run_iot_producer_script, run_id=scheduled__2025-04-17T21:25:00+00:00, execution_date=20250417T212500, start_date=20250417T213000, end_date=20250417T213001
[2025-04-17T21:30:01.923+0000] {local_task_job_runner.py:240} INFO - Task exited with return code 0
[2025-04-17T21:30:01.940+0000] {taskinstance.py:3503} INFO - 0 downstream tasks scheduled from follow-on schedule check
[2025-04-17T21:30:01.942+0000] {local_task_job_runner.py:222} INFO - ::endgroup::
