[2025-04-17T20:15:00.673+0000] {local_task_job_runner.py:120} INFO - ::group::Pre task execution logs
[2025-04-17T20:15:00.695+0000] {taskinstance.py:2076} INFO - Dependencies all met for dep_context=non-requeueable deps ti=<TaskInstance: iot_data_pipeline.run_iot_producer_script scheduled__2025-04-17T20:10:00+00:00 [queued]>
[2025-04-17T20:15:00.701+0000] {taskinstance.py:2076} INFO - Dependencies all met for dep_context=requeueable deps ti=<TaskInstance: iot_data_pipeline.run_iot_producer_script scheduled__2025-04-17T20:10:00+00:00 [queued]>
[2025-04-17T20:15:00.701+0000] {taskinstance.py:2306} INFO - Starting attempt 1 of 2
[2025-04-17T20:15:00.709+0000] {taskinstance.py:2330} INFO - Executing <Task(BashOperator): run_iot_producer_script> on 2025-04-17 20:10:00+00:00
[2025-04-17T20:15:00.713+0000] {standard_task_runner.py:63} INFO - Started process 1920 to run task
[2025-04-17T20:15:00.715+0000] {standard_task_runner.py:90} INFO - Running: ['***', 'tasks', 'run', 'iot_data_pipeline', 'run_iot_producer_script', 'scheduled__2025-04-17T20:10:00+00:00', '--job-id', '12', '--raw', '--subdir', 'DAGS_FOLDER/iot_data_dag.py', '--cfg-path', '/tmp/tmp4cwynp3p']
[2025-04-17T20:15:00.717+0000] {standard_task_runner.py:91} INFO - Job 12: Subtask run_iot_producer_script
[2025-04-17T20:15:00.749+0000] {task_command.py:426} INFO - Running <TaskInstance: iot_data_pipeline.run_iot_producer_script scheduled__2025-04-17T20:10:00+00:00 [running]> on host 4bb9c9616eb1
[2025-04-17T20:15:00.810+0000] {taskinstance.py:2648} INFO - Exporting env vars: AIRFLOW_CTX_DAG_OWNER='***' AIRFLOW_CTX_DAG_ID='iot_data_pipeline' AIRFLOW_CTX_TASK_ID='run_iot_producer_script' AIRFLOW_CTX_EXECUTION_DATE='2025-04-17T20:10:00+00:00' AIRFLOW_CTX_TRY_NUMBER='1' AIRFLOW_CTX_DAG_RUN_ID='scheduled__2025-04-17T20:10:00+00:00'
[2025-04-17T20:15:00.811+0000] {taskinstance.py:430} INFO - ::endgroup::
[2025-04-17T20:15:00.822+0000] {subprocess.py:63} INFO - Tmp dir root location: /tmp
[2025-04-17T20:15:00.823+0000] {subprocess.py:75} INFO - Running command: ['/usr/bin/bash', '-c', 'python3 /opt/***/dags/script/iot_data_producer.py']
[2025-04-17T20:15:00.830+0000] {subprocess.py:86} INFO - Output:
[2025-04-17T20:15:01.456+0000] {subprocess.py:93} INFO - [2025-04-17T20:15:01.456065+00:00] Donnée envoyée et stockée : {'machine_id': 'IOT-MACH-MT-10', 'timestamp': '2025-04-17T20:15:01.449086+00:00', 'region': 'MT', 'season': 'saison_seche', 'temperature': 39.47, 'humidity': 14.01, 'soil_moisture': 27.4, 'vibration': 3.31, 'pressure': 1.67, 'latitude': 16.0333, 'longitude': -13.5167}
[2025-04-17T20:15:01.520+0000] {subprocess.py:97} INFO - Command exited with return code 0
[2025-04-17T20:15:01.521+0000] {taskinstance.py:441} INFO - ::group::Post task execution logs
[2025-04-17T20:15:01.545+0000] {taskinstance.py:1206} INFO - Marking task as SUCCESS. dag_id=iot_data_pipeline, task_id=run_iot_producer_script, run_id=scheduled__2025-04-17T20:10:00+00:00, execution_date=20250417T201000, start_date=20250417T201500, end_date=20250417T201501
[2025-04-17T20:15:01.569+0000] {local_task_job_runner.py:240} INFO - Task exited with return code 0
[2025-04-17T20:15:01.588+0000] {taskinstance.py:3503} INFO - 0 downstream tasks scheduled from follow-on schedule check
[2025-04-17T20:15:01.589+0000] {local_task_job_runner.py:222} INFO - ::endgroup::
