[2025-04-17T23:48:02.867+0000] {local_task_job_runner.py:120} INFO - ::group::Pre task execution logs
[2025-04-17T23:48:02.918+0000] {taskinstance.py:2076} INFO - Dependencies all met for dep_context=non-requeueable deps ti=<TaskInstance: iot_data_pipeline.run_iot_producer_script manual__2025-04-17T23:48:02.515481+00:00 [queued]>
[2025-04-17T23:48:02.931+0000] {taskinstance.py:2076} INFO - Dependencies all met for dep_context=requeueable deps ti=<TaskInstance: iot_data_pipeline.run_iot_producer_script manual__2025-04-17T23:48:02.515481+00:00 [queued]>
[2025-04-17T23:48:02.931+0000] {taskinstance.py:2306} INFO - Starting attempt 1 of 2
[2025-04-17T23:48:02.957+0000] {taskinstance.py:2330} INFO - Executing <Task(BashOperator): run_iot_producer_script> on 2025-04-17 23:48:02.515481+00:00
[2025-04-17T23:48:02.962+0000] {standard_task_runner.py:63} INFO - Started process 3542 to run task
[2025-04-17T23:48:02.965+0000] {standard_task_runner.py:90} INFO - Running: ['***', 'tasks', 'run', 'iot_data_pipeline', 'run_iot_producer_script', 'manual__2025-04-17T23:48:02.515481+00:00', '--job-id', '31', '--raw', '--subdir', 'DAGS_FOLDER/iot_data_dag.py', '--cfg-path', '/tmp/tmpveaib2d2']
[2025-04-17T23:48:02.967+0000] {standard_task_runner.py:91} INFO - Job 31: Subtask run_iot_producer_script
[2025-04-17T23:48:03.013+0000] {task_command.py:426} INFO - Running <TaskInstance: iot_data_pipeline.run_iot_producer_script manual__2025-04-17T23:48:02.515481+00:00 [running]> on host 2b5f93c9e322
[2025-04-17T23:48:03.209+0000] {taskinstance.py:2648} INFO - Exporting env vars: AIRFLOW_CTX_DAG_OWNER='***' AIRFLOW_CTX_DAG_ID='iot_data_pipeline' AIRFLOW_CTX_TASK_ID='run_iot_producer_script' AIRFLOW_CTX_EXECUTION_DATE='2025-04-17T23:48:02.515481+00:00' AIRFLOW_CTX_TRY_NUMBER='1' AIRFLOW_CTX_DAG_RUN_ID='manual__2025-04-17T23:48:02.515481+00:00'
[2025-04-17T23:48:03.211+0000] {taskinstance.py:430} INFO - ::endgroup::
[2025-04-17T23:48:03.238+0000] {subprocess.py:63} INFO - Tmp dir root location: /tmp
[2025-04-17T23:48:03.239+0000] {subprocess.py:75} INFO - Running command: ['/usr/bin/bash', '-c', 'python3 /opt/***/dags/script/iot_data_producer.py']
[2025-04-17T23:48:03.262+0000] {subprocess.py:86} INFO - Output:
[2025-04-17T23:48:03.948+0000] {subprocess.py:93} INFO - [2025-04-17T23:48:03.947914+00:00] Donnée envoyée et stockée : {'machine_id': 'IOT-MACH-TB-53', 'timestamp': '2025-04-17T23:48:03.943916+00:00', 'region': 'TB', 'season': 'saison_seche', 'temperature': 36.04, 'humidity': 25.44, 'soil_moisture': 43.94, 'vibration': 2.17, 'pressure': 2.38, 'latitude': 15.3833, 'longitude': -15.5}
[2025-04-17T23:48:04.018+0000] {subprocess.py:97} INFO - Command exited with return code 0
[2025-04-17T23:48:04.019+0000] {taskinstance.py:441} INFO - ::group::Post task execution logs
[2025-04-17T23:48:04.044+0000] {taskinstance.py:1206} INFO - Marking task as SUCCESS. dag_id=iot_data_pipeline, task_id=run_iot_producer_script, run_id=manual__2025-04-17T23:48:02.515481+00:00, execution_date=20250417T234802, start_date=20250417T234802, end_date=20250417T234804
[2025-04-17T23:48:04.100+0000] {local_task_job_runner.py:240} INFO - Task exited with return code 0
[2025-04-17T23:48:04.125+0000] {taskinstance.py:3503} INFO - 0 downstream tasks scheduled from follow-on schedule check
[2025-04-17T23:48:04.127+0000] {local_task_job_runner.py:222} INFO - ::endgroup::
