[2025-04-16T22:10:00.874+0000] {local_task_job_runner.py:120} INFO - ::group::Pre task execution logs
[2025-04-16T22:10:00.896+0000] {taskinstance.py:2076} INFO - Dependencies all met for dep_context=non-requeueable deps ti=<TaskInstance: iot_data_pipeline.run_iot_producer_script scheduled__2025-04-16T22:05:00+00:00 [queued]>
[2025-04-16T22:10:00.902+0000] {taskinstance.py:2076} INFO - Dependencies all met for dep_context=requeueable deps ti=<TaskInstance: iot_data_pipeline.run_iot_producer_script scheduled__2025-04-16T22:05:00+00:00 [queued]>
[2025-04-16T22:10:00.902+0000] {taskinstance.py:2306} INFO - Starting attempt 1 of 2
[2025-04-16T22:10:00.910+0000] {taskinstance.py:2330} INFO - Executing <Task(BashOperator): run_iot_producer_script> on 2025-04-16 22:05:00+00:00
[2025-04-16T22:10:00.914+0000] {standard_task_runner.py:63} INFO - Started process 6633 to run task
[2025-04-16T22:10:00.916+0000] {standard_task_runner.py:90} INFO - Running: ['***', 'tasks', 'run', 'iot_data_pipeline', 'run_iot_producer_script', 'scheduled__2025-04-16T22:05:00+00:00', '--job-id', '23', '--raw', '--subdir', 'DAGS_FOLDER/iot_data_dag.py', '--cfg-path', '/tmp/tmpa5lumv_n']
[2025-04-16T22:10:00.918+0000] {standard_task_runner.py:91} INFO - Job 23: Subtask run_iot_producer_script
[2025-04-16T22:10:00.951+0000] {task_command.py:426} INFO - Running <TaskInstance: iot_data_pipeline.run_iot_producer_script scheduled__2025-04-16T22:05:00+00:00 [running]> on host 8318a6508d39
[2025-04-16T22:10:01.009+0000] {taskinstance.py:2648} INFO - Exporting env vars: AIRFLOW_CTX_DAG_OWNER='***' AIRFLOW_CTX_DAG_ID='iot_data_pipeline' AIRFLOW_CTX_TASK_ID='run_iot_producer_script' AIRFLOW_CTX_EXECUTION_DATE='2025-04-16T22:05:00+00:00' AIRFLOW_CTX_TRY_NUMBER='1' AIRFLOW_CTX_DAG_RUN_ID='scheduled__2025-04-16T22:05:00+00:00'
[2025-04-16T22:10:01.010+0000] {taskinstance.py:430} INFO - ::endgroup::
[2025-04-16T22:10:01.020+0000] {subprocess.py:63} INFO - Tmp dir root location: /tmp
[2025-04-16T22:10:01.021+0000] {subprocess.py:75} INFO - Running command: ['/usr/bin/bash', '-c', 'python3 /opt/***/dags/script/iot_data_producer.py']
[2025-04-16T22:10:01.029+0000] {subprocess.py:86} INFO - Output:
[2025-04-16T22:10:01.643+0000] {subprocess.py:93} INFO - [2025-04-16T22:10:01.643176+00:00] Donnée envoyée et stockée : {'machine_id': 'IOT-MACH-TB-55', 'timestamp': '2025-04-16T22:10:01.634500+00:00', 'region': 'TB', 'season': 'saison_seche', 'temperature': 36.14, 'humidity': 20.47, 'soil_moisture': 18.96, 'vibration': 4.84, 'pressure': 1.18, 'latitude': 15.3833, 'longitude': -15.5}
[2025-04-16T22:10:01.720+0000] {subprocess.py:97} INFO - Command exited with return code 0
[2025-04-16T22:10:01.721+0000] {taskinstance.py:441} INFO - ::group::Post task execution logs
[2025-04-16T22:10:01.739+0000] {taskinstance.py:1206} INFO - Marking task as SUCCESS. dag_id=iot_data_pipeline, task_id=run_iot_producer_script, run_id=scheduled__2025-04-16T22:05:00+00:00, execution_date=20250416T220500, start_date=20250416T221000, end_date=20250416T221001
[2025-04-16T22:10:01.770+0000] {local_task_job_runner.py:240} INFO - Task exited with return code 0
[2025-04-16T22:10:01.788+0000] {taskinstance.py:3503} INFO - 0 downstream tasks scheduled from follow-on schedule check
[2025-04-16T22:10:01.789+0000] {local_task_job_runner.py:222} INFO - ::endgroup::
