[2025-04-17T20:24:10.619+0000] {local_task_job_runner.py:120} INFO - ::group::Pre task execution logs
[2025-04-17T20:24:10.660+0000] {taskinstance.py:2076} INFO - Dependencies all met for dep_context=non-requeueable deps ti=<TaskInstance: iot_data_pipeline.run_iot_producer_script manual__2025-04-17T20:24:09.884513+00:00 [queued]>
[2025-04-17T20:24:10.675+0000] {taskinstance.py:2076} INFO - Dependencies all met for dep_context=requeueable deps ti=<TaskInstance: iot_data_pipeline.run_iot_producer_script manual__2025-04-17T20:24:09.884513+00:00 [queued]>
[2025-04-17T20:24:10.675+0000] {taskinstance.py:2306} INFO - Starting attempt 1 of 2
[2025-04-17T20:24:10.706+0000] {taskinstance.py:2330} INFO - Executing <Task(BashOperator): run_iot_producer_script> on 2025-04-17 20:24:09.884513+00:00
[2025-04-17T20:24:10.723+0000] {standard_task_runner.py:63} INFO - Started process 714 to run task
[2025-04-17T20:24:10.732+0000] {standard_task_runner.py:90} INFO - Running: ['***', 'tasks', 'run', 'iot_data_pipeline', 'run_iot_producer_script', 'manual__2025-04-17T20:24:09.884513+00:00', '--job-id', '4', '--raw', '--subdir', 'DAGS_FOLDER/iot_data_dag.py', '--cfg-path', '/tmp/tmpxqcb5jfe']
[2025-04-17T20:24:10.737+0000] {standard_task_runner.py:91} INFO - Job 4: Subtask run_iot_producer_script
[2025-04-17T20:24:10.827+0000] {task_command.py:426} INFO - Running <TaskInstance: iot_data_pipeline.run_iot_producer_script manual__2025-04-17T20:24:09.884513+00:00 [running]> on host e4d9865e557d
[2025-04-17T20:24:10.953+0000] {taskinstance.py:2648} INFO - Exporting env vars: AIRFLOW_CTX_DAG_OWNER='***' AIRFLOW_CTX_DAG_ID='iot_data_pipeline' AIRFLOW_CTX_TASK_ID='run_iot_producer_script' AIRFLOW_CTX_EXECUTION_DATE='2025-04-17T20:24:09.884513+00:00' AIRFLOW_CTX_TRY_NUMBER='1' AIRFLOW_CTX_DAG_RUN_ID='manual__2025-04-17T20:24:09.884513+00:00'
[2025-04-17T20:24:10.954+0000] {taskinstance.py:430} INFO - ::endgroup::
[2025-04-17T20:24:10.978+0000] {subprocess.py:63} INFO - Tmp dir root location: /tmp
[2025-04-17T20:24:10.978+0000] {subprocess.py:75} INFO - Running command: ['/usr/bin/bash', '-c', 'python3 /opt/***/dags/script/iot_data_producer.py']
[2025-04-17T20:24:10.995+0000] {subprocess.py:86} INFO - Output:
[2025-04-17T20:24:11.968+0000] {subprocess.py:93} INFO - [2025-04-17T20:24:11.968170+00:00] Donnée envoyée et stockée : {'machine_id': 'IOT-MACH-TB-58', 'timestamp': '2025-04-17T20:24:11.966578+00:00', 'region': 'TB', 'season': 'saison_seche', 'temperature': 36.84, 'humidity': 25.18, 'soil_moisture': 22.32, 'vibration': 4.6, 'pressure': 1.27, 'latitude': 15.3833, 'longitude': -15.5}
[2025-04-17T20:24:12.011+0000] {subprocess.py:97} INFO - Command exited with return code 0
[2025-04-17T20:24:12.012+0000] {taskinstance.py:441} INFO - ::group::Post task execution logs
[2025-04-17T20:24:12.034+0000] {taskinstance.py:1206} INFO - Marking task as SUCCESS. dag_id=iot_data_pipeline, task_id=run_iot_producer_script, run_id=manual__2025-04-17T20:24:09.884513+00:00, execution_date=20250417T202409, start_date=20250417T202410, end_date=20250417T202412
[2025-04-17T20:24:12.068+0000] {local_task_job_runner.py:240} INFO - Task exited with return code 0
[2025-04-17T20:24:12.082+0000] {taskinstance.py:3503} INFO - 0 downstream tasks scheduled from follow-on schedule check
[2025-04-17T20:24:12.083+0000] {local_task_job_runner.py:222} INFO - ::endgroup::
