[2025-04-17T21:05:00.898+0000] {local_task_job_runner.py:120} INFO - ::group::Pre task execution logs
[2025-04-17T21:05:00.920+0000] {taskinstance.py:2076} INFO - Dependencies all met for dep_context=non-requeueable deps ti=<TaskInstance: iot_data_pipeline.run_iot_producer_script scheduled__2025-04-17T21:00:00+00:00 [queued]>
[2025-04-17T21:05:00.926+0000] {taskinstance.py:2076} INFO - Dependencies all met for dep_context=requeueable deps ti=<TaskInstance: iot_data_pipeline.run_iot_producer_script scheduled__2025-04-17T21:00:00+00:00 [queued]>
[2025-04-17T21:05:00.926+0000] {taskinstance.py:2306} INFO - Starting attempt 1 of 2
[2025-04-17T21:05:00.935+0000] {taskinstance.py:2330} INFO - Executing <Task(BashOperator): run_iot_producer_script> on 2025-04-17 21:00:00+00:00
[2025-04-17T21:05:00.938+0000] {standard_task_runner.py:63} INFO - Started process 3687 to run task
[2025-04-17T21:05:00.941+0000] {standard_task_runner.py:90} INFO - Running: ['***', 'tasks', 'run', 'iot_data_pipeline', 'run_iot_producer_script', 'scheduled__2025-04-17T21:00:00+00:00', '--job-id', '17', '--raw', '--subdir', 'DAGS_FOLDER/iot_data_dag.py', '--cfg-path', '/tmp/tmpt4m3q61v']
[2025-04-17T21:05:00.943+0000] {standard_task_runner.py:91} INFO - Job 17: Subtask run_iot_producer_script
[2025-04-17T21:05:00.975+0000] {task_command.py:426} INFO - Running <TaskInstance: iot_data_pipeline.run_iot_producer_script scheduled__2025-04-17T21:00:00+00:00 [running]> on host e4d9865e557d
[2025-04-17T21:05:01.034+0000] {taskinstance.py:2648} INFO - Exporting env vars: AIRFLOW_CTX_DAG_OWNER='***' AIRFLOW_CTX_DAG_ID='iot_data_pipeline' AIRFLOW_CTX_TASK_ID='run_iot_producer_script' AIRFLOW_CTX_EXECUTION_DATE='2025-04-17T21:00:00+00:00' AIRFLOW_CTX_TRY_NUMBER='1' AIRFLOW_CTX_DAG_RUN_ID='scheduled__2025-04-17T21:00:00+00:00'
[2025-04-17T21:05:01.034+0000] {taskinstance.py:430} INFO - ::endgroup::
[2025-04-17T21:05:01.045+0000] {subprocess.py:63} INFO - Tmp dir root location: /tmp
[2025-04-17T21:05:01.046+0000] {subprocess.py:75} INFO - Running command: ['/usr/bin/bash', '-c', 'python3 /opt/***/dags/script/iot_data_producer.py']
[2025-04-17T21:05:01.053+0000] {subprocess.py:86} INFO - Output:
[2025-04-17T21:05:01.837+0000] {subprocess.py:93} INFO - [2025-04-17T21:05:01.837294+00:00] Donnée envoyée et stockée : {'machine_id': 'IOT-MACH-TB-39', 'timestamp': '2025-04-17T21:05:01.828919+00:00', 'region': 'TB', 'season': 'saison_seche', 'temperature': 37.69, 'humidity': 22.85, 'soil_moisture': 36.16, 'vibration': 2.52, 'pressure': 1.31, 'latitude': 15.3833, 'longitude': -15.5}
[2025-04-17T21:05:01.922+0000] {subprocess.py:97} INFO - Command exited with return code 0
[2025-04-17T21:05:01.923+0000] {taskinstance.py:441} INFO - ::group::Post task execution logs
[2025-04-17T21:05:01.952+0000] {taskinstance.py:1206} INFO - Marking task as SUCCESS. dag_id=iot_data_pipeline, task_id=run_iot_producer_script, run_id=scheduled__2025-04-17T21:00:00+00:00, execution_date=20250417T210000, start_date=20250417T210500, end_date=20250417T210501
[2025-04-17T21:05:01.995+0000] {local_task_job_runner.py:240} INFO - Task exited with return code 0
[2025-04-17T21:05:02.011+0000] {taskinstance.py:3503} INFO - 0 downstream tasks scheduled from follow-on schedule check
[2025-04-17T21:05:02.012+0000] {local_task_job_runner.py:222} INFO - ::endgroup::
