[2025-04-16T20:25:00.519+0000] {local_task_job_runner.py:120} INFO - ::group::Pre task execution logs
[2025-04-16T20:25:00.544+0000] {taskinstance.py:2076} INFO - Dependencies all met for dep_context=non-requeueable deps ti=<TaskInstance: iot_data_pipeline.run_iot_producer_script scheduled__2025-04-16T20:20:00+00:00 [queued]>
[2025-04-16T20:25:00.549+0000] {taskinstance.py:2076} INFO - Dependencies all met for dep_context=requeueable deps ti=<TaskInstance: iot_data_pipeline.run_iot_producer_script scheduled__2025-04-16T20:20:00+00:00 [queued]>
[2025-04-16T20:25:00.550+0000] {taskinstance.py:2306} INFO - Starting attempt 1 of 2
[2025-04-16T20:25:00.559+0000] {taskinstance.py:2330} INFO - Executing <Task(BashOperator): run_iot_producer_script> on 2025-04-16 20:20:00+00:00
[2025-04-16T20:25:00.563+0000] {standard_task_runner.py:63} INFO - Started process 2648 to run task
[2025-04-16T20:25:00.565+0000] {standard_task_runner.py:90} INFO - Running: ['***', 'tasks', 'run', 'iot_data_pipeline', 'run_iot_producer_script', 'scheduled__2025-04-16T20:20:00+00:00', '--job-id', '9', '--raw', '--subdir', 'DAGS_FOLDER/iot_data_dag.py', '--cfg-path', '/tmp/tmpv6wum38j']
[2025-04-16T20:25:00.567+0000] {standard_task_runner.py:91} INFO - Job 9: Subtask run_iot_producer_script
[2025-04-16T20:25:00.601+0000] {task_command.py:426} INFO - Running <TaskInstance: iot_data_pipeline.run_iot_producer_script scheduled__2025-04-16T20:20:00+00:00 [running]> on host b312dea2316e
[2025-04-16T20:25:00.662+0000] {taskinstance.py:2648} INFO - Exporting env vars: AIRFLOW_CTX_DAG_OWNER='***' AIRFLOW_CTX_DAG_ID='iot_data_pipeline' AIRFLOW_CTX_TASK_ID='run_iot_producer_script' AIRFLOW_CTX_EXECUTION_DATE='2025-04-16T20:20:00+00:00' AIRFLOW_CTX_TRY_NUMBER='1' AIRFLOW_CTX_DAG_RUN_ID='scheduled__2025-04-16T20:20:00+00:00'
[2025-04-16T20:25:00.662+0000] {taskinstance.py:430} INFO - ::endgroup::
[2025-04-16T20:25:00.674+0000] {subprocess.py:63} INFO - Tmp dir root location: /tmp
[2025-04-16T20:25:00.675+0000] {subprocess.py:75} INFO - Running command: ['/usr/bin/bash', '-c', 'python3 /opt/***/dags/script/iot_data_producer.py']
[2025-04-16T20:25:00.684+0000] {subprocess.py:86} INFO - Output:
[2025-04-16T20:25:01.303+0000] {subprocess.py:93} INFO - [2025-04-16T20:25:01.302837+00:00] Donnée envoyée et stockée : {'machine_id': 'IOT-MACH-ZG-78', 'timestamp': '2025-04-16T20:25:01.295871+00:00', 'region': 'ZG', 'season': 'saison_seche', 'temperature': 29.18, 'humidity': 75.66, 'soil_moisture': 18.21, 'vibration': 1.89, 'pressure': 0.88, 'latitude': 12.5833, 'longitude': -16.2667}
[2025-04-16T20:25:01.401+0000] {subprocess.py:97} INFO - Command exited with return code 0
[2025-04-16T20:25:01.402+0000] {taskinstance.py:441} INFO - ::group::Post task execution logs
[2025-04-16T20:25:01.425+0000] {taskinstance.py:1206} INFO - Marking task as SUCCESS. dag_id=iot_data_pipeline, task_id=run_iot_producer_script, run_id=scheduled__2025-04-16T20:20:00+00:00, execution_date=20250416T202000, start_date=20250416T202500, end_date=20250416T202501
[2025-04-16T20:25:01.458+0000] {local_task_job_runner.py:240} INFO - Task exited with return code 0
[2025-04-16T20:25:01.473+0000] {taskinstance.py:3503} INFO - 0 downstream tasks scheduled from follow-on schedule check
[2025-04-16T20:25:01.474+0000] {local_task_job_runner.py:222} INFO - ::endgroup::
