[2025-04-15T23:10:00.266+0000] {local_task_job_runner.py:120} INFO - ::group::Pre task execution logs
[2025-04-15T23:10:00.296+0000] {taskinstance.py:2076} INFO - Dependencies all met for dep_context=non-requeueable deps ti=<TaskInstance: iot_data_pipeline.run_iot_producer_script scheduled__2025-04-15T23:05:00+00:00 [queued]>
[2025-04-15T23:10:00.301+0000] {taskinstance.py:2076} INFO - Dependencies all met for dep_context=requeueable deps ti=<TaskInstance: iot_data_pipeline.run_iot_producer_script scheduled__2025-04-15T23:05:00+00:00 [queued]>
[2025-04-15T23:10:00.302+0000] {taskinstance.py:2306} INFO - Starting attempt 1 of 2
[2025-04-15T23:10:00.311+0000] {taskinstance.py:2330} INFO - Executing <Task(BashOperator): run_iot_producer_script> on 2025-04-15 23:05:00+00:00
[2025-04-15T23:10:00.319+0000] {standard_task_runner.py:63} INFO - Started process 6889 to run task
[2025-04-15T23:10:00.324+0000] {standard_task_runner.py:90} INFO - Running: ['***', 'tasks', 'run', 'iot_data_pipeline', 'run_iot_producer_script', 'scheduled__2025-04-15T23:05:00+00:00', '--job-id', '22', '--raw', '--subdir', 'DAGS_FOLDER/iot_data_dag.py', '--cfg-path', '/tmp/tmpvf87hga4']
[2025-04-15T23:10:00.327+0000] {standard_task_runner.py:91} INFO - Job 22: Subtask run_iot_producer_script
[2025-04-15T23:10:00.371+0000] {task_command.py:426} INFO - Running <TaskInstance: iot_data_pipeline.run_iot_producer_script scheduled__2025-04-15T23:05:00+00:00 [running]> on host 5093da77a75c
[2025-04-15T23:10:00.436+0000] {taskinstance.py:2648} INFO - Exporting env vars: AIRFLOW_CTX_DAG_OWNER='***' AIRFLOW_CTX_DAG_ID='iot_data_pipeline' AIRFLOW_CTX_TASK_ID='run_iot_producer_script' AIRFLOW_CTX_EXECUTION_DATE='2025-04-15T23:05:00+00:00' AIRFLOW_CTX_TRY_NUMBER='1' AIRFLOW_CTX_DAG_RUN_ID='scheduled__2025-04-15T23:05:00+00:00'
[2025-04-15T23:10:00.436+0000] {taskinstance.py:430} INFO - ::endgroup::
[2025-04-15T23:10:00.449+0000] {subprocess.py:63} INFO - Tmp dir root location: /tmp
[2025-04-15T23:10:00.450+0000] {subprocess.py:75} INFO - Running command: ['/usr/bin/bash', '-c', 'python3 /opt/***/dags/script/iot_data_producer.py']
[2025-04-15T23:10:00.459+0000] {subprocess.py:86} INFO - Output:
[2025-04-15T23:10:01.141+0000] {subprocess.py:93} INFO - [2025-04-15T23:10:01.141376+00:00] Donnée envoyée et stockée : {'machine_id': 'IOT-MACH-KD-69', 'timestamp': '2025-04-15T23:10:01.132095+00:00', 'region': 'KD', 'season': 'saison_seche', 'temperature': 33.0, 'humidity': 50.28, 'soil_moisture': 39.69, 'vibration': 2.65, 'pressure': 1.16, 'latitude': 14.1167, 'longitude': -12.5}
[2025-04-15T23:10:01.238+0000] {subprocess.py:97} INFO - Command exited with return code 0
[2025-04-15T23:10:01.239+0000] {taskinstance.py:441} INFO - ::group::Post task execution logs
[2025-04-15T23:10:01.275+0000] {taskinstance.py:1206} INFO - Marking task as SUCCESS. dag_id=iot_data_pipeline, task_id=run_iot_producer_script, run_id=scheduled__2025-04-15T23:05:00+00:00, execution_date=20250415T230500, start_date=20250415T231000, end_date=20250415T231001
[2025-04-15T23:10:01.297+0000] {local_task_job_runner.py:240} INFO - Task exited with return code 0
[2025-04-15T23:10:01.316+0000] {taskinstance.py:3503} INFO - 0 downstream tasks scheduled from follow-on schedule check
[2025-04-15T23:10:01.317+0000] {local_task_job_runner.py:222} INFO - ::endgroup::
