[2025-04-16T19:25:00.935+0000] {local_task_job_runner.py:120} INFO - ::group::Pre task execution logs
[2025-04-16T19:25:00.960+0000] {taskinstance.py:2076} INFO - Dependencies all met for dep_context=non-requeueable deps ti=<TaskInstance: iot_data_pipeline.run_iot_producer_script scheduled__2025-04-16T19:20:00+00:00 [queued]>
[2025-04-16T19:25:00.965+0000] {taskinstance.py:2076} INFO - Dependencies all met for dep_context=requeueable deps ti=<TaskInstance: iot_data_pipeline.run_iot_producer_script scheduled__2025-04-16T19:20:00+00:00 [queued]>
[2025-04-16T19:25:00.966+0000] {taskinstance.py:2306} INFO - Starting attempt 1 of 2
[2025-04-16T19:25:00.976+0000] {taskinstance.py:2330} INFO - Executing <Task(BashOperator): run_iot_producer_script> on 2025-04-16 19:20:00+00:00
[2025-04-16T19:25:00.979+0000] {standard_task_runner.py:63} INFO - Started process 1486 to run task
[2025-04-16T19:25:00.982+0000] {standard_task_runner.py:90} INFO - Running: ['***', 'tasks', 'run', 'iot_data_pipeline', 'run_iot_producer_script', 'scheduled__2025-04-16T19:20:00+00:00', '--job-id', '38', '--raw', '--subdir', 'DAGS_FOLDER/iot_data_dag.py', '--cfg-path', '/tmp/tmpsrbvn86b']
[2025-04-16T19:25:00.983+0000] {standard_task_runner.py:91} INFO - Job 38: Subtask run_iot_producer_script
[2025-04-16T19:25:01.015+0000] {task_command.py:426} INFO - Running <TaskInstance: iot_data_pipeline.run_iot_producer_script scheduled__2025-04-16T19:20:00+00:00 [running]> on host 5093da77a75c
[2025-04-16T19:25:01.075+0000] {taskinstance.py:2648} INFO - Exporting env vars: AIRFLOW_CTX_DAG_OWNER='***' AIRFLOW_CTX_DAG_ID='iot_data_pipeline' AIRFLOW_CTX_TASK_ID='run_iot_producer_script' AIRFLOW_CTX_EXECUTION_DATE='2025-04-16T19:20:00+00:00' AIRFLOW_CTX_TRY_NUMBER='1' AIRFLOW_CTX_DAG_RUN_ID='scheduled__2025-04-16T19:20:00+00:00'
[2025-04-16T19:25:01.076+0000] {taskinstance.py:430} INFO - ::endgroup::
[2025-04-16T19:25:01.087+0000] {subprocess.py:63} INFO - Tmp dir root location: /tmp
[2025-04-16T19:25:01.087+0000] {subprocess.py:75} INFO - Running command: ['/usr/bin/bash', '-c', 'python3 /opt/***/dags/script/iot_data_producer.py']
[2025-04-16T19:25:01.095+0000] {subprocess.py:86} INFO - Output:
[2025-04-16T19:25:01.723+0000] {subprocess.py:93} INFO - [2025-04-16T19:25:01.722992+00:00] Donnée envoyée et stockée : {'machine_id': 'IOT-MACH-ZG-97', 'timestamp': '2025-04-16T19:25:01.714765+00:00', 'region': 'ZG', 'season': 'saison_seche', 'temperature': 28.62, 'humidity': 77.79, 'soil_moisture': 48.5, 'vibration': 0.15, 'pressure': 2.13, 'latitude': 12.5833, 'longitude': -16.2667}
[2025-04-16T19:25:01.776+0000] {subprocess.py:97} INFO - Command exited with return code 0
[2025-04-16T19:25:01.777+0000] {taskinstance.py:441} INFO - ::group::Post task execution logs
[2025-04-16T19:25:01.795+0000] {taskinstance.py:1206} INFO - Marking task as SUCCESS. dag_id=iot_data_pipeline, task_id=run_iot_producer_script, run_id=scheduled__2025-04-16T19:20:00+00:00, execution_date=20250416T192000, start_date=20250416T192500, end_date=20250416T192501
[2025-04-16T19:25:01.835+0000] {local_task_job_runner.py:240} INFO - Task exited with return code 0
[2025-04-16T19:25:01.849+0000] {taskinstance.py:3503} INFO - 0 downstream tasks scheduled from follow-on schedule check
[2025-04-16T19:25:01.850+0000] {local_task_job_runner.py:222} INFO - ::endgroup::
