[2025-04-15T20:48:47.195+0000] {local_task_job_runner.py:120} INFO - ::group::Pre task execution logs
[2025-04-15T20:48:47.225+0000] {taskinstance.py:2076} INFO - Dependencies all met for dep_context=non-requeueable deps ti=<TaskInstance: iot_data_pipeline.run_iot_producer_script manual__2025-04-15T20:43:43.973459+00:00 [queued]>
[2025-04-15T20:48:47.231+0000] {taskinstance.py:2076} INFO - Dependencies all met for dep_context=requeueable deps ti=<TaskInstance: iot_data_pipeline.run_iot_producer_script manual__2025-04-15T20:43:43.973459+00:00 [queued]>
[2025-04-15T20:48:47.231+0000] {taskinstance.py:2306} INFO - Starting attempt 2 of 2
[2025-04-15T20:48:47.241+0000] {taskinstance.py:2330} INFO - Executing <Task(BashOperator): run_iot_producer_script> on 2025-04-15 20:43:43.973459+00:00
[2025-04-15T20:48:47.245+0000] {standard_task_runner.py:63} INFO - Started process 1298 to run task
[2025-04-15T20:48:47.247+0000] {standard_task_runner.py:90} INFO - Running: ['***', 'tasks', 'run', 'iot_data_pipeline', 'run_iot_producer_script', 'manual__2025-04-15T20:43:43.973459+00:00', '--job-id', '6', '--raw', '--subdir', 'DAGS_FOLDER/iot_data_dag.py', '--cfg-path', '/tmp/tmpg1ekiy91']
[2025-04-15T20:48:47.249+0000] {standard_task_runner.py:91} INFO - Job 6: Subtask run_iot_producer_script
[2025-04-15T20:48:47.283+0000] {task_command.py:426} INFO - Running <TaskInstance: iot_data_pipeline.run_iot_producer_script manual__2025-04-15T20:43:43.973459+00:00 [running]> on host cfceca701afe
[2025-04-15T20:48:47.346+0000] {taskinstance.py:2648} INFO - Exporting env vars: AIRFLOW_CTX_DAG_OWNER='***' AIRFLOW_CTX_DAG_ID='iot_data_pipeline' AIRFLOW_CTX_TASK_ID='run_iot_producer_script' AIRFLOW_CTX_EXECUTION_DATE='2025-04-15T20:43:43.973459+00:00' AIRFLOW_CTX_TRY_NUMBER='2' AIRFLOW_CTX_DAG_RUN_ID='manual__2025-04-15T20:43:43.973459+00:00'
[2025-04-15T20:48:47.346+0000] {taskinstance.py:430} INFO - ::endgroup::
[2025-04-15T20:48:47.360+0000] {subprocess.py:63} INFO - Tmp dir root location: /tmp
[2025-04-15T20:48:47.361+0000] {subprocess.py:75} INFO - Running command: ['/usr/bin/bash', '-c', 'python3 /opt/***/dags/script/iot_data_producer.py']
[2025-04-15T20:48:47.368+0000] {subprocess.py:86} INFO - Output:
[2025-04-15T20:48:48.018+0000] {subprocess.py:93} INFO - [2025-04-15T20:48:48.017779+00:00] Donnée envoyée et stockée : {'machine_id': 'IOT-MACH-DK-38', 'timestamp': '2025-04-15T20:48:48.014011+00:00', 'region': 'DK', 'season': 'saison_seche', 'temperature': 29.77, 'humidity': 71.38, 'soil_moisture': 20.93, 'vibration': 4.46, 'pressure': 0.94, 'latitude': 14.7167, 'longitude': -17.4677}
[2025-04-15T20:48:48.090+0000] {subprocess.py:97} INFO - Command exited with return code 0
[2025-04-15T20:48:48.090+0000] {taskinstance.py:441} INFO - ::group::Post task execution logs
[2025-04-15T20:48:48.112+0000] {taskinstance.py:1206} INFO - Marking task as SUCCESS. dag_id=iot_data_pipeline, task_id=run_iot_producer_script, run_id=manual__2025-04-15T20:43:43.973459+00:00, execution_date=20250415T204343, start_date=20250415T204847, end_date=20250415T204848
[2025-04-15T20:48:48.141+0000] {local_task_job_runner.py:240} INFO - Task exited with return code 0
[2025-04-15T20:48:48.160+0000] {taskinstance.py:3503} INFO - 0 downstream tasks scheduled from follow-on schedule check
[2025-04-15T20:48:48.161+0000] {local_task_job_runner.py:222} INFO - ::endgroup::
