[2025-04-15T23:35:00.936+0000] {local_task_job_runner.py:120} INFO - ::group::Pre task execution logs
[2025-04-15T23:35:00.964+0000] {taskinstance.py:2076} INFO - Dependencies all met for dep_context=non-requeueable deps ti=<TaskInstance: iot_data_pipeline.run_iot_producer_script scheduled__2025-04-15T23:30:00+00:00 [queued]>
[2025-04-15T23:35:00.969+0000] {taskinstance.py:2076} INFO - Dependencies all met for dep_context=requeueable deps ti=<TaskInstance: iot_data_pipeline.run_iot_producer_script scheduled__2025-04-15T23:30:00+00:00 [queued]>
[2025-04-15T23:35:00.969+0000] {taskinstance.py:2306} INFO - Starting attempt 1 of 2
[2025-04-15T23:35:00.978+0000] {taskinstance.py:2330} INFO - Executing <Task(BashOperator): run_iot_producer_script> on 2025-04-15 23:30:00+00:00
[2025-04-15T23:35:00.982+0000] {standard_task_runner.py:63} INFO - Started process 8679 to run task
[2025-04-15T23:35:00.984+0000] {standard_task_runner.py:90} INFO - Running: ['***', 'tasks', 'run', 'iot_data_pipeline', 'run_iot_producer_script', 'scheduled__2025-04-15T23:30:00+00:00', '--job-id', '27', '--raw', '--subdir', 'DAGS_FOLDER/iot_data_dag.py', '--cfg-path', '/tmp/tmpzlxsx5p4']
[2025-04-15T23:35:00.986+0000] {standard_task_runner.py:91} INFO - Job 27: Subtask run_iot_producer_script
[2025-04-15T23:35:01.020+0000] {task_command.py:426} INFO - Running <TaskInstance: iot_data_pipeline.run_iot_producer_script scheduled__2025-04-15T23:30:00+00:00 [running]> on host 5093da77a75c
[2025-04-15T23:35:01.083+0000] {taskinstance.py:2648} INFO - Exporting env vars: AIRFLOW_CTX_DAG_OWNER='***' AIRFLOW_CTX_DAG_ID='iot_data_pipeline' AIRFLOW_CTX_TASK_ID='run_iot_producer_script' AIRFLOW_CTX_EXECUTION_DATE='2025-04-15T23:30:00+00:00' AIRFLOW_CTX_TRY_NUMBER='1' AIRFLOW_CTX_DAG_RUN_ID='scheduled__2025-04-15T23:30:00+00:00'
[2025-04-15T23:35:01.083+0000] {taskinstance.py:430} INFO - ::endgroup::
[2025-04-15T23:35:01.096+0000] {subprocess.py:63} INFO - Tmp dir root location: /tmp
[2025-04-15T23:35:01.096+0000] {subprocess.py:75} INFO - Running command: ['/usr/bin/bash', '-c', 'python3 /opt/***/dags/script/iot_data_producer.py']
[2025-04-15T23:35:01.106+0000] {subprocess.py:86} INFO - Output:
[2025-04-15T23:35:01.775+0000] {subprocess.py:93} INFO - [2025-04-15T23:35:01.775439+00:00] Donnée envoyée et stockée : {'machine_id': 'IOT-MACH-MT-60', 'timestamp': '2025-04-15T23:35:01.766015+00:00', 'region': 'MT', 'season': 'saison_seche', 'temperature': 38.17, 'humidity': 14.21, 'soil_moisture': 29.69, 'vibration': 4.42, 'pressure': 1.87, 'latitude': 16.0333, 'longitude': -13.5167}
[2025-04-15T23:35:01.871+0000] {subprocess.py:97} INFO - Command exited with return code 0
[2025-04-15T23:35:01.872+0000] {taskinstance.py:441} INFO - ::group::Post task execution logs
[2025-04-15T23:35:01.906+0000] {taskinstance.py:1206} INFO - Marking task as SUCCESS. dag_id=iot_data_pipeline, task_id=run_iot_producer_script, run_id=scheduled__2025-04-15T23:30:00+00:00, execution_date=20250415T233000, start_date=20250415T233500, end_date=20250415T233501
[2025-04-15T23:35:01.959+0000] {local_task_job_runner.py:240} INFO - Task exited with return code 0
[2025-04-15T23:35:01.973+0000] {taskinstance.py:3503} INFO - 0 downstream tasks scheduled from follow-on schedule check
[2025-04-15T23:35:01.974+0000] {local_task_job_runner.py:222} INFO - ::endgroup::
