[2025-04-19T00:35:17.900+0000] {local_task_job_runner.py:120} INFO - ::group::Pre task execution logs
[2025-04-19T00:35:17.923+0000] {taskinstance.py:2076} INFO - Dependencies all met for dep_context=non-requeueable deps ti=<TaskInstance: iot_data_pipeline.run_iot_producer_script scheduled__2025-04-19T00:25:00+00:00 [queued]>
[2025-04-19T00:35:17.928+0000] {taskinstance.py:2076} INFO - Dependencies all met for dep_context=requeueable deps ti=<TaskInstance: iot_data_pipeline.run_iot_producer_script scheduled__2025-04-19T00:25:00+00:00 [queued]>
[2025-04-19T00:35:17.929+0000] {taskinstance.py:2306} INFO - Starting attempt 2 of 2
[2025-04-19T00:35:17.937+0000] {taskinstance.py:2330} INFO - Executing <Task(BashOperator): run_iot_producer_script> on 2025-04-19 00:25:00+00:00
[2025-04-19T00:35:17.941+0000] {standard_task_runner.py:63} INFO - Started process 20482 to run task
[2025-04-19T00:35:17.943+0000] {standard_task_runner.py:90} INFO - Running: ['***', 'tasks', 'run', 'iot_data_pipeline', 'run_iot_producer_script', 'scheduled__2025-04-19T00:25:00+00:00', '--job-id', '40', '--raw', '--subdir', 'DAGS_FOLDER/iot_data_dag.py', '--cfg-path', '/tmp/tmpgw4q_6s2']
[2025-04-19T00:35:17.945+0000] {standard_task_runner.py:91} INFO - Job 40: Subtask run_iot_producer_script
[2025-04-19T00:35:17.978+0000] {task_command.py:426} INFO - Running <TaskInstance: iot_data_pipeline.run_iot_producer_script scheduled__2025-04-19T00:25:00+00:00 [running]> on host 2b5f93c9e322
[2025-04-19T00:35:18.039+0000] {taskinstance.py:2648} INFO - Exporting env vars: AIRFLOW_CTX_DAG_OWNER='***' AIRFLOW_CTX_DAG_ID='iot_data_pipeline' AIRFLOW_CTX_TASK_ID='run_iot_producer_script' AIRFLOW_CTX_EXECUTION_DATE='2025-04-19T00:25:00+00:00' AIRFLOW_CTX_TRY_NUMBER='2' AIRFLOW_CTX_DAG_RUN_ID='scheduled__2025-04-19T00:25:00+00:00'
[2025-04-19T00:35:18.039+0000] {taskinstance.py:430} INFO - ::endgroup::
[2025-04-19T00:35:18.049+0000] {subprocess.py:63} INFO - Tmp dir root location: /tmp
[2025-04-19T00:35:18.050+0000] {subprocess.py:75} INFO - Running command: ['/usr/bin/bash', '-c', 'python3 /opt/***/dags/script/iot_data_producer.py']
[2025-04-19T00:35:18.058+0000] {subprocess.py:86} INFO - Output:
[2025-04-19T00:35:18.730+0000] {subprocess.py:93} INFO - [2025-04-19T00:35:18.687022+00:00] Donnée envoyée et stockée : {'machine_id': 'IOT-MACH-SL-68', 'timestamp': '2025-04-19T00:35:18.676106+00:00', 'region': 'SL', 'season': 'saison_seche', 'temperature': 31.5, 'humidity': 56.56, 'soil_moisture': 26.16, 'vibration': 3.68, 'pressure': 1.56, 'latitude': 16.0167, 'longitude': -16.5}
[2025-04-19T00:35:18.731+0000] {subprocess.py:93} INFO - [2025-04-19T00:35:18.691180+00:00] Donnée envoyée et stockée : {'machine_id': 'IOT-MACH-MT-64', 'timestamp': '2025-04-19T00:35:18.687139+00:00', 'region': 'MT', 'season': 'saison_seche', 'temperature': 38.97, 'humidity': 14.42, 'soil_moisture': 28.82, 'vibration': 4.95, 'pressure': 2.49, 'latitude': 16.0333, 'longitude': -13.5167}
[2025-04-19T00:35:18.731+0000] {subprocess.py:93} INFO - [2025-04-19T00:35:18.694811+00:00] Donnée envoyée et stockée : {'machine_id': 'IOT-MACH-TH-60', 'timestamp': '2025-04-19T00:35:18.691289+00:00', 'region': 'TH', 'season': 'saison_seche', 'temperature': 32.84, 'humidity': 45.89, 'soil_moisture': 16.61, 'vibration': 3.58, 'pressure': 1.64, 'latitude': 14.7978, 'longitude': -16.925}
[2025-04-19T00:35:18.731+0000] {subprocess.py:93} INFO - [2025-04-19T00:35:18.698252+00:00] Donnée envoyée et stockée : {'machine_id': 'IOT-MACH-MT-66', 'timestamp': '2025-04-19T00:35:18.694926+00:00', 'region': 'MT', 'season': 'saison_seche', 'temperature': 39.83, 'humidity': 17.28, 'soil_moisture': 12.58, 'vibration': 1.39, 'pressure': 1.52, 'latitude': 16.0333, 'longitude': -13.5167}
[2025-04-19T00:35:18.732+0000] {subprocess.py:93} INFO - [2025-04-19T00:35:18.701210+00:00] Donnée envoyée et stockée : {'machine_id': 'IOT-MACH-SL-11', 'timestamp': '2025-04-19T00:35:18.698367+00:00', 'region': 'SL', 'season': 'saison_seche', 'temperature': 31.09, 'humidity': 51.23, 'soil_moisture': 37.27, 'vibration': 4.8, 'pressure': 2.13, 'latitude': 16.0167, 'longitude': -16.5}
[2025-04-19T00:35:18.732+0000] {subprocess.py:93} INFO - [2025-04-19T00:35:18.703507+00:00] Donnée envoyée et stockée : {'machine_id': 'IOT-MACH-SL-50', 'timestamp': '2025-04-19T00:35:18.701294+00:00', 'region': 'SL', 'season': 'saison_seche', 'temperature': 31.49, 'humidity': 52.49, 'soil_moisture': 44.42, 'vibration': 4.92, 'pressure': 1.69, 'latitude': 16.0167, 'longitude': -16.5}
[2025-04-19T00:35:18.732+0000] {subprocess.py:93} INFO - [2025-04-19T00:35:18.706720+00:00] Donnée envoyée et stockée : {'machine_id': 'IOT-MACH-TB-54', 'timestamp': '2025-04-19T00:35:18.703599+00:00', 'region': 'TB', 'season': 'saison_seche', 'temperature': 36.15, 'humidity': 26.88, 'soil_moisture': 10.88, 'vibration': 0.24, 'pressure': 0.91, 'latitude': 15.3833, 'longitude': -15.5}
[2025-04-19T00:35:18.732+0000] {subprocess.py:93} INFO - [2025-04-19T00:35:18.709088+00:00] Donnée envoyée et stockée : {'machine_id': 'IOT-MACH-MT-39', 'timestamp': '2025-04-19T00:35:18.706780+00:00', 'region': 'MT', 'season': 'saison_seche', 'temperature': 39.57, 'humidity': 12.73, 'soil_moisture': 32.93, 'vibration': 1.99, 'pressure': 1.12, 'latitude': 16.0333, 'longitude': -13.5167}
[2025-04-19T00:35:18.733+0000] {subprocess.py:93} INFO - [2025-04-19T00:35:18.710983+00:00] Donnée envoyée et stockée : {'machine_id': 'IOT-MACH-SL-49', 'timestamp': '2025-04-19T00:35:18.709154+00:00', 'region': 'SL', 'season': 'saison_seche', 'temperature': 30.52, 'humidity': 54.72, 'soil_moisture': 41.34, 'vibration': 2.61, 'pressure': 2.31, 'latitude': 16.0167, 'longitude': -16.5}
[2025-04-19T00:35:18.733+0000] {subprocess.py:93} INFO - [2025-04-19T00:35:18.713097+00:00] Donnée envoyée et stockée : {'machine_id': 'IOT-MACH-SL-2', 'timestamp': '2025-04-19T00:35:18.711097+00:00', 'region': 'SL', 'season': 'saison_seche', 'temperature': 30.84, 'humidity': 57.8, 'soil_moisture': 27.05, 'vibration': 0.37, 'pressure': 0.92, 'latitude': 16.0167, 'longitude': -16.5}
[2025-04-19T00:35:18.733+0000] {subprocess.py:93} INFO - [2025-04-19T00:35:18.714753+00:00] Donnée envoyée et stockée : {'machine_id': 'IOT-MACH-DK-80', 'timestamp': '2025-04-19T00:35:18.713164+00:00', 'region': 'DK', 'season': 'saison_seche', 'temperature': 30.67, 'humidity': 67.91, 'soil_moisture': 20.57, 'vibration': 1.57, 'pressure': 2.11, 'latitude': 14.7167, 'longitude': -17.4677}
[2025-04-19T00:35:18.733+0000] {subprocess.py:93} INFO - [2025-04-19T00:35:18.716122+00:00] Donnée envoyée et stockée : {'machine_id': 'IOT-MACH-KD-13', 'timestamp': '2025-04-19T00:35:18.714823+00:00', 'region': 'KD', 'season': 'saison_seche', 'temperature': 34.0, 'humidity': 52.31, 'soil_moisture': 10.72, 'vibration': 1.2, 'pressure': 1.73, 'latitude': 14.1167, 'longitude': -12.5}
[2025-04-19T00:35:18.733+0000] {subprocess.py:93} INFO - [2025-04-19T00:35:18.717840+00:00] Donnée envoyée et stockée : {'machine_id': 'IOT-MACH-SL-91', 'timestamp': '2025-04-19T00:35:18.716167+00:00', 'region': 'SL', 'season': 'saison_seche', 'temperature': 31.05, 'humidity': 51.05, 'soil_moisture': 37.02, 'vibration': 4.07, 'pressure': 2.29, 'latitude': 16.0167, 'longitude': -16.5}
[2025-04-19T00:35:18.734+0000] {subprocess.py:93} INFO - [2025-04-19T00:35:18.719558+00:00] Donnée envoyée et stockée : {'machine_id': 'IOT-MACH-KD-13', 'timestamp': '2025-04-19T00:35:18.717889+00:00', 'region': 'KD', 'season': 'saison_seche', 'temperature': 33.76, 'humidity': 51.11, 'soil_moisture': 31.71, 'vibration': 4.41, 'pressure': 1.56, 'latitude': 14.1167, 'longitude': -12.5}
[2025-04-19T00:35:18.734+0000] {subprocess.py:93} INFO - [2025-04-19T00:35:18.721061+00:00] Donnée envoyée et stockée : {'machine_id': 'IOT-MACH-ZG-53', 'timestamp': '2025-04-19T00:35:18.719599+00:00', 'region': 'ZG', 'season': 'saison_seche', 'temperature': 29.93, 'humidity': 81.62, 'soil_moisture': 37.8, 'vibration': 3.93, 'pressure': 0.93, 'latitude': 12.5833, 'longitude': -16.2667}
[2025-04-19T00:35:18.734+0000] {subprocess.py:93} INFO - [2025-04-19T00:35:18.722517+00:00] Donnée envoyée et stockée : {'machine_id': 'IOT-MACH-ZG-67', 'timestamp': '2025-04-19T00:35:18.721103+00:00', 'region': 'ZG', 'season': 'saison_seche', 'temperature': 28.06, 'humidity': 77.82, 'soil_moisture': 40.5, 'vibration': 3.4, 'pressure': 1.49, 'latitude': 12.5833, 'longitude': -16.2667}
[2025-04-19T00:35:18.734+0000] {subprocess.py:93} INFO - [2025-04-19T00:35:18.724405+00:00] Donnée envoyée et stockée : {'machine_id': 'IOT-MACH-DK-45', 'timestamp': '2025-04-19T00:35:18.722578+00:00', 'region': 'DK', 'season': 'saison_seche', 'temperature': 30.87, 'humidity': 69.19, 'soil_moisture': 33.08, 'vibration': 4.72, 'pressure': 1.57, 'latitude': 14.7167, 'longitude': -17.4677}
[2025-04-19T00:35:18.734+0000] {subprocess.py:93} INFO - [2025-04-19T00:35:18.726407+00:00] Donnée envoyée et stockée : {'machine_id': 'IOT-MACH-KD-2', 'timestamp': '2025-04-19T00:35:18.724472+00:00', 'region': 'KD', 'season': 'saison_seche', 'temperature': 33.99, 'humidity': 51.38, 'soil_moisture': 26.41, 'vibration': 1.32, 'pressure': 1.9, 'latitude': 14.1167, 'longitude': -12.5}
[2025-04-19T00:35:18.735+0000] {subprocess.py:93} INFO - [2025-04-19T00:35:18.728765+00:00] Donnée envoyée et stockée : {'machine_id': 'IOT-MACH-KD-11', 'timestamp': '2025-04-19T00:35:18.726462+00:00', 'region': 'KD', 'season': 'saison_seche', 'temperature': 32.75, 'humidity': 50.0, 'soil_moisture': 43.73, 'vibration': 1.05, 'pressure': 2.28, 'latitude': 14.1167, 'longitude': -12.5}
[2025-04-19T00:35:18.735+0000] {subprocess.py:93} INFO - [2025-04-19T00:35:18.730635+00:00] Donnée envoyée et stockée : {'machine_id': 'IOT-MACH-ZG-40', 'timestamp': '2025-04-19T00:35:18.728824+00:00', 'region': 'ZG', 'season': 'saison_seche', 'temperature': 29.42, 'humidity': 79.64, 'soil_moisture': 12.91, 'vibration': 3.59, 'pressure': 2.27, 'latitude': 12.5833, 'longitude': -16.2667}
[2025-04-19T00:35:18.779+0000] {subprocess.py:97} INFO - Command exited with return code 0
[2025-04-19T00:35:18.779+0000] {taskinstance.py:441} INFO - ::group::Post task execution logs
[2025-04-19T00:35:18.797+0000] {taskinstance.py:1206} INFO - Marking task as SUCCESS. dag_id=iot_data_pipeline, task_id=run_iot_producer_script, run_id=scheduled__2025-04-19T00:25:00+00:00, execution_date=20250419T002500, start_date=20250419T003517, end_date=20250419T003518
[2025-04-19T00:35:18.837+0000] {local_task_job_runner.py:240} INFO - Task exited with return code 0
[2025-04-19T00:35:18.885+0000] {taskinstance.py:3503} INFO - 0 downstream tasks scheduled from follow-on schedule check
[2025-04-19T00:35:18.887+0000] {local_task_job_runner.py:222} INFO - ::endgroup::
