[2025-04-17T21:10:54.420+0000] {local_task_job_runner.py:120} INFO - ::group::Pre task execution logs
[2025-04-17T21:10:54.495+0000] {taskinstance.py:2076} INFO - Dependencies all met for dep_context=non-requeueable deps ti=<TaskInstance: iot_data_pipeline.run_iot_producer_script manual__2025-04-17T21:10:53.815048+00:00 [queued]>
[2025-04-17T21:10:54.510+0000] {taskinstance.py:2076} INFO - Dependencies all met for dep_context=requeueable deps ti=<TaskInstance: iot_data_pipeline.run_iot_producer_script manual__2025-04-17T21:10:53.815048+00:00 [queued]>
[2025-04-17T21:10:54.511+0000] {taskinstance.py:2306} INFO - Starting attempt 1 of 2
[2025-04-17T21:10:54.535+0000] {taskinstance.py:2330} INFO - Executing <Task(BashOperator): run_iot_producer_script> on 2025-04-17 21:10:53.815048+00:00
[2025-04-17T21:10:54.545+0000] {standard_task_runner.py:63} INFO - Started process 4102 to run task
[2025-04-17T21:10:54.553+0000] {standard_task_runner.py:90} INFO - Running: ['***', 'tasks', 'run', 'iot_data_pipeline', 'run_iot_producer_script', 'manual__2025-04-17T21:10:53.815048+00:00', '--job-id', '20', '--raw', '--subdir', 'DAGS_FOLDER/iot_data_dag.py', '--cfg-path', '/tmp/tmpkcdgc6a5']
[2025-04-17T21:10:54.557+0000] {standard_task_runner.py:91} INFO - Job 20: Subtask run_iot_producer_script
[2025-04-17T21:10:54.639+0000] {task_command.py:426} INFO - Running <TaskInstance: iot_data_pipeline.run_iot_producer_script manual__2025-04-17T21:10:53.815048+00:00 [running]> on host e4d9865e557d
[2025-04-17T21:10:54.837+0000] {taskinstance.py:2648} INFO - Exporting env vars: AIRFLOW_CTX_DAG_OWNER='***' AIRFLOW_CTX_DAG_ID='iot_data_pipeline' AIRFLOW_CTX_TASK_ID='run_iot_producer_script' AIRFLOW_CTX_EXECUTION_DATE='2025-04-17T21:10:53.815048+00:00' AIRFLOW_CTX_TRY_NUMBER='1' AIRFLOW_CTX_DAG_RUN_ID='manual__2025-04-17T21:10:53.815048+00:00'
[2025-04-17T21:10:54.838+0000] {taskinstance.py:430} INFO - ::endgroup::
[2025-04-17T21:10:54.857+0000] {subprocess.py:63} INFO - Tmp dir root location: /tmp
[2025-04-17T21:10:54.859+0000] {subprocess.py:75} INFO - Running command: ['/usr/bin/bash', '-c', 'python3 /opt/***/dags/script/iot_data_producer.py']
[2025-04-17T21:10:54.878+0000] {subprocess.py:86} INFO - Output:
[2025-04-17T21:10:55.925+0000] {subprocess.py:93} INFO - [2025-04-17T21:10:55.924486+00:00] Donnée envoyée et stockée : {'machine_id': 'IOT-MACH-DK-15', 'timestamp': '2025-04-17T21:10:55.915365+00:00', 'region': 'DK', 'season': 'saison_seche', 'temperature': 29.49, 'humidity': 69.08, 'soil_moisture': 42.75, 'vibration': 4.14, 'pressure': 2.19, 'latitude': 14.7167, 'longitude': -17.4677}
[2025-04-17T21:10:56.202+0000] {subprocess.py:97} INFO - Command exited with return code 0
[2025-04-17T21:10:56.204+0000] {taskinstance.py:441} INFO - ::group::Post task execution logs
[2025-04-17T21:10:56.260+0000] {taskinstance.py:1206} INFO - Marking task as SUCCESS. dag_id=iot_data_pipeline, task_id=run_iot_producer_script, run_id=manual__2025-04-17T21:10:53.815048+00:00, execution_date=20250417T211053, start_date=20250417T211054, end_date=20250417T211056
[2025-04-17T21:10:56.332+0000] {local_task_job_runner.py:240} INFO - Task exited with return code 0
[2025-04-17T21:10:56.356+0000] {taskinstance.py:3503} INFO - 0 downstream tasks scheduled from follow-on schedule check
[2025-04-17T21:10:56.357+0000] {local_task_job_runner.py:222} INFO - ::endgroup::
