[2025-04-17T21:20:00.975+0000] {local_task_job_runner.py:120} INFO - ::group::Pre task execution logs
[2025-04-17T21:20:01.004+0000] {taskinstance.py:2076} INFO - Dependencies all met for dep_context=non-requeueable deps ti=<TaskInstance: iot_data_pipeline.run_iot_producer_script scheduled__2025-04-17T21:15:00+00:00 [queued]>
[2025-04-17T21:20:01.010+0000] {taskinstance.py:2076} INFO - Dependencies all met for dep_context=requeueable deps ti=<TaskInstance: iot_data_pipeline.run_iot_producer_script scheduled__2025-04-17T21:15:00+00:00 [queued]>
[2025-04-17T21:20:01.010+0000] {taskinstance.py:2306} INFO - Starting attempt 1 of 2
[2025-04-17T21:20:01.018+0000] {taskinstance.py:2330} INFO - Executing <Task(BashOperator): run_iot_producer_script> on 2025-04-17 21:15:00+00:00
[2025-04-17T21:20:01.022+0000] {standard_task_runner.py:63} INFO - Started process 4766 to run task
[2025-04-17T21:20:01.025+0000] {standard_task_runner.py:90} INFO - Running: ['***', 'tasks', 'run', 'iot_data_pipeline', 'run_iot_producer_script', 'scheduled__2025-04-17T21:15:00+00:00', '--job-id', '24', '--raw', '--subdir', 'DAGS_FOLDER/iot_data_dag.py', '--cfg-path', '/tmp/tmpdyawq3ho']
[2025-04-17T21:20:01.026+0000] {standard_task_runner.py:91} INFO - Job 24: Subtask run_iot_producer_script
[2025-04-17T21:20:01.067+0000] {task_command.py:426} INFO - Running <TaskInstance: iot_data_pipeline.run_iot_producer_script scheduled__2025-04-17T21:15:00+00:00 [running]> on host e4d9865e557d
[2025-04-17T21:20:01.190+0000] {taskinstance.py:2648} INFO - Exporting env vars: AIRFLOW_CTX_DAG_OWNER='***' AIRFLOW_CTX_DAG_ID='iot_data_pipeline' AIRFLOW_CTX_TASK_ID='run_iot_producer_script' AIRFLOW_CTX_EXECUTION_DATE='2025-04-17T21:15:00+00:00' AIRFLOW_CTX_TRY_NUMBER='1' AIRFLOW_CTX_DAG_RUN_ID='scheduled__2025-04-17T21:15:00+00:00'
[2025-04-17T21:20:01.191+0000] {taskinstance.py:430} INFO - ::endgroup::
[2025-04-17T21:20:01.210+0000] {subprocess.py:63} INFO - Tmp dir root location: /tmp
[2025-04-17T21:20:01.210+0000] {subprocess.py:75} INFO - Running command: ['/usr/bin/bash', '-c', 'python3 /opt/***/dags/script/iot_data_producer.py']
[2025-04-17T21:20:01.226+0000] {subprocess.py:86} INFO - Output:
[2025-04-17T21:20:01.881+0000] {subprocess.py:93} INFO - [2025-04-17T21:20:01.881463+00:00] Donnée envoyée et stockée : {'machine_id': 'IOT-MACH-ZG-48', 'timestamp': '2025-04-17T21:20:01.878114+00:00', 'region': 'ZG', 'season': 'saison_seche', 'temperature': 29.75, 'humidity': 76.55, 'soil_moisture': 11.99, 'vibration': 2.98, 'pressure': 1.49, 'latitude': 12.5833, 'longitude': -16.2667}
[2025-04-17T21:20:02.091+0000] {subprocess.py:97} INFO - Command exited with return code 0
[2025-04-17T21:20:02.092+0000] {taskinstance.py:441} INFO - ::group::Post task execution logs
[2025-04-17T21:20:02.140+0000] {taskinstance.py:1206} INFO - Marking task as SUCCESS. dag_id=iot_data_pipeline, task_id=run_iot_producer_script, run_id=scheduled__2025-04-17T21:15:00+00:00, execution_date=20250417T211500, start_date=20250417T212001, end_date=20250417T212002
[2025-04-17T21:20:02.199+0000] {local_task_job_runner.py:240} INFO - Task exited with return code 0
[2025-04-17T21:20:02.225+0000] {taskinstance.py:3503} INFO - 0 downstream tasks scheduled from follow-on schedule check
[2025-04-17T21:20:02.226+0000] {local_task_job_runner.py:222} INFO - ::endgroup::
