[2025-04-17T23:30:01.103+0000] {local_task_job_runner.py:120} INFO - ::group::Pre task execution logs
[2025-04-17T23:30:01.176+0000] {taskinstance.py:2076} INFO - Dependencies all met for dep_context=non-requeueable deps ti=<TaskInstance: iot_data_pipeline.run_iot_producer_script scheduled__2025-04-17T23:25:00+00:00 [queued]>
[2025-04-17T23:30:01.202+0000] {taskinstance.py:2076} INFO - Dependencies all met for dep_context=requeueable deps ti=<TaskInstance: iot_data_pipeline.run_iot_producer_script scheduled__2025-04-17T23:25:00+00:00 [queued]>
[2025-04-17T23:30:01.203+0000] {taskinstance.py:2306} INFO - Starting attempt 1 of 2
[2025-04-17T23:30:01.244+0000] {taskinstance.py:2330} INFO - Executing <Task(BashOperator): run_iot_producer_script> on 2025-04-17 23:25:00+00:00
[2025-04-17T23:30:01.261+0000] {standard_task_runner.py:63} INFO - Started process 2242 to run task
[2025-04-17T23:30:01.270+0000] {standard_task_runner.py:90} INFO - Running: ['***', 'tasks', 'run', 'iot_data_pipeline', 'run_iot_producer_script', 'scheduled__2025-04-17T23:25:00+00:00', '--job-id', '26', '--raw', '--subdir', 'DAGS_FOLDER/iot_data_dag.py', '--cfg-path', '/tmp/tmpurhj8zco']
[2025-04-17T23:30:01.277+0000] {standard_task_runner.py:91} INFO - Job 26: Subtask run_iot_producer_script
[2025-04-17T23:30:01.411+0000] {task_command.py:426} INFO - Running <TaskInstance: iot_data_pipeline.run_iot_producer_script scheduled__2025-04-17T23:25:00+00:00 [running]> on host 2b5f93c9e322
[2025-04-17T23:30:01.647+0000] {taskinstance.py:2648} INFO - Exporting env vars: AIRFLOW_CTX_DAG_OWNER='***' AIRFLOW_CTX_DAG_ID='iot_data_pipeline' AIRFLOW_CTX_TASK_ID='run_iot_producer_script' AIRFLOW_CTX_EXECUTION_DATE='2025-04-17T23:25:00+00:00' AIRFLOW_CTX_TRY_NUMBER='1' AIRFLOW_CTX_DAG_RUN_ID='scheduled__2025-04-17T23:25:00+00:00'
[2025-04-17T23:30:01.649+0000] {taskinstance.py:430} INFO - ::endgroup::
[2025-04-17T23:30:01.698+0000] {subprocess.py:63} INFO - Tmp dir root location: /tmp
[2025-04-17T23:30:01.699+0000] {subprocess.py:75} INFO - Running command: ['/usr/bin/bash', '-c', 'python3 /opt/***/dags/script/iot_data_producer.py']
[2025-04-17T23:30:01.724+0000] {subprocess.py:86} INFO - Output:
[2025-04-17T23:30:02.597+0000] {subprocess.py:93} INFO - [2025-04-17T23:30:02.596843+00:00] Donnée envoyée et stockée : {'machine_id': 'IOT-MACH-TB-30', 'timestamp': '2025-04-17T23:30:02.594458+00:00', 'region': 'TB', 'season': 'saison_seche', 'temperature': 36.25, 'humidity': 26.18, 'soil_moisture': 37.92, 'vibration': 1.13, 'pressure': 1.01, 'latitude': 15.3833, 'longitude': -15.5}
[2025-04-17T23:30:02.719+0000] {subprocess.py:97} INFO - Command exited with return code 0
[2025-04-17T23:30:02.720+0000] {taskinstance.py:441} INFO - ::group::Post task execution logs
[2025-04-17T23:30:02.743+0000] {taskinstance.py:1206} INFO - Marking task as SUCCESS. dag_id=iot_data_pipeline, task_id=run_iot_producer_script, run_id=scheduled__2025-04-17T23:25:00+00:00, execution_date=20250417T232500, start_date=20250417T233001, end_date=20250417T233002
[2025-04-17T23:30:02.766+0000] {local_task_job_runner.py:240} INFO - Task exited with return code 0
[2025-04-17T23:30:02.781+0000] {taskinstance.py:3503} INFO - 0 downstream tasks scheduled from follow-on schedule check
[2025-04-17T23:30:02.782+0000] {local_task_job_runner.py:222} INFO - ::endgroup::
