[2025-03-27T00:00:06.546+0000] {processor.py:161} INFO - Started process (PID=13631) to work on /opt/airflow/dags/create_topic.py
[2025-03-27T00:00:06.547+0000] {processor.py:830} INFO - Processing file /opt/airflow/dags/create_topic.py for tasks to queue
[2025-03-27T00:00:06.548+0000] {logging_mixin.py:188} INFO - [2025-03-27T00:00:06.548+0000] {dagbag.py:545} INFO - Filling up the DagBag from /opt/airflow/dags/create_topic.py
[2025-03-27T00:00:06.662+0000] {processor.py:840} INFO - DAG(s) 'test_spark_kafka' retrieved from /opt/airflow/dags/create_topic.py
[2025-03-27T00:00:06.824+0000] {logging_mixin.py:188} INFO - [2025-03-27T00:00:06.824+0000] {dag.py:3089} INFO - Sync 1 DAGs
[2025-03-27T00:00:06.833+0000] {logging_mixin.py:188} INFO - [2025-03-27T00:00:06.833+0000] {dag.py:3947} INFO - Setting next_dagrun for test_spark_kafka to None, run_after=None
[2025-03-27T00:00:06.847+0000] {processor.py:183} INFO - Processing /opt/airflow/dags/create_topic.py took 0.311 seconds
[2025-03-27T00:00:36.966+0000] {processor.py:161} INFO - Started process (PID=13662) to work on /opt/airflow/dags/create_topic.py
[2025-03-27T00:00:36.967+0000] {processor.py:830} INFO - Processing file /opt/airflow/dags/create_topic.py for tasks to queue
[2025-03-27T00:00:36.968+0000] {logging_mixin.py:188} INFO - [2025-03-27T00:00:36.967+0000] {dagbag.py:545} INFO - Filling up the DagBag from /opt/airflow/dags/create_topic.py
[2025-03-27T00:00:37.075+0000] {processor.py:840} INFO - DAG(s) 'test_spark_kafka' retrieved from /opt/airflow/dags/create_topic.py
[2025-03-27T00:00:37.209+0000] {logging_mixin.py:188} INFO - [2025-03-27T00:00:37.208+0000] {dag.py:3089} INFO - Sync 1 DAGs
[2025-03-27T00:00:37.217+0000] {logging_mixin.py:188} INFO - [2025-03-27T00:00:37.217+0000] {dag.py:3947} INFO - Setting next_dagrun for test_spark_kafka to None, run_after=None
[2025-03-27T00:00:37.234+0000] {processor.py:183} INFO - Processing /opt/airflow/dags/create_topic.py took 0.279 seconds
[2025-03-27T00:01:07.305+0000] {processor.py:161} INFO - Started process (PID=13693) to work on /opt/airflow/dags/create_topic.py
[2025-03-27T00:01:07.311+0000] {processor.py:830} INFO - Processing file /opt/airflow/dags/create_topic.py for tasks to queue
[2025-03-27T00:01:07.312+0000] {logging_mixin.py:188} INFO - [2025-03-27T00:01:07.312+0000] {dagbag.py:545} INFO - Filling up the DagBag from /opt/airflow/dags/create_topic.py
[2025-03-27T00:01:07.414+0000] {processor.py:840} INFO - DAG(s) 'test_spark_kafka' retrieved from /opt/airflow/dags/create_topic.py
[2025-03-27T00:01:07.435+0000] {logging_mixin.py:188} INFO - [2025-03-27T00:01:07.434+0000] {dag.py:3089} INFO - Sync 1 DAGs
[2025-03-27T00:01:07.445+0000] {logging_mixin.py:188} INFO - [2025-03-27T00:01:07.444+0000] {dag.py:3947} INFO - Setting next_dagrun for test_spark_kafka to None, run_after=None
[2025-03-27T00:01:07.470+0000] {processor.py:183} INFO - Processing /opt/airflow/dags/create_topic.py took 0.176 seconds
[2025-03-27T00:01:37.617+0000] {processor.py:161} INFO - Started process (PID=13718) to work on /opt/airflow/dags/create_topic.py
[2025-03-27T00:01:37.619+0000] {processor.py:830} INFO - Processing file /opt/airflow/dags/create_topic.py for tasks to queue
[2025-03-27T00:01:37.620+0000] {logging_mixin.py:188} INFO - [2025-03-27T00:01:37.619+0000] {dagbag.py:545} INFO - Filling up the DagBag from /opt/airflow/dags/create_topic.py
[2025-03-27T00:01:37.719+0000] {processor.py:840} INFO - DAG(s) 'test_spark_kafka' retrieved from /opt/airflow/dags/create_topic.py
[2025-03-27T00:01:37.741+0000] {logging_mixin.py:188} INFO - [2025-03-27T00:01:37.741+0000] {dag.py:3089} INFO - Sync 1 DAGs
[2025-03-27T00:01:37.752+0000] {logging_mixin.py:188} INFO - [2025-03-27T00:01:37.752+0000] {dag.py:3947} INFO - Setting next_dagrun for test_spark_kafka to None, run_after=None
[2025-03-27T00:01:37.766+0000] {processor.py:183} INFO - Processing /opt/airflow/dags/create_topic.py took 0.158 seconds
[2025-03-27T00:02:08.044+0000] {processor.py:161} INFO - Started process (PID=13749) to work on /opt/airflow/dags/create_topic.py
[2025-03-27T00:02:08.045+0000] {processor.py:830} INFO - Processing file /opt/airflow/dags/create_topic.py for tasks to queue
[2025-03-27T00:02:08.046+0000] {logging_mixin.py:188} INFO - [2025-03-27T00:02:08.045+0000] {dagbag.py:545} INFO - Filling up the DagBag from /opt/airflow/dags/create_topic.py
[2025-03-27T00:02:08.158+0000] {processor.py:840} INFO - DAG(s) 'test_spark_kafka' retrieved from /opt/airflow/dags/create_topic.py
[2025-03-27T00:02:08.183+0000] {logging_mixin.py:188} INFO - [2025-03-27T00:02:08.183+0000] {dag.py:3089} INFO - Sync 1 DAGs
[2025-03-27T00:02:08.351+0000] {logging_mixin.py:188} INFO - [2025-03-27T00:02:08.351+0000] {dag.py:3947} INFO - Setting next_dagrun for test_spark_kafka to None, run_after=None
[2025-03-27T00:02:08.371+0000] {processor.py:183} INFO - Processing /opt/airflow/dags/create_topic.py took 0.335 seconds
[2025-03-27T00:02:38.716+0000] {processor.py:161} INFO - Started process (PID=13780) to work on /opt/airflow/dags/create_topic.py
[2025-03-27T00:02:38.722+0000] {processor.py:830} INFO - Processing file /opt/airflow/dags/create_topic.py for tasks to queue
[2025-03-27T00:02:38.722+0000] {logging_mixin.py:188} INFO - [2025-03-27T00:02:38.722+0000] {dagbag.py:545} INFO - Filling up the DagBag from /opt/airflow/dags/create_topic.py
[2025-03-27T00:02:38.824+0000] {processor.py:840} INFO - DAG(s) 'test_spark_kafka' retrieved from /opt/airflow/dags/create_topic.py
[2025-03-27T00:02:38.847+0000] {logging_mixin.py:188} INFO - [2025-03-27T00:02:38.846+0000] {dag.py:3089} INFO - Sync 1 DAGs
[2025-03-27T00:02:38.973+0000] {logging_mixin.py:188} INFO - [2025-03-27T00:02:38.972+0000] {dag.py:3947} INFO - Setting next_dagrun for test_spark_kafka to None, run_after=None
[2025-03-27T00:02:38.990+0000] {processor.py:183} INFO - Processing /opt/airflow/dags/create_topic.py took 0.279 seconds
[2025-03-27T00:03:09.133+0000] {processor.py:161} INFO - Started process (PID=13811) to work on /opt/airflow/dags/create_topic.py
[2025-03-27T00:03:09.134+0000] {processor.py:830} INFO - Processing file /opt/airflow/dags/create_topic.py for tasks to queue
[2025-03-27T00:03:09.136+0000] {logging_mixin.py:188} INFO - [2025-03-27T00:03:09.135+0000] {dagbag.py:545} INFO - Filling up the DagBag from /opt/airflow/dags/create_topic.py
[2025-03-27T00:03:09.239+0000] {processor.py:840} INFO - DAG(s) 'test_spark_kafka' retrieved from /opt/airflow/dags/create_topic.py
[2025-03-27T00:03:09.380+0000] {logging_mixin.py:188} INFO - [2025-03-27T00:03:09.380+0000] {dag.py:3089} INFO - Sync 1 DAGs
[2025-03-27T00:03:09.390+0000] {logging_mixin.py:188} INFO - [2025-03-27T00:03:09.390+0000] {dag.py:3947} INFO - Setting next_dagrun for test_spark_kafka to None, run_after=None
[2025-03-27T00:03:09.408+0000] {processor.py:183} INFO - Processing /opt/airflow/dags/create_topic.py took 0.285 seconds
