[2025-03-27T00:00:02.406+0000] {processor.py:161} INFO - Started process (PID=13613) to work on /opt/airflow/dags/dag_kafka_spark_streaming.py
[2025-03-27T00:00:02.407+0000] {processor.py:830} INFO - Processing file /opt/airflow/dags/dag_kafka_spark_streaming.py for tasks to queue
[2025-03-27T00:00:02.408+0000] {logging_mixin.py:188} INFO - [2025-03-27T00:00:02.407+0000] {dagbag.py:545} INFO - Filling up the DagBag from /opt/airflow/dags/dag_kafka_spark_streaming.py
[2025-03-27T00:00:02.419+0000] {processor.py:840} INFO - DAG(s) 'kafka_spark_streaming' retrieved from /opt/airflow/dags/dag_kafka_spark_streaming.py
[2025-03-27T00:00:02.443+0000] {logging_mixin.py:188} INFO - [2025-03-27T00:00:02.443+0000] {dag.py:3089} INFO - Sync 1 DAGs
[2025-03-27T00:00:02.461+0000] {logging_mixin.py:188} INFO - [2025-03-27T00:00:02.460+0000] {dag.py:3947} INFO - Setting next_dagrun for kafka_spark_streaming to None, run_after=None
[2025-03-27T00:00:02.474+0000] {processor.py:183} INFO - Processing /opt/airflow/dags/dag_kafka_spark_streaming.py took 0.076 seconds
[2025-03-27T00:00:32.757+0000] {processor.py:161} INFO - Started process (PID=13644) to work on /opt/airflow/dags/dag_kafka_spark_streaming.py
[2025-03-27T00:00:32.758+0000] {processor.py:830} INFO - Processing file /opt/airflow/dags/dag_kafka_spark_streaming.py for tasks to queue
[2025-03-27T00:00:32.759+0000] {logging_mixin.py:188} INFO - [2025-03-27T00:00:32.759+0000] {dagbag.py:545} INFO - Filling up the DagBag from /opt/airflow/dags/dag_kafka_spark_streaming.py
[2025-03-27T00:00:32.768+0000] {processor.py:840} INFO - DAG(s) 'kafka_spark_streaming' retrieved from /opt/airflow/dags/dag_kafka_spark_streaming.py
[2025-03-27T00:00:32.791+0000] {logging_mixin.py:188} INFO - [2025-03-27T00:00:32.790+0000] {dag.py:3089} INFO - Sync 1 DAGs
[2025-03-27T00:00:32.810+0000] {logging_mixin.py:188} INFO - [2025-03-27T00:00:32.810+0000] {dag.py:3947} INFO - Setting next_dagrun for kafka_spark_streaming to None, run_after=None
[2025-03-27T00:00:32.825+0000] {processor.py:183} INFO - Processing /opt/airflow/dags/dag_kafka_spark_streaming.py took 0.075 seconds
[2025-03-27T00:01:03.162+0000] {processor.py:161} INFO - Started process (PID=13675) to work on /opt/airflow/dags/dag_kafka_spark_streaming.py
[2025-03-27T00:01:03.163+0000] {processor.py:830} INFO - Processing file /opt/airflow/dags/dag_kafka_spark_streaming.py for tasks to queue
[2025-03-27T00:01:03.164+0000] {logging_mixin.py:188} INFO - [2025-03-27T00:01:03.164+0000] {dagbag.py:545} INFO - Filling up the DagBag from /opt/airflow/dags/dag_kafka_spark_streaming.py
[2025-03-27T00:01:03.175+0000] {processor.py:840} INFO - DAG(s) 'kafka_spark_streaming' retrieved from /opt/airflow/dags/dag_kafka_spark_streaming.py
[2025-03-27T00:01:03.197+0000] {logging_mixin.py:188} INFO - [2025-03-27T00:01:03.197+0000] {dag.py:3089} INFO - Sync 1 DAGs
[2025-03-27T00:01:03.215+0000] {logging_mixin.py:188} INFO - [2025-03-27T00:01:03.214+0000] {dag.py:3947} INFO - Setting next_dagrun for kafka_spark_streaming to None, run_after=None
[2025-03-27T00:01:03.228+0000] {processor.py:183} INFO - Processing /opt/airflow/dags/dag_kafka_spark_streaming.py took 0.075 seconds
[2025-03-27T00:01:33.479+0000] {processor.py:161} INFO - Started process (PID=13706) to work on /opt/airflow/dags/dag_kafka_spark_streaming.py
[2025-03-27T00:01:33.480+0000] {processor.py:830} INFO - Processing file /opt/airflow/dags/dag_kafka_spark_streaming.py for tasks to queue
[2025-03-27T00:01:33.481+0000] {logging_mixin.py:188} INFO - [2025-03-27T00:01:33.481+0000] {dagbag.py:545} INFO - Filling up the DagBag from /opt/airflow/dags/dag_kafka_spark_streaming.py
[2025-03-27T00:01:33.489+0000] {processor.py:840} INFO - DAG(s) 'kafka_spark_streaming' retrieved from /opt/airflow/dags/dag_kafka_spark_streaming.py
[2025-03-27T00:01:33.512+0000] {logging_mixin.py:188} INFO - [2025-03-27T00:01:33.512+0000] {dag.py:3089} INFO - Sync 1 DAGs
[2025-03-27T00:01:33.532+0000] {logging_mixin.py:188} INFO - [2025-03-27T00:01:33.532+0000] {dag.py:3947} INFO - Setting next_dagrun for kafka_spark_streaming to None, run_after=None
[2025-03-27T00:01:33.546+0000] {processor.py:183} INFO - Processing /opt/airflow/dags/dag_kafka_spark_streaming.py took 0.072 seconds
[2025-03-27T00:02:03.934+0000] {processor.py:161} INFO - Started process (PID=13737) to work on /opt/airflow/dags/dag_kafka_spark_streaming.py
[2025-03-27T00:02:03.935+0000] {processor.py:830} INFO - Processing file /opt/airflow/dags/dag_kafka_spark_streaming.py for tasks to queue
[2025-03-27T00:02:03.936+0000] {logging_mixin.py:188} INFO - [2025-03-27T00:02:03.936+0000] {dagbag.py:545} INFO - Filling up the DagBag from /opt/airflow/dags/dag_kafka_spark_streaming.py
[2025-03-27T00:02:03.945+0000] {processor.py:840} INFO - DAG(s) 'kafka_spark_streaming' retrieved from /opt/airflow/dags/dag_kafka_spark_streaming.py
[2025-03-27T00:02:03.968+0000] {logging_mixin.py:188} INFO - [2025-03-27T00:02:03.967+0000] {dag.py:3089} INFO - Sync 1 DAGs
[2025-03-27T00:02:03.986+0000] {logging_mixin.py:188} INFO - [2025-03-27T00:02:03.986+0000] {dag.py:3947} INFO - Setting next_dagrun for kafka_spark_streaming to None, run_after=None
[2025-03-27T00:02:03.999+0000] {processor.py:183} INFO - Processing /opt/airflow/dags/dag_kafka_spark_streaming.py took 0.072 seconds
[2025-03-27T00:02:34.606+0000] {processor.py:161} INFO - Started process (PID=13768) to work on /opt/airflow/dags/dag_kafka_spark_streaming.py
[2025-03-27T00:02:34.607+0000] {processor.py:830} INFO - Processing file /opt/airflow/dags/dag_kafka_spark_streaming.py for tasks to queue
[2025-03-27T00:02:34.608+0000] {logging_mixin.py:188} INFO - [2025-03-27T00:02:34.607+0000] {dagbag.py:545} INFO - Filling up the DagBag from /opt/airflow/dags/dag_kafka_spark_streaming.py
[2025-03-27T00:02:34.618+0000] {processor.py:840} INFO - DAG(s) 'kafka_spark_streaming' retrieved from /opt/airflow/dags/dag_kafka_spark_streaming.py
[2025-03-27T00:02:34.640+0000] {logging_mixin.py:188} INFO - [2025-03-27T00:02:34.640+0000] {dag.py:3089} INFO - Sync 1 DAGs
[2025-03-27T00:02:34.657+0000] {logging_mixin.py:188} INFO - [2025-03-27T00:02:34.657+0000] {dag.py:3947} INFO - Setting next_dagrun for kafka_spark_streaming to None, run_after=None
[2025-03-27T00:02:34.670+0000] {processor.py:183} INFO - Processing /opt/airflow/dags/dag_kafka_spark_streaming.py took 0.072 seconds
[2025-03-27T00:03:04.984+0000] {processor.py:161} INFO - Started process (PID=13799) to work on /opt/airflow/dags/dag_kafka_spark_streaming.py
[2025-03-27T00:03:04.985+0000] {processor.py:830} INFO - Processing file /opt/airflow/dags/dag_kafka_spark_streaming.py for tasks to queue
[2025-03-27T00:03:04.986+0000] {logging_mixin.py:188} INFO - [2025-03-27T00:03:04.986+0000] {dagbag.py:545} INFO - Filling up the DagBag from /opt/airflow/dags/dag_kafka_spark_streaming.py
[2025-03-27T00:03:04.999+0000] {processor.py:840} INFO - DAG(s) 'kafka_spark_streaming' retrieved from /opt/airflow/dags/dag_kafka_spark_streaming.py
[2025-03-27T00:03:05.025+0000] {logging_mixin.py:188} INFO - [2025-03-27T00:03:05.025+0000] {dag.py:3089} INFO - Sync 1 DAGs
[2025-03-27T00:03:05.042+0000] {logging_mixin.py:188} INFO - [2025-03-27T00:03:05.042+0000] {dag.py:3947} INFO - Setting next_dagrun for kafka_spark_streaming to None, run_after=None
[2025-03-27T00:03:05.056+0000] {processor.py:183} INFO - Processing /opt/airflow/dags/dag_kafka_spark_streaming.py took 0.080 seconds
