[2025-03-27T00:00:02.403+0000] {processor.py:161} INFO - Started process (PID=13610) to work on /opt/airflow/dags/kafka_stream.py
[2025-03-27T00:00:02.404+0000] {processor.py:830} INFO - Processing file /opt/airflow/dags/kafka_stream.py for tasks to queue
[2025-03-27T00:00:02.405+0000] {logging_mixin.py:188} INFO - [2025-03-27T00:00:02.404+0000] {dagbag.py:545} INFO - Filling up the DagBag from /opt/airflow/dags/kafka_stream.py
[2025-03-27T00:00:02.420+0000] {processor.py:840} INFO - DAG(s) 'user_automation' retrieved from /opt/airflow/dags/kafka_stream.py
[2025-03-27T00:00:02.443+0000] {logging_mixin.py:188} INFO - [2025-03-27T00:00:02.443+0000] {dag.py:3089} INFO - Sync 1 DAGs
[2025-03-27T00:00:02.462+0000] {logging_mixin.py:188} INFO - [2025-03-27T00:00:02.462+0000] {dag.py:3947} INFO - Setting next_dagrun for user_automation to 2025-03-26 00:00:00+00:00, run_after=2025-03-27 00:00:00+00:00
[2025-03-27T00:00:02.475+0000] {processor.py:183} INFO - Processing /opt/airflow/dags/kafka_stream.py took 0.080 seconds
[2025-03-27T00:00:32.751+0000] {processor.py:161} INFO - Started process (PID=13641) to work on /opt/airflow/dags/kafka_stream.py
[2025-03-27T00:00:32.752+0000] {processor.py:830} INFO - Processing file /opt/airflow/dags/kafka_stream.py for tasks to queue
[2025-03-27T00:00:32.753+0000] {logging_mixin.py:188} INFO - [2025-03-27T00:00:32.752+0000] {dagbag.py:545} INFO - Filling up the DagBag from /opt/airflow/dags/kafka_stream.py
[2025-03-27T00:00:32.765+0000] {processor.py:840} INFO - DAG(s) 'user_automation' retrieved from /opt/airflow/dags/kafka_stream.py
[2025-03-27T00:00:32.788+0000] {logging_mixin.py:188} INFO - [2025-03-27T00:00:32.787+0000] {dag.py:3089} INFO - Sync 1 DAGs
[2025-03-27T00:00:32.808+0000] {logging_mixin.py:188} INFO - [2025-03-27T00:00:32.807+0000] {dag.py:3947} INFO - Setting next_dagrun for user_automation to 2025-03-26 00:00:00+00:00, run_after=2025-03-27 00:00:00+00:00
[2025-03-27T00:00:32.821+0000] {processor.py:183} INFO - Processing /opt/airflow/dags/kafka_stream.py took 0.080 seconds
[2025-03-27T00:01:03.154+0000] {processor.py:161} INFO - Started process (PID=13672) to work on /opt/airflow/dags/kafka_stream.py
[2025-03-27T00:01:03.155+0000] {processor.py:830} INFO - Processing file /opt/airflow/dags/kafka_stream.py for tasks to queue
[2025-03-27T00:01:03.157+0000] {logging_mixin.py:188} INFO - [2025-03-27T00:01:03.156+0000] {dagbag.py:545} INFO - Filling up the DagBag from /opt/airflow/dags/kafka_stream.py
[2025-03-27T00:01:03.172+0000] {processor.py:840} INFO - DAG(s) 'user_automation' retrieved from /opt/airflow/dags/kafka_stream.py
[2025-03-27T00:01:03.196+0000] {logging_mixin.py:188} INFO - [2025-03-27T00:01:03.196+0000] {dag.py:3089} INFO - Sync 1 DAGs
[2025-03-27T00:01:03.215+0000] {logging_mixin.py:188} INFO - [2025-03-27T00:01:03.215+0000] {dag.py:3947} INFO - Setting next_dagrun for user_automation to 2025-03-26 00:00:00+00:00, run_after=2025-03-27 00:00:00+00:00
[2025-03-27T00:01:03.229+0000] {processor.py:183} INFO - Processing /opt/airflow/dags/kafka_stream.py took 0.085 seconds
[2025-03-27T00:01:33.475+0000] {processor.py:161} INFO - Started process (PID=13703) to work on /opt/airflow/dags/kafka_stream.py
[2025-03-27T00:01:33.480+0000] {processor.py:830} INFO - Processing file /opt/airflow/dags/kafka_stream.py for tasks to queue
[2025-03-27T00:01:33.481+0000] {logging_mixin.py:188} INFO - [2025-03-27T00:01:33.481+0000] {dagbag.py:545} INFO - Filling up the DagBag from /opt/airflow/dags/kafka_stream.py
[2025-03-27T00:01:33.490+0000] {processor.py:840} INFO - DAG(s) 'user_automation' retrieved from /opt/airflow/dags/kafka_stream.py
[2025-03-27T00:01:33.514+0000] {logging_mixin.py:188} INFO - [2025-03-27T00:01:33.513+0000] {dag.py:3089} INFO - Sync 1 DAGs
[2025-03-27T00:01:33.536+0000] {logging_mixin.py:188} INFO - [2025-03-27T00:01:33.536+0000] {dag.py:3947} INFO - Setting next_dagrun for user_automation to 2025-03-26 00:00:00+00:00, run_after=2025-03-27 00:00:00+00:00
[2025-03-27T00:01:33.550+0000] {processor.py:183} INFO - Processing /opt/airflow/dags/kafka_stream.py took 0.081 seconds
[2025-03-27T00:02:03.930+0000] {processor.py:161} INFO - Started process (PID=13734) to work on /opt/airflow/dags/kafka_stream.py
[2025-03-27T00:02:03.931+0000] {processor.py:830} INFO - Processing file /opt/airflow/dags/kafka_stream.py for tasks to queue
[2025-03-27T00:02:03.931+0000] {logging_mixin.py:188} INFO - [2025-03-27T00:02:03.931+0000] {dagbag.py:545} INFO - Filling up the DagBag from /opt/airflow/dags/kafka_stream.py
[2025-03-27T00:02:03.945+0000] {processor.py:840} INFO - DAG(s) 'user_automation' retrieved from /opt/airflow/dags/kafka_stream.py
[2025-03-27T00:02:03.968+0000] {logging_mixin.py:188} INFO - [2025-03-27T00:02:03.968+0000] {dag.py:3089} INFO - Sync 1 DAGs
[2025-03-27T00:02:03.988+0000] {logging_mixin.py:188} INFO - [2025-03-27T00:02:03.988+0000] {dag.py:3947} INFO - Setting next_dagrun for user_automation to 2025-03-26 00:00:00+00:00, run_after=2025-03-27 00:00:00+00:00
[2025-03-27T00:02:04.002+0000] {processor.py:183} INFO - Processing /opt/airflow/dags/kafka_stream.py took 0.083 seconds
[2025-03-27T00:02:34.599+0000] {processor.py:161} INFO - Started process (PID=13765) to work on /opt/airflow/dags/kafka_stream.py
[2025-03-27T00:02:34.604+0000] {processor.py:830} INFO - Processing file /opt/airflow/dags/kafka_stream.py for tasks to queue
[2025-03-27T00:02:34.605+0000] {logging_mixin.py:188} INFO - [2025-03-27T00:02:34.605+0000] {dagbag.py:545} INFO - Filling up the DagBag from /opt/airflow/dags/kafka_stream.py
[2025-03-27T00:02:34.618+0000] {processor.py:840} INFO - DAG(s) 'user_automation' retrieved from /opt/airflow/dags/kafka_stream.py
[2025-03-27T00:02:34.640+0000] {logging_mixin.py:188} INFO - [2025-03-27T00:02:34.639+0000] {dag.py:3089} INFO - Sync 1 DAGs
[2025-03-27T00:02:34.659+0000] {logging_mixin.py:188} INFO - [2025-03-27T00:02:34.659+0000] {dag.py:3947} INFO - Setting next_dagrun for user_automation to 2025-03-26 00:00:00+00:00, run_after=2025-03-27 00:00:00+00:00
[2025-03-27T00:02:34.672+0000] {processor.py:183} INFO - Processing /opt/airflow/dags/kafka_stream.py took 0.082 seconds
[2025-03-27T00:03:04.977+0000] {processor.py:161} INFO - Started process (PID=13796) to work on /opt/airflow/dags/kafka_stream.py
[2025-03-27T00:03:04.983+0000] {processor.py:830} INFO - Processing file /opt/airflow/dags/kafka_stream.py for tasks to queue
[2025-03-27T00:03:04.984+0000] {logging_mixin.py:188} INFO - [2025-03-27T00:03:04.983+0000] {dagbag.py:545} INFO - Filling up the DagBag from /opt/airflow/dags/kafka_stream.py
[2025-03-27T00:03:05.000+0000] {processor.py:840} INFO - DAG(s) 'user_automation' retrieved from /opt/airflow/dags/kafka_stream.py
[2025-03-27T00:03:05.025+0000] {logging_mixin.py:188} INFO - [2025-03-27T00:03:05.024+0000] {dag.py:3089} INFO - Sync 1 DAGs
[2025-03-27T00:03:05.043+0000] {logging_mixin.py:188} INFO - [2025-03-27T00:03:05.043+0000] {dag.py:3947} INFO - Setting next_dagrun for user_automation to 2025-03-26 00:00:00+00:00, run_after=2025-03-27 00:00:00+00:00
[2025-03-27T00:03:05.056+0000] {processor.py:183} INFO - Processing /opt/airflow/dags/kafka_stream.py took 0.089 seconds
