[2025-04-16T22:20:00.190+0000] {local_task_job_runner.py:120} INFO - ::group::Pre task execution logs
[2025-04-16T22:20:00.212+0000] {taskinstance.py:2076} INFO - Dependencies all met for dep_context=non-requeueable deps ti=<TaskInstance: iot_data_pipeline.run_iot_producer_script scheduled__2025-04-16T22:15:00+00:00 [queued]>
[2025-04-16T22:20:00.218+0000] {taskinstance.py:2076} INFO - Dependencies all met for dep_context=requeueable deps ti=<TaskInstance: iot_data_pipeline.run_iot_producer_script scheduled__2025-04-16T22:15:00+00:00 [queued]>
[2025-04-16T22:20:00.218+0000] {taskinstance.py:2306} INFO - Starting attempt 1 of 2
[2025-04-16T22:20:00.227+0000] {taskinstance.py:2330} INFO - Executing <Task(BashOperator): run_iot_producer_script> on 2025-04-16 22:15:00+00:00
[2025-04-16T22:20:00.230+0000] {standard_task_runner.py:63} INFO - Started process 7361 to run task
[2025-04-16T22:20:00.233+0000] {standard_task_runner.py:90} INFO - Running: ['***', 'tasks', 'run', 'iot_data_pipeline', 'run_iot_producer_script', 'scheduled__2025-04-16T22:15:00+00:00', '--job-id', '25', '--raw', '--subdir', 'DAGS_FOLDER/iot_data_dag.py', '--cfg-path', '/tmp/tmpyjf1i1yb']
[2025-04-16T22:20:00.234+0000] {standard_task_runner.py:91} INFO - Job 25: Subtask run_iot_producer_script
[2025-04-16T22:20:00.267+0000] {task_command.py:426} INFO - Running <TaskInstance: iot_data_pipeline.run_iot_producer_script scheduled__2025-04-16T22:15:00+00:00 [running]> on host 8318a6508d39
[2025-04-16T22:20:00.327+0000] {taskinstance.py:2648} INFO - Exporting env vars: AIRFLOW_CTX_DAG_OWNER='***' AIRFLOW_CTX_DAG_ID='iot_data_pipeline' AIRFLOW_CTX_TASK_ID='run_iot_producer_script' AIRFLOW_CTX_EXECUTION_DATE='2025-04-16T22:15:00+00:00' AIRFLOW_CTX_TRY_NUMBER='1' AIRFLOW_CTX_DAG_RUN_ID='scheduled__2025-04-16T22:15:00+00:00'
[2025-04-16T22:20:00.328+0000] {taskinstance.py:430} INFO - ::endgroup::
[2025-04-16T22:20:00.338+0000] {subprocess.py:63} INFO - Tmp dir root location: /tmp
[2025-04-16T22:20:00.339+0000] {subprocess.py:75} INFO - Running command: ['/usr/bin/bash', '-c', 'python3 /opt/***/dags/script/iot_data_producer.py']
[2025-04-16T22:20:00.347+0000] {subprocess.py:86} INFO - Output:
[2025-04-16T22:20:00.970+0000] {subprocess.py:93} INFO - [2025-04-16T22:20:00.969869+00:00] Donnée envoyée et stockée : {'machine_id': 'IOT-MACH-ZG-75', 'timestamp': '2025-04-16T22:20:00.961144+00:00', 'region': 'ZG', 'season': 'saison_seche', 'temperature': 29.16, 'humidity': 77.04, 'soil_moisture': 32.47, 'vibration': 2.1, 'pressure': 1.15, 'latitude': 12.5833, 'longitude': -16.2667}
[2025-04-16T22:20:01.046+0000] {subprocess.py:97} INFO - Command exited with return code 0
[2025-04-16T22:20:01.047+0000] {taskinstance.py:441} INFO - ::group::Post task execution logs
[2025-04-16T22:20:01.067+0000] {taskinstance.py:1206} INFO - Marking task as SUCCESS. dag_id=iot_data_pipeline, task_id=run_iot_producer_script, run_id=scheduled__2025-04-16T22:15:00+00:00, execution_date=20250416T221500, start_date=20250416T222000, end_date=20250416T222001
[2025-04-16T22:20:01.086+0000] {local_task_job_runner.py:240} INFO - Task exited with return code 0
[2025-04-16T22:20:01.100+0000] {taskinstance.py:3503} INFO - 0 downstream tasks scheduled from follow-on schedule check
[2025-04-16T22:20:01.101+0000] {local_task_job_runner.py:222} INFO - ::endgroup::
