[2025-04-15T21:49:17.941+0000] {local_task_job_runner.py:120} INFO - ::group::Pre task execution logs
[2025-04-15T21:49:18.073+0000] {taskinstance.py:2076} INFO - Dependencies all met for dep_context=non-requeueable deps ti=<TaskInstance: iot_data_pipeline.run_iot_producer_script manual__2025-04-15T21:49:16.733087+00:00 [queued]>
[2025-04-15T21:49:18.105+0000] {taskinstance.py:2076} INFO - Dependencies all met for dep_context=requeueable deps ti=<TaskInstance: iot_data_pipeline.run_iot_producer_script manual__2025-04-15T21:49:16.733087+00:00 [queued]>
[2025-04-15T21:49:18.107+0000] {taskinstance.py:2306} INFO - Starting attempt 1 of 2
[2025-04-15T21:49:18.159+0000] {taskinstance.py:2330} INFO - Executing <Task(BashOperator): run_iot_producer_script> on 2025-04-15 21:49:16.733087+00:00
[2025-04-15T21:49:18.180+0000] {standard_task_runner.py:63} INFO - Started process 1077 to run task
[2025-04-15T21:49:18.192+0000] {standard_task_runner.py:90} INFO - Running: ['***', 'tasks', 'run', 'iot_data_pipeline', 'run_iot_producer_script', 'manual__2025-04-15T21:49:16.733087+00:00', '--job-id', '3', '--raw', '--subdir', 'DAGS_FOLDER/iot_data_dag.py', '--cfg-path', '/tmp/tmpxbwjwsaw']
[2025-04-15T21:49:18.201+0000] {standard_task_runner.py:91} INFO - Job 3: Subtask run_iot_producer_script
[2025-04-15T21:49:18.390+0000] {task_command.py:426} INFO - Running <TaskInstance: iot_data_pipeline.run_iot_producer_script manual__2025-04-15T21:49:16.733087+00:00 [running]> on host 5093da77a75c
[2025-04-15T21:49:18.605+0000] {taskinstance.py:2648} INFO - Exporting env vars: AIRFLOW_CTX_DAG_OWNER='***' AIRFLOW_CTX_DAG_ID='iot_data_pipeline' AIRFLOW_CTX_TASK_ID='run_iot_producer_script' AIRFLOW_CTX_EXECUTION_DATE='2025-04-15T21:49:16.733087+00:00' AIRFLOW_CTX_TRY_NUMBER='1' AIRFLOW_CTX_DAG_RUN_ID='manual__2025-04-15T21:49:16.733087+00:00'
[2025-04-15T21:49:18.609+0000] {taskinstance.py:430} INFO - ::endgroup::
[2025-04-15T21:49:18.680+0000] {subprocess.py:63} INFO - Tmp dir root location: /tmp
[2025-04-15T21:49:18.681+0000] {subprocess.py:75} INFO - Running command: ['/usr/bin/bash', '-c', 'python3 /opt/***/dags/script/iot_data_producer.py']
[2025-04-15T21:49:18.731+0000] {subprocess.py:86} INFO - Output:
[2025-04-15T21:49:20.901+0000] {subprocess.py:93} INFO - [2025-04-15T21:49:20.900153+00:00] Donnée envoyée et stockée : {'machine_id': 'IOT-MACH-MT-91', 'timestamp': '2025-04-15T21:49:20.896126+00:00', 'region': 'MT', 'season': 'saison_seche', 'temperature': 39.66, 'humidity': 16.88, 'soil_moisture': 43.93, 'vibration': 3.25, 'pressure': 0.81, 'latitude': 16.0333, 'longitude': -13.5167}
[2025-04-15T21:49:21.417+0000] {subprocess.py:97} INFO - Command exited with return code 0
[2025-04-15T21:49:21.421+0000] {taskinstance.py:441} INFO - ::group::Post task execution logs
[2025-04-15T21:49:21.543+0000] {taskinstance.py:1206} INFO - Marking task as SUCCESS. dag_id=iot_data_pipeline, task_id=run_iot_producer_script, run_id=manual__2025-04-15T21:49:16.733087+00:00, execution_date=20250415T214916, start_date=20250415T214918, end_date=20250415T214921
[2025-04-15T21:49:21.669+0000] {local_task_job_runner.py:240} INFO - Task exited with return code 0
[2025-04-15T21:49:21.746+0000] {taskinstance.py:3503} INFO - 0 downstream tasks scheduled from follow-on schedule check
[2025-04-15T21:49:21.749+0000] {local_task_job_runner.py:222} INFO - ::endgroup::
