[2025-04-19T01:10:00.853+0000] {local_task_job_runner.py:120} INFO - ::group::Pre task execution logs
[2025-04-19T01:10:00.878+0000] {taskinstance.py:2076} INFO - Dependencies all met for dep_context=non-requeueable deps ti=<TaskInstance: iot_data_pipeline.run_iot_producer_script scheduled__2025-04-19T01:05:00+00:00 [queued]>
[2025-04-19T01:10:00.883+0000] {taskinstance.py:2076} INFO - Dependencies all met for dep_context=requeueable deps ti=<TaskInstance: iot_data_pipeline.run_iot_producer_script scheduled__2025-04-19T01:05:00+00:00 [queued]>
[2025-04-19T01:10:00.883+0000] {taskinstance.py:2306} INFO - Starting attempt 1 of 2
[2025-04-19T01:10:00.892+0000] {taskinstance.py:2330} INFO - Executing <Task(BashOperator): run_iot_producer_script> on 2025-04-19 01:05:00+00:00
[2025-04-19T01:10:00.895+0000] {standard_task_runner.py:63} INFO - Started process 22972 to run task
[2025-04-19T01:10:00.898+0000] {standard_task_runner.py:90} INFO - Running: ['***', 'tasks', 'run', 'iot_data_pipeline', 'run_iot_producer_script', 'scheduled__2025-04-19T01:05:00+00:00', '--job-id', '47', '--raw', '--subdir', 'DAGS_FOLDER/iot_data_dag.py', '--cfg-path', '/tmp/tmp929jayh1']
[2025-04-19T01:10:00.899+0000] {standard_task_runner.py:91} INFO - Job 47: Subtask run_iot_producer_script
[2025-04-19T01:10:00.932+0000] {task_command.py:426} INFO - Running <TaskInstance: iot_data_pipeline.run_iot_producer_script scheduled__2025-04-19T01:05:00+00:00 [running]> on host 2b5f93c9e322
[2025-04-19T01:10:00.999+0000] {taskinstance.py:2648} INFO - Exporting env vars: AIRFLOW_CTX_DAG_OWNER='***' AIRFLOW_CTX_DAG_ID='iot_data_pipeline' AIRFLOW_CTX_TASK_ID='run_iot_producer_script' AIRFLOW_CTX_EXECUTION_DATE='2025-04-19T01:05:00+00:00' AIRFLOW_CTX_TRY_NUMBER='1' AIRFLOW_CTX_DAG_RUN_ID='scheduled__2025-04-19T01:05:00+00:00'
[2025-04-19T01:10:01.000+0000] {taskinstance.py:430} INFO - ::endgroup::
[2025-04-19T01:10:01.011+0000] {subprocess.py:63} INFO - Tmp dir root location: /tmp
[2025-04-19T01:10:01.011+0000] {subprocess.py:75} INFO - Running command: ['/usr/bin/bash', '-c', 'python3 /opt/***/dags/script/iot_data_producer.py']
[2025-04-19T01:10:01.018+0000] {subprocess.py:86} INFO - Output:
[2025-04-19T01:10:01.646+0000] {subprocess.py:93} INFO - [2025-04-19T01:10:01.621333+00:00] Donnée envoyée et stockée : {'machine_id': 'IOT-MACH-ZG-36', 'timestamp': '2025-04-19T01:10:01.614945+00:00', 'region': 'ZG', 'season': 'saison_seche', 'temperature': 29.63, 'humidity': 75.75, 'soil_moisture': 26.77, 'vibration': 4.09, 'pressure': 1.73, 'latitude': 12.5833, 'longitude': -16.2667}
[2025-04-19T01:10:01.647+0000] {subprocess.py:93} INFO - [2025-04-19T01:10:01.623122+00:00] Donnée envoyée et stockée : {'machine_id': 'IOT-MACH-ZG-10', 'timestamp': '2025-04-19T01:10:01.621370+00:00', 'region': 'ZG', 'season': 'saison_seche', 'temperature': 29.67, 'humidity': 79.95, 'soil_moisture': 15.79, 'vibration': 0.2, 'pressure': 1.4, 'latitude': 12.5833, 'longitude': -16.2667}
[2025-04-19T01:10:01.647+0000] {subprocess.py:93} INFO - [2025-04-19T01:10:01.624240+00:00] Donnée envoyée et stockée : {'machine_id': 'IOT-MACH-TH-29', 'timestamp': '2025-04-19T01:10:01.623154+00:00', 'region': 'TH', 'season': 'saison_seche', 'temperature': 31.62, 'humidity': 47.68, 'soil_moisture': 20.53, 'vibration': 0.89, 'pressure': 1.55, 'latitude': 14.7978, 'longitude': -16.925}
[2025-04-19T01:10:01.647+0000] {subprocess.py:93} INFO - [2025-04-19T01:10:01.625780+00:00] Donnée envoyée et stockée : {'machine_id': 'IOT-MACH-SL-13', 'timestamp': '2025-04-19T01:10:01.624267+00:00', 'region': 'SL', 'season': 'saison_seche', 'temperature': 30.62, 'humidity': 56.15, 'soil_moisture': 38.5, 'vibration': 4.96, 'pressure': 2.33, 'latitude': 16.0167, 'longitude': -16.5}
[2025-04-19T01:10:01.647+0000] {subprocess.py:93} INFO - [2025-04-19T01:10:01.626900+00:00] Donnée envoyée et stockée : {'machine_id': 'IOT-MACH-SL-33', 'timestamp': '2025-04-19T01:10:01.625821+00:00', 'region': 'SL', 'season': 'saison_seche', 'temperature': 31.17, 'humidity': 50.89, 'soil_moisture': 18.4, 'vibration': 2.24, 'pressure': 2.26, 'latitude': 16.0167, 'longitude': -16.5}
[2025-04-19T01:10:01.647+0000] {subprocess.py:93} INFO - [2025-04-19T01:10:01.628600+00:00] Donnée envoyée et stockée : {'machine_id': 'IOT-MACH-ZG-15', 'timestamp': '2025-04-19T01:10:01.626927+00:00', 'region': 'ZG', 'season': 'saison_seche', 'temperature': 28.64, 'humidity': 82.31, 'soil_moisture': 13.21, 'vibration': 0.77, 'pressure': 2.08, 'latitude': 12.5833, 'longitude': -16.2667}
[2025-04-19T01:10:01.648+0000] {subprocess.py:93} INFO - [2025-04-19T01:10:01.629793+00:00] Donnée envoyée et stockée : {'machine_id': 'IOT-MACH-SL-52', 'timestamp': '2025-04-19T01:10:01.628647+00:00', 'region': 'SL', 'season': 'saison_seche', 'temperature': 30.88, 'humidity': 51.83, 'soil_moisture': 38.05, 'vibration': 2.68, 'pressure': 1.88, 'latitude': 16.0167, 'longitude': -16.5}
[2025-04-19T01:10:01.648+0000] {subprocess.py:93} INFO - [2025-04-19T01:10:01.631410+00:00] Donnée envoyée et stockée : {'machine_id': 'IOT-MACH-DK-35', 'timestamp': '2025-04-19T01:10:01.629821+00:00', 'region': 'DK', 'season': 'saison_seche', 'temperature': 29.77, 'humidity': 70.65, 'soil_moisture': 44.15, 'vibration': 0.93, 'pressure': 0.88, 'latitude': 14.7167, 'longitude': -17.4677}
[2025-04-19T01:10:01.648+0000] {subprocess.py:93} INFO - [2025-04-19T01:10:01.632515+00:00] Donnée envoyée et stockée : {'machine_id': 'IOT-MACH-SL-48', 'timestamp': '2025-04-19T01:10:01.631443+00:00', 'region': 'SL', 'season': 'saison_seche', 'temperature': 30.74, 'humidity': 53.53, 'soil_moisture': 38.75, 'vibration': 0.44, 'pressure': 1.49, 'latitude': 16.0167, 'longitude': -16.5}
[2025-04-19T01:10:01.648+0000] {subprocess.py:93} INFO - [2025-04-19T01:10:01.634231+00:00] Donnée envoyée et stockée : {'machine_id': 'IOT-MACH-TH-59', 'timestamp': '2025-04-19T01:10:01.632543+00:00', 'region': 'TH', 'season': 'saison_seche', 'temperature': 32.44, 'humidity': 50.64, 'soil_moisture': 45.38, 'vibration': 3.51, 'pressure': 0.85, 'latitude': 14.7978, 'longitude': -16.925}
[2025-04-19T01:10:01.648+0000] {subprocess.py:93} INFO - [2025-04-19T01:10:01.635481+00:00] Donnée envoyée et stockée : {'machine_id': 'IOT-MACH-TH-17', 'timestamp': '2025-04-19T01:10:01.634282+00:00', 'region': 'TH', 'season': 'saison_seche', 'temperature': 31.62, 'humidity': 50.65, 'soil_moisture': 14.53, 'vibration': 3.15, 'pressure': 1.33, 'latitude': 14.7978, 'longitude': -16.925}
[2025-04-19T01:10:01.648+0000] {subprocess.py:93} INFO - [2025-04-19T01:10:01.636799+00:00] Donnée envoyée et stockée : {'machine_id': 'IOT-MACH-ZG-79', 'timestamp': '2025-04-19T01:10:01.635533+00:00', 'region': 'ZG', 'season': 'saison_seche', 'temperature': 29.07, 'humidity': 76.86, 'soil_moisture': 18.36, 'vibration': 4.22, 'pressure': 1.83, 'latitude': 12.5833, 'longitude': -16.2667}
[2025-04-19T01:10:01.648+0000] {subprocess.py:93} INFO - [2025-04-19T01:10:01.638179+00:00] Donnée envoyée et stockée : {'machine_id': 'IOT-MACH-ZG-62', 'timestamp': '2025-04-19T01:10:01.636830+00:00', 'region': 'ZG', 'season': 'saison_seche', 'temperature': 28.26, 'humidity': 77.08, 'soil_moisture': 29.47, 'vibration': 1.24, 'pressure': 2.13, 'latitude': 12.5833, 'longitude': -16.2667}
[2025-04-19T01:10:01.649+0000] {subprocess.py:93} INFO - [2025-04-19T01:10:01.639242+00:00] Donnée envoyée et stockée : {'machine_id': 'IOT-MACH-MT-11', 'timestamp': '2025-04-19T01:10:01.638205+00:00', 'region': 'MT', 'season': 'saison_seche', 'temperature': 39.46, 'humidity': 15.45, 'soil_moisture': 13.73, 'vibration': 0.54, 'pressure': 1.45, 'latitude': 16.0333, 'longitude': -13.5167}
[2025-04-19T01:10:01.649+0000] {subprocess.py:93} INFO - [2025-04-19T01:10:01.640590+00:00] Donnée envoyée et stockée : {'machine_id': 'IOT-MACH-MT-62', 'timestamp': '2025-04-19T01:10:01.639269+00:00', 'region': 'MT', 'season': 'saison_seche', 'temperature': 39.09, 'humidity': 17.26, 'soil_moisture': 27.31, 'vibration': 1.4, 'pressure': 2.42, 'latitude': 16.0333, 'longitude': -13.5167}
[2025-04-19T01:10:01.649+0000] {subprocess.py:93} INFO - [2025-04-19T01:10:01.641680+00:00] Donnée envoyée et stockée : {'machine_id': 'IOT-MACH-KD-5', 'timestamp': '2025-04-19T01:10:01.640614+00:00', 'region': 'KD', 'season': 'saison_seche', 'temperature': 32.33, 'humidity': 52.41, 'soil_moisture': 49.56, 'vibration': 1.45, 'pressure': 1.88, 'latitude': 14.1167, 'longitude': -12.5}
[2025-04-19T01:10:01.649+0000] {subprocess.py:93} INFO - [2025-04-19T01:10:01.643179+00:00] Donnée envoyée et stockée : {'machine_id': 'IOT-MACH-KD-64', 'timestamp': '2025-04-19T01:10:01.641709+00:00', 'region': 'KD', 'season': 'saison_seche', 'temperature': 32.43, 'humidity': 51.76, 'soil_moisture': 35.93, 'vibration': 4.61, 'pressure': 1.39, 'latitude': 14.1167, 'longitude': -12.5}
[2025-04-19T01:10:01.649+0000] {subprocess.py:93} INFO - [2025-04-19T01:10:01.644472+00:00] Donnée envoyée et stockée : {'machine_id': 'IOT-MACH-TB-53', 'timestamp': '2025-04-19T01:10:01.643209+00:00', 'region': 'TB', 'season': 'saison_seche', 'temperature': 37.77, 'humidity': 22.71, 'soil_moisture': 47.28, 'vibration': 3.55, 'pressure': 1.74, 'latitude': 15.3833, 'longitude': -15.5}
[2025-04-19T01:10:01.649+0000] {subprocess.py:93} INFO - [2025-04-19T01:10:01.645602+00:00] Donnée envoyée et stockée : {'machine_id': 'IOT-MACH-KD-54', 'timestamp': '2025-04-19T01:10:01.644507+00:00', 'region': 'KD', 'season': 'saison_seche', 'temperature': 32.08, 'humidity': 57.42, 'soil_moisture': 26.98, 'vibration': 4.15, 'pressure': 2.28, 'latitude': 14.1167, 'longitude': -12.5}
[2025-04-19T01:10:01.649+0000] {subprocess.py:93} INFO - [2025-04-19T01:10:01.646761+00:00] Donnée envoyée et stockée : {'machine_id': 'IOT-MACH-DK-91', 'timestamp': '2025-04-19T01:10:01.645628+00:00', 'region': 'DK', 'season': 'saison_seche', 'temperature': 29.35, 'humidity': 72.14, 'soil_moisture': 22.6, 'vibration': 0.48, 'pressure': 0.82, 'latitude': 14.7167, 'longitude': -17.4677}
[2025-04-19T01:10:01.695+0000] {subprocess.py:97} INFO - Command exited with return code 0
[2025-04-19T01:10:01.695+0000] {taskinstance.py:441} INFO - ::group::Post task execution logs
[2025-04-19T01:10:01.715+0000] {taskinstance.py:1206} INFO - Marking task as SUCCESS. dag_id=iot_data_pipeline, task_id=run_iot_producer_script, run_id=scheduled__2025-04-19T01:05:00+00:00, execution_date=20250419T010500, start_date=20250419T011000, end_date=20250419T011001
[2025-04-19T01:10:01.751+0000] {local_task_job_runner.py:240} INFO - Task exited with return code 0
[2025-04-19T01:10:01.765+0000] {taskinstance.py:3503} INFO - 0 downstream tasks scheduled from follow-on schedule check
[2025-04-19T01:10:01.765+0000] {local_task_job_runner.py:222} INFO - ::endgroup::
