[2025-04-17T19:57:41.978+0000] {local_task_job_runner.py:120} INFO - ::group::Pre task execution logs
[2025-04-17T19:57:42.003+0000] {taskinstance.py:2076} INFO - Dependencies all met for dep_context=non-requeueable deps ti=<TaskInstance: iot_data_pipeline.run_iot_producer_script scheduled__2025-04-17T19:50:00+00:00 [queued]>
[2025-04-17T19:57:42.008+0000] {taskinstance.py:2076} INFO - Dependencies all met for dep_context=requeueable deps ti=<TaskInstance: iot_data_pipeline.run_iot_producer_script scheduled__2025-04-17T19:50:00+00:00 [queued]>
[2025-04-17T19:57:42.008+0000] {taskinstance.py:2306} INFO - Starting attempt 1 of 2
[2025-04-17T19:57:42.017+0000] {taskinstance.py:2330} INFO - Executing <Task(BashOperator): run_iot_producer_script> on 2025-04-17 19:50:00+00:00
[2025-04-17T19:57:42.020+0000] {standard_task_runner.py:63} INFO - Started process 669 to run task
[2025-04-17T19:57:42.022+0000] {standard_task_runner.py:90} INFO - Running: ['***', 'tasks', 'run', 'iot_data_pipeline', 'run_iot_producer_script', 'scheduled__2025-04-17T19:50:00+00:00', '--job-id', '7', '--raw', '--subdir', 'DAGS_FOLDER/iot_data_dag.py', '--cfg-path', '/tmp/tmp87g51yak']
[2025-04-17T19:57:42.024+0000] {standard_task_runner.py:91} INFO - Job 7: Subtask run_iot_producer_script
[2025-04-17T19:57:42.057+0000] {task_command.py:426} INFO - Running <TaskInstance: iot_data_pipeline.run_iot_producer_script scheduled__2025-04-17T19:50:00+00:00 [running]> on host 4bb9c9616eb1
[2025-04-17T19:57:42.114+0000] {taskinstance.py:2648} INFO - Exporting env vars: AIRFLOW_CTX_DAG_OWNER='***' AIRFLOW_CTX_DAG_ID='iot_data_pipeline' AIRFLOW_CTX_TASK_ID='run_iot_producer_script' AIRFLOW_CTX_EXECUTION_DATE='2025-04-17T19:50:00+00:00' AIRFLOW_CTX_TRY_NUMBER='1' AIRFLOW_CTX_DAG_RUN_ID='scheduled__2025-04-17T19:50:00+00:00'
[2025-04-17T19:57:42.114+0000] {taskinstance.py:430} INFO - ::endgroup::
[2025-04-17T19:57:42.137+0000] {subprocess.py:63} INFO - Tmp dir root location: /tmp
[2025-04-17T19:57:42.137+0000] {subprocess.py:75} INFO - Running command: ['/usr/bin/bash', '-c', 'python3 /opt/***/dags/script/iot_data_producer.py']
[2025-04-17T19:57:42.145+0000] {subprocess.py:86} INFO - Output:
[2025-04-17T19:57:43.363+0000] {subprocess.py:93} INFO - [2025-04-17T19:57:43.362987+00:00] Donnée envoyée et stockée : {'machine_id': 'IOT-MACH-KD-32', 'timestamp': '2025-04-17T19:57:42.979553+00:00', 'region': 'KD', 'season': 'saison_seche', 'temperature': 33.31, 'humidity': 50.88, 'soil_moisture': 27.45, 'vibration': 0.9, 'pressure': 2.42, 'latitude': 14.1167, 'longitude': -12.5}
[2025-04-17T19:57:43.405+0000] {subprocess.py:97} INFO - Command exited with return code 0
[2025-04-17T19:57:43.406+0000] {taskinstance.py:441} INFO - ::group::Post task execution logs
[2025-04-17T19:57:43.425+0000] {taskinstance.py:1206} INFO - Marking task as SUCCESS. dag_id=iot_data_pipeline, task_id=run_iot_producer_script, run_id=scheduled__2025-04-17T19:50:00+00:00, execution_date=20250417T195000, start_date=20250417T195742, end_date=20250417T195743
[2025-04-17T19:57:43.437+0000] {local_task_job_runner.py:240} INFO - Task exited with return code 0
[2025-04-17T19:57:43.449+0000] {taskinstance.py:3503} INFO - 0 downstream tasks scheduled from follow-on schedule check
[2025-04-17T19:57:43.450+0000] {local_task_job_runner.py:222} INFO - ::endgroup::
