[2025-04-15T21:35:00.665+0000] {local_task_job_runner.py:120} INFO - ::group::Pre task execution logs
[2025-04-15T21:35:00.693+0000] {taskinstance.py:2076} INFO - Dependencies all met for dep_context=non-requeueable deps ti=<TaskInstance: iot_data_pipeline.run_iot_producer_script scheduled__2025-04-15T21:30:00+00:00 [queued]>
[2025-04-15T21:35:00.700+0000] {taskinstance.py:2076} INFO - Dependencies all met for dep_context=requeueable deps ti=<TaskInstance: iot_data_pipeline.run_iot_producer_script scheduled__2025-04-15T21:30:00+00:00 [queued]>
[2025-04-15T21:35:00.700+0000] {taskinstance.py:2306} INFO - Starting attempt 1 of 2
[2025-04-15T21:35:00.715+0000] {taskinstance.py:2330} INFO - Executing <Task(BashOperator): run_iot_producer_script> on 2025-04-15 21:30:00+00:00
[2025-04-15T21:35:00.719+0000] {standard_task_runner.py:63} INFO - Started process 4628 to run task
[2025-04-15T21:35:00.722+0000] {standard_task_runner.py:90} INFO - Running: ['***', 'tasks', 'run', 'iot_data_pipeline', 'run_iot_producer_script', 'scheduled__2025-04-15T21:30:00+00:00', '--job-id', '16', '--raw', '--subdir', 'DAGS_FOLDER/iot_data_dag.py', '--cfg-path', '/tmp/tmpnoeu2hdy']
[2025-04-15T21:35:00.723+0000] {standard_task_runner.py:91} INFO - Job 16: Subtask run_iot_producer_script
[2025-04-15T21:35:00.769+0000] {task_command.py:426} INFO - Running <TaskInstance: iot_data_pipeline.run_iot_producer_script scheduled__2025-04-15T21:30:00+00:00 [running]> on host cfceca701afe
[2025-04-15T21:35:00.850+0000] {taskinstance.py:2648} INFO - Exporting env vars: AIRFLOW_CTX_DAG_OWNER='***' AIRFLOW_CTX_DAG_ID='iot_data_pipeline' AIRFLOW_CTX_TASK_ID='run_iot_producer_script' AIRFLOW_CTX_EXECUTION_DATE='2025-04-15T21:30:00+00:00' AIRFLOW_CTX_TRY_NUMBER='1' AIRFLOW_CTX_DAG_RUN_ID='scheduled__2025-04-15T21:30:00+00:00'
[2025-04-15T21:35:00.850+0000] {taskinstance.py:430} INFO - ::endgroup::
[2025-04-15T21:35:00.862+0000] {subprocess.py:63} INFO - Tmp dir root location: /tmp
[2025-04-15T21:35:00.862+0000] {subprocess.py:75} INFO - Running command: ['/usr/bin/bash', '-c', 'python3 /opt/***/dags/script/iot_data_producer.py']
[2025-04-15T21:35:00.874+0000] {subprocess.py:86} INFO - Output:
[2025-04-15T21:35:01.556+0000] {subprocess.py:93} INFO - [2025-04-15T21:35:01.556302+00:00] Donnée envoyée et stockée : {'machine_id': 'IOT-MACH-DK-23', 'timestamp': '2025-04-15T21:35:01.548441+00:00', 'region': 'DK', 'season': 'saison_seche', 'temperature': 29.29, 'humidity': 68.15, 'soil_moisture': 47.04, 'vibration': 0.59, 'pressure': 2.43, 'latitude': 14.7167, 'longitude': -17.4677}
[2025-04-15T21:35:01.624+0000] {subprocess.py:97} INFO - Command exited with return code 0
[2025-04-15T21:35:01.624+0000] {taskinstance.py:441} INFO - ::group::Post task execution logs
[2025-04-15T21:35:01.647+0000] {taskinstance.py:1206} INFO - Marking task as SUCCESS. dag_id=iot_data_pipeline, task_id=run_iot_producer_script, run_id=scheduled__2025-04-15T21:30:00+00:00, execution_date=20250415T213000, start_date=20250415T213500, end_date=20250415T213501
[2025-04-15T21:35:01.696+0000] {local_task_job_runner.py:240} INFO - Task exited with return code 0
[2025-04-15T21:35:01.718+0000] {taskinstance.py:3503} INFO - 0 downstream tasks scheduled from follow-on schedule check
[2025-04-15T21:35:01.719+0000] {local_task_job_runner.py:222} INFO - ::endgroup::
