[2025-04-17T20:45:00.636+0000] {local_task_job_runner.py:120} INFO - ::group::Pre task execution logs
[2025-04-17T20:45:00.660+0000] {taskinstance.py:2076} INFO - Dependencies all met for dep_context=non-requeueable deps ti=<TaskInstance: iot_data_pipeline.run_iot_producer_script scheduled__2025-04-17T20:40:00+00:00 [queued]>
[2025-04-17T20:45:00.666+0000] {taskinstance.py:2076} INFO - Dependencies all met for dep_context=requeueable deps ti=<TaskInstance: iot_data_pipeline.run_iot_producer_script scheduled__2025-04-17T20:40:00+00:00 [queued]>
[2025-04-17T20:45:00.666+0000] {taskinstance.py:2306} INFO - Starting attempt 1 of 2
[2025-04-17T20:45:00.675+0000] {taskinstance.py:2330} INFO - Executing <Task(BashOperator): run_iot_producer_script> on 2025-04-17 20:40:00+00:00
[2025-04-17T20:45:00.679+0000] {standard_task_runner.py:63} INFO - Started process 2223 to run task
[2025-04-17T20:45:00.682+0000] {standard_task_runner.py:90} INFO - Running: ['***', 'tasks', 'run', 'iot_data_pipeline', 'run_iot_producer_script', 'scheduled__2025-04-17T20:40:00+00:00', '--job-id', '11', '--raw', '--subdir', 'DAGS_FOLDER/iot_data_dag.py', '--cfg-path', '/tmp/tmpqqju7hj4']
[2025-04-17T20:45:00.683+0000] {standard_task_runner.py:91} INFO - Job 11: Subtask run_iot_producer_script
[2025-04-17T20:45:00.716+0000] {task_command.py:426} INFO - Running <TaskInstance: iot_data_pipeline.run_iot_producer_script scheduled__2025-04-17T20:40:00+00:00 [running]> on host e4d9865e557d
[2025-04-17T20:45:00.776+0000] {taskinstance.py:2648} INFO - Exporting env vars: AIRFLOW_CTX_DAG_OWNER='***' AIRFLOW_CTX_DAG_ID='iot_data_pipeline' AIRFLOW_CTX_TASK_ID='run_iot_producer_script' AIRFLOW_CTX_EXECUTION_DATE='2025-04-17T20:40:00+00:00' AIRFLOW_CTX_TRY_NUMBER='1' AIRFLOW_CTX_DAG_RUN_ID='scheduled__2025-04-17T20:40:00+00:00'
[2025-04-17T20:45:00.777+0000] {taskinstance.py:430} INFO - ::endgroup::
[2025-04-17T20:45:00.787+0000] {subprocess.py:63} INFO - Tmp dir root location: /tmp
[2025-04-17T20:45:00.788+0000] {subprocess.py:75} INFO - Running command: ['/usr/bin/bash', '-c', 'python3 /opt/***/dags/script/iot_data_producer.py']
[2025-04-17T20:45:00.797+0000] {subprocess.py:86} INFO - Output:
[2025-04-17T20:45:01.446+0000] {subprocess.py:93} INFO - [2025-04-17T20:45:01.445953+00:00] Donnée envoyée et stockée : {'machine_id': 'IOT-MACH-TH-51', 'timestamp': '2025-04-17T20:45:01.437237+00:00', 'region': 'TH', 'season': 'saison_seche', 'temperature': 31.16, 'humidity': 52.76, 'soil_moisture': 44.78, 'vibration': 0.95, 'pressure': 1.62, 'latitude': 14.7978, 'longitude': -16.925}
[2025-04-17T20:45:01.519+0000] {subprocess.py:97} INFO - Command exited with return code 0
[2025-04-17T20:45:01.520+0000] {taskinstance.py:441} INFO - ::group::Post task execution logs
[2025-04-17T20:45:01.547+0000] {taskinstance.py:1206} INFO - Marking task as SUCCESS. dag_id=iot_data_pipeline, task_id=run_iot_producer_script, run_id=scheduled__2025-04-17T20:40:00+00:00, execution_date=20250417T204000, start_date=20250417T204500, end_date=20250417T204501
[2025-04-17T20:45:01.575+0000] {local_task_job_runner.py:240} INFO - Task exited with return code 0
[2025-04-17T20:45:01.591+0000] {taskinstance.py:3503} INFO - 0 downstream tasks scheduled from follow-on schedule check
[2025-04-17T20:45:01.592+0000] {local_task_job_runner.py:222} INFO - ::endgroup::
