[2025-04-19T00:31:02.402+0000] {local_task_job_runner.py:120} INFO - ::group::Pre task execution logs
[2025-04-19T00:31:02.428+0000] {taskinstance.py:2076} INFO - Dependencies all met for dep_context=non-requeueable deps ti=<TaskInstance: iot_data_pipeline.run_iot_producer_script scheduled__2025-04-19T00:20:00+00:00 [queued]>
[2025-04-19T00:31:02.434+0000] {taskinstance.py:2076} INFO - Dependencies all met for dep_context=requeueable deps ti=<TaskInstance: iot_data_pipeline.run_iot_producer_script scheduled__2025-04-19T00:20:00+00:00 [queued]>
[2025-04-19T00:31:02.434+0000] {taskinstance.py:2306} INFO - Starting attempt 2 of 3
[2025-04-19T00:31:02.442+0000] {taskinstance.py:2330} INFO - Executing <Task(BashOperator): run_iot_producer_script> on 2025-04-19 00:20:00+00:00
[2025-04-19T00:31:02.446+0000] {standard_task_runner.py:63} INFO - Started process 20156 to run task
[2025-04-19T00:31:02.448+0000] {standard_task_runner.py:90} INFO - Running: ['***', 'tasks', 'run', 'iot_data_pipeline', 'run_iot_producer_script', 'scheduled__2025-04-19T00:20:00+00:00', '--job-id', '38', '--raw', '--subdir', 'DAGS_FOLDER/iot_data_dag.py', '--cfg-path', '/tmp/tmp_2oiidtc']
[2025-04-19T00:31:02.450+0000] {standard_task_runner.py:91} INFO - Job 38: Subtask run_iot_producer_script
[2025-04-19T00:31:02.483+0000] {task_command.py:426} INFO - Running <TaskInstance: iot_data_pipeline.run_iot_producer_script scheduled__2025-04-19T00:20:00+00:00 [running]> on host 2b5f93c9e322
[2025-04-19T00:31:02.542+0000] {taskinstance.py:2648} INFO - Exporting env vars: AIRFLOW_CTX_DAG_OWNER='***' AIRFLOW_CTX_DAG_ID='iot_data_pipeline' AIRFLOW_CTX_TASK_ID='run_iot_producer_script' AIRFLOW_CTX_EXECUTION_DATE='2025-04-19T00:20:00+00:00' AIRFLOW_CTX_TRY_NUMBER='2' AIRFLOW_CTX_DAG_RUN_ID='scheduled__2025-04-19T00:20:00+00:00'
[2025-04-19T00:31:02.542+0000] {taskinstance.py:430} INFO - ::endgroup::
[2025-04-19T00:31:02.552+0000] {subprocess.py:63} INFO - Tmp dir root location: /tmp
[2025-04-19T00:31:02.553+0000] {subprocess.py:75} INFO - Running command: ['/usr/bin/bash', '-c', 'python3 /opt/***/dags/script/iot_data_producer.py']
[2025-04-19T00:31:02.560+0000] {subprocess.py:86} INFO - Output:
[2025-04-19T00:31:03.329+0000] {subprocess.py:93} INFO - [2025-04-19T00:31:03.247420+00:00] Donnée envoyée et stockée : {'machine_id': 'IOT-MACH-TB-67', 'timestamp': '2025-04-19T00:31:03.229748+00:00', 'region': 'TB', 'season': 'saison_seche', 'temperature': 37.51, 'humidity': 27.44, 'soil_moisture': 48.23, 'vibration': 3.53, 'pressure': 2.34, 'latitude': 15.3833, 'longitude': -15.5}
[2025-04-19T00:31:03.330+0000] {subprocess.py:93} INFO - [2025-04-19T00:31:03.248914+00:00] Donnée envoyée et stockée : {'machine_id': 'IOT-MACH-TH-53', 'timestamp': '2025-04-19T00:31:03.247471+00:00', 'region': 'TH', 'season': 'saison_seche', 'temperature': 31.87, 'humidity': 50.13, 'soil_moisture': 30.62, 'vibration': 4.75, 'pressure': 1.19, 'latitude': 14.7978, 'longitude': -16.925}
[2025-04-19T00:31:03.330+0000] {subprocess.py:93} INFO - [2025-04-19T00:31:03.250601+00:00] Donnée envoyée et stockée : {'machine_id': 'IOT-MACH-ZG-30', 'timestamp': '2025-04-19T00:31:03.248964+00:00', 'region': 'ZG', 'season': 'saison_seche', 'temperature': 28.96, 'humidity': 75.76, 'soil_moisture': 43.68, 'vibration': 2.93, 'pressure': 0.91, 'latitude': 12.5833, 'longitude': -16.2667}
[2025-04-19T00:31:03.331+0000] {subprocess.py:93} INFO - [2025-04-19T00:31:03.252798+00:00] Donnée envoyée et stockée : {'machine_id': 'IOT-MACH-SL-89', 'timestamp': '2025-04-19T00:31:03.250639+00:00', 'region': 'SL', 'season': 'saison_seche', 'temperature': 31.29, 'humidity': 54.18, 'soil_moisture': 38.0, 'vibration': 1.31, 'pressure': 1.01, 'latitude': 16.0167, 'longitude': -16.5}
[2025-04-19T00:31:03.331+0000] {subprocess.py:93} INFO - [2025-04-19T00:31:03.256377+00:00] Donnée envoyée et stockée : {'machine_id': 'IOT-MACH-TB-54', 'timestamp': '2025-04-19T00:31:03.252843+00:00', 'region': 'TB', 'season': 'saison_seche', 'temperature': 37.52, 'humidity': 20.59, 'soil_moisture': 46.43, 'vibration': 1.29, 'pressure': 1.0, 'latitude': 15.3833, 'longitude': -15.5}
[2025-04-19T00:31:03.331+0000] {subprocess.py:93} INFO - [2025-04-19T00:31:03.263030+00:00] Donnée envoyée et stockée : {'machine_id': 'IOT-MACH-SL-1', 'timestamp': '2025-04-19T00:31:03.256410+00:00', 'region': 'SL', 'season': 'saison_seche', 'temperature': 30.21, 'humidity': 51.94, 'soil_moisture': 45.76, 'vibration': 2.57, 'pressure': 1.62, 'latitude': 16.0167, 'longitude': -16.5}
[2025-04-19T00:31:03.331+0000] {subprocess.py:93} INFO - [2025-04-19T00:31:03.283379+00:00] Donnée envoyée et stockée : {'machine_id': 'IOT-MACH-KD-30', 'timestamp': '2025-04-19T00:31:03.263062+00:00', 'region': 'KD', 'season': 'saison_seche', 'temperature': 32.46, 'humidity': 50.65, 'soil_moisture': 42.23, 'vibration': 2.09, 'pressure': 2.18, 'latitude': 14.1167, 'longitude': -12.5}
[2025-04-19T00:31:03.331+0000] {subprocess.py:93} INFO - [2025-04-19T00:31:03.299416+00:00] Donnée envoyée et stockée : {'machine_id': 'IOT-MACH-DK-94', 'timestamp': '2025-04-19T00:31:03.283426+00:00', 'region': 'DK', 'season': 'saison_seche', 'temperature': 29.33, 'humidity': 65.68, 'soil_moisture': 11.07, 'vibration': 0.7, 'pressure': 1.28, 'latitude': 14.7167, 'longitude': -17.4677}
[2025-04-19T00:31:03.332+0000] {subprocess.py:93} INFO - [2025-04-19T00:31:03.310438+00:00] Donnée envoyée et stockée : {'machine_id': 'IOT-MACH-TH-77', 'timestamp': '2025-04-19T00:31:03.299456+00:00', 'region': 'TH', 'season': 'saison_seche', 'temperature': 32.12, 'humidity': 51.39, 'soil_moisture': 20.47, 'vibration': 1.09, 'pressure': 1.26, 'latitude': 14.7978, 'longitude': -16.925}
[2025-04-19T00:31:03.332+0000] {subprocess.py:93} INFO - [2025-04-19T00:31:03.314328+00:00] Donnée envoyée et stockée : {'machine_id': 'IOT-MACH-DK-42', 'timestamp': '2025-04-19T00:31:03.310647+00:00', 'region': 'DK', 'season': 'saison_seche', 'temperature': 30.39, 'humidity': 70.06, 'soil_moisture': 22.64, 'vibration': 3.68, 'pressure': 1.0, 'latitude': 14.7167, 'longitude': -17.4677}
[2025-04-19T00:31:03.332+0000] {subprocess.py:93} INFO - [2025-04-19T00:31:03.316949+00:00] Donnée envoyée et stockée : {'machine_id': 'IOT-MACH-TH-53', 'timestamp': '2025-04-19T00:31:03.314482+00:00', 'region': 'TH', 'season': 'saison_seche', 'temperature': 32.12, 'humidity': 48.27, 'soil_moisture': 23.73, 'vibration': 2.81, 'pressure': 1.82, 'latitude': 14.7978, 'longitude': -16.925}
[2025-04-19T00:31:03.332+0000] {subprocess.py:93} INFO - [2025-04-19T00:31:03.318470+00:00] Donnée envoyée et stockée : {'machine_id': 'IOT-MACH-SL-26', 'timestamp': '2025-04-19T00:31:03.316987+00:00', 'region': 'SL', 'season': 'saison_seche', 'temperature': 30.19, 'humidity': 51.68, 'soil_moisture': 36.43, 'vibration': 1.48, 'pressure': 2.19, 'latitude': 16.0167, 'longitude': -16.5}
[2025-04-19T00:31:03.332+0000] {subprocess.py:93} INFO - [2025-04-19T00:31:03.319959+00:00] Donnée envoyée et stockée : {'machine_id': 'IOT-MACH-ZG-9', 'timestamp': '2025-04-19T00:31:03.318523+00:00', 'region': 'ZG', 'season': 'saison_seche', 'temperature': 28.87, 'humidity': 80.8, 'soil_moisture': 26.31, 'vibration': 3.82, 'pressure': 2.42, 'latitude': 12.5833, 'longitude': -16.2667}
[2025-04-19T00:31:03.332+0000] {subprocess.py:93} INFO - [2025-04-19T00:31:03.320865+00:00] Donnée envoyée et stockée : {'machine_id': 'IOT-MACH-KD-99', 'timestamp': '2025-04-19T00:31:03.319987+00:00', 'region': 'KD', 'season': 'saison_seche', 'temperature': 32.43, 'humidity': 51.16, 'soil_moisture': 30.69, 'vibration': 2.55, 'pressure': 1.62, 'latitude': 14.1167, 'longitude': -12.5}
[2025-04-19T00:31:03.333+0000] {subprocess.py:93} INFO - [2025-04-19T00:31:03.322044+00:00] Donnée envoyée et stockée : {'machine_id': 'IOT-MACH-TH-81', 'timestamp': '2025-04-19T00:31:03.320886+00:00', 'region': 'TH', 'season': 'saison_seche', 'temperature': 32.25, 'humidity': 49.21, 'soil_moisture': 18.69, 'vibration': 0.85, 'pressure': 2.25, 'latitude': 14.7978, 'longitude': -16.925}
[2025-04-19T00:31:03.333+0000] {subprocess.py:93} INFO - [2025-04-19T00:31:03.323216+00:00] Donnée envoyée et stockée : {'machine_id': 'IOT-MACH-TH-43', 'timestamp': '2025-04-19T00:31:03.322070+00:00', 'region': 'TH', 'season': 'saison_seche', 'temperature': 32.48, 'humidity': 51.6, 'soil_moisture': 11.95, 'vibration': 3.1, 'pressure': 1.19, 'latitude': 14.7978, 'longitude': -16.925}
[2025-04-19T00:31:03.333+0000] {subprocess.py:93} INFO - [2025-04-19T00:31:03.324491+00:00] Donnée envoyée et stockée : {'machine_id': 'IOT-MACH-DK-87', 'timestamp': '2025-04-19T00:31:03.323249+00:00', 'region': 'DK', 'season': 'saison_seche', 'temperature': 29.38, 'humidity': 69.6, 'soil_moisture': 23.47, 'vibration': 4.93, 'pressure': 0.87, 'latitude': 14.7167, 'longitude': -17.4677}
[2025-04-19T00:31:03.333+0000] {subprocess.py:93} INFO - [2025-04-19T00:31:03.325837+00:00] Donnée envoyée et stockée : {'machine_id': 'IOT-MACH-TB-82', 'timestamp': '2025-04-19T00:31:03.324519+00:00', 'region': 'TB', 'season': 'saison_seche', 'temperature': 36.76, 'humidity': 21.87, 'soil_moisture': 37.92, 'vibration': 1.24, 'pressure': 1.97, 'latitude': 15.3833, 'longitude': -15.5}
[2025-04-19T00:31:03.333+0000] {subprocess.py:93} INFO - [2025-04-19T00:31:03.327546+00:00] Donnée envoyée et stockée : {'machine_id': 'IOT-MACH-MT-42', 'timestamp': '2025-04-19T00:31:03.325866+00:00', 'region': 'MT', 'season': 'saison_seche', 'temperature': 38.49, 'humidity': 14.66, 'soil_moisture': 49.38, 'vibration': 1.19, 'pressure': 1.83, 'latitude': 16.0333, 'longitude': -13.5167}
[2025-04-19T00:31:03.333+0000] {subprocess.py:93} INFO - [2025-04-19T00:31:03.329073+00:00] Donnée envoyée et stockée : {'machine_id': 'IOT-MACH-TB-27', 'timestamp': '2025-04-19T00:31:03.327581+00:00', 'region': 'TB', 'season': 'saison_seche', 'temperature': 37.28, 'humidity': 20.15, 'soil_moisture': 31.91, 'vibration': 2.07, 'pressure': 1.05, 'latitude': 15.3833, 'longitude': -15.5}
[2025-04-19T00:31:03.402+0000] {subprocess.py:97} INFO - Command exited with return code 0
[2025-04-19T00:31:03.403+0000] {taskinstance.py:441} INFO - ::group::Post task execution logs
[2025-04-19T00:31:03.446+0000] {taskinstance.py:1206} INFO - Marking task as SUCCESS. dag_id=iot_data_pipeline, task_id=run_iot_producer_script, run_id=scheduled__2025-04-19T00:20:00+00:00, execution_date=20250419T002000, start_date=20250419T003102, end_date=20250419T003103
[2025-04-19T00:31:03.505+0000] {local_task_job_runner.py:240} INFO - Task exited with return code 0
[2025-04-19T00:31:03.564+0000] {taskinstance.py:3503} INFO - 0 downstream tasks scheduled from follow-on schedule check
[2025-04-19T00:31:03.565+0000] {local_task_job_runner.py:222} INFO - ::endgroup::
