[2025-04-16T20:01:11.713+0000] {local_task_job_runner.py:120} INFO - ::group::Pre task execution logs
[2025-04-16T20:01:11.769+0000] {taskinstance.py:2076} INFO - Dependencies all met for dep_context=non-requeueable deps ti=<TaskInstance: iot_data_pipeline.run_iot_producer_script manual__2025-04-16T20:01:10.684374+00:00 [queued]>
[2025-04-16T20:01:11.783+0000] {taskinstance.py:2076} INFO - Dependencies all met for dep_context=requeueable deps ti=<TaskInstance: iot_data_pipeline.run_iot_producer_script manual__2025-04-16T20:01:10.684374+00:00 [queued]>
[2025-04-16T20:01:11.784+0000] {taskinstance.py:2306} INFO - Starting attempt 1 of 2
[2025-04-16T20:01:11.806+0000] {taskinstance.py:2330} INFO - Executing <Task(BashOperator): run_iot_producer_script> on 2025-04-16 20:01:10.684374+00:00
[2025-04-16T20:01:11.817+0000] {standard_task_runner.py:63} INFO - Started process 930 to run task
[2025-04-16T20:01:11.822+0000] {standard_task_runner.py:90} INFO - Running: ['***', 'tasks', 'run', 'iot_data_pipeline', 'run_iot_producer_script', 'manual__2025-04-16T20:01:10.684374+00:00', '--job-id', '4', '--raw', '--subdir', 'DAGS_FOLDER/iot_data_dag.py', '--cfg-path', '/tmp/tmp7fystpza']
[2025-04-16T20:01:11.827+0000] {standard_task_runner.py:91} INFO - Job 4: Subtask run_iot_producer_script
[2025-04-16T20:01:11.894+0000] {task_command.py:426} INFO - Running <TaskInstance: iot_data_pipeline.run_iot_producer_script manual__2025-04-16T20:01:10.684374+00:00 [running]> on host b312dea2316e
[2025-04-16T20:01:12.018+0000] {taskinstance.py:2648} INFO - Exporting env vars: AIRFLOW_CTX_DAG_OWNER='***' AIRFLOW_CTX_DAG_ID='iot_data_pipeline' AIRFLOW_CTX_TASK_ID='run_iot_producer_script' AIRFLOW_CTX_EXECUTION_DATE='2025-04-16T20:01:10.684374+00:00' AIRFLOW_CTX_TRY_NUMBER='1' AIRFLOW_CTX_DAG_RUN_ID='manual__2025-04-16T20:01:10.684374+00:00'
[2025-04-16T20:01:12.019+0000] {taskinstance.py:430} INFO - ::endgroup::
[2025-04-16T20:01:12.040+0000] {subprocess.py:63} INFO - Tmp dir root location: /tmp
[2025-04-16T20:01:12.041+0000] {subprocess.py:75} INFO - Running command: ['/usr/bin/bash', '-c', 'python3 /opt/***/dags/script/iot_data_producer.py']
[2025-04-16T20:01:12.061+0000] {subprocess.py:86} INFO - Output:
[2025-04-16T20:01:13.003+0000] {subprocess.py:93} INFO - [2025-04-16T20:01:13.002983+00:00] Donnée envoyée et stockée : {'machine_id': 'IOT-MACH-TB-84', 'timestamp': '2025-04-16T20:01:12.992480+00:00', 'region': 'TB', 'season': 'saison_seche', 'temperature': 36.68, 'humidity': 26.16, 'soil_moisture': 43.26, 'vibration': 1.75, 'pressure': 2.46, 'latitude': 15.3833, 'longitude': -15.5}
[2025-04-16T20:01:13.355+0000] {subprocess.py:97} INFO - Command exited with return code 0
[2025-04-16T20:01:13.358+0000] {taskinstance.py:441} INFO - ::group::Post task execution logs
[2025-04-16T20:01:13.450+0000] {taskinstance.py:1206} INFO - Marking task as SUCCESS. dag_id=iot_data_pipeline, task_id=run_iot_producer_script, run_id=manual__2025-04-16T20:01:10.684374+00:00, execution_date=20250416T200110, start_date=20250416T200111, end_date=20250416T200113
[2025-04-16T20:01:13.560+0000] {local_task_job_runner.py:240} INFO - Task exited with return code 0
[2025-04-16T20:01:13.587+0000] {taskinstance.py:3503} INFO - 0 downstream tasks scheduled from follow-on schedule check
[2025-04-16T20:01:13.589+0000] {local_task_job_runner.py:222} INFO - ::endgroup::
