[2025-04-15T21:10:00.380+0000] {local_task_job_runner.py:120} INFO - ::group::Pre task execution logs
[2025-04-15T21:10:00.456+0000] {taskinstance.py:2076} INFO - Dependencies all met for dep_context=non-requeueable deps ti=<TaskInstance: iot_data_pipeline.run_iot_producer_script scheduled__2025-04-15T21:05:00+00:00 [queued]>
[2025-04-15T21:10:00.469+0000] {taskinstance.py:2076} INFO - Dependencies all met for dep_context=requeueable deps ti=<TaskInstance: iot_data_pipeline.run_iot_producer_script scheduled__2025-04-15T21:05:00+00:00 [queued]>
[2025-04-15T21:10:00.469+0000] {taskinstance.py:2306} INFO - Starting attempt 1 of 2
[2025-04-15T21:10:00.484+0000] {taskinstance.py:2330} INFO - Executing <Task(BashOperator): run_iot_producer_script> on 2025-04-15 21:05:00+00:00
[2025-04-15T21:10:00.492+0000] {standard_task_runner.py:63} INFO - Started process 2837 to run task
[2025-04-15T21:10:00.497+0000] {standard_task_runner.py:90} INFO - Running: ['***', 'tasks', 'run', 'iot_data_pipeline', 'run_iot_producer_script', 'scheduled__2025-04-15T21:05:00+00:00', '--job-id', '11', '--raw', '--subdir', 'DAGS_FOLDER/iot_data_dag.py', '--cfg-path', '/tmp/tmpvbvpl6ne']
[2025-04-15T21:10:00.500+0000] {standard_task_runner.py:91} INFO - Job 11: Subtask run_iot_producer_script
[2025-04-15T21:10:00.580+0000] {task_command.py:426} INFO - Running <TaskInstance: iot_data_pipeline.run_iot_producer_script scheduled__2025-04-15T21:05:00+00:00 [running]> on host cfceca701afe
[2025-04-15T21:10:00.708+0000] {taskinstance.py:2648} INFO - Exporting env vars: AIRFLOW_CTX_DAG_OWNER='***' AIRFLOW_CTX_DAG_ID='iot_data_pipeline' AIRFLOW_CTX_TASK_ID='run_iot_producer_script' AIRFLOW_CTX_EXECUTION_DATE='2025-04-15T21:05:00+00:00' AIRFLOW_CTX_TRY_NUMBER='1' AIRFLOW_CTX_DAG_RUN_ID='scheduled__2025-04-15T21:05:00+00:00'
[2025-04-15T21:10:00.709+0000] {taskinstance.py:430} INFO - ::endgroup::
[2025-04-15T21:10:00.732+0000] {subprocess.py:63} INFO - Tmp dir root location: /tmp
[2025-04-15T21:10:00.733+0000] {subprocess.py:75} INFO - Running command: ['/usr/bin/bash', '-c', 'python3 /opt/***/dags/script/iot_data_producer.py']
[2025-04-15T21:10:00.749+0000] {subprocess.py:86} INFO - Output:
[2025-04-15T21:10:01.635+0000] {subprocess.py:93} INFO - [2025-04-15T21:10:01.635699+00:00] Donnée envoyée et stockée : {'machine_id': 'IOT-MACH-TH-20', 'timestamp': '2025-04-15T21:10:01.631444+00:00', 'region': 'TH', 'season': 'saison_seche', 'temperature': 31.88, 'humidity': 48.01, 'soil_moisture': 17.17, 'vibration': 3.73, 'pressure': 0.94, 'latitude': 14.7978, 'longitude': -16.925}
[2025-04-15T21:10:01.729+0000] {subprocess.py:97} INFO - Command exited with return code 0
[2025-04-15T21:10:01.730+0000] {taskinstance.py:441} INFO - ::group::Post task execution logs
[2025-04-15T21:10:01.761+0000] {taskinstance.py:1206} INFO - Marking task as SUCCESS. dag_id=iot_data_pipeline, task_id=run_iot_producer_script, run_id=scheduled__2025-04-15T21:05:00+00:00, execution_date=20250415T210500, start_date=20250415T211000, end_date=20250415T211001
[2025-04-15T21:10:01.793+0000] {local_task_job_runner.py:240} INFO - Task exited with return code 0
[2025-04-15T21:10:01.816+0000] {taskinstance.py:3503} INFO - 0 downstream tasks scheduled from follow-on schedule check
[2025-04-15T21:10:01.817+0000] {local_task_job_runner.py:222} INFO - ::endgroup::
